[ 2017-05-29T12:01:36+08:00 ] 171.12.11.187 /dongqiudi/
INFO: [ app_begin ] --START--
INFO: Run ReadHtmlCache Behavior [ RunTime:0.000405s ]
INFO: [ app_begin ] --END-- [ RunTime:0.000504s ]
NOTIC: [2048] Declaration of IndexAction::show() should be compatible with that of Action::show() /data/home/bxu2442590746/htdocs/dongqiudi/Home/Lib/Action/IndexAction.class.php 第 549 行.
SQL: SHOW COLUMNS FROM `fc_news` [ RunTime:0.001797s ]
SQL: SELECT * FROM fc_news n LEFT JOIN fc_news_data as d on n.id = d.id WHERE ( position = 2 ) ORDER BY n.id desc LIMIT 5   [ RunTime:0.003181s ]
SQL: SELECT * FROM fc_news n LEFT JOIN fc_news_data as d on n.id = d.id WHERE ( n.position = 1 ) ORDER BY n.id desc  [ RunTime:0.001686s ]
SQL: SHOW COLUMNS FROM `fc_comment` [ RunTime:0.001596s ]
SQL: SELECT COUNT(*) AS tp_count FROM `fc_comment` WHERE ( news_id = 75 ) LIMIT 1   [ RunTime:0.001295s ]
SQL: SELECT COUNT(*) AS tp_count FROM `fc_comment` WHERE ( news_id = 74 ) LIMIT 1   [ RunTime:0.001267s ]
SQL: SELECT COUNT(*) AS tp_count FROM `fc_comment` WHERE ( news_id = 61 ) LIMIT 1   [ RunTime:0.001290s ]
NOTIC: [8] Undefined variable: num /data/home/bxu2442590746/htdocs/dongqiudi/Home/Lib/Action/IndexAction.class.php 第 28 行.
SQL: SHOW COLUMNS FROM `fc_match` [ RunTime:0.001656s ]
SQL: SHOW COLUMNS FROM `fc_team` [ RunTime:0.001743s ]
SQL: SELECT * FROM `fc_match` WHERE ( position = 1 or position =3 ) ORDER BY match_id desc LIMIT 5   [ RunTime:0.001363s ]
SQL: SELECT * FROM `fc_team` WHERE ( team_id = 13 ) LIMIT 1   [ RunTime:0.001306s ]
SQL: SELECT * FROM `fc_team` WHERE ( team_id = 1 ) LIMIT 1   [ RunTime:0.001297s ]
SQL: SELECT * FROM `fc_team` WHERE ( team_id = 29 ) LIMIT 1   [ RunTime:0.001366s ]
SQL: SELECT * FROM `fc_team` WHERE ( team_id = 30 ) LIMIT 1   [ RunTime:0.001304s ]
SQL: SELECT * FROM `fc_team` WHERE ( team_id = 26 ) LIMIT 1   [ RunTime:0.001340s ]
SQL: SELECT * FROM `fc_team` WHERE ( team_id = 25 ) LIMIT 1   [ RunTime:0.001318s ]
SQL: SELECT * FROM `fc_team` WHERE ( team_id = 21 ) LIMIT 1   [ RunTime:0.001295s ]
SQL: SELECT * FROM `fc_team` WHERE ( team_id = 22 ) LIMIT 1   [ RunTime:0.001612s ]
SQL: SELECT * FROM `fc_team` WHERE ( team_id = 3 ) LIMIT 1   [ RunTime:0.001330s ]
SQL: SELECT * FROM `fc_team` WHERE ( team_id = 12 ) LIMIT 1   [ RunTime:0.001321s ]
SQL: SELECT * FROM `fc_team` WHERE ( league = "中超" ) ORDER BY league_integral desc , goal_difference desc LIMIT 10   [ RunTime:0.001414s ]
SQL: SHOW COLUMNS FROM `fc_user` [ RunTime:0.001623s ]
SQL: SELECT comment.comment_id AS comment_id,comment.news_id AS news_id,comment.content AS content,comment.fabulous AS fabulous,comment.parent_id AS parent_id,comment.user_id AS user_id,comment.updatetime AS updatetime,user.user_id AS username_id,user.username AS username,user.headimg AS headimg,news.id AS id,news.title AS title FROM fc_comment comment LEFT JOIN fc_user user ON comment.user_id=user.user_id  JOIN fc_news news ON comment.news_id=news.id ORDER BY comment.fabulous desc LIMIT 5   [ RunTime:0.001544s ]
INFO: [ view_template ] --START--
INFO: Run LocationTemplate Behavior [ RunTime:0.000402s ]
INFO: [ view_template ] --END-- [ RunTime:0.000453s ]
INFO: [ view_parse ] --START--
NOTIC: [8] Undefined index: username /data/home/bxu2442590746/htdocs/dongqiudi/Home/Runtime/Cache/7e4848229090366086cc7eeb3bfc0798.php 第 314 行.
NOTIC: [8] Undefined index: username /data/home/bxu2442590746/htdocs/dongqiudi/Home/Runtime/Cache/7e4848229090366086cc7eeb3bfc0798.php 第 314 行.
NOTIC: [8] Undefined index: username /data/home/bxu2442590746/htdocs/dongqiudi/Home/Runtime/Cache/7e4848229090366086cc7eeb3bfc0798.php 第 314 行.
NOTIC: [8] Undefined index: username /data/home/bxu2442590746/htdocs/dongqiudi/Home/Runtime/Cache/7e4848229090366086cc7eeb3bfc0798.php 第 314 行.
NOTIC: [8] Undefined index: username /data/home/bxu2442590746/htdocs/dongqiudi/Home/Runtime/Cache/7e4848229090366086cc7eeb3bfc0798.php 第 314 行.
INFO: Run ParseTemplate Behavior [ RunTime:0.019868s ]
INFO: [ view_parse ] --END-- [ RunTime:0.019914s ]
INFO: [ view_filter ] --START--
INFO: Run ContentReplace Behavior [ RunTime:0.000431s ]
INFO: Run TokenBuild Behavior [ RunTime:0.000300s ]
INFO: Run WriteHtmlCache Behavior [ RunTime:0.000220s ]
INFO: Run ShowRuntime Behavior [ RunTime:0.000384s ]
INFO: [ view_filter ] --END-- [ RunTime:0.001455s ]
INFO: [ view_end ] --START--
INFO: Run ShowPageTrace Behavior [ RunTime:0.000394s ]
INFO: [ view_end ] --END-- [ RunTime:0.000435s ]

[ 2017-05-29T12:01:36+08:00 ] 171.12.11.187 /dongqiudi/
NOTIC: [8192] Directive 'magic_quotes_gpc' is deprecated in PHP 5.3 and greater Unknown 第 0 行.

[ 2017-05-29T12:01:39+08:00 ] 171.12.11.187 /dongqiudi/index.php?m=user&a=login
INFO: [ app_begin ] --START--
INFO: Run ReadHtmlCache Behavior [ RunTime:0.000433s ]
INFO: [ app_begin ] --END-- [ RunTime:0.000535s ]
SQL: SHOW COLUMNS FROM `fc_user` [ RunTime:0.001632s ]
INFO: [ view_template ] --START--
INFO: Run LocationTemplate Behavior [ RunTime:0.000383s ]
INFO: [ view_template ] --END-- [ RunTime:0.000435s ]
INFO: [ view_parse ] --START--
INFO: Run ParseTemplate Behavior [ RunTime:0.005119s ]
INFO: [ view_parse ] --END-- [ RunTime:0.005170s ]
INFO: [ view_filter ] --START--
INFO: Run ContentReplace Behavior [ RunTime:0.000309s ]
INFO: Run TokenBuild Behavior [ RunTime:0.000367s ]
INFO: Run WriteHtmlCache Behavior [ RunTime:0.000353s ]
INFO: Run ShowRuntime Behavior [ RunTime:0.000535s ]
INFO: [ view_filter ] --END-- [ RunTime:0.001722s ]
INFO: [ view_end ] --START--
INFO: Run ShowPageTrace Behavior [ RunTime:0.000594s ]
INFO: [ view_end ] --END-- [ RunTime:0.000652s ]

[ 2017-05-29T12:01:39+08:00 ] 171.12.11.187 /dongqiudi/index.php?m=user&a=login
NOTIC: [8192] Directive 'magic_quotes_gpc' is deprecated in PHP 5.3 and greater Unknown 第 0 行.

[ 2017-05-29T12:01:42+08:00 ] 171.12.11.187 /dongqiudi/index.php?m=user&a=login
INFO: [ app_begin ] --START--
INFO: Run ReadHtmlCache Behavior [ RunTime:0.000413s ]
INFO: [ app_begin ] --END-- [ RunTime:0.000507s ]
SQL: SHOW COLUMNS FROM `fc_user` [ RunTime:0.003806s ]
SQL: SELECT * FROM `fc_user` WHERE ( account = "1992" ) LIMIT 1   [ RunTime:0.001074s ]
INFO: [ view_template ] --START--
INFO: Run LocationTemplate Behavior [ RunTime:0.000470s ]
INFO: [ view_template ] --END-- [ RunTime:0.000518s ]
INFO: [ view_parse ] --START--
INFO: Run ParseTemplate Behavior [ RunTime:0.006217s ]
INFO: [ view_parse ] --END-- [ RunTime:0.006272s ]
INFO: [ view_filter ] --START--
INFO: Run ContentReplace Behavior [ RunTime:0.000285s ]
INFO: Run TokenBuild Behavior [ RunTime:0.000329s ]
INFO: Run WriteHtmlCache Behavior [ RunTime:0.000223s ]
INFO: Run ShowRuntime Behavior [ RunTime:0.000338s ]
INFO: [ view_filter ] --END-- [ RunTime:0.001343s ]
INFO: [ view_end ] --START--
INFO: Run ShowPageTrace Behavior [ RunTime:0.000448s ]
INFO: [ view_end ] --END-- [ RunTime:0.000491s ]
NOTIC: [8192] Directive 'magic_quotes_gpc' is deprecated in PHP 5.3 and greater Unknown 第 0 行.

[ 2017-05-29T12:01:44+08:00 ] 171.12.11.187 /dongqiudi/
INFO: [ app_begin ] --START--
INFO: Run ReadHtmlCache Behavior [ RunTime:0.000398s ]
INFO: [ app_begin ] --END-- [ RunTime:0.000497s ]
NOTIC: [2048] Declaration of IndexAction::show() should be compatible with that of Action::show() /data/home/bxu2442590746/htdocs/dongqiudi/Home/Lib/Action/IndexAction.class.php 第 549 行.
SQL: SHOW COLUMNS FROM `fc_news` [ RunTime:0.001516s ]
SQL: SELECT * FROM fc_news n LEFT JOIN fc_news_data as d on n.id = d.id WHERE ( position = 2 ) ORDER BY n.id desc LIMIT 5   [ RunTime:0.002735s ]
SQL: SELECT * FROM fc_news n LEFT JOIN fc_news_data as d on n.id = d.id WHERE ( n.position = 1 ) ORDER BY n.id desc  [ RunTime:0.001368s ]
SQL: SHOW COLUMNS FROM `fc_comment` [ RunTime:0.001672s ]
SQL: SELECT COUNT(*) AS tp_count FROM `fc_comment` WHERE ( news_id = 75 ) LIMIT 1   [ RunTime:0.001089s ]
SQL: SELECT COUNT(*) AS tp_count FROM `fc_comment` WHERE ( news_id = 74 ) LIMIT 1   [ RunTime:0.001074s ]
SQL: SELECT COUNT(*) AS tp_count FROM `fc_comment` WHERE ( news_id = 61 ) LIMIT 1   [ RunTime:0.001069s ]
NOTIC: [8] Undefined variable: num /data/home/bxu2442590746/htdocs/dongqiudi/Home/Lib/Action/IndexAction.class.php 第 28 行.
SQL: SHOW COLUMNS FROM `fc_match` [ RunTime:0.001472s ]
SQL: SHOW COLUMNS FROM `fc_team` [ RunTime:0.001461s ]
SQL: SELECT * FROM `fc_match` WHERE ( position = 1 or position =3 ) ORDER BY match_id desc LIMIT 5   [ RunTime:0.001180s ]
SQL: SELECT * FROM `fc_team` WHERE ( team_id = 13 ) LIMIT 1   [ RunTime:0.001101s ]
SQL: SELECT * FROM `fc_team` WHERE ( team_id = 1 ) LIMIT 1   [ RunTime:0.001128s ]
SQL: SELECT * FROM `fc_team` WHERE ( team_id = 29 ) LIMIT 1   [ RunTime:0.001092s ]
SQL: SELECT * FROM `fc_team` WHERE ( team_id = 30 ) LIMIT 1   [ RunTime:0.001105s ]
SQL: SELECT * FROM `fc_team` WHERE ( team_id = 26 ) LIMIT 1   [ RunTime:0.001096s ]
SQL: SELECT * FROM `fc_team` WHERE ( team_id = 25 ) LIMIT 1   [ RunTime:0.001124s ]
SQL: SELECT * FROM `fc_team` WHERE ( team_id = 21 ) LIMIT 1   [ RunTime:0.001104s ]
SQL: SELECT * FROM `fc_team` WHERE ( team_id = 22 ) LIMIT 1   [ RunTime:0.001108s ]
SQL: SELECT * FROM `fc_team` WHERE ( team_id = 3 ) LIMIT 1   [ RunTime:0.001106s ]
SQL: SELECT * FROM `fc_team` WHERE ( team_id = 12 ) LIMIT 1   [ RunTime:0.001345s ]
SQL: SELECT * FROM `fc_team` WHERE ( league = "中超" ) ORDER BY league_integral desc , goal_difference desc LIMIT 10   [ RunTime:0.001122s ]
SQL: SHOW COLUMNS FROM `fc_user` [ RunTime:0.001336s ]
SQL: SELECT comment.comment_id AS comment_id,comment.news_id AS news_id,comment.content AS content,comment.fabulous AS fabulous,comment.parent_id AS parent_id,comment.user_id AS user_id,comment.updatetime AS updatetime,user.user_id AS username_id,user.username AS username,user.headimg AS headimg,news.id AS id,news.title AS title FROM fc_comment comment LEFT JOIN fc_user user ON comment.user_id=user.user_id  JOIN fc_news news ON comment.news_id=news.id ORDER BY comment.fabulous desc LIMIT 5   [ RunTime:0.002093s ]
INFO: [ view_template ] --START--
INFO: Run LocationTemplate Behavior [ RunTime:0.000377s ]
INFO: [ view_template ] --END-- [ RunTime:0.000426s ]
INFO: [ view_parse ] --START--
INFO: Run ParseTemplate Behavior [ RunTime:0.021017s ]
INFO: [ view_parse ] --END-- [ RunTime:0.021070s ]
INFO: [ view_filter ] --START--
INFO: Run ContentReplace Behavior [ RunTime:0.000384s ]
INFO: Run TokenBuild Behavior [ RunTime:0.000319s ]
INFO: Run WriteHtmlCache Behavior [ RunTime:0.000222s ]
INFO: Run ShowRuntime Behavior [ RunTime:0.000333s ]
INFO: [ view_filter ] --END-- [ RunTime:0.001410s ]
INFO: [ view_end ] --START--
INFO: Run ShowPageTrace Behavior [ RunTime:0.000428s ]
INFO: [ view_end ] --END-- [ RunTime:0.000473s ]

[ 2017-05-29T12:01:44+08:00 ] 171.12.11.187 /dongqiudi/
NOTIC: [8192] Directive 'magic_quotes_gpc' is deprecated in PHP 5.3 and greater Unknown 第 0 行.

[ 2017-05-29T12:01:44+08:00 ] 171.12.11.187 /dongqiudi/
INFO: [ app_begin ] --START--
INFO: Run ReadHtmlCache Behavior [ RunTime:0.000415s ]
INFO: [ app_begin ] --END-- [ RunTime:0.000510s ]
NOTIC: [2048] Declaration of IndexAction::show() should be compatible with that of Action::show() /data/home/bxu2442590746/htdocs/dongqiudi/Home/Lib/Action/IndexAction.class.php 第 549 行.
SQL: SHOW COLUMNS FROM `fc_news` [ RunTime:0.001732s ]
SQL: SELECT * FROM fc_news n LEFT JOIN fc_news_data as d on n.id = d.id WHERE ( position = 2 ) ORDER BY n.id desc LIMIT 5   [ RunTime:0.002903s ]
SQL: SELECT * FROM fc_news n LEFT JOIN fc_news_data as d on n.id = d.id WHERE ( n.position = 1 ) ORDER BY n.id desc  [ RunTime:0.001609s ]
SQL: SHOW COLUMNS FROM `fc_comment` [ RunTime:0.001565s ]
SQL: SELECT COUNT(*) AS tp_count FROM `fc_comment` WHERE ( news_id = 75 ) LIMIT 1   [ RunTime:0.001311s ]
SQL: SELECT COUNT(*) AS tp_count FROM `fc_comment` WHERE ( news_id = 74 ) LIMIT 1   [ RunTime:0.001313s ]
SQL: SELECT COUNT(*) AS tp_count FROM `fc_comment` WHERE ( news_id = 61 ) LIMIT 1   [ RunTime:0.001348s ]
NOTIC: [8] Undefined variable: num /data/home/bxu2442590746/htdocs/dongqiudi/Home/Lib/Action/IndexAction.class.php 第 28 行.
SQL: SHOW COLUMNS FROM `fc_match` [ RunTime:0.001666s ]
SQL: SHOW COLUMNS FROM `fc_team` [ RunTime:0.001619s ]
SQL: SELECT * FROM `fc_match` WHERE ( position = 1 or position =3 ) ORDER BY match_id desc LIMIT 5   [ RunTime:0.001350s ]
SQL: SELECT * FROM `fc_team` WHERE ( team_id = 13 ) LIMIT 1   [ RunTime:0.001318s ]
SQL: SELECT * FROM `fc_team` WHERE ( team_id = 1 ) LIMIT 1   [ RunTime:0.001354s ]
SQL: SELECT * FROM `fc_team` WHERE ( team_id = 29 ) LIMIT 1   [ RunTime:0.001332s ]
SQL: SELECT * FROM `fc_team` WHERE ( team_id = 30 ) LIMIT 1   [ RunTime:0.001376s ]
SQL: SELECT * FROM `fc_team` WHERE ( team_id = 26 ) LIMIT 1   [ RunTime:0.001319s ]
SQL: SELECT * FROM `fc_team` WHERE ( team_id = 25 ) LIMIT 1   [ RunTime:0.001317s ]
SQL: SELECT * FROM `fc_team` WHERE ( team_id = 21 ) LIMIT 1   [ RunTime:0.001317s ]
SQL: SELECT * FROM `fc_team` WHERE ( team_id = 22 ) LIMIT 1   [ RunTime:0.001358s ]
SQL: SELECT * FROM `fc_team` WHERE ( team_id = 3 ) LIMIT 1   [ RunTime:0.001347s ]
SQL: SELECT * FROM `fc_team` WHERE ( team_id = 12 ) LIMIT 1   [ RunTime:0.001345s ]
SQL: SELECT * FROM `fc_team` WHERE ( league = "中超" ) ORDER BY league_integral desc , goal_difference desc LIMIT 10   [ RunTime:0.001362s ]
SQL: SHOW COLUMNS FROM `fc_user` [ RunTime:0.001587s ]
SQL: SELECT comment.comment_id AS comment_id,comment.news_id AS news_id,comment.content AS content,comment.fabulous AS fabulous,comment.parent_id AS parent_id,comment.user_id AS user_id,comment.updatetime AS updatetime,user.user_id AS username_id,user.username AS username,user.headimg AS headimg,news.id AS id,news.title AS title FROM fc_comment comment LEFT JOIN fc_user user ON comment.user_id=user.user_id  JOIN fc_news news ON comment.news_id=news.id ORDER BY comment.fabulous desc LIMIT 5   [ RunTime:0.001381s ]
INFO: [ view_template ] --START--
INFO: Run LocationTemplate Behavior [ RunTime:0.000368s ]
INFO: [ view_template ] --END-- [ RunTime:0.000415s ]
INFO: [ view_parse ] --START--
INFO: Run ParseTemplate Behavior [ RunTime:0.019001s ]
INFO: [ view_parse ] --END-- [ RunTime:0.019052s ]
INFO: [ view_filter ] --START--
INFO: Run ContentReplace Behavior [ RunTime:0.000350s ]
INFO: Run TokenBuild Behavior [ RunTime:0.000355s ]
INFO: Run WriteHtmlCache Behavior [ RunTime:0.000218s ]
INFO: Run ShowRuntime Behavior [ RunTime:0.000334s ]
INFO: [ view_filter ] --END-- [ RunTime:0.001377s ]
INFO: [ view_end ] --START--
INFO: Run ShowPageTrace Behavior [ RunTime:0.000418s ]
INFO: [ view_end ] --END-- [ RunTime:0.000459s ]

[ 2017-05-29T12:01:44+08:00 ] 171.12.11.187 /dongqiudi/
NOTIC: [8192] Directive 'magic_quotes_gpc' is deprecated in PHP 5.3 and greater Unknown 第 0 行.

[ 2017-05-29T12:01:47+08:00 ] 171.12.11.187 /dongqiudi/index.php?m=user&a=personal
INFO: [ app_begin ] --START--
INFO: Run ReadHtmlCache Behavior [ RunTime:0.000424s ]
INFO: [ app_begin ] --END-- [ RunTime:0.000519s ]
SQL: SHOW COLUMNS FROM `fc_user` [ RunTime:0.001756s ]
SQL: SELECT * FROM `fc_user` WHERE ( account = "1992" ) LIMIT 1   [ RunTime:0.001357s ]
SQL: SHOW COLUMNS FROM `fc_comment` [ RunTime:0.001525s ]
SQL: SHOW COLUMNS FROM `fc_news` [ RunTime:0.001582s ]
SQL: SELECT comment.comment_id AS comment_id,comment.news_id AS news_id,comment.content AS content,comment.fabulous AS fabulous,comment.parent_id AS parent_id,comment.user_id AS user_id,comment.updatetime AS updatetime,user.user_id AS username_id,user.username AS username,user.headimg AS headimg,news.id AS id,news.title AS title FROM fc_comment comment LEFT JOIN fc_user user ON comment.user_id=user.user_id  JOIN fc_news news ON comment.news_id=news.id WHERE ( comment.user_id = 1 ) ORDER BY comment.updatetime desc  [ RunTime:0.001581s ]
SQL: SELECT * FROM `fc_comment` WHERE ( user_id = 1 ) ORDER BY updatetime desc  [ RunTime:0.001433s ]
SQL: SELECT comment.comment_id AS comment_id,comment.news_id AS news_id,comment.content AS content,comment.fabulous AS fabulous,comment.parent_id AS parent_id,comment.user_id AS user_id,comment.updatetime AS updatetime,user.user_id AS username_id,user.username AS username,user.headimg AS headimg,news.id AS id,news.title AS title FROM fc_comment comment LEFT JOIN fc_user user ON comment.user_id=user.user_id  JOIN fc_news news ON comment.news_id=news.id WHERE ( comment.parent_id = 43 ) LIMIT 1   [ RunTime:0.001511s ]
SQL: SELECT comment.comment_id AS comment_id,comment.news_id AS news_id,comment.content AS content,comment.fabulous AS fabulous,comment.parent_id AS parent_id,comment.user_id AS user_id,comment.updatetime AS updatetime,user.user_id AS username_id,user.username AS username,user.headimg AS headimg,news.id AS id,news.title AS title FROM fc_comment comment LEFT JOIN fc_user user ON comment.user_id=user.user_id  JOIN fc_news news ON comment.news_id=news.id WHERE ( comment.parent_id = 40 ) LIMIT 1   [ RunTime:0.001439s ]
SQL: SELECT comment.comment_id AS comment_id,comment.news_id AS news_id,comment.content AS content,comment.fabulous AS fabulous,comment.parent_id AS parent_id,comment.user_id AS user_id,comment.updatetime AS updatetime,user.user_id AS username_id,user.username AS username,user.headimg AS headimg,news.id AS id,news.title AS title FROM fc_comment comment LEFT JOIN fc_user user ON comment.user_id=user.user_id  JOIN fc_news news ON comment.news_id=news.id WHERE ( comment.parent_id = 39 ) LIMIT 1   [ RunTime:0.001470s ]
SQL: SELECT comment.comment_id AS comment_id,comment.news_id AS news_id,comment.content AS content,comment.fabulous AS fabulous,comment.parent_id AS parent_id,comment.user_id AS user_id,comment.updatetime AS updatetime,user.user_id AS username_id,user.username AS username,user.headimg AS headimg,news.id AS id,news.title AS title FROM fc_comment comment LEFT JOIN fc_user user ON comment.user_id=user.user_id  JOIN fc_news news ON comment.news_id=news.id WHERE ( comment.parent_id = 25 ) LIMIT 1   [ RunTime:0.001487s ]
SQL: SELECT comment.comment_id AS comment_id,comment.news_id AS news_id,comment.content AS content,comment.fabulous AS fabulous,comment.parent_id AS parent_id,comment.user_id AS user_id,comment.updatetime AS updatetime,user.user_id AS username_id,user.username AS username,user.headimg AS headimg,news.id AS id,news.title AS title FROM fc_comment comment LEFT JOIN fc_user user ON comment.user_id=user.user_id  JOIN fc_news news ON comment.news_id=news.id WHERE ( comment.parent_id = 23 ) LIMIT 1   [ RunTime:0.001447s ]
SQL: SELECT comment.comment_id AS comment_id,comment.news_id AS news_id,comment.content AS content,comment.fabulous AS fabulous,comment.parent_id AS parent_id,comment.user_id AS user_id,comment.updatetime AS updatetime,user.user_id AS username_id,user.username AS username,user.headimg AS headimg,news.id AS id,news.title AS title FROM fc_comment comment LEFT JOIN fc_user user ON comment.user_id=user.user_id  JOIN fc_news news ON comment.news_id=news.id WHERE ( comment.parent_id = 22 ) LIMIT 1   [ RunTime:0.001577s ]
SQL: SELECT comment.comment_id AS comment_id,comment.news_id AS news_id,comment.content AS content,comment.fabulous AS fabulous,comment.parent_id AS parent_id,comment.user_id AS user_id,comment.updatetime AS updatetime,user.user_id AS username_id,user.username AS username,user.headimg AS headimg,news.id AS id,news.title AS title FROM fc_comment comment LEFT JOIN fc_user user ON comment.user_id=user.user_id  JOIN fc_news news ON comment.news_id=news.id WHERE ( comment.parent_id = 10 ) LIMIT 1   [ RunTime:0.001454s ]
SQL: SELECT comment.comment_id AS comment_id,comment.news_id AS news_id,comment.content AS content,comment.fabulous AS fabulous,comment.parent_id AS parent_id,comment.user_id AS user_id,comment.updatetime AS updatetime,user.user_id AS username_id,user.username AS username,user.headimg AS headimg,news.id AS id,news.title AS title FROM fc_comment comment LEFT JOIN fc_user user ON comment.user_id=user.user_id  JOIN fc_news news ON comment.news_id=news.id WHERE ( comment.parent_id = 4 ) LIMIT 1   [ RunTime:0.001860s ]
SQL: SELECT comment.comment_id AS comment_id,comment.news_id AS news_id,comment.content AS content,comment.fabulous AS fabulous,comment.parent_id AS parent_id,comment.user_id AS user_id,comment.updatetime AS updatetime,user.user_id AS username_id,user.username AS username,user.headimg AS headimg,news.id AS id,news.title AS title FROM fc_comment comment LEFT JOIN fc_user user ON comment.user_id=user.user_id  JOIN fc_news news ON comment.news_id=news.id WHERE ( comment.parent_id = 2 ) LIMIT 1   [ RunTime:0.001436s ]
SQL: SELECT comment.comment_id AS comment_id,comment.news_id AS news_id,comment.content AS content,comment.fabulous AS fabulous,comment.parent_id AS parent_id,comment.user_id AS user_id,comment.updatetime AS updatetime,user.user_id AS username_id,user.username AS username,user.headimg AS headimg,news.id AS id,news.title AS title FROM fc_comment comment LEFT JOIN fc_user user ON comment.user_id=user.user_id  JOIN fc_news news ON comment.news_id=news.id WHERE ( comment.parent_id = 1 ) LIMIT 1   [ RunTime:0.001506s ]
NOTIC: [8] Undefined index: parent /data/home/bxu2442590746/htdocs/dongqiudi/Home/Lib/Action/UserAction.class.php 第 97 行.
NOTIC: [8] Undefined index: parent /data/home/bxu2442590746/htdocs/dongqiudi/Home/Lib/Action/UserAction.class.php 第 97 行.
NOTIC: [8] Undefined index: parent /data/home/bxu2442590746/htdocs/dongqiudi/Home/Lib/Action/UserAction.class.php 第 97 行.
NOTIC: [8] Undefined index: parent /data/home/bxu2442590746/htdocs/dongqiudi/Home/Lib/Action/UserAction.class.php 第 97 行.
NOTIC: [8] Undefined index: parent /data/home/bxu2442590746/htdocs/dongqiudi/Home/Lib/Action/UserAction.class.php 第 97 行.
NOTIC: [8] Undefined index: parent /data/home/bxu2442590746/htdocs/dongqiudi/Home/Lib/Action/UserAction.class.php 第 97 行.
NOTIC: [8] Undefined index: parent /data/home/bxu2442590746/htdocs/dongqiudi/Home/Lib/Action/UserAction.class.php 第 97 行.
NOTIC: [8] Undefined index: parent /data/home/bxu2442590746/htdocs/dongqiudi/Home/Lib/Action/UserAction.class.php 第 97 行.
NOTIC: [8] Undefined index: parent /data/home/bxu2442590746/htdocs/dongqiudi/Home/Lib/Action/UserAction.class.php 第 97 行.
NOTIC: [8] Undefined index: parent /data/home/bxu2442590746/htdocs/dongqiudi/Home/Lib/Action/UserAction.class.php 第 97 行.
INFO: [ view_template ] --START--
INFO: Run LocationTemplate Behavior [ RunTime:0.000364s ]
INFO: [ view_template ] --END-- [ RunTime:0.000410s ]
INFO: [ view_parse ] --START--
INFO: Run ParseTemplate Behavior [ RunTime:0.013289s ]
INFO: [ view_parse ] --END-- [ RunTime:0.013339s ]
INFO: [ view_filter ] --START--
INFO: Run ContentReplace Behavior [ RunTime:0.000328s ]
INFO: Run TokenBuild Behavior [ RunTime:0.000280s ]
INFO: Run WriteHtmlCache Behavior [ RunTime:0.000213s ]
INFO: Run ShowRuntime Behavior [ RunTime:0.000321s ]
INFO: [ view_filter ] --END-- [ RunTime:0.001289s ]
INFO: [ view_end ] --START--
INFO: Run ShowPageTrace Behavior [ RunTime:0.000433s ]
INFO: [ view_end ] --END-- [ RunTime:0.000473s ]

[ 2017-05-29T12:01:47+08:00 ] 171.12.11.187 /dongqiudi/index.php?m=user&a=personal
NOTIC: [8192] Directive 'magic_quotes_gpc' is deprecated in PHP 5.3 and greater Unknown 第 0 行.

[ 2017-05-29T13:45:10+08:00 ] 123.14.91.21 /dongqiudi/
INFO: [ app_begin ] --START--
INFO: Run ReadHtmlCache Behavior [ RunTime:0.000667s ]
INFO: [ app_begin ] --END-- [ RunTime:0.000793s ]
NOTIC: [2048] Declaration of IndexAction::show() should be compatible with that of Action::show() /data/home/bxu2442590746/htdocs/dongqiudi/Home/Lib/Action/IndexAction.class.php 第 549 行.
SQL: SHOW COLUMNS FROM `fc_news` [ RunTime:0.002807s ]
SQL: SELECT * FROM fc_news n LEFT JOIN fc_news_data as d on n.id = d.id WHERE ( position = 2 ) ORDER BY n.id desc LIMIT 5   [ RunTime:0.004652s ]
SQL: SELECT * FROM fc_news n LEFT JOIN fc_news_data as d on n.id = d.id WHERE ( n.position = 1 ) ORDER BY n.id desc  [ RunTime:0.003276s ]
SQL: SHOW COLUMNS FROM `fc_comment` [ RunTime:0.003519s ]
SQL: SELECT COUNT(*) AS tp_count FROM `fc_comment` WHERE ( news_id = 75 ) LIMIT 1   [ RunTime:0.003846s ]
SQL: SELECT COUNT(*) AS tp_count FROM `fc_comment` WHERE ( news_id = 74 ) LIMIT 1   [ RunTime:0.002155s ]
SQL: SELECT COUNT(*) AS tp_count FROM `fc_comment` WHERE ( news_id = 61 ) LIMIT 1   [ RunTime:0.001360s ]
NOTIC: [8] Undefined variable: num /data/home/bxu2442590746/htdocs/dongqiudi/Home/Lib/Action/IndexAction.class.php 第 28 行.
SQL: SHOW COLUMNS FROM `fc_match` [ RunTime:0.001798s ]
SQL: SHOW COLUMNS FROM `fc_team` [ RunTime:0.001754s ]
SQL: SELECT * FROM `fc_match` WHERE ( position = 1 or position =3 ) ORDER BY match_id desc LIMIT 5   [ RunTime:0.004406s ]
SQL: SELECT * FROM `fc_team` WHERE ( team_id = 13 ) LIMIT 1   [ RunTime:0.003553s ]
SQL: SELECT * FROM `fc_team` WHERE ( team_id = 1 ) LIMIT 1   [ RunTime:0.001376s ]
SQL: SELECT * FROM `fc_team` WHERE ( team_id = 29 ) LIMIT 1   [ RunTime:0.001309s ]
SQL: SELECT * FROM `fc_team` WHERE ( team_id = 30 ) LIMIT 1   [ RunTime:0.004412s ]
SQL: SELECT * FROM `fc_team` WHERE ( team_id = 26 ) LIMIT 1   [ RunTime:0.005486s ]
SQL: SELECT * FROM `fc_team` WHERE ( team_id = 25 ) LIMIT 1   [ RunTime:0.005259s ]
SQL: SELECT * FROM `fc_team` WHERE ( team_id = 21 ) LIMIT 1   [ RunTime:0.001267s ]
SQL: SELECT * FROM `fc_team` WHERE ( team_id = 22 ) LIMIT 1   [ RunTime:0.001142s ]
SQL: SELECT * FROM `fc_team` WHERE ( team_id = 3 ) LIMIT 1   [ RunTime:0.001145s ]
SQL: SELECT * FROM `fc_team` WHERE ( team_id = 12 ) LIMIT 1   [ RunTime:0.002379s ]
SQL: SELECT * FROM `fc_team` WHERE ( league = "中超" ) ORDER BY league_integral desc , goal_difference desc LIMIT 10   [ RunTime:0.005903s ]
SQL: SHOW COLUMNS FROM `fc_user` [ RunTime:0.001752s ]
SQL: SELECT comment.comment_id AS comment_id,comment.news_id AS news_id,comment.content AS content,comment.fabulous AS fabulous,comment.parent_id AS parent_id,comment.user_id AS user_id,comment.updatetime AS updatetime,user.user_id AS username_id,user.username AS username,user.headimg AS headimg,news.id AS id,news.title AS title FROM fc_comment comment LEFT JOIN fc_user user ON comment.user_id=user.user_id  JOIN fc_news news ON comment.news_id=news.id ORDER BY comment.fabulous desc LIMIT 5   [ RunTime:0.004815s ]
INFO: [ view_template ] --START--
INFO: Run LocationTemplate Behavior [ RunTime:0.000385s ]
INFO: [ view_template ] --END-- [ RunTime:0.000443s ]
INFO: [ view_parse ] --START--
NOTIC: [8] Undefined index: username /data/home/bxu2442590746/htdocs/dongqiudi/Home/Runtime/Cache/7e4848229090366086cc7eeb3bfc0798.php 第 314 行.
NOTIC: [8] Undefined index: username /data/home/bxu2442590746/htdocs/dongqiudi/Home/Runtime/Cache/7e4848229090366086cc7eeb3bfc0798.php 第 314 行.
NOTIC: [8] Undefined index: username /data/home/bxu2442590746/htdocs/dongqiudi/Home/Runtime/Cache/7e4848229090366086cc7eeb3bfc0798.php 第 314 行.
NOTIC: [8] Undefined index: username /data/home/bxu2442590746/htdocs/dongqiudi/Home/Runtime/Cache/7e4848229090366086cc7eeb3bfc0798.php 第 314 行.
NOTIC: [8] Undefined index: username /data/home/bxu2442590746/htdocs/dongqiudi/Home/Runtime/Cache/7e4848229090366086cc7eeb3bfc0798.php 第 314 行.
INFO: Run ParseTemplate Behavior [ RunTime:0.021305s ]
INFO: [ view_parse ] --END-- [ RunTime:0.021353s ]
INFO: [ view_filter ] --START--
INFO: Run ContentReplace Behavior [ RunTime:0.000381s ]
INFO: Run TokenBuild Behavior [ RunTime:0.000324s ]
INFO: Run WriteHtmlCache Behavior [ RunTime:0.000233s ]
INFO: Run ShowRuntime Behavior [ RunTime:0.000338s ]
INFO: [ view_filter ] --END-- [ RunTime:0.001427s ]
INFO: [ view_end ] --START--
INFO: Run ShowPageTrace Behavior [ RunTime:0.000416s ]
INFO: [ view_end ] --END-- [ RunTime:0.000457s ]

[ 2017-05-29T13:45:10+08:00 ] 123.14.91.21 /dongqiudi/
NOTIC: [8192] Directive 'magic_quotes_gpc' is deprecated in PHP 5.3 and greater Unknown 第 0 行.

[ 2017-05-29T13:45:11+08:00 ] 123.14.91.21 /dongqiudi/index.php?m=user&a=login
INFO: [ app_begin ] --START--
INFO: Run ReadHtmlCache Behavior [ RunTime:0.000407s ]
INFO: [ app_begin ] --END-- [ RunTime:0.000500s ]
SQL: SHOW COLUMNS FROM `fc_user` [ RunTime:0.001431s ]
INFO: [ view_template ] --START--
INFO: Run LocationTemplate Behavior [ RunTime:0.000383s ]
INFO: [ view_template ] --END-- [ RunTime:0.000432s ]
INFO: [ view_parse ] --START--
INFO: Run ParseTemplate Behavior [ RunTime:0.005141s ]
INFO: [ view_parse ] --END-- [ RunTime:0.005194s ]
INFO: [ view_filter ] --START--
INFO: Run ContentReplace Behavior [ RunTime:0.000291s ]
INFO: Run TokenBuild Behavior [ RunTime:0.000312s ]
INFO: Run WriteHtmlCache Behavior [ RunTime:0.000248s ]
INFO: Run ShowRuntime Behavior [ RunTime:0.000335s ]
INFO: [ view_filter ] --END-- [ RunTime:0.001307s ]
INFO: [ view_end ] --START--
INFO: Run ShowPageTrace Behavior [ RunTime:0.000481s ]
INFO: [ view_end ] --END-- [ RunTime:0.000526s ]

[ 2017-05-29T13:45:11+08:00 ] 123.14.91.21 /dongqiudi/index.php?m=user&a=login
NOTIC: [8192] Directive 'magic_quotes_gpc' is deprecated in PHP 5.3 and greater Unknown 第 0 行.

[ 2017-05-29T13:45:18+08:00 ] 123.14.91.21 /dongqiudi/index.php?m=user&a=login
INFO: [ app_begin ] --START--
INFO: Run ReadHtmlCache Behavior [ RunTime:0.000408s ]
INFO: [ app_begin ] --END-- [ RunTime:0.000524s ]
SQL: SHOW COLUMNS FROM `fc_user` [ RunTime:0.001346s ]
SQL: SELECT * FROM `fc_user` WHERE ( account = "1992" ) LIMIT 1   [ RunTime:0.001072s ]
INFO: [ view_template ] --START--
INFO: Run LocationTemplate Behavior [ RunTime:0.000426s ]
INFO: [ view_template ] --END-- [ RunTime:0.000473s ]
INFO: [ view_parse ] --START--
INFO: Run ParseTemplate Behavior [ RunTime:0.006186s ]
INFO: [ view_parse ] --END-- [ RunTime:0.006241s ]
INFO: [ view_filter ] --START--
INFO: Run ContentReplace Behavior [ RunTime:0.000303s ]
INFO: Run TokenBuild Behavior [ RunTime:0.000319s ]
INFO: Run WriteHtmlCache Behavior [ RunTime:0.000220s ]
INFO: Run ShowRuntime Behavior [ RunTime:0.000355s ]
INFO: [ view_filter ] --END-- [ RunTime:0.001326s ]
INFO: [ view_end ] --START--
INFO: Run ShowPageTrace Behavior [ RunTime:0.000446s ]
INFO: [ view_end ] --END-- [ RunTime:0.000489s ]
NOTIC: [8192] Directive 'magic_quotes_gpc' is deprecated in PHP 5.3 and greater Unknown 第 0 行.

[ 2017-05-29T13:45:19+08:00 ] 123.14.91.21 /dongqiudi/
INFO: [ app_begin ] --START--
INFO: Run ReadHtmlCache Behavior [ RunTime:0.000405s ]
INFO: [ app_begin ] --END-- [ RunTime:0.000498s ]
NOTIC: [2048] Declaration of IndexAction::show() should be compatible with that of Action::show() /data/home/bxu2442590746/htdocs/dongqiudi/Home/Lib/Action/IndexAction.class.php 第 549 行.
SQL: SHOW COLUMNS FROM `fc_news` [ RunTime:0.003112s ]
SQL: SELECT * FROM fc_news n LEFT JOIN fc_news_data as d on n.id = d.id WHERE ( position = 2 ) ORDER BY n.id desc LIMIT 5   [ RunTime:0.003190s ]
SQL: SELECT * FROM fc_news n LEFT JOIN fc_news_data as d on n.id = d.id WHERE ( n.position = 1 ) ORDER BY n.id desc  [ RunTime:0.001622s ]
SQL: SHOW COLUMNS FROM `fc_comment` [ RunTime:0.001580s ]
SQL: SELECT COUNT(*) AS tp_count FROM `fc_comment` WHERE ( news_id = 75 ) LIMIT 1   [ RunTime:0.001304s ]
SQL: SELECT COUNT(*) AS tp_count FROM `fc_comment` WHERE ( news_id = 74 ) LIMIT 1   [ RunTime:0.001325s ]
SQL: SELECT COUNT(*) AS tp_count FROM `fc_comment` WHERE ( news_id = 61 ) LIMIT 1   [ RunTime:0.001384s ]
NOTIC: [8] Undefined variable: num /data/home/bxu2442590746/htdocs/dongqiudi/Home/Lib/Action/IndexAction.class.php 第 28 行.
SQL: SHOW COLUMNS FROM `fc_match` [ RunTime:0.001762s ]
SQL: SHOW COLUMNS FROM `fc_team` [ RunTime:0.001788s ]
SQL: SELECT * FROM `fc_match` WHERE ( position = 1 or position =3 ) ORDER BY match_id desc LIMIT 5   [ RunTime:0.001375s ]
SQL: SELECT * FROM `fc_team` WHERE ( team_id = 13 ) LIMIT 1   [ RunTime:0.001335s ]
SQL: SELECT * FROM `fc_team` WHERE ( team_id = 1 ) LIMIT 1   [ RunTime:0.001403s ]
SQL: SELECT * FROM `fc_team` WHERE ( team_id = 29 ) LIMIT 1   [ RunTime:0.001327s ]
SQL: SELECT * FROM `fc_team` WHERE ( team_id = 30 ) LIMIT 1   [ RunTime:0.001328s ]
SQL: SELECT * FROM `fc_team` WHERE ( team_id = 26 ) LIMIT 1   [ RunTime:0.001326s ]
SQL: SELECT * FROM `fc_team` WHERE ( team_id = 25 ) LIMIT 1   [ RunTime:0.001316s ]
SQL: SELECT * FROM `fc_team` WHERE ( team_id = 21 ) LIMIT 1   [ RunTime:0.001332s ]
SQL: SELECT * FROM `fc_team` WHERE ( team_id = 22 ) LIMIT 1   [ RunTime:0.001331s ]
SQL: SELECT * FROM `fc_team` WHERE ( team_id = 3 ) LIMIT 1   [ RunTime:0.001398s ]
SQL: SELECT * FROM `fc_team` WHERE ( team_id = 12 ) LIMIT 1   [ RunTime:0.001350s ]
SQL: SELECT * FROM `fc_team` WHERE ( league = "中超" ) ORDER BY league_integral desc , goal_difference desc LIMIT 10   [ RunTime:0.001392s ]
SQL: SHOW COLUMNS FROM `fc_user` [ RunTime:0.001650s ]
SQL: SELECT comment.comment_id AS comment_id,comment.news_id AS news_id,comment.content AS content,comment.fabulous AS fabulous,comment.parent_id AS parent_id,comment.user_id AS user_id,comment.updatetime AS updatetime,user.user_id AS username_id,user.username AS username,user.headimg AS headimg,news.id AS id,news.title AS title FROM fc_comment comment LEFT JOIN fc_user user ON comment.user_id=user.user_id  JOIN fc_news news ON comment.news_id=news.id ORDER BY comment.fabulous desc LIMIT 5   [ RunTime:0.001412s ]
INFO: [ view_template ] --START--
INFO: Run LocationTemplate Behavior [ RunTime:0.000365s ]
INFO: [ view_template ] --END-- [ RunTime:0.000415s ]
INFO: [ view_parse ] --START--
INFO: Run ParseTemplate Behavior [ RunTime:0.019025s ]
INFO: [ view_parse ] --END-- [ RunTime:0.019076s ]
INFO: [ view_filter ] --START--
INFO: Run ContentReplace Behavior [ RunTime:0.000347s ]
INFO: Run TokenBuild Behavior [ RunTime:0.000294s ]
INFO: Run WriteHtmlCache Behavior [ RunTime:0.000268s ]
INFO: Run ShowRuntime Behavior [ RunTime:0.000329s ]
INFO: [ view_filter ] --END-- [ RunTime:0.001359s ]
INFO: [ view_end ] --START--
INFO: Run ShowPageTrace Behavior [ RunTime:0.000420s ]
INFO: [ view_end ] --END-- [ RunTime:0.000460s ]

[ 2017-05-29T13:45:19+08:00 ] 123.14.91.21 /dongqiudi/
NOTIC: [8192] Directive 'magic_quotes_gpc' is deprecated in PHP 5.3 and greater Unknown 第 0 行.

[ 2017-05-29T13:45:19+08:00 ] 101.226.33.240 /dongqiudi/
INFO: [ app_begin ] --START--
INFO: Run ReadHtmlCache Behavior [ RunTime:0.000441s ]
INFO: [ app_begin ] --END-- [ RunTime:0.000536s ]
NOTIC: [2048] Declaration of IndexAction::show() should be compatible with that of Action::show() /data/home/bxu2442590746/htdocs/dongqiudi/Home/Lib/Action/IndexAction.class.php 第 549 行.
SQL: SHOW COLUMNS FROM `fc_news` [ RunTime:0.001681s ]
SQL: SELECT * FROM fc_news n LEFT JOIN fc_news_data as d on n.id = d.id WHERE ( position = 2 ) ORDER BY n.id desc LIMIT 5   [ RunTime:0.002824s ]
SQL: SELECT * FROM fc_news n LEFT JOIN fc_news_data as d on n.id = d.id WHERE ( n.position = 1 ) ORDER BY n.id desc  [ RunTime:0.001479s ]
SQL: SHOW COLUMNS FROM `fc_comment` [ RunTime:0.001424s ]
SQL: SELECT COUNT(*) AS tp_count FROM `fc_comment` WHERE ( news_id = 75 ) LIMIT 1   [ RunTime:0.001199s ]
SQL: SELECT COUNT(*) AS tp_count FROM `fc_comment` WHERE ( news_id = 74 ) LIMIT 1   [ RunTime:0.001226s ]
SQL: SELECT COUNT(*) AS tp_count FROM `fc_comment` WHERE ( news_id = 61 ) LIMIT 1   [ RunTime:0.001184s ]
NOTIC: [8] Undefined variable: num /data/home/bxu2442590746/htdocs/dongqiudi/Home/Lib/Action/IndexAction.class.php 第 28 行.
SQL: SHOW COLUMNS FROM `fc_match` [ RunTime:0.001513s ]
SQL: SHOW COLUMNS FROM `fc_team` [ RunTime:0.001550s ]
SQL: SELECT * FROM `fc_match` WHERE ( position = 1 or position =3 ) ORDER BY match_id desc LIMIT 5   [ RunTime:0.001276s ]
SQL: SELECT * FROM `fc_team` WHERE ( team_id = 13 ) LIMIT 1   [ RunTime:0.001217s ]
SQL: SELECT * FROM `fc_team` WHERE ( team_id = 1 ) LIMIT 1   [ RunTime:0.001213s ]
SQL: SELECT * FROM `fc_team` WHERE ( team_id = 29 ) LIMIT 1   [ RunTime:0.001239s ]
SQL: SELECT * FROM `fc_team` WHERE ( team_id = 30 ) LIMIT 1   [ RunTime:0.001229s ]
SQL: SELECT * FROM `fc_team` WHERE ( team_id = 26 ) LIMIT 1   [ RunTime:0.001238s ]
SQL: SELECT * FROM `fc_team` WHERE ( team_id = 25 ) LIMIT 1   [ RunTime:0.001237s ]
SQL: SELECT * FROM `fc_team` WHERE ( team_id = 21 ) LIMIT 1   [ RunTime:0.001243s ]
SQL: SELECT * FROM `fc_team` WHERE ( team_id = 22 ) LIMIT 1   [ RunTime:0.001212s ]
SQL: SELECT * FROM `fc_team` WHERE ( team_id = 3 ) LIMIT 1   [ RunTime:0.001224s ]
SQL: SELECT * FROM `fc_team` WHERE ( team_id = 12 ) LIMIT 1   [ RunTime:0.001249s ]
SQL: SELECT * FROM `fc_team` WHERE ( league = "中超" ) ORDER BY league_integral desc , goal_difference desc LIMIT 10   [ RunTime:0.001249s ]
SQL: SHOW COLUMNS FROM `fc_user` [ RunTime:0.001442s ]
SQL: SELECT comment.comment_id AS comment_id,comment.news_id AS news_id,comment.content AS content,comment.fabulous AS fabulous,comment.parent_id AS parent_id,comment.user_id AS user_id,comment.updatetime AS updatetime,user.user_id AS username_id,user.username AS username,user.headimg AS headimg,news.id AS id,news.title AS title FROM fc_comment comment LEFT JOIN fc_user user ON comment.user_id=user.user_id  JOIN fc_news news ON comment.news_id=news.id ORDER BY comment.fabulous desc LIMIT 5   [ RunTime:0.001278s ]
INFO: [ view_template ] --START--
INFO: Run LocationTemplate Behavior [ RunTime:0.000358s ]
INFO: [ view_template ] --END-- [ RunTime:0.000407s ]
INFO: [ view_parse ] --START--
NOTIC: [8] Undefined index: username /data/home/bxu2442590746/htdocs/dongqiudi/Home/Runtime/Cache/7e4848229090366086cc7eeb3bfc0798.php 第 314 行.
NOTIC: [8] Undefined index: username /data/home/bxu2442590746/htdocs/dongqiudi/Home/Runtime/Cache/7e4848229090366086cc7eeb3bfc0798.php 第 314 行.
NOTIC: [8] Undefined index: username /data/home/bxu2442590746/htdocs/dongqiudi/Home/Runtime/Cache/7e4848229090366086cc7eeb3bfc0798.php 第 314 行.
NOTIC: [8] Undefined index: username /data/home/bxu2442590746/htdocs/dongqiudi/Home/Runtime/Cache/7e4848229090366086cc7eeb3bfc0798.php 第 314 行.
NOTIC: [8] Undefined index: username /data/home/bxu2442590746/htdocs/dongqiudi/Home/Runtime/Cache/7e4848229090366086cc7eeb3bfc0798.php 第 314 行.
INFO: Run ParseTemplate Behavior [ RunTime:0.021126s ]
INFO: [ view_parse ] --END-- [ RunTime:0.021173s ]
INFO: [ view_filter ] --START--
INFO: Run ContentReplace Behavior [ RunTime:0.000358s ]
INFO: Run TokenBuild Behavior [ RunTime:0.000299s ]
INFO: Run WriteHtmlCache Behavior [ RunTime:0.000280s ]
INFO: Run ShowRuntime Behavior [ RunTime:0.000343s ]
INFO: [ view_filter ] --END-- [ RunTime:0.001399s ]
INFO: [ view_end ] --START--
INFO: Run ShowPageTrace Behavior [ RunTime:0.000401s ]
INFO: [ view_end ] --END-- [ RunTime:0.000462s ]

[ 2017-05-29T13:45:19+08:00 ] 101.226.33.240 /dongqiudi/
NOTIC: [8192] Directive 'magic_quotes_gpc' is deprecated in PHP 5.3 and greater Unknown 第 0 行.

[ 2017-05-29T13:45:21+08:00 ] 101.226.64.177 /dongqiudi/index.php?m=user&a=login
INFO: [ app_begin ] --START--
INFO: Run ReadHtmlCache Behavior [ RunTime:0.000400s ]
INFO: [ app_begin ] --END-- [ RunTime:0.000498s ]
SQL: SHOW COLUMNS FROM `fc_user` [ RunTime:0.001731s ]
INFO: [ view_template ] --START--
INFO: Run LocationTemplate Behavior [ RunTime:0.000393s ]
INFO: [ view_template ] --END-- [ RunTime:0.000555s ]
INFO: [ view_parse ] --START--
INFO: Run ParseTemplate Behavior [ RunTime:0.007382s ]
INFO: [ view_parse ] --END-- [ RunTime:0.007437s ]
INFO: [ view_filter ] --START--
INFO: Run ContentReplace Behavior [ RunTime:0.000311s ]
INFO: Run TokenBuild Behavior [ RunTime:0.000292s ]
INFO: Run WriteHtmlCache Behavior [ RunTime:0.000280s ]
INFO: Run ShowRuntime Behavior [ RunTime:0.000363s ]
INFO: [ view_filter ] --END-- [ RunTime:0.001370s ]
INFO: [ view_end ] --START--
INFO: Run ShowPageTrace Behavior [ RunTime:0.000464s ]
INFO: [ view_end ] --END-- [ RunTime:0.000509s ]

[ 2017-05-29T13:45:21+08:00 ] 101.226.64.177 /dongqiudi/index.php?m=user&a=login
NOTIC: [8192] Directive 'magic_quotes_gpc' is deprecated in PHP 5.3 and greater Unknown 第 0 行.

[ 2017-05-29T13:45:21+08:00 ] 123.14.91.21 /dongqiudi/index.php?m=user&a=personal
INFO: [ app_begin ] --START--
INFO: Run ReadHtmlCache Behavior [ RunTime:0.000423s ]
INFO: [ app_begin ] --END-- [ RunTime:0.000522s ]
SQL: SHOW COLUMNS FROM `fc_user` [ RunTime:0.001552s ]
SQL: SELECT * FROM `fc_user` WHERE ( account = "1992" ) LIMIT 1   [ RunTime:0.001065s ]
SQL: SHOW COLUMNS FROM `fc_comment` [ RunTime:0.001346s ]
SQL: SHOW COLUMNS FROM `fc_news` [ RunTime:0.001314s ]
SQL: SELECT comment.comment_id AS comment_id,comment.news_id AS news_id,comment.content AS content,comment.fabulous AS fabulous,comment.parent_id AS parent_id,comment.user_id AS user_id,comment.updatetime AS updatetime,user.user_id AS username_id,user.username AS username,user.headimg AS headimg,news.id AS id,news.title AS title FROM fc_comment comment LEFT JOIN fc_user user ON comment.user_id=user.user_id  JOIN fc_news news ON comment.news_id=news.id WHERE ( comment.user_id = 1 ) ORDER BY comment.updatetime desc  [ RunTime:0.001444s ]
SQL: SELECT * FROM `fc_comment` WHERE ( user_id = 1 ) ORDER BY updatetime desc  [ RunTime:0.001192s ]
SQL: SELECT comment.comment_id AS comment_id,comment.news_id AS news_id,comment.content AS content,comment.fabulous AS fabulous,comment.parent_id AS parent_id,comment.user_id AS user_id,comment.updatetime AS updatetime,user.user_id AS username_id,user.username AS username,user.headimg AS headimg,news.id AS id,news.title AS title FROM fc_comment comment LEFT JOIN fc_user user ON comment.user_id=user.user_id  JOIN fc_news news ON comment.news_id=news.id WHERE ( comment.parent_id = 43 ) LIMIT 1   [ RunTime:0.001260s ]
SQL: SELECT comment.comment_id AS comment_id,comment.news_id AS news_id,comment.content AS content,comment.fabulous AS fabulous,comment.parent_id AS parent_id,comment.user_id AS user_id,comment.updatetime AS updatetime,user.user_id AS username_id,user.username AS username,user.headimg AS headimg,news.id AS id,news.title AS title FROM fc_comment comment LEFT JOIN fc_user user ON comment.user_id=user.user_id  JOIN fc_news news ON comment.news_id=news.id WHERE ( comment.parent_id = 40 ) LIMIT 1   [ RunTime:0.001223s ]
SQL: SELECT comment.comment_id AS comment_id,comment.news_id AS news_id,comment.content AS content,comment.fabulous AS fabulous,comment.parent_id AS parent_id,comment.user_id AS user_id,comment.updatetime AS updatetime,user.user_id AS username_id,user.username AS username,user.headimg AS headimg,news.id AS id,news.title AS title FROM fc_comment comment LEFT JOIN fc_user user ON comment.user_id=user.user_id  JOIN fc_news news ON comment.news_id=news.id WHERE ( comment.parent_id = 39 ) LIMIT 1   [ RunTime:0.001232s ]
SQL: SELECT comment.comment_id AS comment_id,comment.news_id AS news_id,comment.content AS content,comment.fabulous AS fabulous,comment.parent_id AS parent_id,comment.user_id AS user_id,comment.updatetime AS updatetime,user.user_id AS username_id,user.username AS username,user.headimg AS headimg,news.id AS id,news.title AS title FROM fc_comment comment LEFT JOIN fc_user user ON comment.user_id=user.user_id  JOIN fc_news news ON comment.news_id=news.id WHERE ( comment.parent_id = 25 ) LIMIT 1   [ RunTime:0.001276s ]
SQL: SELECT comment.comment_id AS comment_id,comment.news_id AS news_id,comment.content AS content,comment.fabulous AS fabulous,comment.parent_id AS parent_id,comment.user_id AS user_id,comment.updatetime AS updatetime,user.user_id AS username_id,user.username AS username,user.headimg AS headimg,news.id AS id,news.title AS title FROM fc_comment comment LEFT JOIN fc_user user ON comment.user_id=user.user_id  JOIN fc_news news ON comment.news_id=news.id WHERE ( comment.parent_id = 23 ) LIMIT 1   [ RunTime:0.001207s ]
SQL: SELECT comment.comment_id AS comment_id,comment.news_id AS news_id,comment.content AS content,comment.fabulous AS fabulous,comment.parent_id AS parent_id,comment.user_id AS user_id,comment.updatetime AS updatetime,user.user_id AS username_id,user.username AS username,user.headimg AS headimg,news.id AS id,news.title AS title FROM fc_comment comment LEFT JOIN fc_user user ON comment.user_id=user.user_id  JOIN fc_news news ON comment.news_id=news.id WHERE ( comment.parent_id = 22 ) LIMIT 1   [ RunTime:0.001223s ]
SQL: SELECT comment.comment_id AS comment_id,comment.news_id AS news_id,comment.content AS content,comment.fabulous AS fabulous,comment.parent_id AS parent_id,comment.user_id AS user_id,comment.updatetime AS updatetime,user.user_id AS username_id,user.username AS username,user.headimg AS headimg,news.id AS id,news.title AS title FROM fc_comment comment LEFT JOIN fc_user user ON comment.user_id=user.user_id  JOIN fc_news news ON comment.news_id=news.id WHERE ( comment.parent_id = 10 ) LIMIT 1   [ RunTime:0.001173s ]
SQL: SELECT comment.comment_id AS comment_id,comment.news_id AS news_id,comment.content AS content,comment.fabulous AS fabulous,comment.parent_id AS parent_id,comment.user_id AS user_id,comment.updatetime AS updatetime,user.user_id AS username_id,user.username AS username,user.headimg AS headimg,news.id AS id,news.title AS title FROM fc_comment comment LEFT JOIN fc_user user ON comment.user_id=user.user_id  JOIN fc_news news ON comment.news_id=news.id WHERE ( comment.parent_id = 4 ) LIMIT 1   [ RunTime:0.001243s ]
SQL: SELECT comment.comment_id AS comment_id,comment.news_id AS news_id,comment.content AS content,comment.fabulous AS fabulous,comment.parent_id AS parent_id,comment.user_id AS user_id,comment.updatetime AS updatetime,user.user_id AS username_id,user.username AS username,user.headimg AS headimg,news.id AS id,news.title AS title FROM fc_comment comment LEFT JOIN fc_user user ON comment.user_id=user.user_id  JOIN fc_news news ON comment.news_id=news.id WHERE ( comment.parent_id = 2 ) LIMIT 1   [ RunTime:0.001257s ]
SQL: SELECT comment.comment_id AS comment_id,comment.news_id AS news_id,comment.content AS content,comment.fabulous AS fabulous,comment.parent_id AS parent_id,comment.user_id AS user_id,comment.updatetime AS updatetime,user.user_id AS username_id,user.username AS username,user.headimg AS headimg,news.id AS id,news.title AS title FROM fc_comment comment LEFT JOIN fc_user user ON comment.user_id=user.user_id  JOIN fc_news news ON comment.news_id=news.id WHERE ( comment.parent_id = 1 ) LIMIT 1   [ RunTime:0.001202s ]
NOTIC: [8] Undefined index: parent /data/home/bxu2442590746/htdocs/dongqiudi/Home/Lib/Action/UserAction.class.php 第 97 行.
NOTIC: [8] Undefined index: parent /data/home/bxu2442590746/htdocs/dongqiudi/Home/Lib/Action/UserAction.class.php 第 97 行.
NOTIC: [8] Undefined index: parent /data/home/bxu2442590746/htdocs/dongqiudi/Home/Lib/Action/UserAction.class.php 第 97 行.
NOTIC: [8] Undefined index: parent /data/home/bxu2442590746/htdocs/dongqiudi/Home/Lib/Action/UserAction.class.php 第 97 行.
NOTIC: [8] Undefined index: parent /data/home/bxu2442590746/htdocs/dongqiudi/Home/Lib/Action/UserAction.class.php 第 97 行.
NOTIC: [8] Undefined index: parent /data/home/bxu2442590746/htdocs/dongqiudi/Home/Lib/Action/UserAction.class.php 第 97 行.
NOTIC: [8] Undefined index: parent /data/home/bxu2442590746/htdocs/dongqiudi/Home/Lib/Action/UserAction.class.php 第 97 行.
NOTIC: [8] Undefined index: parent /data/home/bxu2442590746/htdocs/dongqiudi/Home/Lib/Action/UserAction.class.php 第 97 行.
NOTIC: [8] Undefined index: parent /data/home/bxu2442590746/htdocs/dongqiudi/Home/Lib/Action/UserAction.class.php 第 97 行.
NOTIC: [8] Undefined index: parent /data/home/bxu2442590746/htdocs/dongqiudi/Home/Lib/Action/UserAction.class.php 第 97 行.
INFO: [ view_template ] --START--
INFO: Run LocationTemplate Behavior [ RunTime:0.000413s ]
INFO: [ view_template ] --END-- [ RunTime:0.000477s ]
INFO: [ view_parse ] --START--
INFO: Run ParseTemplate Behavior [ RunTime:0.013034s ]
INFO: [ view_parse ] --END-- [ RunTime:0.013086s ]
INFO: [ view_filter ] --START--
INFO: Run ContentReplace Behavior [ RunTime:0.000355s ]
INFO: Run TokenBuild Behavior [ RunTime:0.000309s ]
INFO: Run WriteHtmlCache Behavior [ RunTime:0.000222s ]
INFO: Run ShowRuntime Behavior [ RunTime:0.000352s ]
INFO: [ view_filter ] --END-- [ RunTime:0.001355s ]
INFO: [ view_end ] --START--
INFO: Run ShowPageTrace Behavior [ RunTime:0.000412s ]
INFO: [ view_end ] --END-- [ RunTime:0.000452s ]

[ 2017-05-29T13:45:21+08:00 ] 123.14.91.21 /dongqiudi/index.php?m=user&a=personal
NOTIC: [8192] Directive 'magic_quotes_gpc' is deprecated in PHP 5.3 and greater Unknown 第 0 行.

[ 2017-05-29T13:45:31+08:00 ] 101.226.61.206 /dongqiudi/index.php?m=user&a=personal
INFO: [ app_begin ] --START--
INFO: Run ReadHtmlCache Behavior [ RunTime:0.000424s ]
INFO: [ app_begin ] --END-- [ RunTime:0.000520s ]
SQL: SHOW COLUMNS FROM `fc_user` [ RunTime:0.001699s ]
NOTIC: [8] Undefined index: account /data/home/bxu2442590746/htdocs/dongqiudi/Home/Lib/Action/UserAction.class.php 第 79 行.
SQL: SELECT * FROM `fc_user` WHERE ( account = "%s" ) LIMIT 1   [ RunTime:0.001339s ]
SQL: SHOW COLUMNS FROM `fc_comment` [ RunTime:0.001790s ]
SQL: SHOW COLUMNS FROM `fc_news` [ RunTime:0.001535s ]
SQL: SELECT comment.comment_id AS comment_id,comment.news_id AS news_id,comment.content AS content,comment.fabulous AS fabulous,comment.parent_id AS parent_id,comment.user_id AS user_id,comment.updatetime AS updatetime,user.user_id AS username_id,user.username AS username,user.headimg AS headimg,news.id AS id,news.title AS title FROM fc_comment comment LEFT JOIN fc_user user ON comment.user_id=user.user_id  JOIN fc_news news ON comment.news_id=news.id WHERE ( comment.user_id = %d ) ORDER BY comment.updatetime desc  [ RunTime:0.001309s ]
ERR: You have an error in your SQL syntax; check the manual that corresponds to your MySQL server version for the right syntax to use near '%d ) ORDER BY comment.updatetime desc' at line 1
 [ SQL语句 ] : SELECT comment.comment_id AS comment_id,comment.news_id AS news_id,comment.content AS content,comment.fabulous AS fabulous,comment.parent_id AS parent_id,comment.user_id AS user_id,comment.updatetime AS updatetime,user.user_id AS username_id,user.username AS username,user.headimg AS headimg,news.id AS id,news.title AS title FROM fc_comment comment LEFT JOIN fc_user user ON comment.user_id=user.user_id  JOIN fc_news news ON comment.news_id=news.id WHERE ( comment.user_id = %d ) ORDER BY comment.updatetime desc 
SQL: SELECT * FROM `fc_comment` WHERE ( user_id = %d ) ORDER BY updatetime desc  [ RunTime:0.001241s ]
ERR: You have an error in your SQL syntax; check the manual that corresponds to your MySQL server version for the right syntax to use near '%d ) ORDER BY updatetime desc' at line 1
 [ SQL语句 ] : SELECT * FROM `fc_comment` WHERE ( user_id = %d ) ORDER BY updatetime desc 
NOTIC: [2] Invalid argument supplied for foreach() /data/home/bxu2442590746/htdocs/dongqiudi/Home/Lib/Action/UserAction.class.php 第 87 行.
NOTIC: [2] Invalid argument supplied for foreach() /data/home/bxu2442590746/htdocs/dongqiudi/Home/Lib/Action/UserAction.class.php 第 96 行.
INFO: [ view_template ] --START--
INFO: Run LocationTemplate Behavior [ RunTime:0.000403s ]
INFO: [ view_template ] --END-- [ RunTime:0.000455s ]
INFO: [ view_parse ] --START--
INFO: Run ParseTemplate Behavior [ RunTime:0.006565s ]
INFO: [ view_parse ] --END-- [ RunTime:0.006624s ]
INFO: [ view_filter ] --START--
INFO: Run ContentReplace Behavior [ RunTime:0.000285s ]
INFO: Run TokenBuild Behavior [ RunTime:0.000289s ]
INFO: Run WriteHtmlCache Behavior [ RunTime:0.000277s ]
INFO: Run ShowRuntime Behavior [ RunTime:0.000342s ]
INFO: [ view_filter ] --END-- [ RunTime:0.001356s ]
INFO: [ view_end ] --START--
INFO: Run ShowPageTrace Behavior [ RunTime:0.000506s ]
INFO: [ view_end ] --END-- [ RunTime:0.000550s ]
NOTIC: [8192] Directive 'magic_quotes_gpc' is deprecated in PHP 5.3 and greater Unknown 第 0 行.

[ 2017-05-29T18:50:02+08:00 ] 207.46.13.59 /dongqiudi/index.php?m=index&a=show&id=61
INFO: [ app_begin ] --START--
INFO: Run ReadHtmlCache Behavior [ RunTime:0.000487s ]
INFO: [ app_begin ] --END-- [ RunTime:0.000587s ]
NOTIC: [2048] Declaration of IndexAction::show() should be compatible with that of Action::show() /data/home/bxu2442590746/htdocs/dongqiudi/Home/Lib/Action/IndexAction.class.php 第 549 行.
SQL: SHOW COLUMNS FROM `fc_news` [ RunTime:0.001912s ]
SQL: SELECT * FROM fc_news n LEFT JOIN fc_news_data as d on n.id = d.id LEFT JOIN fc_user as u on n.user_id = u.user_id WHERE ( n.id = '61' ) AND ( d.id = '61' ) LIMIT 1   [ RunTime:0.001867s ]
SQL: SHOW COLUMNS FROM `fc_comment` [ RunTime:0.001874s ]
SQL: SELECT COUNT(*) AS tp_count FROM `fc_comment` WHERE ( news_id = 61 ) LIMIT 1   [ RunTime:0.001409s ]
SQL: SELECT * FROM fc_comment n LEFT JOIN fc_user as d on n.user_id = d.user_id WHERE ( news_id = 61 ) ORDER BY n.updatetime desc LIMIT 0,7   [ RunTime:0.001677s ]
SQL: SELECT * FROM fc_comment n LEFT JOIN fc_user as d on n.user_id = d.user_id WHERE ( comment_id = 37 ) ORDER BY n.updatetime desc LIMIT 0,7   [ RunTime:0.001461s ]
SQL: SELECT COUNT(*) AS tp_count FROM `fc_comment` WHERE ( news_id = 61 ) LIMIT 1   [ RunTime:0.001307s ]
SQL: SHOW COLUMNS FROM `fc_user` [ RunTime:0.001568s ]
SQL: SELECT comment.comment_id AS comment_id,comment.news_id AS news_id,comment.content AS content,comment.fabulous AS fabulous,comment.parent_id AS parent_id,comment.user_id AS user_id,comment.updatetime AS updatetime,user.user_id AS username_id,user.username AS username,user.headimg AS headimg,news.id AS id,news.title AS title FROM fc_comment comment LEFT JOIN fc_user user ON comment.user_id=user.user_id  JOIN fc_news news ON comment.news_id=news.id WHERE ( comment.fabulous >= '3' ) AND ( news.id = '61' ) ORDER BY comment.fabulous desc  [ RunTime:0.001509s ]
INFO: [ view_template ] --START--
INFO: Run LocationTemplate Behavior [ RunTime:0.000363s ]
INFO: [ view_template ] --END-- [ RunTime:0.000410s ]
INFO: [ view_parse ] --START--
NOTIC: [8] Undefined index: username /data/home/bxu2442590746/htdocs/dongqiudi/Home/Runtime/Cache/8900f6c60654ed91e9ce9789196cfe05.php 第 111 行.
NOTIC: [8] Undefined index: username /data/home/bxu2442590746/htdocs/dongqiudi/Home/Runtime/Cache/8900f6c60654ed91e9ce9789196cfe05.php 第 115 行.
NOTIC: [8] Undefined index: username /data/home/bxu2442590746/htdocs/dongqiudi/Home/Runtime/Cache/8900f6c60654ed91e9ce9789196cfe05.php 第 176 行.
NOTIC: [8] Undefined index: username /data/home/bxu2442590746/htdocs/dongqiudi/Home/Runtime/Cache/8900f6c60654ed91e9ce9789196cfe05.php 第 176 行.
NOTIC: [8] Undefined index: username /data/home/bxu2442590746/htdocs/dongqiudi/Home/Runtime/Cache/8900f6c60654ed91e9ce9789196cfe05.php 第 176 行.
NOTIC: [8] Undefined index: username /data/home/bxu2442590746/htdocs/dongqiudi/Home/Runtime/Cache/8900f6c60654ed91e9ce9789196cfe05.php 第 176 行.
NOTIC: [8] Undefined index: username /data/home/bxu2442590746/htdocs/dongqiudi/Home/Runtime/Cache/8900f6c60654ed91e9ce9789196cfe05.php 第 176 行.
NOTIC: [8] Undefined index: username /data/home/bxu2442590746/htdocs/dongqiudi/Home/Runtime/Cache/8900f6c60654ed91e9ce9789196cfe05.php 第 176 行.
NOTIC: [8] Undefined index: username /data/home/bxu2442590746/htdocs/dongqiudi/Home/Runtime/Cache/8900f6c60654ed91e9ce9789196cfe05.php 第 176 行.
INFO: Run ParseTemplate Behavior [ RunTime:0.015233s ]
INFO: [ view_parse ] --END-- [ RunTime:0.015281s ]
INFO: [ view_filter ] --START--
INFO: Run ContentReplace Behavior [ RunTime:0.000357s ]
INFO: Run TokenBuild Behavior [ RunTime:0.000301s ]
INFO: Run WriteHtmlCache Behavior [ RunTime:0.000247s ]
INFO: Run ShowRuntime Behavior [ RunTime:0.000348s ]
INFO: [ view_filter ] --END-- [ RunTime:0.001408s ]
INFO: [ view_end ] --START--
INFO: Run ShowPageTrace Behavior [ RunTime:0.000444s ]
INFO: [ view_end ] --END-- [ RunTime:0.000486s ]

[ 2017-05-29T18:50:02+08:00 ] 207.46.13.59 /dongqiudi/index.php?m=index&a=show&id=61
NOTIC: [8192] Directive 'magic_quotes_gpc' is deprecated in PHP 5.3 and greater Unknown 第 0 行.

[ 2017-05-29T20:56:30+08:00 ] 171.12.11.187 /dongqiudi/
INFO: [ app_begin ] --START--
INFO: Run ReadHtmlCache Behavior [ RunTime:0.010809s ]
INFO: [ app_begin ] --END-- [ RunTime:0.010918s ]
NOTIC: [2048] Declaration of IndexAction::show() should be compatible with that of Action::show() /data/home/bxu2442590746/htdocs/dongqiudi/Home/Lib/Action/IndexAction.class.php 第 549 行.
SQL: SHOW COLUMNS FROM `fc_news` [ RunTime:0.001793s ]
SQL: SELECT * FROM fc_news n LEFT JOIN fc_news_data as d on n.id = d.id WHERE ( position = 2 ) ORDER BY n.id desc LIMIT 5   [ RunTime:0.003020s ]
SQL: SELECT * FROM fc_news n LEFT JOIN fc_news_data as d on n.id = d.id WHERE ( n.position = 1 ) ORDER BY n.id desc  [ RunTime:0.001687s ]
SQL: SHOW COLUMNS FROM `fc_comment` [ RunTime:0.001665s ]
SQL: SELECT COUNT(*) AS tp_count FROM `fc_comment` WHERE ( news_id = 75 ) LIMIT 1   [ RunTime:0.001308s ]
SQL: SELECT COUNT(*) AS tp_count FROM `fc_comment` WHERE ( news_id = 74 ) LIMIT 1   [ RunTime:0.001348s ]
SQL: SELECT COUNT(*) AS tp_count FROM `fc_comment` WHERE ( news_id = 61 ) LIMIT 1   [ RunTime:0.001339s ]
NOTIC: [8] Undefined variable: num /data/home/bxu2442590746/htdocs/dongqiudi/Home/Lib/Action/IndexAction.class.php 第 28 行.
SQL: SHOW COLUMNS FROM `fc_match` [ RunTime:0.001654s ]
SQL: SHOW COLUMNS FROM `fc_team` [ RunTime:0.001641s ]
SQL: SELECT * FROM `fc_match` WHERE ( position = 1 or position =3 ) ORDER BY match_id desc LIMIT 5   [ RunTime:0.001355s ]
SQL: SELECT * FROM `fc_team` WHERE ( team_id = 13 ) LIMIT 1   [ RunTime:0.001298s ]
SQL: SELECT * FROM `fc_team` WHERE ( team_id = 1 ) LIMIT 1   [ RunTime:0.001320s ]
SQL: SELECT * FROM `fc_team` WHERE ( team_id = 29 ) LIMIT 1   [ RunTime:0.001388s ]
SQL: SELECT * FROM `fc_team` WHERE ( team_id = 30 ) LIMIT 1   [ RunTime:0.001312s ]
SQL: SELECT * FROM `fc_team` WHERE ( team_id = 26 ) LIMIT 1   [ RunTime:0.001326s ]
SQL: SELECT * FROM `fc_team` WHERE ( team_id = 25 ) LIMIT 1   [ RunTime:0.001467s ]
SQL: SELECT * FROM `fc_team` WHERE ( team_id = 21 ) LIMIT 1   [ RunTime:0.001585s ]
SQL: SELECT * FROM `fc_team` WHERE ( team_id = 22 ) LIMIT 1   [ RunTime:0.001292s ]
SQL: SELECT * FROM `fc_team` WHERE ( team_id = 3 ) LIMIT 1   [ RunTime:0.001324s ]
SQL: SELECT * FROM `fc_team` WHERE ( team_id = 12 ) LIMIT 1   [ RunTime:0.001315s ]
SQL: SELECT * FROM `fc_team` WHERE ( league = "中超" ) ORDER BY league_integral desc , goal_difference desc LIMIT 10   [ RunTime:0.001526s ]
SQL: SHOW COLUMNS FROM `fc_user` [ RunTime:0.001711s ]
SQL: SELECT comment.comment_id AS comment_id,comment.news_id AS news_id,comment.content AS content,comment.fabulous AS fabulous,comment.parent_id AS parent_id,comment.user_id AS user_id,comment.updatetime AS updatetime,user.user_id AS username_id,user.username AS username,user.headimg AS headimg,news.id AS id,news.title AS title FROM fc_comment comment LEFT JOIN fc_user user ON comment.user_id=user.user_id  JOIN fc_news news ON comment.news_id=news.id ORDER BY comment.fabulous desc LIMIT 5   [ RunTime:0.001551s ]
INFO: [ view_template ] --START--
INFO: Run LocationTemplate Behavior [ RunTime:0.000388s ]
INFO: [ view_template ] --END-- [ RunTime:0.000441s ]
INFO: [ view_parse ] --START--
NOTIC: [8] Undefined index: username /data/home/bxu2442590746/htdocs/dongqiudi/Home/Runtime/Cache/7e4848229090366086cc7eeb3bfc0798.php 第 314 行.
NOTIC: [8] Undefined index: username /data/home/bxu2442590746/htdocs/dongqiudi/Home/Runtime/Cache/7e4848229090366086cc7eeb3bfc0798.php 第 314 行.
NOTIC: [8] Undefined index: username /data/home/bxu2442590746/htdocs/dongqiudi/Home/Runtime/Cache/7e4848229090366086cc7eeb3bfc0798.php 第 314 行.
NOTIC: [8] Undefined index: username /data/home/bxu2442590746/htdocs/dongqiudi/Home/Runtime/Cache/7e4848229090366086cc7eeb3bfc0798.php 第 314 行.
NOTIC: [8] Undefined index: username /data/home/bxu2442590746/htdocs/dongqiudi/Home/Runtime/Cache/7e4848229090366086cc7eeb3bfc0798.php 第 314 行.
INFO: Run ParseTemplate Behavior [ RunTime:0.021212s ]
INFO: [ view_parse ] --END-- [ RunTime:0.021273s ]
INFO: [ view_filter ] --START--
INFO: Run ContentReplace Behavior [ RunTime:0.000414s ]
INFO: Run TokenBuild Behavior [ RunTime:0.000300s ]
INFO: Run WriteHtmlCache Behavior [ RunTime:0.000216s ]
INFO: Run ShowRuntime Behavior [ RunTime:0.000674s ]
INFO: [ view_filter ] --END-- [ RunTime:0.001726s ]
INFO: [ view_end ] --START--
INFO: Run ShowPageTrace Behavior [ RunTime:0.000395s ]
INFO: [ view_end ] --END-- [ RunTime:0.000436s ]

[ 2017-05-29T20:56:30+08:00 ] 171.12.11.187 /dongqiudi/
NOTIC: [8192] Directive 'magic_quotes_gpc' is deprecated in PHP 5.3 and greater Unknown 第 0 行.

[ 2017-05-29T20:57:38+08:00 ] 171.12.11.187 /dongqiudi/index.php?m=index&a=show&id=77
INFO: [ app_begin ] --START--
INFO: Run ReadHtmlCache Behavior [ RunTime:0.000417s ]
INFO: [ app_begin ] --END-- [ RunTime:0.000512s ]
NOTIC: [2048] Declaration of IndexAction::show() should be compatible with that of Action::show() /data/home/bxu2442590746/htdocs/dongqiudi/Home/Lib/Action/IndexAction.class.php 第 549 行.
SQL: SHOW COLUMNS FROM `fc_news` [ RunTime:0.001659s ]
SQL: SELECT * FROM fc_news n LEFT JOIN fc_news_data as d on n.id = d.id LEFT JOIN fc_user as u on n.user_id = u.user_id WHERE ( n.id = '77' ) AND ( d.id = '77' ) LIMIT 1   [ RunTime:0.001657s ]
SQL: SHOW COLUMNS FROM `fc_comment` [ RunTime:0.001481s ]
SQL: SELECT COUNT(*) AS tp_count FROM `fc_comment` WHERE ( news_id = 77 ) LIMIT 1   [ RunTime:0.001469s ]
SQL: SELECT * FROM fc_comment n LEFT JOIN fc_user as d on n.user_id = d.user_id WHERE ( news_id = 77 ) ORDER BY n.updatetime desc LIMIT 0,7   [ RunTime:0.001567s ]
NOTIC: [2] Invalid argument supplied for foreach() /data/home/bxu2442590746/htdocs/dongqiudi/Home/Lib/Action/IndexAction.class.php 第 467 行.
SQL: SELECT COUNT(*) AS tp_count FROM `fc_comment` WHERE ( news_id = 77 ) LIMIT 1   [ RunTime:0.001337s ]
SQL: SHOW COLUMNS FROM `fc_user` [ RunTime:0.001897s ]
SQL: SELECT comment.comment_id AS comment_id,comment.news_id AS news_id,comment.content AS content,comment.fabulous AS fabulous,comment.parent_id AS parent_id,comment.user_id AS user_id,comment.updatetime AS updatetime,user.user_id AS username_id,user.username AS username,user.headimg AS headimg,news.id AS id,news.title AS title FROM fc_comment comment LEFT JOIN fc_user user ON comment.user_id=user.user_id  JOIN fc_news news ON comment.news_id=news.id WHERE ( comment.fabulous >= '3' ) AND ( news.id = '77' ) ORDER BY comment.fabulous desc  [ RunTime:0.001525s ]
INFO: [ view_template ] --START--
INFO: Run LocationTemplate Behavior [ RunTime:0.000353s ]
INFO: [ view_template ] --END-- [ RunTime:0.000404s ]
INFO: [ view_parse ] --START--
NOTIC: [8] Undefined index: username /data/home/bxu2442590746/htdocs/dongqiudi/Home/Runtime/Cache/8900f6c60654ed91e9ce9789196cfe05.php 第 111 行.
NOTIC: [8] Undefined index: username /data/home/bxu2442590746/htdocs/dongqiudi/Home/Runtime/Cache/8900f6c60654ed91e9ce9789196cfe05.php 第 115 行.
INFO: Run ParseTemplate Behavior [ RunTime:0.018377s ]
INFO: [ view_parse ] --END-- [ RunTime:0.018447s ]
INFO: [ view_filter ] --START--
INFO: Run ContentReplace Behavior [ RunTime:0.000332s ]
INFO: Run TokenBuild Behavior [ RunTime:0.000292s ]
INFO: Run WriteHtmlCache Behavior [ RunTime:0.000624s ]
INFO: Run ShowRuntime Behavior [ RunTime:0.000388s ]
INFO: [ view_filter ] --END-- [ RunTime:0.002264s ]
INFO: [ view_end ] --START--
INFO: Run ShowPageTrace Behavior [ RunTime:0.000832s ]
INFO: [ view_end ] --END-- [ RunTime:0.000876s ]

[ 2017-05-29T20:57:38+08:00 ] 171.12.11.187 /dongqiudi/index.php?m=index&a=show&id=77
NOTIC: [8192] Directive 'magic_quotes_gpc' is deprecated in PHP 5.3 and greater Unknown 第 0 行.

[ 2017-05-29T20:58:58+08:00 ] 171.12.11.187 /dongqiudi/
INFO: [ app_begin ] --START--
INFO: Run ReadHtmlCache Behavior [ RunTime:0.000440s ]
INFO: [ app_begin ] --END-- [ RunTime:0.000539s ]
NOTIC: [2048] Declaration of IndexAction::show() should be compatible with that of Action::show() /data/home/bxu2442590746/htdocs/dongqiudi/Home/Lib/Action/IndexAction.class.php 第 549 行.
SQL: SHOW COLUMNS FROM `fc_news` [ RunTime:0.001806s ]
SQL: SELECT * FROM fc_news n LEFT JOIN fc_news_data as d on n.id = d.id WHERE ( position = 2 ) ORDER BY n.id desc LIMIT 5   [ RunTime:0.002746s ]
SQL: SELECT * FROM fc_news n LEFT JOIN fc_news_data as d on n.id = d.id WHERE ( n.position = 1 ) ORDER BY n.id desc  [ RunTime:0.001504s ]
SQL: SHOW COLUMNS FROM `fc_comment` [ RunTime:0.001484s ]
SQL: SELECT COUNT(*) AS tp_count FROM `fc_comment` WHERE ( news_id = 75 ) LIMIT 1   [ RunTime:0.001227s ]
SQL: SELECT COUNT(*) AS tp_count FROM `fc_comment` WHERE ( news_id = 74 ) LIMIT 1   [ RunTime:0.001197s ]
SQL: SELECT COUNT(*) AS tp_count FROM `fc_comment` WHERE ( news_id = 61 ) LIMIT 1   [ RunTime:0.001192s ]
NOTIC: [8] Undefined variable: num /data/home/bxu2442590746/htdocs/dongqiudi/Home/Lib/Action/IndexAction.class.php 第 28 行.
SQL: SHOW COLUMNS FROM `fc_match` [ RunTime:0.001488s ]
SQL: SHOW COLUMNS FROM `fc_team` [ RunTime:0.001502s ]
SQL: SELECT * FROM `fc_match` WHERE ( position = 1 or position =3 ) ORDER BY match_id desc LIMIT 5   [ RunTime:0.001353s ]
SQL: SELECT * FROM `fc_team` WHERE ( team_id = 13 ) LIMIT 1   [ RunTime:0.001220s ]
SQL: SELECT * FROM `fc_team` WHERE ( team_id = 1 ) LIMIT 1   [ RunTime:0.001216s ]
SQL: SELECT * FROM `fc_team` WHERE ( team_id = 29 ) LIMIT 1   [ RunTime:0.001194s ]
SQL: SELECT * FROM `fc_team` WHERE ( team_id = 30 ) LIMIT 1   [ RunTime:0.001198s ]
SQL: SELECT * FROM `fc_team` WHERE ( team_id = 26 ) LIMIT 1   [ RunTime:0.001228s ]
SQL: SELECT * FROM `fc_team` WHERE ( team_id = 25 ) LIMIT 1   [ RunTime:0.001210s ]
SQL: SELECT * FROM `fc_team` WHERE ( team_id = 21 ) LIMIT 1   [ RunTime:0.001206s ]
SQL: SELECT * FROM `fc_team` WHERE ( team_id = 22 ) LIMIT 1   [ RunTime:0.001218s ]
SQL: SELECT * FROM `fc_team` WHERE ( team_id = 3 ) LIMIT 1   [ RunTime:0.001239s ]
SQL: SELECT * FROM `fc_team` WHERE ( team_id = 12 ) LIMIT 1   [ RunTime:0.001219s ]
SQL: SELECT * FROM `fc_team` WHERE ( league = "中超" ) ORDER BY league_integral desc , goal_difference desc LIMIT 10   [ RunTime:0.001285s ]
SQL: SHOW COLUMNS FROM `fc_user` [ RunTime:0.001479s ]
SQL: SELECT comment.comment_id AS comment_id,comment.news_id AS news_id,comment.content AS content,comment.fabulous AS fabulous,comment.parent_id AS parent_id,comment.user_id AS user_id,comment.updatetime AS updatetime,user.user_id AS username_id,user.username AS username,user.headimg AS headimg,news.id AS id,news.title AS title FROM fc_comment comment LEFT JOIN fc_user user ON comment.user_id=user.user_id  JOIN fc_news news ON comment.news_id=news.id ORDER BY comment.fabulous desc LIMIT 5   [ RunTime:0.001357s ]
INFO: [ view_template ] --START--
INFO: Run LocationTemplate Behavior [ RunTime:0.000393s ]
INFO: [ view_template ] --END-- [ RunTime:0.000442s ]
INFO: [ view_parse ] --START--
NOTIC: [8] Undefined index: username /data/home/bxu2442590746/htdocs/dongqiudi/Home/Runtime/Cache/7e4848229090366086cc7eeb3bfc0798.php 第 314 行.
NOTIC: [8] Undefined index: username /data/home/bxu2442590746/htdocs/dongqiudi/Home/Runtime/Cache/7e4848229090366086cc7eeb3bfc0798.php 第 314 行.
NOTIC: [8] Undefined index: username /data/home/bxu2442590746/htdocs/dongqiudi/Home/Runtime/Cache/7e4848229090366086cc7eeb3bfc0798.php 第 314 行.
NOTIC: [8] Undefined index: username /data/home/bxu2442590746/htdocs/dongqiudi/Home/Runtime/Cache/7e4848229090366086cc7eeb3bfc0798.php 第 314 行.
NOTIC: [8] Undefined index: username /data/home/bxu2442590746/htdocs/dongqiudi/Home/Runtime/Cache/7e4848229090366086cc7eeb3bfc0798.php 第 314 行.
INFO: Run ParseTemplate Behavior [ RunTime:0.021315s ]
INFO: [ view_parse ] --END-- [ RunTime:0.021362s ]
INFO: [ view_filter ] --START--
INFO: Run ContentReplace Behavior [ RunTime:0.000404s ]
INFO: Run TokenBuild Behavior [ RunTime:0.000296s ]
INFO: Run WriteHtmlCache Behavior [ RunTime:0.000238s ]
INFO: Run ShowRuntime Behavior [ RunTime:0.000330s ]
INFO: [ view_filter ] --END-- [ RunTime:0.001408s ]
INFO: [ view_end ] --START--
INFO: Run ShowPageTrace Behavior [ RunTime:0.000386s ]
INFO: [ view_end ] --END-- [ RunTime:0.000427s ]

[ 2017-05-29T20:58:58+08:00 ] 171.12.11.187 /dongqiudi/
NOTIC: [8192] Directive 'magic_quotes_gpc' is deprecated in PHP 5.3 and greater Unknown 第 0 行.

[ 2017-05-29T20:59:02+08:00 ] 171.12.11.187 /dongqiudi/index.php?m=march&a=index
INFO: [ app_begin ] --START--
INFO: Run ReadHtmlCache Behavior [ RunTime:0.000420s ]
INFO: [ app_begin ] --END-- [ RunTime:0.000515s ]
SQL: SHOW COLUMNS FROM `fc_match` [ RunTime:0.002272s ]
SQL: SHOW COLUMNS FROM `fc_team` [ RunTime:0.001659s ]
SQL: SELECT * FROM `fc_match` WHERE ( position =2 or position =3 ) ORDER BY start_time asc  [ RunTime:0.001518s ]
SQL: SELECT * FROM `fc_team` WHERE ( team_id = 9 ) LIMIT 1   [ RunTime:0.001351s ]
SQL: SELECT * FROM `fc_team` WHERE ( team_id = 11 ) LIMIT 1   [ RunTime:0.001342s ]
SQL: SELECT * FROM `fc_team` WHERE ( team_id = 8 ) LIMIT 1   [ RunTime:0.001309s ]
SQL: SELECT * FROM `fc_team` WHERE ( team_id = 14 ) LIMIT 1   [ RunTime:0.001402s ]
SQL: SELECT * FROM `fc_team` WHERE ( team_id = 3 ) LIMIT 1   [ RunTime:0.001232s ]
SQL: SELECT * FROM `fc_team` WHERE ( team_id = 6 ) LIMIT 1   [ RunTime:0.001335s ]
SQL: SELECT * FROM `fc_team` WHERE ( team_id = 12 ) LIMIT 1   [ RunTime:0.001222s ]
SQL: SELECT * FROM `fc_team` WHERE ( team_id = 15 ) LIMIT 1   [ RunTime:0.001342s ]
SQL: SELECT * FROM `fc_team` WHERE ( team_id = 7 ) LIMIT 1   [ RunTime:0.001289s ]
SQL: SELECT * FROM `fc_team` WHERE ( team_id = 16 ) LIMIT 1   [ RunTime:0.001293s ]
SQL: SELECT * FROM `fc_team` WHERE ( team_id = 2 ) LIMIT 1   [ RunTime:0.002295s ]
SQL: SELECT * FROM `fc_team` WHERE ( team_id = 5 ) LIMIT 1   [ RunTime:0.001307s ]
SQL: SELECT * FROM `fc_team` WHERE ( team_id = 1 ) LIMIT 1   [ RunTime:0.001233s ]
SQL: SELECT * FROM `fc_team` WHERE ( team_id = 10 ) LIMIT 1   [ RunTime:0.001316s ]
SQL: SELECT * FROM `fc_team` WHERE ( team_id = 13 ) LIMIT 1   [ RunTime:0.001218s ]
SQL: SELECT * FROM `fc_team` WHERE ( team_id = 4 ) LIMIT 1   [ RunTime:0.001366s ]
SQL: SELECT * FROM `fc_team` WHERE ( team_id = 12 ) LIMIT 1   [ RunTime:0.001243s ]
SQL: SELECT * FROM `fc_team` WHERE ( team_id = 2 ) LIMIT 1   [ RunTime:0.001223s ]
SQL: SELECT * FROM `fc_team` WHERE ( team_id = 3 ) LIMIT 1   [ RunTime:0.001217s ]
SQL: SELECT * FROM `fc_team` WHERE ( team_id = 16 ) LIMIT 1   [ RunTime:0.001251s ]
SQL: SELECT * FROM `fc_team` WHERE ( team_id = 4 ) LIMIT 1   [ RunTime:0.001223s ]
SQL: SELECT * FROM `fc_team` WHERE ( team_id = 15 ) LIMIT 1   [ RunTime:0.001251s ]
SQL: SELECT * FROM `fc_team` WHERE ( team_id = 7 ) LIMIT 1   [ RunTime:0.001236s ]
SQL: SELECT * FROM `fc_team` WHERE ( team_id = 10 ) LIMIT 1   [ RunTime:0.001244s ]
SQL: SELECT * FROM `fc_team` WHERE ( team_id = 9 ) LIMIT 1   [ RunTime:0.001223s ]
SQL: SELECT * FROM `fc_team` WHERE ( team_id = 5 ) LIMIT 1   [ RunTime:0.001234s ]
SQL: SELECT * FROM `fc_team` WHERE ( team_id = 13 ) LIMIT 1   [ RunTime:0.001218s ]
SQL: SELECT * FROM `fc_team` WHERE ( team_id = 14 ) LIMIT 1   [ RunTime:0.001758s ]
SQL: SELECT * FROM `fc_team` WHERE ( team_id = 8 ) LIMIT 1   [ RunTime:0.001254s ]
SQL: SELECT * FROM `fc_team` WHERE ( team_id = 6 ) LIMIT 1   [ RunTime:0.001222s ]
SQL: SELECT * FROM `fc_team` WHERE ( team_id = 1 ) LIMIT 1   [ RunTime:0.001272s ]
SQL: SELECT * FROM `fc_team` WHERE ( team_id = 11 ) LIMIT 1   [ RunTime:0.001421s ]
SQL: SELECT * FROM `fc_team` WHERE ( team_id = 16 ) LIMIT 1   [ RunTime:0.001870s ]
SQL: SELECT * FROM `fc_team` WHERE ( team_id = 8 ) LIMIT 1   [ RunTime:0.001234s ]
SQL: SELECT * FROM `fc_team` WHERE ( team_id = 10 ) LIMIT 1   [ RunTime:0.001234s ]
SQL: SELECT * FROM `fc_team` WHERE ( team_id = 9 ) LIMIT 1   [ RunTime:0.001230s ]
SQL: SELECT * FROM `fc_team` WHERE ( team_id = 14 ) LIMIT 1   [ RunTime:0.001246s ]
SQL: SELECT * FROM `fc_team` WHERE ( team_id = 1 ) LIMIT 1   [ RunTime:0.001215s ]
SQL: SELECT * FROM `fc_team` WHERE ( team_id = 2 ) LIMIT 1   [ RunTime:0.001248s ]
SQL: SELECT * FROM `fc_team` WHERE ( team_id = 3 ) LIMIT 1   [ RunTime:0.001220s ]
SQL: SELECT * FROM `fc_team` WHERE ( team_id = 6 ) LIMIT 1   [ RunTime:0.001255s ]
SQL: SELECT * FROM `fc_team` WHERE ( team_id = 12 ) LIMIT 1   [ RunTime:0.001256s ]
SQL: SELECT * FROM `fc_team` WHERE ( team_id = 11 ) LIMIT 1   [ RunTime:0.001249s ]
SQL: SELECT * FROM `fc_team` WHERE ( team_id = 4 ) LIMIT 1   [ RunTime:0.001242s ]
SQL: SELECT * FROM `fc_team` WHERE ( team_id = 15 ) LIMIT 1   [ RunTime:0.001229s ]
SQL: SELECT * FROM `fc_team` WHERE ( team_id = 7 ) LIMIT 1   [ RunTime:0.001233s ]
SQL: SELECT * FROM `fc_team` WHERE ( team_id = 5 ) LIMIT 1   [ RunTime:0.001236s ]
SQL: SELECT * FROM `fc_team` WHERE ( team_id = 13 ) LIMIT 1   [ RunTime:0.001294s ]
SQL: SELECT * FROM `fc_team` WHERE ( team_id = 4 ) LIMIT 1   [ RunTime:0.001224s ]
SQL: SELECT * FROM `fc_team` WHERE ( team_id = 7 ) LIMIT 1   [ RunTime:0.001219s ]
SQL: SELECT * FROM `fc_team` WHERE ( team_id = 5 ) LIMIT 1   [ RunTime:0.001245s ]
SQL: SELECT * FROM `fc_team` WHERE ( team_id = 1 ) LIMIT 1   [ RunTime:0.001230s ]
SQL: SELECT * FROM `fc_team` WHERE ( team_id = 3 ) LIMIT 1   [ RunTime:0.001231s ]
SQL: SELECT * FROM `fc_team` WHERE ( team_id = 12 ) LIMIT 1   [ RunTime:0.001223s ]
SQL: SELECT * FROM `fc_team` WHERE ( team_id = 9 ) LIMIT 1   [ RunTime:0.001218s ]
SQL: SELECT * FROM `fc_team` WHERE ( team_id = 15 ) LIMIT 1   [ RunTime:0.001242s ]
SQL: SELECT * FROM `fc_team` WHERE ( team_id = 2 ) LIMIT 1   [ RunTime:0.001272s ]
SQL: SELECT * FROM `fc_team` WHERE ( team_id = 8 ) LIMIT 1   [ RunTime:0.001270s ]
SQL: SELECT * FROM `fc_team` WHERE ( team_id = 10 ) LIMIT 1   [ RunTime:0.001289s ]
SQL: SELECT * FROM `fc_team` WHERE ( team_id = 13 ) LIMIT 1   [ RunTime:0.001221s ]
SQL: SELECT * FROM `fc_team` WHERE ( team_id = 6 ) LIMIT 1   [ RunTime:0.001249s ]
SQL: SELECT * FROM `fc_team` WHERE ( team_id = 11 ) LIMIT 1   [ RunTime:0.001241s ]
SQL: SELECT * FROM `fc_team` WHERE ( team_id = 14 ) LIMIT 1   [ RunTime:0.001272s ]
SQL: SELECT * FROM `fc_team` WHERE ( team_id = 16 ) LIMIT 1   [ RunTime:0.001600s ]
SQL: SELECT * FROM `fc_team` WHERE ( team_id = 21 ) LIMIT 1   [ RunTime:0.001208s ]
SQL: SELECT * FROM `fc_team` WHERE ( team_id = 22 ) LIMIT 1   [ RunTime:0.001249s ]
SQL: SELECT * FROM `fc_team` WHERE ( team_id = 26 ) LIMIT 1   [ RunTime:0.001232s ]
SQL: SELECT * FROM `fc_team` WHERE ( team_id = 25 ) LIMIT 1   [ RunTime:0.001228s ]
SQL: SELECT * FROM `fc_team` WHERE ( team_id = 27 ) LIMIT 1   [ RunTime:0.001364s ]
SQL: SELECT * FROM `fc_team` WHERE ( team_id = 28 ) LIMIT 1   [ RunTime:0.001299s ]
SQL: SELECT * FROM `fc_team` WHERE ( team_id = 31 ) LIMIT 1   [ RunTime:0.001361s ]
SQL: SELECT * FROM `fc_team` WHERE ( team_id = 33 ) LIMIT 1   [ RunTime:0.001406s ]
SQL: SELECT * FROM `fc_team` WHERE ( team_id = 35 ) LIMIT 1   [ RunTime:0.001307s ]
SQL: SELECT * FROM `fc_team` WHERE ( team_id = 23 ) LIMIT 1   [ RunTime:0.001323s ]
SQL: SELECT * FROM `fc_team` WHERE ( team_id = 1 ) LIMIT 1   [ RunTime:0.001224s ]
SQL: SELECT * FROM `fc_team` WHERE ( team_id = 4 ) LIMIT 1   [ RunTime:0.001201s ]
SQL: SELECT * FROM `fc_team` WHERE ( team_id = 29 ) LIMIT 1   [ RunTime:0.001302s ]
SQL: SELECT * FROM `fc_team` WHERE ( team_id = 30 ) LIMIT 1   [ RunTime:0.001220s ]
SQL: SELECT * FROM `fc_team` WHERE ( team_id = 13 ) LIMIT 1   [ RunTime:0.001225s ]
SQL: SELECT * FROM `fc_team` WHERE ( team_id = 1 ) LIMIT 1   [ RunTime:0.001215s ]
INFO: [ view_template ] --START--
INFO: Run LocationTemplate Behavior [ RunTime:0.023246s ]
INFO: [ view_template ] --END-- [ RunTime:0.023308s ]
INFO: [ view_parse ] --START--
INFO: Run ParseTemplate Behavior [ RunTime:0.137517s ]
INFO: [ view_parse ] --END-- [ RunTime:0.137571s ]
INFO: [ view_filter ] --START--
INFO: Run ContentReplace Behavior [ RunTime:0.000351s ]
INFO: Run TokenBuild Behavior [ RunTime:0.000310s ]
INFO: Run WriteHtmlCache Behavior [ RunTime:0.000220s ]
INFO: Run ShowRuntime Behavior [ RunTime:0.000323s ]
INFO: [ view_filter ] --END-- [ RunTime:0.001324s ]
INFO: [ view_end ] --START--
INFO: Run ShowPageTrace Behavior [ RunTime:0.000405s ]
INFO: [ view_end ] --END-- [ RunTime:0.000448s ]

[ 2017-05-29T20:59:02+08:00 ] 171.12.11.187 /dongqiudi/index.php?m=march&a=index
NOTIC: [8192] Directive 'magic_quotes_gpc' is deprecated in PHP 5.3 and greater Unknown 第 0 行.

[ 2017-05-29T21:00:20+08:00 ] 171.12.11.187 /dongqiudi/index.php?m=data&a=index
INFO: [ app_begin ] --START--
INFO: Run ReadHtmlCache Behavior [ RunTime:0.000429s ]
INFO: [ app_begin ] --END-- [ RunTime:0.000528s ]
SQL: SHOW COLUMNS FROM `fc_team` [ RunTime:0.001679s ]
SQL: SHOW COLUMNS FROM `fc_match` [ RunTime:0.001573s ]
SQL: SELECT * FROM `fc_team` WHERE ( league = "中超" ) ORDER BY league_integral desc , goal_difference desc  [ RunTime:0.001433s ]
SQL: SELECT * FROM `fc_match` WHERE ( `start_time` <= 1496062820 ) ORDER BY match_id desc LIMIT 1   [ RunTime:0.001611s ]
NOTIC: [8] Undefined index: gameweek /data/home/bxu2442590746/htdocs/dongqiudi/Home/Lib/Action/DataAction.class.php 第 20 行.
INFO: [ view_template ] --START--
INFO: Run LocationTemplate Behavior [ RunTime:0.015535s ]
INFO: [ view_template ] --END-- [ RunTime:0.015593s ]
INFO: [ view_parse ] --START--
NOTIC: [8] Undefined index: type /data/home/bxu2442590746/htdocs/dongqiudi/Home/Runtime/Cache/11000071f57ca86652125fcf5dbb4800.php 第 134 行.
INFO: Run ParseTemplate Behavior [ RunTime:0.015639s ]
INFO: [ view_parse ] --END-- [ RunTime:0.015709s ]
INFO: [ view_filter ] --START--
INFO: Run ContentReplace Behavior [ RunTime:0.000373s ]
INFO: Run TokenBuild Behavior [ RunTime:0.000382s ]
INFO: Run WriteHtmlCache Behavior [ RunTime:0.000238s ]
INFO: Run ShowRuntime Behavior [ RunTime:0.000354s ]
INFO: [ view_filter ] --END-- [ RunTime:0.001472s ]
INFO: [ view_end ] --START--
INFO: Run ShowPageTrace Behavior [ RunTime:0.000389s ]
INFO: [ view_end ] --END-- [ RunTime:0.000429s ]

[ 2017-05-29T21:00:20+08:00 ] 171.12.11.187 /dongqiudi/index.php?m=data&a=index
NOTIC: [8192] Directive 'magic_quotes_gpc' is deprecated in PHP 5.3 and greater Unknown 第 0 行.

[ 2017-05-29T21:00:23+08:00 ] 171.12.11.187 /dongqiudi/index.php?m=data&a=yingchao
INFO: [ app_begin ] --START--
INFO: Run ReadHtmlCache Behavior [ RunTime:0.000391s ]
INFO: [ app_begin ] --END-- [ RunTime:0.000484s ]
INFO: [ view_template ] --START--
INFO: Run LocationTemplate Behavior [ RunTime:0.000347s ]
INFO: [ view_template ] --END-- [ RunTime:0.000400s ]
INFO: [ view_parse ] --START--
NOTIC: [8] Undefined index: type /data/home/bxu2442590746/htdocs/dongqiudi/Home/Runtime/Cache/6331cb5a8e0d310edc723dd65f908e1c.php 第 134 行.
NOTIC: [8] Undefined variable: zhongchao /data/home/bxu2442590746/htdocs/dongqiudi/Home/Runtime/Cache/6331cb5a8e0d310edc723dd65f908e1c.php 第 215 行.
INFO: Run ParseTemplate Behavior [ RunTime:0.092867s ]
INFO: [ view_parse ] --END-- [ RunTime:0.092916s ]
INFO: [ view_filter ] --START--
INFO: Run ContentReplace Behavior [ RunTime:0.000308s ]
INFO: Run TokenBuild Behavior [ RunTime:0.000288s ]
INFO: Run WriteHtmlCache Behavior [ RunTime:0.000209s ]
INFO: Run ShowRuntime Behavior [ RunTime:0.000336s ]
INFO: [ view_filter ] --END-- [ RunTime:0.001260s ]
INFO: [ view_end ] --START--
INFO: Run ShowPageTrace Behavior [ RunTime:0.000400s ]
INFO: [ view_end ] --END-- [ RunTime:0.000440s ]

[ 2017-05-29T21:00:23+08:00 ] 171.12.11.187 /dongqiudi/index.php?m=data&a=yingchao
NOTIC: [8192] Directive 'magic_quotes_gpc' is deprecated in PHP 5.3 and greater Unknown 第 0 行.

[ 2017-05-29T21:00:26+08:00 ] 171.12.11.187 /dongqiudi/index.php?m=data&a=xijia
INFO: [ app_begin ] --START--
INFO: Run ReadHtmlCache Behavior [ RunTime:0.000450s ]
INFO: [ app_begin ] --END-- [ RunTime:0.000542s ]
INFO: [ view_template ] --START--
INFO: Run LocationTemplate Behavior [ RunTime:0.000395s ]
INFO: [ view_template ] --END-- [ RunTime:0.000448s ]
INFO: [ view_parse ] --START--
NOTIC: [8] Undefined index: type /data/home/bxu2442590746/htdocs/dongqiudi/Home/Runtime/Cache/6b369c25de39fb4fa29f4fa78244e6ff.php 第 120 行.
NOTIC: [8] Undefined index: type /data/home/bxu2442590746/htdocs/dongqiudi/Home/Runtime/Cache/6b369c25de39fb4fa29f4fa78244e6ff.php 第 123 行.
NOTIC: [8] Undefined index: type /data/home/bxu2442590746/htdocs/dongqiudi/Home/Runtime/Cache/6b369c25de39fb4fa29f4fa78244e6ff.php 第 127 行.
NOTIC: [8] Undefined variable: zhongchao /data/home/bxu2442590746/htdocs/dongqiudi/Home/Runtime/Cache/6b369c25de39fb4fa29f4fa78244e6ff.php 第 208 行.
INFO: Run ParseTemplate Behavior [ RunTime:0.082091s ]
INFO: [ view_parse ] --END-- [ RunTime:0.082138s ]
INFO: [ view_filter ] --START--
INFO: Run ContentReplace Behavior [ RunTime:0.000310s ]
INFO: Run TokenBuild Behavior [ RunTime:0.000303s ]
INFO: Run WriteHtmlCache Behavior [ RunTime:0.000216s ]
INFO: Run ShowRuntime Behavior [ RunTime:0.000344s ]
INFO: [ view_filter ] --END-- [ RunTime:0.001292s ]
INFO: [ view_end ] --START--
INFO: Run ShowPageTrace Behavior [ RunTime:0.000411s ]
INFO: [ view_end ] --END-- [ RunTime:0.000452s ]

[ 2017-05-29T21:00:26+08:00 ] 171.12.11.187 /dongqiudi/index.php?m=data&a=xijia
NOTIC: [8192] Directive 'magic_quotes_gpc' is deprecated in PHP 5.3 and greater Unknown 第 0 行.

[ 2017-05-29T21:00:28+08:00 ] 171.12.11.187 /dongqiudi/index.php?m=data&a=dejia
INFO: [ app_begin ] --START--
INFO: Run ReadHtmlCache Behavior [ RunTime:0.000422s ]
INFO: [ app_begin ] --END-- [ RunTime:0.000514s ]
INFO: [ view_template ] --START--
INFO: Run LocationTemplate Behavior [ RunTime:0.000388s ]
INFO: [ view_template ] --END-- [ RunTime:0.000439s ]
INFO: [ view_parse ] --START--
NOTIC: [8] Undefined index: type /data/home/bxu2442590746/htdocs/dongqiudi/Home/Runtime/Cache/c72b6426e5e9567dc7612936c720507f.php 第 120 行.
NOTIC: [8] Undefined index: type /data/home/bxu2442590746/htdocs/dongqiudi/Home/Runtime/Cache/c72b6426e5e9567dc7612936c720507f.php 第 123 行.
NOTIC: [8] Undefined index: type /data/home/bxu2442590746/htdocs/dongqiudi/Home/Runtime/Cache/c72b6426e5e9567dc7612936c720507f.php 第 127 行.
NOTIC: [8] Undefined variable: zhongchao /data/home/bxu2442590746/htdocs/dongqiudi/Home/Runtime/Cache/c72b6426e5e9567dc7612936c720507f.php 第 208 行.
INFO: Run ParseTemplate Behavior [ RunTime:0.089753s ]
INFO: [ view_parse ] --END-- [ RunTime:0.089800s ]
INFO: [ view_filter ] --START--
INFO: Run ContentReplace Behavior [ RunTime:0.000309s ]
INFO: Run TokenBuild Behavior [ RunTime:0.000287s ]
INFO: Run WriteHtmlCache Behavior [ RunTime:0.000240s ]
INFO: Run ShowRuntime Behavior [ RunTime:0.000328s ]
INFO: [ view_filter ] --END-- [ RunTime:0.001283s ]
INFO: [ view_end ] --START--
INFO: Run ShowPageTrace Behavior [ RunTime:0.000394s ]
INFO: [ view_end ] --END-- [ RunTime:0.000452s ]

[ 2017-05-29T21:00:28+08:00 ] 171.12.11.187 /dongqiudi/index.php?m=data&a=dejia
NOTIC: [8192] Directive 'magic_quotes_gpc' is deprecated in PHP 5.3 and greater Unknown 第 0 行.

[ 2017-05-29T21:00:29+08:00 ] 171.12.11.187 /dongqiudi/index.php?m=data&a=dejia&type=schedule
INFO: [ app_begin ] --START--
INFO: Run ReadHtmlCache Behavior [ RunTime:0.000427s ]
INFO: [ app_begin ] --END-- [ RunTime:0.000522s ]
INFO: [ view_template ] --START--
INFO: Run LocationTemplate Behavior [ RunTime:0.000357s ]
INFO: [ view_template ] --END-- [ RunTime:0.000407s ]
INFO: [ view_parse ] --START--
INFO: Run ParseTemplate Behavior [ RunTime:0.014678s ]
INFO: [ view_parse ] --END-- [ RunTime:0.014752s ]
INFO: [ view_filter ] --START--
INFO: Run ContentReplace Behavior [ RunTime:0.000339s ]
INFO: Run TokenBuild Behavior [ RunTime:0.000288s ]
INFO: Run WriteHtmlCache Behavior [ RunTime:0.000246s ]
INFO: Run ShowRuntime Behavior [ RunTime:0.000328s ]
INFO: [ view_filter ] --END-- [ RunTime:0.001377s ]
INFO: [ view_end ] --START--
INFO: Run ShowPageTrace Behavior [ RunTime:0.000390s ]
INFO: [ view_end ] --END-- [ RunTime:0.000431s ]

[ 2017-05-29T21:00:29+08:00 ] 171.12.11.187 /dongqiudi/index.php?m=data&a=dejia&type=schedule
NOTIC: [8192] Directive 'magic_quotes_gpc' is deprecated in PHP 5.3 and greater Unknown 第 0 行.

[ 2017-05-29T21:00:31+08:00 ] 171.12.11.187 /dongqiudi/index.php?m=data&a=dejia
INFO: [ app_begin ] --START--
INFO: Run ReadHtmlCache Behavior [ RunTime:0.000400s ]
INFO: [ app_begin ] --END-- [ RunTime:0.000493s ]
INFO: [ view_template ] --START--
INFO: Run LocationTemplate Behavior [ RunTime:0.000332s ]
INFO: [ view_template ] --END-- [ RunTime:0.000385s ]
INFO: [ view_parse ] --START--
NOTIC: [8] Undefined index: type /data/home/bxu2442590746/htdocs/dongqiudi/Home/Runtime/Cache/c72b6426e5e9567dc7612936c720507f.php 第 120 行.
NOTIC: [8] Undefined index: type /data/home/bxu2442590746/htdocs/dongqiudi/Home/Runtime/Cache/c72b6426e5e9567dc7612936c720507f.php 第 123 行.
NOTIC: [8] Undefined index: type /data/home/bxu2442590746/htdocs/dongqiudi/Home/Runtime/Cache/c72b6426e5e9567dc7612936c720507f.php 第 127 行.
NOTIC: [8] Undefined variable: zhongchao /data/home/bxu2442590746/htdocs/dongqiudi/Home/Runtime/Cache/c72b6426e5e9567dc7612936c720507f.php 第 208 行.
INFO: Run ParseTemplate Behavior [ RunTime:0.014519s ]
INFO: [ view_parse ] --END-- [ RunTime:0.014564s ]
INFO: [ view_filter ] --START--
INFO: Run ContentReplace Behavior [ RunTime:0.000298s ]
INFO: Run TokenBuild Behavior [ RunTime:0.000332s ]
INFO: Run WriteHtmlCache Behavior [ RunTime:0.000216s ]
INFO: Run ShowRuntime Behavior [ RunTime:0.000320s ]
INFO: [ view_filter ] --END-- [ RunTime:0.001292s ]
INFO: [ view_end ] --START--
INFO: Run ShowPageTrace Behavior [ RunTime:0.000411s ]
INFO: [ view_end ] --END-- [ RunTime:0.000452s ]

[ 2017-05-29T21:00:31+08:00 ] 171.12.11.187 /dongqiudi/index.php?m=data&a=dejia
NOTIC: [8192] Directive 'magic_quotes_gpc' is deprecated in PHP 5.3 and greater Unknown 第 0 行.

[ 2017-05-29T21:00:33+08:00 ] 171.12.11.187 /dongqiudi/index.php?m=data&a=index
INFO: [ app_begin ] --START--
INFO: Run ReadHtmlCache Behavior [ RunTime:0.000428s ]
INFO: [ app_begin ] --END-- [ RunTime:0.000553s ]
SQL: SHOW COLUMNS FROM `fc_team` [ RunTime:0.002002s ]
SQL: SHOW COLUMNS FROM `fc_match` [ RunTime:0.001518s ]
SQL: SELECT * FROM `fc_team` WHERE ( league = "中超" ) ORDER BY league_integral desc , goal_difference desc  [ RunTime:0.001516s ]
SQL: SELECT * FROM `fc_match` WHERE ( `start_time` <= 1496062833 ) ORDER BY match_id desc LIMIT 1   [ RunTime:0.001304s ]
NOTIC: [8] Undefined index: gameweek /data/home/bxu2442590746/htdocs/dongqiudi/Home/Lib/Action/DataAction.class.php 第 20 行.
INFO: [ view_template ] --START--
INFO: Run LocationTemplate Behavior [ RunTime:0.000366s ]
INFO: [ view_template ] --END-- [ RunTime:0.000419s ]
INFO: [ view_parse ] --START--
NOTIC: [8] Undefined index: type /data/home/bxu2442590746/htdocs/dongqiudi/Home/Runtime/Cache/11000071f57ca86652125fcf5dbb4800.php 第 134 行.
INFO: Run ParseTemplate Behavior [ RunTime:0.014834s ]
INFO: [ view_parse ] --END-- [ RunTime:0.014882s ]
INFO: [ view_filter ] --START--
INFO: Run ContentReplace Behavior [ RunTime:0.000324s ]
INFO: Run TokenBuild Behavior [ RunTime:0.000306s ]
INFO: Run WriteHtmlCache Behavior [ RunTime:0.000219s ]
INFO: Run ShowRuntime Behavior [ RunTime:0.000357s ]
INFO: [ view_filter ] --END-- [ RunTime:0.001326s ]
INFO: [ view_end ] --START--
INFO: Run ShowPageTrace Behavior [ RunTime:0.000413s ]
INFO: [ view_end ] --END-- [ RunTime:0.000454s ]

[ 2017-05-29T21:00:33+08:00 ] 171.12.11.187 /dongqiudi/index.php?m=data&a=index
NOTIC: [8192] Directive 'magic_quotes_gpc' is deprecated in PHP 5.3 and greater Unknown 第 0 行.

