[ 2017-05-25T12:56:50+08:00 ] 157.55.39.71 /dongqiudi/index.php?m=index&a=index
INFO: [ app_begin ] --START--
INFO: Run ReadHtmlCache Behavior [ RunTime:0.000435s ]
INFO: [ app_begin ] --END-- [ RunTime:0.000539s ]
NOTIC: [2048] Declaration of IndexAction::show() should be compatible with that of Action::show() /data/home/bxu2442590746/htdocs/dongqiudi/Home/Lib/Action/IndexAction.class.php 第 549 行.
SQL: SHOW COLUMNS FROM `fc_news` [ RunTime:0.001667s ]
SQL: SELECT * FROM fc_news n LEFT JOIN fc_news_data as d on n.id = d.id WHERE ( position = 2 ) ORDER BY n.id desc LIMIT 5   [ RunTime:0.002896s ]
SQL: SELECT * FROM fc_news n LEFT JOIN fc_news_data as d on n.id = d.id WHERE ( n.position = 1 ) ORDER BY n.id desc  [ RunTime:0.001491s ]
SQL: SHOW COLUMNS FROM `fc_comment` [ RunTime:0.001590s ]
SQL: SELECT COUNT(*) AS tp_count FROM `fc_comment` WHERE ( news_id = 75 ) LIMIT 1   [ RunTime:0.001173s ]
SQL: SELECT COUNT(*) AS tp_count FROM `fc_comment` WHERE ( news_id = 74 ) LIMIT 1   [ RunTime:0.001317s ]
SQL: SELECT COUNT(*) AS tp_count FROM `fc_comment` WHERE ( news_id = 61 ) LIMIT 1   [ RunTime:0.001139s ]
NOTIC: [8] Undefined variable: num /data/home/bxu2442590746/htdocs/dongqiudi/Home/Lib/Action/IndexAction.class.php 第 28 行.
SQL: SHOW COLUMNS FROM `fc_match` [ RunTime:0.001456s ]
SQL: SHOW COLUMNS FROM `fc_team` [ RunTime:0.001548s ]
SQL: SELECT * FROM `fc_match` WHERE ( position = 1 or position =3 ) ORDER BY match_id desc LIMIT 5   [ RunTime:0.001270s ]
SQL: SELECT * FROM `fc_team` WHERE ( team_id = 13 ) LIMIT 1   [ RunTime:0.001176s ]
SQL: SELECT * FROM `fc_team` WHERE ( team_id = 1 ) LIMIT 1   [ RunTime:0.001147s ]
SQL: SELECT * FROM `fc_team` WHERE ( team_id = 29 ) LIMIT 1   [ RunTime:0.001174s ]
SQL: SELECT * FROM `fc_team` WHERE ( team_id = 30 ) LIMIT 1   [ RunTime:0.001161s ]
SQL: SELECT * FROM `fc_team` WHERE ( team_id = 26 ) LIMIT 1   [ RunTime:0.001194s ]
SQL: SELECT * FROM `fc_team` WHERE ( team_id = 25 ) LIMIT 1   [ RunTime:0.001198s ]
SQL: SELECT * FROM `fc_team` WHERE ( team_id = 21 ) LIMIT 1   [ RunTime:0.001301s ]
SQL: SELECT * FROM `fc_team` WHERE ( team_id = 22 ) LIMIT 1   [ RunTime:0.001162s ]
SQL: SELECT * FROM `fc_team` WHERE ( team_id = 3 ) LIMIT 1   [ RunTime:0.001298s ]
SQL: SELECT * FROM `fc_team` WHERE ( team_id = 12 ) LIMIT 1   [ RunTime:0.001185s ]
SQL: SELECT * FROM `fc_team` WHERE ( league = "中超" ) ORDER BY league_integral desc , goal_difference desc LIMIT 10   [ RunTime:0.001220s ]
SQL: SHOW COLUMNS FROM `fc_user` [ RunTime:0.001641s ]
SQL: SELECT comment.comment_id AS comment_id,comment.news_id AS news_id,comment.content AS content,comment.fabulous AS fabulous,comment.parent_id AS parent_id,comment.user_id AS user_id,comment.updatetime AS updatetime,user.user_id AS username_id,user.username AS username,user.headimg AS headimg,news.id AS id,news.title AS title FROM fc_comment comment LEFT JOIN fc_user user ON comment.user_id=user.user_id  JOIN fc_news news ON comment.news_id=news.id ORDER BY comment.fabulous desc LIMIT 5   [ RunTime:0.001377s ]
INFO: [ view_template ] --START--
INFO: Run LocationTemplate Behavior [ RunTime:0.000418s ]
INFO: [ view_template ] --END-- [ RunTime:0.000469s ]
INFO: [ view_parse ] --START--
NOTIC: [8] Undefined index: username /data/home/bxu2442590746/htdocs/dongqiudi/Home/Runtime/Cache/7e4848229090366086cc7eeb3bfc0798.php 第 314 行.
NOTIC: [8] Undefined index: username /data/home/bxu2442590746/htdocs/dongqiudi/Home/Runtime/Cache/7e4848229090366086cc7eeb3bfc0798.php 第 314 行.
NOTIC: [8] Undefined index: username /data/home/bxu2442590746/htdocs/dongqiudi/Home/Runtime/Cache/7e4848229090366086cc7eeb3bfc0798.php 第 314 行.
NOTIC: [8] Undefined index: username /data/home/bxu2442590746/htdocs/dongqiudi/Home/Runtime/Cache/7e4848229090366086cc7eeb3bfc0798.php 第 314 行.
NOTIC: [8] Undefined index: username /data/home/bxu2442590746/htdocs/dongqiudi/Home/Runtime/Cache/7e4848229090366086cc7eeb3bfc0798.php 第 314 行.
INFO: Run ParseTemplate Behavior [ RunTime:0.276110s ]
INFO: [ view_parse ] --END-- [ RunTime:0.276186s ]
INFO: [ view_filter ] --START--
INFO: Run ContentReplace Behavior [ RunTime:0.000399s ]
INFO: Run TokenBuild Behavior [ RunTime:0.000352s ]
INFO: Run WriteHtmlCache Behavior [ RunTime:0.000271s ]
INFO: Run ShowRuntime Behavior [ RunTime:0.000366s ]
INFO: [ view_filter ] --END-- [ RunTime:0.001509s ]
INFO: [ view_end ] --START--
INFO: Run ShowPageTrace Behavior [ RunTime:0.000444s ]
INFO: [ view_end ] --END-- [ RunTime:0.000485s ]

[ 2017-05-25T12:56:50+08:00 ] 157.55.39.71 /dongqiudi/index.php?m=index&a=index
NOTIC: [8192] Directive 'magic_quotes_gpc' is deprecated in PHP 5.3 and greater Unknown 第 0 行.

