[ 2017-05-09T08:39:17+08:00 ] 171.12.11.187 /dongqiudi/
INFO: [ app_begin ] --START--
INFO: Run ReadHtmlCache Behavior [ RunTime:0.000525s ]
INFO: [ app_begin ] --END-- [ RunTime:0.000621s ]
NOTIC: [2048] Declaration of IndexAction::show() should be compatible with that of Action::show() /data/home/bxu2442590746/htdocs/dongqiudi/Home/Lib/Action/IndexAction.class.php 第 549 行.
SQL: SHOW COLUMNS FROM `fc_news` [ RunTime:0.002073s ]
SQL: SELECT * FROM fc_news n LEFT JOIN fc_news_data as d on n.id = d.id WHERE ( position = 2 ) ORDER BY n.id desc LIMIT 5   [ RunTime:0.003640s ]
SQL: SELECT * FROM fc_news n LEFT JOIN fc_news_data as d on n.id = d.id WHERE ( n.position = 1 ) ORDER BY n.id desc  [ RunTime:0.001772s ]
SQL: SHOW COLUMNS FROM `fc_comment` [ RunTime:0.001799s ]
SQL: SELECT COUNT(*) AS tp_count FROM `fc_comment` WHERE ( news_id = 75 ) LIMIT 1   [ RunTime:0.001591s ]
SQL: SELECT COUNT(*) AS tp_count FROM `fc_comment` WHERE ( news_id = 74 ) LIMIT 1   [ RunTime:0.001539s ]
SQL: SELECT COUNT(*) AS tp_count FROM `fc_comment` WHERE ( news_id = 61 ) LIMIT 1   [ RunTime:0.001493s ]
NOTIC: [8] Undefined variable: num /data/home/bxu2442590746/htdocs/dongqiudi/Home/Lib/Action/IndexAction.class.php 第 28 行.
SQL: SHOW COLUMNS FROM `fc_match` [ RunTime:0.001972s ]
SQL: SHOW COLUMNS FROM `fc_team` [ RunTime:0.004483s ]
SQL: SELECT * FROM `fc_match` WHERE ( position = 1 or position =3 ) ORDER BY match_id desc LIMIT 5   [ RunTime:0.001646s ]
SQL: SELECT * FROM `fc_team` WHERE ( team_id = 13 ) LIMIT 1   [ RunTime:0.001538s ]
SQL: SELECT * FROM `fc_team` WHERE ( team_id = 1 ) LIMIT 1   [ RunTime:0.001545s ]
SQL: SELECT * FROM `fc_team` WHERE ( team_id = 29 ) LIMIT 1   [ RunTime:0.001552s ]
SQL: SELECT * FROM `fc_team` WHERE ( team_id = 30 ) LIMIT 1   [ RunTime:0.001637s ]
SQL: SELECT * FROM `fc_team` WHERE ( team_id = 26 ) LIMIT 1   [ RunTime:0.001585s ]
SQL: SELECT * FROM `fc_team` WHERE ( team_id = 25 ) LIMIT 1   [ RunTime:0.001533s ]
SQL: SELECT * FROM `fc_team` WHERE ( team_id = 21 ) LIMIT 1   [ RunTime:0.001641s ]
SQL: SELECT * FROM `fc_team` WHERE ( team_id = 22 ) LIMIT 1   [ RunTime:0.001558s ]
SQL: SELECT * FROM `fc_team` WHERE ( team_id = 3 ) LIMIT 1   [ RunTime:0.001545s ]
SQL: SELECT * FROM `fc_team` WHERE ( team_id = 12 ) LIMIT 1   [ RunTime:0.001523s ]
SQL: SELECT * FROM `fc_team` WHERE ( league = "中超" ) ORDER BY league_integral desc , goal_difference desc LIMIT 10   [ RunTime:0.001638s ]
SQL: SHOW COLUMNS FROM `fc_user` [ RunTime:0.001932s ]
SQL: SELECT comment.comment_id AS comment_id,comment.news_id AS news_id,comment.content AS content,comment.fabulous AS fabulous,comment.parent_id AS parent_id,comment.user_id AS user_id,comment.updatetime AS updatetime,user.user_id AS username_id,user.username AS username,user.headimg AS headimg,news.id AS id,news.title AS title FROM fc_comment comment LEFT JOIN fc_user user ON comment.user_id=user.user_id  JOIN fc_news news ON comment.news_id=news.id ORDER BY comment.fabulous desc LIMIT 5   [ RunTime:0.001742s ]
INFO: [ view_template ] --START--
INFO: Run LocationTemplate Behavior [ RunTime:0.000486s ]
INFO: [ view_template ] --END-- [ RunTime:0.000539s ]
INFO: [ view_parse ] --START--
NOTIC: [8] Undefined index: username /data/home/bxu2442590746/htdocs/dongqiudi/Home/Runtime/Cache/7e4848229090366086cc7eeb3bfc0798.php 第 314 行.
NOTIC: [8] Undefined index: username /data/home/bxu2442590746/htdocs/dongqiudi/Home/Runtime/Cache/7e4848229090366086cc7eeb3bfc0798.php 第 314 行.
NOTIC: [8] Undefined index: username /data/home/bxu2442590746/htdocs/dongqiudi/Home/Runtime/Cache/7e4848229090366086cc7eeb3bfc0798.php 第 314 行.
NOTIC: [8] Undefined index: username /data/home/bxu2442590746/htdocs/dongqiudi/Home/Runtime/Cache/7e4848229090366086cc7eeb3bfc0798.php 第 314 行.
NOTIC: [8] Undefined index: username /data/home/bxu2442590746/htdocs/dongqiudi/Home/Runtime/Cache/7e4848229090366086cc7eeb3bfc0798.php 第 314 行.
INFO: Run ParseTemplate Behavior [ RunTime:0.019852s ]
INFO: [ view_parse ] --END-- [ RunTime:0.019899s ]
INFO: [ view_filter ] --START--
INFO: Run ContentReplace Behavior [ RunTime:0.000444s ]
INFO: Run TokenBuild Behavior [ RunTime:0.000382s ]
INFO: Run WriteHtmlCache Behavior [ RunTime:0.000280s ]
INFO: Run ShowRuntime Behavior [ RunTime:0.000397s ]
INFO: [ view_filter ] --END-- [ RunTime:0.001623s ]
INFO: [ view_end ] --START--
INFO: Run ShowPageTrace Behavior [ RunTime:0.002551s ]
INFO: [ view_end ] --END-- [ RunTime:0.002596s ]

[ 2017-05-09T08:39:17+08:00 ] 171.12.11.187 /dongqiudi/
NOTIC: [8192] Directive 'magic_quotes_gpc' is deprecated in PHP 5.3 and greater Unknown 第 0 行.

[ 2017-05-09T13:57:03+08:00 ] 125.41.70.162 /dongqiudi/
INFO: [ app_begin ] --START--
INFO: Run ReadHtmlCache Behavior [ RunTime:0.000479s ]
INFO: [ app_begin ] --END-- [ RunTime:0.000588s ]
NOTIC: [2048] Declaration of IndexAction::show() should be compatible with that of Action::show() /data/home/bxu2442590746/htdocs/dongqiudi/Home/Lib/Action/IndexAction.class.php 第 549 行.
SQL: SHOW COLUMNS FROM `fc_news` [ RunTime:0.001951s ]
SQL: SELECT * FROM fc_news n LEFT JOIN fc_news_data as d on n.id = d.id WHERE ( position = 2 ) ORDER BY n.id desc LIMIT 5   [ RunTime:0.003579s ]
SQL: SELECT * FROM fc_news n LEFT JOIN fc_news_data as d on n.id = d.id WHERE ( n.position = 1 ) ORDER BY n.id desc  [ RunTime:0.001715s ]
SQL: SHOW COLUMNS FROM `fc_comment` [ RunTime:0.001696s ]
SQL: SELECT COUNT(*) AS tp_count FROM `fc_comment` WHERE ( news_id = 75 ) LIMIT 1   [ RunTime:0.001339s ]
SQL: SELECT COUNT(*) AS tp_count FROM `fc_comment` WHERE ( news_id = 74 ) LIMIT 1   [ RunTime:0.001366s ]
SQL: SELECT COUNT(*) AS tp_count FROM `fc_comment` WHERE ( news_id = 61 ) LIMIT 1   [ RunTime:0.001542s ]
NOTIC: [8] Undefined variable: num /data/home/bxu2442590746/htdocs/dongqiudi/Home/Lib/Action/IndexAction.class.php 第 28 行.
SQL: SHOW COLUMNS FROM `fc_match` [ RunTime:0.001826s ]
SQL: SHOW COLUMNS FROM `fc_team` [ RunTime:0.001656s ]
SQL: SELECT * FROM `fc_match` WHERE ( position = 1 or position =3 ) ORDER BY match_id desc LIMIT 5   [ RunTime:0.001440s ]
SQL: SELECT * FROM `fc_team` WHERE ( team_id = 13 ) LIMIT 1   [ RunTime:0.001403s ]
SQL: SELECT * FROM `fc_team` WHERE ( team_id = 1 ) LIMIT 1   [ RunTime:0.001348s ]
SQL: SELECT * FROM `fc_team` WHERE ( team_id = 29 ) LIMIT 1   [ RunTime:0.001642s ]
SQL: SELECT * FROM `fc_team` WHERE ( team_id = 30 ) LIMIT 1   [ RunTime:0.001368s ]
SQL: SELECT * FROM `fc_team` WHERE ( team_id = 26 ) LIMIT 1   [ RunTime:0.001340s ]
SQL: SELECT * FROM `fc_team` WHERE ( team_id = 25 ) LIMIT 1   [ RunTime:0.001359s ]
SQL: SELECT * FROM `fc_team` WHERE ( team_id = 21 ) LIMIT 1   [ RunTime:0.001350s ]
SQL: SELECT * FROM `fc_team` WHERE ( team_id = 22 ) LIMIT 1   [ RunTime:0.001326s ]
SQL: SELECT * FROM `fc_team` WHERE ( team_id = 3 ) LIMIT 1   [ RunTime:0.002327s ]
SQL: SELECT * FROM `fc_team` WHERE ( team_id = 12 ) LIMIT 1   [ RunTime:0.001353s ]
SQL: SELECT * FROM `fc_team` WHERE ( league = "中超" ) ORDER BY league_integral desc , goal_difference desc LIMIT 10   [ RunTime:0.001406s ]
SQL: SHOW COLUMNS FROM `fc_user` [ RunTime:0.002017s ]
SQL: SELECT comment.comment_id AS comment_id,comment.news_id AS news_id,comment.content AS content,comment.fabulous AS fabulous,comment.parent_id AS parent_id,comment.user_id AS user_id,comment.updatetime AS updatetime,user.user_id AS username_id,user.username AS username,user.headimg AS headimg,news.id AS id,news.title AS title FROM fc_comment comment LEFT JOIN fc_user user ON comment.user_id=user.user_id  JOIN fc_news news ON comment.news_id=news.id ORDER BY comment.fabulous desc LIMIT 5   [ RunTime:0.001478s ]
INFO: [ view_template ] --START--
INFO: Run LocationTemplate Behavior [ RunTime:0.000503s ]
INFO: [ view_template ] --END-- [ RunTime:0.000557s ]
INFO: [ view_parse ] --START--
NOTIC: [8] Undefined index: username /data/home/bxu2442590746/htdocs/dongqiudi/Home/Runtime/Cache/7e4848229090366086cc7eeb3bfc0798.php 第 314 行.
NOTIC: [8] Undefined index: username /data/home/bxu2442590746/htdocs/dongqiudi/Home/Runtime/Cache/7e4848229090366086cc7eeb3bfc0798.php 第 314 行.
NOTIC: [8] Undefined index: username /data/home/bxu2442590746/htdocs/dongqiudi/Home/Runtime/Cache/7e4848229090366086cc7eeb3bfc0798.php 第 314 行.
NOTIC: [8] Undefined index: username /data/home/bxu2442590746/htdocs/dongqiudi/Home/Runtime/Cache/7e4848229090366086cc7eeb3bfc0798.php 第 314 行.
NOTIC: [8] Undefined index: username /data/home/bxu2442590746/htdocs/dongqiudi/Home/Runtime/Cache/7e4848229090366086cc7eeb3bfc0798.php 第 314 行.
INFO: Run ParseTemplate Behavior [ RunTime:0.020048s ]
INFO: [ view_parse ] --END-- [ RunTime:0.020100s ]
INFO: [ view_filter ] --START--
INFO: Run ContentReplace Behavior [ RunTime:0.000467s ]
INFO: Run TokenBuild Behavior [ RunTime:0.000421s ]
INFO: Run WriteHtmlCache Behavior [ RunTime:0.000310s ]
INFO: Run ShowRuntime Behavior [ RunTime:0.000458s ]
INFO: [ view_filter ] --END-- [ RunTime:0.001777s ]
INFO: [ view_end ] --START--
INFO: Run ShowPageTrace Behavior [ RunTime:0.000672s ]
INFO: [ view_end ] --END-- [ RunTime:0.000713s ]

[ 2017-05-09T13:57:03+08:00 ] 125.41.70.162 /dongqiudi/
NOTIC: [8192] Directive 'magic_quotes_gpc' is deprecated in PHP 5.3 and greater Unknown 第 0 行.

[ 2017-05-09T13:57:13+08:00 ] 125.41.70.162 /dongqiudi/index.php?m=march&a=index
INFO: [ app_begin ] --START--
INFO: Run ReadHtmlCache Behavior [ RunTime:0.000486s ]
INFO: [ app_begin ] --END-- [ RunTime:0.000634s ]
SQL: SHOW COLUMNS FROM `fc_match` [ RunTime:0.001903s ]
SQL: SHOW COLUMNS FROM `fc_team` [ RunTime:0.001726s ]
SQL: SELECT * FROM `fc_match` WHERE ( position =2 or position =3 ) ORDER BY start_time asc  [ RunTime:0.001660s ]
SQL: SELECT * FROM `fc_team` WHERE ( team_id = 9 ) LIMIT 1   [ RunTime:0.001529s ]
SQL: SELECT * FROM `fc_team` WHERE ( team_id = 11 ) LIMIT 1   [ RunTime:0.001513s ]
SQL: SELECT * FROM `fc_team` WHERE ( team_id = 8 ) LIMIT 1   [ RunTime:0.001525s ]
SQL: SELECT * FROM `fc_team` WHERE ( team_id = 14 ) LIMIT 1   [ RunTime:0.001489s ]
SQL: SELECT * FROM `fc_team` WHERE ( team_id = 3 ) LIMIT 1   [ RunTime:0.001460s ]
SQL: SELECT * FROM `fc_team` WHERE ( team_id = 6 ) LIMIT 1   [ RunTime:0.001557s ]
SQL: SELECT * FROM `fc_team` WHERE ( team_id = 12 ) LIMIT 1   [ RunTime:0.001466s ]
SQL: SELECT * FROM `fc_team` WHERE ( team_id = 15 ) LIMIT 1   [ RunTime:0.001560s ]
SQL: SELECT * FROM `fc_team` WHERE ( team_id = 7 ) LIMIT 1   [ RunTime:0.001582s ]
SQL: SELECT * FROM `fc_team` WHERE ( team_id = 16 ) LIMIT 1   [ RunTime:0.001609s ]
SQL: SELECT * FROM `fc_team` WHERE ( team_id = 2 ) LIMIT 1   [ RunTime:0.001518s ]
SQL: SELECT * FROM `fc_team` WHERE ( team_id = 5 ) LIMIT 1   [ RunTime:0.001509s ]
SQL: SELECT * FROM `fc_team` WHERE ( team_id = 1 ) LIMIT 1   [ RunTime:0.001449s ]
SQL: SELECT * FROM `fc_team` WHERE ( team_id = 10 ) LIMIT 1   [ RunTime:0.001561s ]
SQL: SELECT * FROM `fc_team` WHERE ( team_id = 13 ) LIMIT 1   [ RunTime:0.001462s ]
SQL: SELECT * FROM `fc_team` WHERE ( team_id = 4 ) LIMIT 1   [ RunTime:0.001562s ]
SQL: SELECT * FROM `fc_team` WHERE ( team_id = 12 ) LIMIT 1   [ RunTime:0.001482s ]
SQL: SELECT * FROM `fc_team` WHERE ( team_id = 2 ) LIMIT 1   [ RunTime:0.001480s ]
SQL: SELECT * FROM `fc_team` WHERE ( team_id = 3 ) LIMIT 1   [ RunTime:0.001472s ]
SQL: SELECT * FROM `fc_team` WHERE ( team_id = 16 ) LIMIT 1   [ RunTime:0.001470s ]
SQL: SELECT * FROM `fc_team` WHERE ( team_id = 4 ) LIMIT 1   [ RunTime:0.001474s ]
SQL: SELECT * FROM `fc_team` WHERE ( team_id = 15 ) LIMIT 1   [ RunTime:0.001478s ]
SQL: SELECT * FROM `fc_team` WHERE ( team_id = 7 ) LIMIT 1   [ RunTime:0.001474s ]
SQL: SELECT * FROM `fc_team` WHERE ( team_id = 10 ) LIMIT 1   [ RunTime:0.001451s ]
SQL: SELECT * FROM `fc_team` WHERE ( team_id = 9 ) LIMIT 1   [ RunTime:0.001455s ]
SQL: SELECT * FROM `fc_team` WHERE ( team_id = 5 ) LIMIT 1   [ RunTime:0.001456s ]
SQL: SELECT * FROM `fc_team` WHERE ( team_id = 13 ) LIMIT 1   [ RunTime:0.001490s ]
SQL: SELECT * FROM `fc_team` WHERE ( team_id = 14 ) LIMIT 1   [ RunTime:0.001460s ]
SQL: SELECT * FROM `fc_team` WHERE ( team_id = 8 ) LIMIT 1   [ RunTime:0.002924s ]
SQL: SELECT * FROM `fc_team` WHERE ( team_id = 6 ) LIMIT 1   [ RunTime:0.001477s ]
SQL: SELECT * FROM `fc_team` WHERE ( team_id = 1 ) LIMIT 1   [ RunTime:0.001453s ]
SQL: SELECT * FROM `fc_team` WHERE ( team_id = 11 ) LIMIT 1   [ RunTime:0.001665s ]
SQL: SELECT * FROM `fc_team` WHERE ( team_id = 16 ) LIMIT 1   [ RunTime:0.001467s ]
SQL: SELECT * FROM `fc_team` WHERE ( team_id = 8 ) LIMIT 1   [ RunTime:0.003998s ]
SQL: SELECT * FROM `fc_team` WHERE ( team_id = 10 ) LIMIT 1   [ RunTime:0.001466s ]
SQL: SELECT * FROM `fc_team` WHERE ( team_id = 9 ) LIMIT 1   [ RunTime:0.001450s ]
SQL: SELECT * FROM `fc_team` WHERE ( team_id = 14 ) LIMIT 1   [ RunTime:0.001441s ]
SQL: SELECT * FROM `fc_team` WHERE ( team_id = 1 ) LIMIT 1   [ RunTime:0.001511s ]
SQL: SELECT * FROM `fc_team` WHERE ( team_id = 2 ) LIMIT 1   [ RunTime:0.001457s ]
SQL: SELECT * FROM `fc_team` WHERE ( team_id = 3 ) LIMIT 1   [ RunTime:0.001464s ]
SQL: SELECT * FROM `fc_team` WHERE ( team_id = 6 ) LIMIT 1   [ RunTime:0.001444s ]
SQL: SELECT * FROM `fc_team` WHERE ( team_id = 12 ) LIMIT 1   [ RunTime:0.001459s ]
SQL: SELECT * FROM `fc_team` WHERE ( team_id = 11 ) LIMIT 1   [ RunTime:0.001470s ]
SQL: SELECT * FROM `fc_team` WHERE ( team_id = 4 ) LIMIT 1   [ RunTime:0.001580s ]
SQL: SELECT * FROM `fc_team` WHERE ( team_id = 15 ) LIMIT 1   [ RunTime:0.001487s ]
SQL: SELECT * FROM `fc_team` WHERE ( team_id = 7 ) LIMIT 1   [ RunTime:0.001462s ]
SQL: SELECT * FROM `fc_team` WHERE ( team_id = 5 ) LIMIT 1   [ RunTime:0.001453s ]
SQL: SELECT * FROM `fc_team` WHERE ( team_id = 13 ) LIMIT 1   [ RunTime:0.001463s ]
SQL: SELECT * FROM `fc_team` WHERE ( team_id = 4 ) LIMIT 1   [ RunTime:0.001483s ]
SQL: SELECT * FROM `fc_team` WHERE ( team_id = 7 ) LIMIT 1   [ RunTime:0.001468s ]
SQL: SELECT * FROM `fc_team` WHERE ( team_id = 5 ) LIMIT 1   [ RunTime:0.001454s ]
SQL: SELECT * FROM `fc_team` WHERE ( team_id = 1 ) LIMIT 1   [ RunTime:0.001485s ]
SQL: SELECT * FROM `fc_team` WHERE ( team_id = 3 ) LIMIT 1   [ RunTime:0.001460s ]
SQL: SELECT * FROM `fc_team` WHERE ( team_id = 12 ) LIMIT 1   [ RunTime:0.001463s ]
SQL: SELECT * FROM `fc_team` WHERE ( team_id = 9 ) LIMIT 1   [ RunTime:0.001454s ]
SQL: SELECT * FROM `fc_team` WHERE ( team_id = 15 ) LIMIT 1   [ RunTime:0.001477s ]
SQL: SELECT * FROM `fc_team` WHERE ( team_id = 2 ) LIMIT 1   [ RunTime:0.001463s ]
SQL: SELECT * FROM `fc_team` WHERE ( team_id = 8 ) LIMIT 1   [ RunTime:0.001579s ]
SQL: SELECT * FROM `fc_team` WHERE ( team_id = 10 ) LIMIT 1   [ RunTime:0.001491s ]
SQL: SELECT * FROM `fc_team` WHERE ( team_id = 13 ) LIMIT 1   [ RunTime:0.001476s ]
SQL: SELECT * FROM `fc_team` WHERE ( team_id = 6 ) LIMIT 1   [ RunTime:0.001457s ]
SQL: SELECT * FROM `fc_team` WHERE ( team_id = 11 ) LIMIT 1   [ RunTime:0.001455s ]
SQL: SELECT * FROM `fc_team` WHERE ( team_id = 14 ) LIMIT 1   [ RunTime:0.001459s ]
SQL: SELECT * FROM `fc_team` WHERE ( team_id = 16 ) LIMIT 1   [ RunTime:0.001482s ]
SQL: SELECT * FROM `fc_team` WHERE ( team_id = 21 ) LIMIT 1   [ RunTime:0.001439s ]
SQL: SELECT * FROM `fc_team` WHERE ( team_id = 22 ) LIMIT 1   [ RunTime:0.001610s ]
SQL: SELECT * FROM `fc_team` WHERE ( team_id = 26 ) LIMIT 1   [ RunTime:0.001467s ]
SQL: SELECT * FROM `fc_team` WHERE ( team_id = 25 ) LIMIT 1   [ RunTime:0.001463s ]
SQL: SELECT * FROM `fc_team` WHERE ( team_id = 27 ) LIMIT 1   [ RunTime:0.001577s ]
SQL: SELECT * FROM `fc_team` WHERE ( team_id = 28 ) LIMIT 1   [ RunTime:0.001554s ]
SQL: SELECT * FROM `fc_team` WHERE ( team_id = 31 ) LIMIT 1   [ RunTime:0.002622s ]
SQL: SELECT * FROM `fc_team` WHERE ( team_id = 33 ) LIMIT 1   [ RunTime:0.001567s ]
SQL: SELECT * FROM `fc_team` WHERE ( team_id = 35 ) LIMIT 1   [ RunTime:0.001532s ]
SQL: SELECT * FROM `fc_team` WHERE ( team_id = 23 ) LIMIT 1   [ RunTime:0.002016s ]
SQL: SELECT * FROM `fc_team` WHERE ( team_id = 1 ) LIMIT 1   [ RunTime:0.001468s ]
SQL: SELECT * FROM `fc_team` WHERE ( team_id = 4 ) LIMIT 1   [ RunTime:0.001437s ]
SQL: SELECT * FROM `fc_team` WHERE ( team_id = 29 ) LIMIT 1   [ RunTime:0.001449s ]
SQL: SELECT * FROM `fc_team` WHERE ( team_id = 30 ) LIMIT 1   [ RunTime:0.001502s ]
SQL: SELECT * FROM `fc_team` WHERE ( team_id = 13 ) LIMIT 1   [ RunTime:0.001470s ]
SQL: SELECT * FROM `fc_team` WHERE ( team_id = 1 ) LIMIT 1   [ RunTime:0.001449s ]
INFO: [ view_template ] --START--
INFO: Run LocationTemplate Behavior [ RunTime:0.000593s ]
INFO: [ view_template ] --END-- [ RunTime:0.000651s ]
INFO: [ view_parse ] --START--
INFO: Run ParseTemplate Behavior [ RunTime:0.016910s ]
INFO: [ view_parse ] --END-- [ RunTime:0.016960s ]
INFO: [ view_filter ] --START--
INFO: Run ContentReplace Behavior [ RunTime:0.000429s ]
INFO: Run TokenBuild Behavior [ RunTime:0.000383s ]
INFO: Run WriteHtmlCache Behavior [ RunTime:0.000297s ]
INFO: Run ShowRuntime Behavior [ RunTime:0.000427s ]
INFO: [ view_filter ] --END-- [ RunTime:0.001657s ]
INFO: [ view_end ] --START--
INFO: Run ShowPageTrace Behavior [ RunTime:0.000516s ]
INFO: [ view_end ] --END-- [ RunTime:0.000559s ]

[ 2017-05-09T13:57:13+08:00 ] 125.41.70.162 /dongqiudi/index.php?m=march&a=index
NOTIC: [8192] Directive 'magic_quotes_gpc' is deprecated in PHP 5.3 and greater Unknown 第 0 行.

[ 2017-05-09T13:57:16+08:00 ] 125.41.70.162 /dongqiudi/index.php?m=index&a=index
INFO: [ app_begin ] --START--
INFO: Run ReadHtmlCache Behavior [ RunTime:0.000479s ]
INFO: [ app_begin ] --END-- [ RunTime:0.000571s ]
NOTIC: [2048] Declaration of IndexAction::show() should be compatible with that of Action::show() /data/home/bxu2442590746/htdocs/dongqiudi/Home/Lib/Action/IndexAction.class.php 第 549 行.
SQL: SHOW COLUMNS FROM `fc_news` [ RunTime:0.001385s ]
SQL: SELECT * FROM fc_news n LEFT JOIN fc_news_data as d on n.id = d.id WHERE ( position = 2 ) ORDER BY n.id desc LIMIT 5   [ RunTime:0.002234s ]
SQL: SELECT * FROM fc_news n LEFT JOIN fc_news_data as d on n.id = d.id WHERE ( n.position = 1 ) ORDER BY n.id desc  [ RunTime:0.001280s ]
SQL: SHOW COLUMNS FROM `fc_comment` [ RunTime:0.001180s ]
SQL: SELECT COUNT(*) AS tp_count FROM `fc_comment` WHERE ( news_id = 75 ) LIMIT 1   [ RunTime:0.001014s ]
SQL: SELECT COUNT(*) AS tp_count FROM `fc_comment` WHERE ( news_id = 74 ) LIMIT 1   [ RunTime:0.000937s ]
SQL: SELECT COUNT(*) AS tp_count FROM `fc_comment` WHERE ( news_id = 61 ) LIMIT 1   [ RunTime:0.000966s ]
NOTIC: [8] Undefined variable: num /data/home/bxu2442590746/htdocs/dongqiudi/Home/Lib/Action/IndexAction.class.php 第 28 行.
SQL: SHOW COLUMNS FROM `fc_match` [ RunTime:0.001265s ]
SQL: SHOW COLUMNS FROM `fc_team` [ RunTime:0.001270s ]
SQL: SELECT * FROM `fc_match` WHERE ( position = 1 or position =3 ) ORDER BY match_id desc LIMIT 5   [ RunTime:0.001001s ]
SQL: SELECT * FROM `fc_team` WHERE ( team_id = 13 ) LIMIT 1   [ RunTime:0.000964s ]
SQL: SELECT * FROM `fc_team` WHERE ( team_id = 1 ) LIMIT 1   [ RunTime:0.000976s ]
SQL: SELECT * FROM `fc_team` WHERE ( team_id = 29 ) LIMIT 1   [ RunTime:0.000972s ]
SQL: SELECT * FROM `fc_team` WHERE ( team_id = 30 ) LIMIT 1   [ RunTime:0.000997s ]
SQL: SELECT * FROM `fc_team` WHERE ( team_id = 26 ) LIMIT 1   [ RunTime:0.000972s ]
SQL: SELECT * FROM `fc_team` WHERE ( team_id = 25 ) LIMIT 1   [ RunTime:0.000988s ]
SQL: SELECT * FROM `fc_team` WHERE ( team_id = 21 ) LIMIT 1   [ RunTime:0.000997s ]
SQL: SELECT * FROM `fc_team` WHERE ( team_id = 22 ) LIMIT 1   [ RunTime:0.001005s ]
SQL: SELECT * FROM `fc_team` WHERE ( team_id = 3 ) LIMIT 1   [ RunTime:0.000992s ]
SQL: SELECT * FROM `fc_team` WHERE ( team_id = 12 ) LIMIT 1   [ RunTime:0.000977s ]
SQL: SELECT * FROM `fc_team` WHERE ( league = "中超" ) ORDER BY league_integral desc , goal_difference desc LIMIT 10   [ RunTime:0.001062s ]
SQL: SHOW COLUMNS FROM `fc_user` [ RunTime:0.001213s ]
SQL: SELECT comment.comment_id AS comment_id,comment.news_id AS news_id,comment.content AS content,comment.fabulous AS fabulous,comment.parent_id AS parent_id,comment.user_id AS user_id,comment.updatetime AS updatetime,user.user_id AS username_id,user.username AS username,user.headimg AS headimg,news.id AS id,news.title AS title FROM fc_comment comment LEFT JOIN fc_user user ON comment.user_id=user.user_id  JOIN fc_news news ON comment.news_id=news.id ORDER BY comment.fabulous desc LIMIT 5   [ RunTime:0.001028s ]
INFO: [ view_template ] --START--
INFO: Run LocationTemplate Behavior [ RunTime:0.000476s ]
INFO: [ view_template ] --END-- [ RunTime:0.000524s ]
INFO: [ view_parse ] --START--
NOTIC: [8] Undefined index: username /data/home/bxu2442590746/htdocs/dongqiudi/Home/Runtime/Cache/7e4848229090366086cc7eeb3bfc0798.php 第 314 行.
NOTIC: [8] Undefined index: username /data/home/bxu2442590746/htdocs/dongqiudi/Home/Runtime/Cache/7e4848229090366086cc7eeb3bfc0798.php 第 314 行.
NOTIC: [8] Undefined index: username /data/home/bxu2442590746/htdocs/dongqiudi/Home/Runtime/Cache/7e4848229090366086cc7eeb3bfc0798.php 第 314 行.
NOTIC: [8] Undefined index: username /data/home/bxu2442590746/htdocs/dongqiudi/Home/Runtime/Cache/7e4848229090366086cc7eeb3bfc0798.php 第 314 行.
NOTIC: [8] Undefined index: username /data/home/bxu2442590746/htdocs/dongqiudi/Home/Runtime/Cache/7e4848229090366086cc7eeb3bfc0798.php 第 314 行.
INFO: Run ParseTemplate Behavior [ RunTime:0.021470s ]
INFO: [ view_parse ] --END-- [ RunTime:0.021518s ]
INFO: [ view_filter ] --START--
INFO: Run ContentReplace Behavior [ RunTime:0.000445s ]
INFO: Run TokenBuild Behavior [ RunTime:0.000367s ]
INFO: Run WriteHtmlCache Behavior [ RunTime:0.000285s ]
INFO: Run ShowRuntime Behavior [ RunTime:0.000421s ]
INFO: [ view_filter ] --END-- [ RunTime:0.001639s ]
INFO: [ view_end ] --START--
INFO: Run ShowPageTrace Behavior [ RunTime:0.000462s ]
INFO: [ view_end ] --END-- [ RunTime:0.000502s ]

[ 2017-05-09T13:57:16+08:00 ] 125.41.70.162 /dongqiudi/index.php?m=index&a=index
NOTIC: [8192] Directive 'magic_quotes_gpc' is deprecated in PHP 5.3 and greater Unknown 第 0 行.

[ 2017-05-09T13:57:18+08:00 ] 125.41.70.162 /dongqiudi/index.php?m=march&a=index
INFO: [ app_begin ] --START--
INFO: Run ReadHtmlCache Behavior [ RunTime:0.000469s ]
INFO: [ app_begin ] --END-- [ RunTime:0.000565s ]
SQL: SHOW COLUMNS FROM `fc_match` [ RunTime:0.001667s ]
SQL: SHOW COLUMNS FROM `fc_team` [ RunTime:0.001805s ]
SQL: SELECT * FROM `fc_match` WHERE ( position =2 or position =3 ) ORDER BY start_time asc  [ RunTime:0.001291s ]
SQL: SELECT * FROM `fc_team` WHERE ( team_id = 9 ) LIMIT 1   [ RunTime:0.001204s ]
SQL: SELECT * FROM `fc_team` WHERE ( team_id = 11 ) LIMIT 1   [ RunTime:0.001214s ]
SQL: SELECT * FROM `fc_team` WHERE ( team_id = 8 ) LIMIT 1   [ RunTime:0.001212s ]
SQL: SELECT * FROM `fc_team` WHERE ( team_id = 14 ) LIMIT 1   [ RunTime:0.001224s ]
SQL: SELECT * FROM `fc_team` WHERE ( team_id = 3 ) LIMIT 1   [ RunTime:0.001191s ]
SQL: SELECT * FROM `fc_team` WHERE ( team_id = 6 ) LIMIT 1   [ RunTime:0.001199s ]
SQL: SELECT * FROM `fc_team` WHERE ( team_id = 12 ) LIMIT 1   [ RunTime:0.001199s ]
SQL: SELECT * FROM `fc_team` WHERE ( team_id = 15 ) LIMIT 1   [ RunTime:0.001198s ]
SQL: SELECT * FROM `fc_team` WHERE ( team_id = 7 ) LIMIT 1   [ RunTime:0.001209s ]
SQL: SELECT * FROM `fc_team` WHERE ( team_id = 16 ) LIMIT 1   [ RunTime:0.001224s ]
SQL: SELECT * FROM `fc_team` WHERE ( team_id = 2 ) LIMIT 1   [ RunTime:0.001226s ]
SQL: SELECT * FROM `fc_team` WHERE ( team_id = 5 ) LIMIT 1   [ RunTime:0.001226s ]
SQL: SELECT * FROM `fc_team` WHERE ( team_id = 1 ) LIMIT 1   [ RunTime:0.001247s ]
SQL: SELECT * FROM `fc_team` WHERE ( team_id = 10 ) LIMIT 1   [ RunTime:0.001220s ]
SQL: SELECT * FROM `fc_team` WHERE ( team_id = 13 ) LIMIT 1   [ RunTime:0.001204s ]
SQL: SELECT * FROM `fc_team` WHERE ( team_id = 4 ) LIMIT 1   [ RunTime:0.001221s ]
SQL: SELECT * FROM `fc_team` WHERE ( team_id = 12 ) LIMIT 1   [ RunTime:0.001262s ]
SQL: SELECT * FROM `fc_team` WHERE ( team_id = 2 ) LIMIT 1   [ RunTime:0.001309s ]
SQL: SELECT * FROM `fc_team` WHERE ( team_id = 3 ) LIMIT 1   [ RunTime:0.001415s ]
SQL: SELECT * FROM `fc_team` WHERE ( team_id = 16 ) LIMIT 1   [ RunTime:0.001238s ]
SQL: SELECT * FROM `fc_team` WHERE ( team_id = 4 ) LIMIT 1   [ RunTime:0.001390s ]
SQL: SELECT * FROM `fc_team` WHERE ( team_id = 15 ) LIMIT 1   [ RunTime:0.001457s ]
SQL: SELECT * FROM `fc_team` WHERE ( team_id = 7 ) LIMIT 1   [ RunTime:0.001247s ]
SQL: SELECT * FROM `fc_team` WHERE ( team_id = 10 ) LIMIT 1   [ RunTime:0.001238s ]
SQL: SELECT * FROM `fc_team` WHERE ( team_id = 9 ) LIMIT 1   [ RunTime:0.001208s ]
SQL: SELECT * FROM `fc_team` WHERE ( team_id = 5 ) LIMIT 1   [ RunTime:0.001277s ]
SQL: SELECT * FROM `fc_team` WHERE ( team_id = 13 ) LIMIT 1   [ RunTime:0.001216s ]
SQL: SELECT * FROM `fc_team` WHERE ( team_id = 14 ) LIMIT 1   [ RunTime:0.001223s ]
SQL: SELECT * FROM `fc_team` WHERE ( team_id = 8 ) LIMIT 1   [ RunTime:0.001206s ]
SQL: SELECT * FROM `fc_team` WHERE ( team_id = 6 ) LIMIT 1   [ RunTime:0.001218s ]
SQL: SELECT * FROM `fc_team` WHERE ( team_id = 1 ) LIMIT 1   [ RunTime:0.001206s ]
SQL: SELECT * FROM `fc_team` WHERE ( team_id = 11 ) LIMIT 1   [ RunTime:0.001317s ]
SQL: SELECT * FROM `fc_team` WHERE ( team_id = 16 ) LIMIT 1   [ RunTime:0.001210s ]
SQL: SELECT * FROM `fc_team` WHERE ( team_id = 8 ) LIMIT 1   [ RunTime:0.001199s ]
SQL: SELECT * FROM `fc_team` WHERE ( team_id = 10 ) LIMIT 1   [ RunTime:0.003258s ]
SQL: SELECT * FROM `fc_team` WHERE ( team_id = 9 ) LIMIT 1   [ RunTime:0.001302s ]
SQL: SELECT * FROM `fc_team` WHERE ( team_id = 14 ) LIMIT 1   [ RunTime:0.001239s ]
SQL: SELECT * FROM `fc_team` WHERE ( team_id = 1 ) LIMIT 1   [ RunTime:0.001280s ]
SQL: SELECT * FROM `fc_team` WHERE ( team_id = 2 ) LIMIT 1   [ RunTime:0.001297s ]
SQL: SELECT * FROM `fc_team` WHERE ( team_id = 3 ) LIMIT 1   [ RunTime:0.001251s ]
SQL: SELECT * FROM `fc_team` WHERE ( team_id = 6 ) LIMIT 1   [ RunTime:0.001240s ]
SQL: SELECT * FROM `fc_team` WHERE ( team_id = 12 ) LIMIT 1   [ RunTime:0.001240s ]
SQL: SELECT * FROM `fc_team` WHERE ( team_id = 11 ) LIMIT 1   [ RunTime:0.001239s ]
SQL: SELECT * FROM `fc_team` WHERE ( team_id = 4 ) LIMIT 1   [ RunTime:0.001236s ]
SQL: SELECT * FROM `fc_team` WHERE ( team_id = 15 ) LIMIT 1   [ RunTime:0.001250s ]
SQL: SELECT * FROM `fc_team` WHERE ( team_id = 7 ) LIMIT 1   [ RunTime:0.001215s ]
SQL: SELECT * FROM `fc_team` WHERE ( team_id = 5 ) LIMIT 1   [ RunTime:0.001266s ]
SQL: SELECT * FROM `fc_team` WHERE ( team_id = 13 ) LIMIT 1   [ RunTime:0.001225s ]
SQL: SELECT * FROM `fc_team` WHERE ( team_id = 4 ) LIMIT 1   [ RunTime:0.001222s ]
SQL: SELECT * FROM `fc_team` WHERE ( team_id = 7 ) LIMIT 1   [ RunTime:0.001236s ]
SQL: SELECT * FROM `fc_team` WHERE ( team_id = 5 ) LIMIT 1   [ RunTime:0.001228s ]
SQL: SELECT * FROM `fc_team` WHERE ( team_id = 1 ) LIMIT 1   [ RunTime:0.001212s ]
SQL: SELECT * FROM `fc_team` WHERE ( team_id = 3 ) LIMIT 1   [ RunTime:0.001223s ]
SQL: SELECT * FROM `fc_team` WHERE ( team_id = 12 ) LIMIT 1   [ RunTime:0.001228s ]
SQL: SELECT * FROM `fc_team` WHERE ( team_id = 9 ) LIMIT 1   [ RunTime:0.001234s ]
SQL: SELECT * FROM `fc_team` WHERE ( team_id = 15 ) LIMIT 1   [ RunTime:0.001219s ]
SQL: SELECT * FROM `fc_team` WHERE ( team_id = 2 ) LIMIT 1   [ RunTime:0.001224s ]
SQL: SELECT * FROM `fc_team` WHERE ( team_id = 8 ) LIMIT 1   [ RunTime:0.001219s ]
SQL: SELECT * FROM `fc_team` WHERE ( team_id = 10 ) LIMIT 1   [ RunTime:0.001222s ]
SQL: SELECT * FROM `fc_team` WHERE ( team_id = 13 ) LIMIT 1   [ RunTime:0.001216s ]
SQL: SELECT * FROM `fc_team` WHERE ( team_id = 6 ) LIMIT 1   [ RunTime:0.001214s ]
SQL: SELECT * FROM `fc_team` WHERE ( team_id = 11 ) LIMIT 1   [ RunTime:0.001223s ]
SQL: SELECT * FROM `fc_team` WHERE ( team_id = 14 ) LIMIT 1   [ RunTime:0.001225s ]
SQL: SELECT * FROM `fc_team` WHERE ( team_id = 16 ) LIMIT 1   [ RunTime:0.001201s ]
SQL: SELECT * FROM `fc_team` WHERE ( team_id = 21 ) LIMIT 1   [ RunTime:0.001213s ]
SQL: SELECT * FROM `fc_team` WHERE ( team_id = 22 ) LIMIT 1   [ RunTime:0.001216s ]
SQL: SELECT * FROM `fc_team` WHERE ( team_id = 26 ) LIMIT 1   [ RunTime:0.001226s ]
SQL: SELECT * FROM `fc_team` WHERE ( team_id = 25 ) LIMIT 1   [ RunTime:0.001211s ]
SQL: SELECT * FROM `fc_team` WHERE ( team_id = 27 ) LIMIT 1   [ RunTime:0.001214s ]
SQL: SELECT * FROM `fc_team` WHERE ( team_id = 28 ) LIMIT 1   [ RunTime:0.001220s ]
SQL: SELECT * FROM `fc_team` WHERE ( team_id = 31 ) LIMIT 1   [ RunTime:0.001230s ]
SQL: SELECT * FROM `fc_team` WHERE ( team_id = 33 ) LIMIT 1   [ RunTime:0.001251s ]
SQL: SELECT * FROM `fc_team` WHERE ( team_id = 35 ) LIMIT 1   [ RunTime:0.001225s ]
SQL: SELECT * FROM `fc_team` WHERE ( team_id = 23 ) LIMIT 1   [ RunTime:0.001204s ]
SQL: SELECT * FROM `fc_team` WHERE ( team_id = 1 ) LIMIT 1   [ RunTime:0.001324s ]
SQL: SELECT * FROM `fc_team` WHERE ( team_id = 4 ) LIMIT 1   [ RunTime:0.001234s ]
SQL: SELECT * FROM `fc_team` WHERE ( team_id = 29 ) LIMIT 1   [ RunTime:0.001223s ]
SQL: SELECT * FROM `fc_team` WHERE ( team_id = 30 ) LIMIT 1   [ RunTime:0.001217s ]
SQL: SELECT * FROM `fc_team` WHERE ( team_id = 13 ) LIMIT 1   [ RunTime:0.001220s ]
SQL: SELECT * FROM `fc_team` WHERE ( team_id = 1 ) LIMIT 1   [ RunTime:0.001221s ]
INFO: [ view_template ] --START--
INFO: Run LocationTemplate Behavior [ RunTime:0.000519s ]
INFO: [ view_template ] --END-- [ RunTime:0.000576s ]
INFO: [ view_parse ] --START--
INFO: Run ParseTemplate Behavior [ RunTime:0.016888s ]
INFO: [ view_parse ] --END-- [ RunTime:0.016960s ]
INFO: [ view_filter ] --START--
INFO: Run ContentReplace Behavior [ RunTime:0.000437s ]
INFO: Run TokenBuild Behavior [ RunTime:0.000356s ]
INFO: Run WriteHtmlCache Behavior [ RunTime:0.000308s ]
INFO: Run ShowRuntime Behavior [ RunTime:0.000407s ]
INFO: [ view_filter ] --END-- [ RunTime:0.001630s ]
INFO: [ view_end ] --START--
INFO: Run ShowPageTrace Behavior [ RunTime:0.000504s ]
INFO: [ view_end ] --END-- [ RunTime:0.000544s ]

[ 2017-05-09T13:57:18+08:00 ] 125.41.70.162 /dongqiudi/index.php?m=march&a=index
NOTIC: [8192] Directive 'magic_quotes_gpc' is deprecated in PHP 5.3 and greater Unknown 第 0 行.

[ 2017-05-09T13:57:19+08:00 ] 125.41.70.162 /dongqiudi/index.php?m=video&a=index
INFO: [ app_begin ] --START--
INFO: Run ReadHtmlCache Behavior [ RunTime:0.000531s ]
INFO: [ app_begin ] --END-- [ RunTime:0.000631s ]
NOTIC: [2048] Declaration of VideoAction::show() should be compatible with that of Action::show() /data/home/bxu2442590746/htdocs/dongqiudi/Home/Lib/Action/VideoAction.class.php 第 152 行.
SQL: SHOW COLUMNS FROM `fc_news` [ RunTime:0.001903s ]
SQL: SELECT * FROM fc_news n LEFT JOIN fc_news_data as d on n.id = d.id WHERE ( position = 4 ) ORDER BY n.id desc LIMIT 5   [ RunTime:0.001784s ]
SQL: SELECT * FROM fc_news n LEFT JOIN fc_news_data as d on n.id = d.id WHERE ( n.news_level = 3 ) ORDER BY n.id desc  [ RunTime:0.001804s ]
SQL: SHOW COLUMNS FROM `fc_comment` [ RunTime:0.001703s ]
SQL: SELECT COUNT(*) AS tp_count FROM `fc_comment` WHERE ( news_id = 70 ) LIMIT 1   [ RunTime:0.001530s ]
SQL: SELECT COUNT(*) AS tp_count FROM `fc_comment` WHERE ( news_id = 63 ) LIMIT 1   [ RunTime:0.001624s ]
SQL: SHOW COLUMNS FROM `fc_user` [ RunTime:0.001691s ]
SQL: SELECT comment.comment_id AS comment_id,comment.news_id AS news_id,comment.content AS content,comment.fabulous AS fabulous,comment.parent_id AS parent_id,comment.user_id AS user_id,comment.updatetime AS updatetime,user.user_id AS username_id,user.username AS username,user.headimg AS headimg,news.id AS id,news.title AS title FROM fc_comment comment LEFT JOIN fc_user user ON comment.user_id=user.user_id  JOIN fc_news news ON comment.news_id=news.id ORDER BY comment.fabulous desc LIMIT 5   [ RunTime:0.001496s ]
INFO: [ view_template ] --START--
INFO: Run LocationTemplate Behavior [ RunTime:0.000451s ]
INFO: [ view_template ] --END-- [ RunTime:0.000501s ]
INFO: [ view_parse ] --START--
NOTIC: [8] Use of undefined constant id - assumed 'id' /data/home/bxu2442590746/htdocs/dongqiudi/Home/Runtime/Cache/cea917a75cfb482050db22738e8f8d81.php 第 213 行.
NOTIC: [8] Use of undefined constant id - assumed 'id' /data/home/bxu2442590746/htdocs/dongqiudi/Home/Runtime/Cache/cea917a75cfb482050db22738e8f8d81.php 第 214 行.
NOTIC: [8] Use of undefined constant thumb - assumed 'thumb' /data/home/bxu2442590746/htdocs/dongqiudi/Home/Runtime/Cache/cea917a75cfb482050db22738e8f8d81.php 第 215 行.
NOTIC: [8] Use of undefined constant title - assumed 'title' /data/home/bxu2442590746/htdocs/dongqiudi/Home/Runtime/Cache/cea917a75cfb482050db22738e8f8d81.php 第 215 行.
NOTIC: [8] Use of undefined constant id - assumed 'id' /data/home/bxu2442590746/htdocs/dongqiudi/Home/Runtime/Cache/cea917a75cfb482050db22738e8f8d81.php 第 218 行.
NOTIC: [8] Use of undefined constant title - assumed 'title' /data/home/bxu2442590746/htdocs/dongqiudi/Home/Runtime/Cache/cea917a75cfb482050db22738e8f8d81.php 第 218 行.
NOTIC: [8] Use of undefined constant description - assumed 'description' /data/home/bxu2442590746/htdocs/dongqiudi/Home/Runtime/Cache/cea917a75cfb482050db22738e8f8d81.php 第 220 行.
NOTIC: [8] Use of undefined constant display_time - assumed 'display_time' /data/home/bxu2442590746/htdocs/dongqiudi/Home/Runtime/Cache/cea917a75cfb482050db22738e8f8d81.php 第 222 行.
NOTIC: [8] Use of undefined constant comments_total - assumed 'comments_total' /data/home/bxu2442590746/htdocs/dongqiudi/Home/Runtime/Cache/cea917a75cfb482050db22738e8f8d81.php 第 223 行.
INFO: Run ParseTemplate Behavior [ RunTime:0.014142s ]
INFO: [ view_parse ] --END-- [ RunTime:0.014190s ]
INFO: [ view_filter ] --START--
INFO: Run ContentReplace Behavior [ RunTime:0.000406s ]
INFO: Run TokenBuild Behavior [ RunTime:0.000354s ]
INFO: Run WriteHtmlCache Behavior [ RunTime:0.000305s ]
INFO: Run ShowRuntime Behavior [ RunTime:0.000389s ]
INFO: [ view_filter ] --END-- [ RunTime:0.001573s ]
INFO: [ view_end ] --START--
INFO: Run ShowPageTrace Behavior [ RunTime:0.000475s ]
INFO: [ view_end ] --END-- [ RunTime:0.000516s ]

[ 2017-05-09T13:57:19+08:00 ] 125.41.70.162 /dongqiudi/index.php?m=video&a=index
NOTIC: [8192] Directive 'magic_quotes_gpc' is deprecated in PHP 5.3 and greater Unknown 第 0 行.

[ 2017-05-09T13:57:20+08:00 ] 125.41.70.162 /dongqiudi/index.php?m=data&a=index
INFO: [ app_begin ] --START--
INFO: Run ReadHtmlCache Behavior [ RunTime:0.000510s ]
INFO: [ app_begin ] --END-- [ RunTime:0.000606s ]
SQL: SHOW COLUMNS FROM `fc_team` [ RunTime:0.001499s ]
SQL: SHOW COLUMNS FROM `fc_match` [ RunTime:0.001272s ]
SQL: SELECT * FROM `fc_team` WHERE ( league = "中超" ) ORDER BY league_integral desc , goal_difference desc  [ RunTime:0.001182s ]
SQL: SELECT * FROM `fc_match` WHERE ( `start_time` <= 1494309440 ) ORDER BY match_id desc LIMIT 1   [ RunTime:0.001165s ]
NOTIC: [8] Undefined index: gameweek /data/home/bxu2442590746/htdocs/dongqiudi/Home/Lib/Action/DataAction.class.php 第 20 行.
INFO: [ view_template ] --START--
INFO: Run LocationTemplate Behavior [ RunTime:0.000561s ]
INFO: [ view_template ] --END-- [ RunTime:0.000612s ]
INFO: [ view_parse ] --START--
NOTIC: [8] Undefined index: type /data/home/bxu2442590746/htdocs/dongqiudi/Home/Runtime/Cache/11000071f57ca86652125fcf5dbb4800.php 第 134 行.
INFO: Run ParseTemplate Behavior [ RunTime:0.015528s ]
INFO: [ view_parse ] --END-- [ RunTime:0.015584s ]
INFO: [ view_filter ] --START--
INFO: Run ContentReplace Behavior [ RunTime:0.000416s ]
INFO: Run TokenBuild Behavior [ RunTime:0.000394s ]
INFO: Run WriteHtmlCache Behavior [ RunTime:0.000296s ]
INFO: Run ShowRuntime Behavior [ RunTime:0.000430s ]
INFO: [ view_filter ] --END-- [ RunTime:0.001694s ]
INFO: [ view_end ] --START--
INFO: Run ShowPageTrace Behavior [ RunTime:0.000482s ]
INFO: [ view_end ] --END-- [ RunTime:0.000524s ]

[ 2017-05-09T13:57:20+08:00 ] 125.41.70.162 /dongqiudi/index.php?m=data&a=index
NOTIC: [8192] Directive 'magic_quotes_gpc' is deprecated in PHP 5.3 and greater Unknown 第 0 行.

[ 2017-05-09T13:57:24+08:00 ] 125.41.70.162 /dongqiudi/index.php?m=data&a=yingchao
INFO: [ app_begin ] --START--
INFO: Run ReadHtmlCache Behavior [ RunTime:0.000538s ]
INFO: [ app_begin ] --END-- [ RunTime:0.000638s ]
INFO: [ view_template ] --START--
INFO: Run LocationTemplate Behavior [ RunTime:0.000486s ]
INFO: [ view_template ] --END-- [ RunTime:0.000540s ]
INFO: [ view_parse ] --START--
NOTIC: [8] Undefined index: type /data/home/bxu2442590746/htdocs/dongqiudi/Home/Runtime/Cache/6331cb5a8e0d310edc723dd65f908e1c.php 第 134 行.
NOTIC: [8] Undefined variable: zhongchao /data/home/bxu2442590746/htdocs/dongqiudi/Home/Runtime/Cache/6331cb5a8e0d310edc723dd65f908e1c.php 第 215 行.
INFO: Run ParseTemplate Behavior [ RunTime:0.015071s ]
INFO: [ view_parse ] --END-- [ RunTime:0.015118s ]
INFO: [ view_filter ] --START--
INFO: Run ContentReplace Behavior [ RunTime:0.000405s ]
INFO: Run TokenBuild Behavior [ RunTime:0.000386s ]
INFO: Run WriteHtmlCache Behavior [ RunTime:0.000283s ]
INFO: Run ShowRuntime Behavior [ RunTime:0.000420s ]
INFO: [ view_filter ] --END-- [ RunTime:0.001625s ]
INFO: [ view_end ] --START--
INFO: Run ShowPageTrace Behavior [ RunTime:0.000526s ]
INFO: [ view_end ] --END-- [ RunTime:0.000566s ]

[ 2017-05-09T13:57:24+08:00 ] 125.41.70.162 /dongqiudi/index.php?m=data&a=yingchao
NOTIC: [8192] Directive 'magic_quotes_gpc' is deprecated in PHP 5.3 and greater Unknown 第 0 行.

[ 2017-05-09T13:57:25+08:00 ] 125.41.70.162 /dongqiudi/index.php?m=data&a=xijia
INFO: [ app_begin ] --START--
INFO: Run ReadHtmlCache Behavior [ RunTime:0.000498s ]
INFO: [ app_begin ] --END-- [ RunTime:0.000590s ]
INFO: [ view_template ] --START--
INFO: Run LocationTemplate Behavior [ RunTime:0.000474s ]
INFO: [ view_template ] --END-- [ RunTime:0.000527s ]
INFO: [ view_parse ] --START--
NOTIC: [8] Undefined index: type /data/home/bxu2442590746/htdocs/dongqiudi/Home/Runtime/Cache/6b369c25de39fb4fa29f4fa78244e6ff.php 第 120 行.
NOTIC: [8] Undefined index: type /data/home/bxu2442590746/htdocs/dongqiudi/Home/Runtime/Cache/6b369c25de39fb4fa29f4fa78244e6ff.php 第 123 行.
NOTIC: [8] Undefined index: type /data/home/bxu2442590746/htdocs/dongqiudi/Home/Runtime/Cache/6b369c25de39fb4fa29f4fa78244e6ff.php 第 127 行.
NOTIC: [8] Undefined variable: zhongchao /data/home/bxu2442590746/htdocs/dongqiudi/Home/Runtime/Cache/6b369c25de39fb4fa29f4fa78244e6ff.php 第 208 行.
INFO: Run ParseTemplate Behavior [ RunTime:0.037687s ]
INFO: [ view_parse ] --END-- [ RunTime:0.037733s ]
INFO: [ view_filter ] --START--
INFO: Run ContentReplace Behavior [ RunTime:0.000384s ]
INFO: Run TokenBuild Behavior [ RunTime:0.000373s ]
INFO: Run WriteHtmlCache Behavior [ RunTime:0.000286s ]
INFO: Run ShowRuntime Behavior [ RunTime:0.000387s ]
INFO: [ view_filter ] --END-- [ RunTime:0.001548s ]
INFO: [ view_end ] --START--
INFO: Run ShowPageTrace Behavior [ RunTime:0.000489s ]
INFO: [ view_end ] --END-- [ RunTime:0.000529s ]

[ 2017-05-09T13:57:25+08:00 ] 125.41.70.162 /dongqiudi/index.php?m=data&a=xijia
NOTIC: [8192] Directive 'magic_quotes_gpc' is deprecated in PHP 5.3 and greater Unknown 第 0 行.

[ 2017-05-09T13:57:26+08:00 ] 125.41.70.162 /dongqiudi/index.php?m=video&a=index
INFO: [ app_begin ] --START--
INFO: Run ReadHtmlCache Behavior [ RunTime:0.000500s ]
INFO: [ app_begin ] --END-- [ RunTime:0.000604s ]
NOTIC: [2048] Declaration of VideoAction::show() should be compatible with that of Action::show() /data/home/bxu2442590746/htdocs/dongqiudi/Home/Lib/Action/VideoAction.class.php 第 152 行.
SQL: SHOW COLUMNS FROM `fc_news` [ RunTime:0.001763s ]
SQL: SELECT * FROM fc_news n LEFT JOIN fc_news_data as d on n.id = d.id WHERE ( position = 4 ) ORDER BY n.id desc LIMIT 5   [ RunTime:0.001408s ]
SQL: SELECT * FROM fc_news n LEFT JOIN fc_news_data as d on n.id = d.id WHERE ( n.news_level = 3 ) ORDER BY n.id desc  [ RunTime:0.001373s ]
SQL: SHOW COLUMNS FROM `fc_comment` [ RunTime:0.001585s ]
SQL: SELECT COUNT(*) AS tp_count FROM `fc_comment` WHERE ( news_id = 70 ) LIMIT 1   [ RunTime:0.001351s ]
SQL: SELECT COUNT(*) AS tp_count FROM `fc_comment` WHERE ( news_id = 63 ) LIMIT 1   [ RunTime:0.001316s ]
SQL: SHOW COLUMNS FROM `fc_user` [ RunTime:0.003923s ]
SQL: SELECT comment.comment_id AS comment_id,comment.news_id AS news_id,comment.content AS content,comment.fabulous AS fabulous,comment.parent_id AS parent_id,comment.user_id AS user_id,comment.updatetime AS updatetime,user.user_id AS username_id,user.username AS username,user.headimg AS headimg,news.id AS id,news.title AS title FROM fc_comment comment LEFT JOIN fc_user user ON comment.user_id=user.user_id  JOIN fc_news news ON comment.news_id=news.id ORDER BY comment.fabulous desc LIMIT 5   [ RunTime:0.001419s ]
INFO: [ view_template ] --START--
INFO: Run LocationTemplate Behavior [ RunTime:0.000557s ]
INFO: [ view_template ] --END-- [ RunTime:0.000609s ]
INFO: [ view_parse ] --START--
NOTIC: [8] Use of undefined constant id - assumed 'id' /data/home/bxu2442590746/htdocs/dongqiudi/Home/Runtime/Cache/cea917a75cfb482050db22738e8f8d81.php 第 213 行.
NOTIC: [8] Use of undefined constant id - assumed 'id' /data/home/bxu2442590746/htdocs/dongqiudi/Home/Runtime/Cache/cea917a75cfb482050db22738e8f8d81.php 第 214 行.
NOTIC: [8] Use of undefined constant thumb - assumed 'thumb' /data/home/bxu2442590746/htdocs/dongqiudi/Home/Runtime/Cache/cea917a75cfb482050db22738e8f8d81.php 第 215 行.
NOTIC: [8] Use of undefined constant title - assumed 'title' /data/home/bxu2442590746/htdocs/dongqiudi/Home/Runtime/Cache/cea917a75cfb482050db22738e8f8d81.php 第 215 行.
NOTIC: [8] Use of undefined constant id - assumed 'id' /data/home/bxu2442590746/htdocs/dongqiudi/Home/Runtime/Cache/cea917a75cfb482050db22738e8f8d81.php 第 218 行.
NOTIC: [8] Use of undefined constant title - assumed 'title' /data/home/bxu2442590746/htdocs/dongqiudi/Home/Runtime/Cache/cea917a75cfb482050db22738e8f8d81.php 第 218 行.
NOTIC: [8] Use of undefined constant description - assumed 'description' /data/home/bxu2442590746/htdocs/dongqiudi/Home/Runtime/Cache/cea917a75cfb482050db22738e8f8d81.php 第 220 行.
NOTIC: [8] Use of undefined constant display_time - assumed 'display_time' /data/home/bxu2442590746/htdocs/dongqiudi/Home/Runtime/Cache/cea917a75cfb482050db22738e8f8d81.php 第 222 行.
NOTIC: [8] Use of undefined constant comments_total - assumed 'comments_total' /data/home/bxu2442590746/htdocs/dongqiudi/Home/Runtime/Cache/cea917a75cfb482050db22738e8f8d81.php 第 223 行.
INFO: Run ParseTemplate Behavior [ RunTime:0.015708s ]
INFO: [ view_parse ] --END-- [ RunTime:0.015756s ]
INFO: [ view_filter ] --START--
INFO: Run ContentReplace Behavior [ RunTime:0.000478s ]
INFO: Run TokenBuild Behavior [ RunTime:0.000474s ]
INFO: Run WriteHtmlCache Behavior [ RunTime:0.000299s ]
INFO: Run ShowRuntime Behavior [ RunTime:0.000483s ]
INFO: [ view_filter ] --END-- [ RunTime:0.001861s ]
INFO: [ view_end ] --START--
INFO: Run ShowPageTrace Behavior [ RunTime:0.000518s ]
INFO: [ view_end ] --END-- [ RunTime:0.000560s ]

[ 2017-05-09T13:57:26+08:00 ] 125.41.70.162 /dongqiudi/index.php?m=video&a=index
NOTIC: [8192] Directive 'magic_quotes_gpc' is deprecated in PHP 5.3 and greater Unknown 第 0 行.

[ 2017-05-09T13:57:27+08:00 ] 125.41.70.162 /dongqiudi/index.php?m=video&a=show&id=68
INFO: [ app_begin ] --START--
INFO: Run ReadHtmlCache Behavior [ RunTime:0.000495s ]
INFO: [ app_begin ] --END-- [ RunTime:0.000607s ]
NOTIC: [2048] Declaration of VideoAction::show() should be compatible with that of Action::show() /data/home/bxu2442590746/htdocs/dongqiudi/Home/Lib/Action/VideoAction.class.php 第 152 行.
SQL: SHOW COLUMNS FROM `fc_news` [ RunTime:0.002029s ]
SQL: SELECT * FROM fc_news n LEFT JOIN fc_news_data as d on n.id = d.id LEFT JOIN fc_user as u on n.user_id = u.user_id WHERE ( n.id = '68' ) AND ( d.id = '68' ) LIMIT 1   [ RunTime:0.001712s ]
SQL: SHOW COLUMNS FROM `fc_comment` [ RunTime:0.001678s ]
SQL: SELECT COUNT(*) AS tp_count FROM `fc_comment` WHERE ( news_id = 68 ) LIMIT 1   [ RunTime:0.001581s ]
SQL: SELECT * FROM fc_comment n LEFT JOIN fc_user as d on n.user_id = d.user_id WHERE ( news_id = 68 ) ORDER BY n.updatetime desc LIMIT 0,7   [ RunTime:0.001571s ]
NOTIC: [2] Invalid argument supplied for foreach() /data/home/bxu2442590746/htdocs/dongqiudi/Home/Lib/Action/VideoAction.class.php 第 75 行.
SQL: SELECT COUNT(*) AS tp_count FROM `fc_comment` WHERE ( news_id = 68 ) LIMIT 1   [ RunTime:0.001428s ]
SQL: SHOW COLUMNS FROM `fc_user` [ RunTime:0.001796s ]
SQL: SELECT comment.comment_id AS comment_id,comment.news_id AS news_id,comment.content AS content,comment.fabulous AS fabulous,comment.parent_id AS parent_id,comment.user_id AS user_id,comment.updatetime AS updatetime,user.user_id AS username_id,user.username AS username,user.headimg AS headimg,news.id AS id,news.title AS title FROM fc_comment comment LEFT JOIN fc_user user ON comment.user_id=user.user_id  JOIN fc_news news ON comment.news_id=news.id WHERE ( comment.fabulous >= '3' ) AND ( news.id = '68' ) ORDER BY comment.fabulous desc  [ RunTime:0.001621s ]
INFO: [ view_template ] --START--
INFO: Run LocationTemplate Behavior [ RunTime:0.000468s ]
INFO: [ view_template ] --END-- [ RunTime:0.000518s ]
INFO: [ view_parse ] --START--
NOTIC: [8] Undefined index: username /data/home/bxu2442590746/htdocs/dongqiudi/Home/Runtime/Cache/0cb3d74ed10b11299c9f567cf4a8b7b4.php 第 110 行.
NOTIC: [8] Undefined index: username /data/home/bxu2442590746/htdocs/dongqiudi/Home/Runtime/Cache/0cb3d74ed10b11299c9f567cf4a8b7b4.php 第 114 行.
INFO: Run ParseTemplate Behavior [ RunTime:0.067083s ]
INFO: [ view_parse ] --END-- [ RunTime:0.067146s ]
INFO: [ view_filter ] --START--
INFO: Run ContentReplace Behavior [ RunTime:0.000455s ]
INFO: Run TokenBuild Behavior [ RunTime:0.000372s ]
INFO: Run WriteHtmlCache Behavior [ RunTime:0.000312s ]
INFO: Run ShowRuntime Behavior [ RunTime:0.000403s ]
INFO: [ view_filter ] --END-- [ RunTime:0.001689s ]
INFO: [ view_end ] --START--
INFO: Run ShowPageTrace Behavior [ RunTime:0.000526s ]
INFO: [ view_end ] --END-- [ RunTime:0.000569s ]

[ 2017-05-09T13:57:27+08:00 ] 125.41.70.162 /dongqiudi/index.php?m=video&a=show&id=68
NOTIC: [8192] Directive 'magic_quotes_gpc' is deprecated in PHP 5.3 and greater Unknown 第 0 行.

[ 2017-05-09T13:57:45+08:00 ] 125.41.70.162 /dongqiudi/index.php?m=video&a=show&id=70
INFO: [ app_begin ] --START--
INFO: Run ReadHtmlCache Behavior [ RunTime:0.000523s ]
INFO: [ app_begin ] --END-- [ RunTime:0.000618s ]
NOTIC: [2048] Declaration of VideoAction::show() should be compatible with that of Action::show() /data/home/bxu2442590746/htdocs/dongqiudi/Home/Lib/Action/VideoAction.class.php 第 152 行.
SQL: SHOW COLUMNS FROM `fc_news` [ RunTime:0.001501s ]
SQL: SELECT * FROM fc_news n LEFT JOIN fc_news_data as d on n.id = d.id LEFT JOIN fc_user as u on n.user_id = u.user_id WHERE ( n.id = '70' ) AND ( d.id = '70' ) LIMIT 1   [ RunTime:0.001212s ]
SQL: SHOW COLUMNS FROM `fc_comment` [ RunTime:0.001277s ]
SQL: SELECT COUNT(*) AS tp_count FROM `fc_comment` WHERE ( news_id = 70 ) LIMIT 1   [ RunTime:0.000979s ]
SQL: SELECT * FROM fc_comment n LEFT JOIN fc_user as d on n.user_id = d.user_id WHERE ( news_id = 70 ) ORDER BY n.updatetime desc LIMIT 0,7   [ RunTime:0.001152s ]
SQL: SELECT COUNT(*) AS tp_count FROM `fc_comment` WHERE ( news_id = 70 ) LIMIT 1   [ RunTime:0.000966s ]
SQL: SHOW COLUMNS FROM `fc_user` [ RunTime:0.001226s ]
SQL: SELECT comment.comment_id AS comment_id,comment.news_id AS news_id,comment.content AS content,comment.fabulous AS fabulous,comment.parent_id AS parent_id,comment.user_id AS user_id,comment.updatetime AS updatetime,user.user_id AS username_id,user.username AS username,user.headimg AS headimg,news.id AS id,news.title AS title FROM fc_comment comment LEFT JOIN fc_user user ON comment.user_id=user.user_id  JOIN fc_news news ON comment.news_id=news.id WHERE ( comment.fabulous >= '3' ) AND ( news.id = '70' ) ORDER BY comment.fabulous desc  [ RunTime:0.001176s ]
INFO: [ view_template ] --START--
INFO: Run LocationTemplate Behavior [ RunTime:0.000480s ]
INFO: [ view_template ] --END-- [ RunTime:0.000528s ]
INFO: [ view_parse ] --START--
NOTIC: [8] Undefined index: username /data/home/bxu2442590746/htdocs/dongqiudi/Home/Runtime/Cache/0cb3d74ed10b11299c9f567cf4a8b7b4.php 第 110 行.
NOTIC: [8] Undefined index: username /data/home/bxu2442590746/htdocs/dongqiudi/Home/Runtime/Cache/0cb3d74ed10b11299c9f567cf4a8b7b4.php 第 114 行.
NOTIC: [8] Undefined index: username /data/home/bxu2442590746/htdocs/dongqiudi/Home/Runtime/Cache/0cb3d74ed10b11299c9f567cf4a8b7b4.php 第 175 行.
INFO: Run ParseTemplate Behavior [ RunTime:0.015532s ]
INFO: [ view_parse ] --END-- [ RunTime:0.015578s ]
INFO: [ view_filter ] --START--
INFO: Run ContentReplace Behavior [ RunTime:0.000418s ]
INFO: Run TokenBuild Behavior [ RunTime:0.000389s ]
INFO: Run WriteHtmlCache Behavior [ RunTime:0.000290s ]
INFO: Run ShowRuntime Behavior [ RunTime:0.000401s ]
INFO: [ view_filter ] --END-- [ RunTime:0.001660s ]
INFO: [ view_end ] --START--
INFO: Run ShowPageTrace Behavior [ RunTime:0.000506s ]
INFO: [ view_end ] --END-- [ RunTime:0.000547s ]

[ 2017-05-09T13:57:45+08:00 ] 125.41.70.162 /dongqiudi/index.php?m=video&a=show&id=70
NOTIC: [8192] Directive 'magic_quotes_gpc' is deprecated in PHP 5.3 and greater Unknown 第 0 行.

[ 2017-05-09T13:57:56+08:00 ] 125.41.70.162 /dongqiudi/index.php?m=user&a=login
INFO: [ app_begin ] --START--
INFO: Run ReadHtmlCache Behavior [ RunTime:0.000481s ]
INFO: [ app_begin ] --END-- [ RunTime:0.000577s ]
SQL: SHOW COLUMNS FROM `fc_user` [ RunTime:0.001662s ]
INFO: [ view_template ] --START--
INFO: Run LocationTemplate Behavior [ RunTime:0.000592s ]
INFO: [ view_template ] --END-- [ RunTime:0.000641s ]
INFO: [ view_parse ] --START--
INFO: Run ParseTemplate Behavior [ RunTime:0.005893s ]
INFO: [ view_parse ] --END-- [ RunTime:0.005949s ]
INFO: [ view_filter ] --START--
INFO: Run ContentReplace Behavior [ RunTime:0.000357s ]
INFO: Run TokenBuild Behavior [ RunTime:0.000398s ]
INFO: Run WriteHtmlCache Behavior [ RunTime:0.000289s ]
INFO: Run ShowRuntime Behavior [ RunTime:0.000443s ]
INFO: [ view_filter ] --END-- [ RunTime:0.001620s ]
INFO: [ view_end ] --START--
INFO: Run ShowPageTrace Behavior [ RunTime:0.000526s ]
INFO: [ view_end ] --END-- [ RunTime:0.000575s ]

[ 2017-05-09T13:57:56+08:00 ] 125.41.70.162 /dongqiudi/index.php?m=user&a=login
NOTIC: [8192] Directive 'magic_quotes_gpc' is deprecated in PHP 5.3 and greater Unknown 第 0 行.

[ 2017-05-09T13:57:58+08:00 ] 125.41.70.162 /dongqiudi/index.php?m=user&a=login
INFO: [ app_begin ] --START--
INFO: Run ReadHtmlCache Behavior [ RunTime:0.000467s ]
INFO: [ app_begin ] --END-- [ RunTime:0.000585s ]
SQL: SHOW COLUMNS FROM `fc_user` [ RunTime:0.001894s ]
SQL: SELECT * FROM `fc_user` WHERE ( account = "asd" ) LIMIT 1   [ RunTime:0.001571s ]
INFO: [ view_template ] --START--
INFO: Run LocationTemplate Behavior [ RunTime:0.000541s ]
INFO: [ view_template ] --END-- [ RunTime:0.000590s ]
INFO: [ view_parse ] --START--
INFO: Run ParseTemplate Behavior [ RunTime:0.005564s ]
INFO: [ view_parse ] --END-- [ RunTime:0.005619s ]
INFO: [ view_filter ] --START--
INFO: Run ContentReplace Behavior [ RunTime:0.000363s ]
INFO: Run TokenBuild Behavior [ RunTime:0.000365s ]
INFO: Run WriteHtmlCache Behavior [ RunTime:0.000303s ]
INFO: Run ShowRuntime Behavior [ RunTime:0.000416s ]
INFO: [ view_filter ] --END-- [ RunTime:0.001581s ]
INFO: [ view_end ] --START--
INFO: Run ShowPageTrace Behavior [ RunTime:0.000545s ]
INFO: [ view_end ] --END-- [ RunTime:0.000590s ]
NOTIC: [8192] Directive 'magic_quotes_gpc' is deprecated in PHP 5.3 and greater Unknown 第 0 行.

[ 2017-05-09T13:58:01+08:00 ] 125.41.70.162 /dongqiudi/index.php?m=user&a=login
INFO: [ app_begin ] --START--
INFO: Run ReadHtmlCache Behavior [ RunTime:0.000479s ]
INFO: [ app_begin ] --END-- [ RunTime:0.000573s ]
SQL: SHOW COLUMNS FROM `fc_user` [ RunTime:0.001648s ]
INFO: [ view_template ] --START--
INFO: Run LocationTemplate Behavior [ RunTime:0.000515s ]
INFO: [ view_template ] --END-- [ RunTime:0.000564s ]
INFO: [ view_parse ] --START--
INFO: Run ParseTemplate Behavior [ RunTime:0.005594s ]
INFO: [ view_parse ] --END-- [ RunTime:0.005661s ]
INFO: [ view_filter ] --START--
INFO: Run ContentReplace Behavior [ RunTime:0.000359s ]
INFO: Run TokenBuild Behavior [ RunTime:0.000358s ]
INFO: Run WriteHtmlCache Behavior [ RunTime:0.000346s ]
INFO: Run ShowRuntime Behavior [ RunTime:0.000399s ]
INFO: [ view_filter ] --END-- [ RunTime:0.001585s ]
INFO: [ view_end ] --START--
INFO: Run ShowPageTrace Behavior [ RunTime:0.002567s ]
INFO: [ view_end ] --END-- [ RunTime:0.002616s ]

[ 2017-05-09T13:58:01+08:00 ] 125.41.70.162 /dongqiudi/index.php?m=user&a=login
NOTIC: [8192] Directive 'magic_quotes_gpc' is deprecated in PHP 5.3 and greater Unknown 第 0 行.

[ 2017-05-09T13:58:06+08:00 ] 125.41.70.162 /dongqiudi/index.php?m=user&a=register
INFO: [ app_begin ] --START--
INFO: Run ReadHtmlCache Behavior [ RunTime:0.000485s ]
INFO: [ app_begin ] --END-- [ RunTime:0.000579s ]
SQL: SHOW COLUMNS FROM `fc_user` [ RunTime:0.001621s ]
INFO: [ view_template ] --START--
INFO: Run LocationTemplate Behavior [ RunTime:0.000501s ]
INFO: [ view_template ] --END-- [ RunTime:0.000550s ]
INFO: [ view_parse ] --START--
INFO: Run ParseTemplate Behavior [ RunTime:0.070510s ]
INFO: [ view_parse ] --END-- [ RunTime:0.070568s ]
INFO: [ view_filter ] --START--
INFO: Run ContentReplace Behavior [ RunTime:0.000385s ]
INFO: Run TokenBuild Behavior [ RunTime:0.000358s ]
INFO: Run WriteHtmlCache Behavior [ RunTime:0.000304s ]
INFO: Run ShowRuntime Behavior [ RunTime:0.000414s ]
INFO: [ view_filter ] --END-- [ RunTime:0.001608s ]
INFO: [ view_end ] --START--
INFO: Run ShowPageTrace Behavior [ RunTime:0.000522s ]
INFO: [ view_end ] --END-- [ RunTime:0.000567s ]

[ 2017-05-09T13:58:06+08:00 ] 125.41.70.162 /dongqiudi/index.php?m=user&a=register
NOTIC: [8192] Directive 'magic_quotes_gpc' is deprecated in PHP 5.3 and greater Unknown 第 0 行.

[ 2017-05-09T13:58:11+08:00 ] 125.41.70.162 /dongqiudi/index.php?m=index&a=index
INFO: [ app_begin ] --START--
INFO: Run ReadHtmlCache Behavior [ RunTime:0.000503s ]
INFO: [ app_begin ] --END-- [ RunTime:0.000610s ]
NOTIC: [2048] Declaration of IndexAction::show() should be compatible with that of Action::show() /data/home/bxu2442590746/htdocs/dongqiudi/Home/Lib/Action/IndexAction.class.php 第 549 行.
SQL: SHOW COLUMNS FROM `fc_news` [ RunTime:0.001881s ]
SQL: SELECT * FROM fc_news n LEFT JOIN fc_news_data as d on n.id = d.id WHERE ( position = 2 ) ORDER BY n.id desc LIMIT 5   [ RunTime:0.003264s ]
SQL: SELECT * FROM fc_news n LEFT JOIN fc_news_data as d on n.id = d.id WHERE ( n.position = 1 ) ORDER BY n.id desc  [ RunTime:0.001750s ]
SQL: SHOW COLUMNS FROM `fc_comment` [ RunTime:0.001807s ]
SQL: SELECT COUNT(*) AS tp_count FROM `fc_comment` WHERE ( news_id = 75 ) LIMIT 1   [ RunTime:0.001443s ]
SQL: SELECT COUNT(*) AS tp_count FROM `fc_comment` WHERE ( news_id = 74 ) LIMIT 1   [ RunTime:0.001460s ]
SQL: SELECT COUNT(*) AS tp_count FROM `fc_comment` WHERE ( news_id = 61 ) LIMIT 1   [ RunTime:0.001461s ]
NOTIC: [8] Undefined variable: num /data/home/bxu2442590746/htdocs/dongqiudi/Home/Lib/Action/IndexAction.class.php 第 28 行.
SQL: SHOW COLUMNS FROM `fc_match` [ RunTime:0.001855s ]
SQL: SHOW COLUMNS FROM `fc_team` [ RunTime:0.001790s ]
SQL: SELECT * FROM `fc_match` WHERE ( position = 1 or position =3 ) ORDER BY match_id desc LIMIT 5   [ RunTime:0.001483s ]
SQL: SELECT * FROM `fc_team` WHERE ( team_id = 13 ) LIMIT 1   [ RunTime:0.001468s ]
SQL: SELECT * FROM `fc_team` WHERE ( team_id = 1 ) LIMIT 1   [ RunTime:0.001460s ]
SQL: SELECT * FROM `fc_team` WHERE ( team_id = 29 ) LIMIT 1   [ RunTime:0.001473s ]
SQL: SELECT * FROM `fc_team` WHERE ( team_id = 30 ) LIMIT 1   [ RunTime:0.001454s ]
SQL: SELECT * FROM `fc_team` WHERE ( team_id = 26 ) LIMIT 1   [ RunTime:0.001465s ]
SQL: SELECT * FROM `fc_team` WHERE ( team_id = 25 ) LIMIT 1   [ RunTime:0.001455s ]
SQL: SELECT * FROM `fc_team` WHERE ( team_id = 21 ) LIMIT 1   [ RunTime:0.001514s ]
SQL: SELECT * FROM `fc_team` WHERE ( team_id = 22 ) LIMIT 1   [ RunTime:0.001472s ]
SQL: SELECT * FROM `fc_team` WHERE ( team_id = 3 ) LIMIT 1   [ RunTime:0.001473s ]
SQL: SELECT * FROM `fc_team` WHERE ( team_id = 12 ) LIMIT 1   [ RunTime:0.001484s ]
SQL: SELECT * FROM `fc_team` WHERE ( league = "中超" ) ORDER BY league_integral desc , goal_difference desc LIMIT 10   [ RunTime:0.001507s ]
SQL: SHOW COLUMNS FROM `fc_user` [ RunTime:0.001737s ]
SQL: SELECT comment.comment_id AS comment_id,comment.news_id AS news_id,comment.content AS content,comment.fabulous AS fabulous,comment.parent_id AS parent_id,comment.user_id AS user_id,comment.updatetime AS updatetime,user.user_id AS username_id,user.username AS username,user.headimg AS headimg,news.id AS id,news.title AS title FROM fc_comment comment LEFT JOIN fc_user user ON comment.user_id=user.user_id  JOIN fc_news news ON comment.news_id=news.id ORDER BY comment.fabulous desc LIMIT 5   [ RunTime:0.001499s ]
INFO: [ view_template ] --START--
INFO: Run LocationTemplate Behavior [ RunTime:0.000467s ]
INFO: [ view_template ] --END-- [ RunTime:0.000517s ]
INFO: [ view_parse ] --START--
NOTIC: [8] Undefined index: username /data/home/bxu2442590746/htdocs/dongqiudi/Home/Runtime/Cache/7e4848229090366086cc7eeb3bfc0798.php 第 314 行.
NOTIC: [8] Undefined index: username /data/home/bxu2442590746/htdocs/dongqiudi/Home/Runtime/Cache/7e4848229090366086cc7eeb3bfc0798.php 第 314 行.
NOTIC: [8] Undefined index: username /data/home/bxu2442590746/htdocs/dongqiudi/Home/Runtime/Cache/7e4848229090366086cc7eeb3bfc0798.php 第 314 行.
NOTIC: [8] Undefined index: username /data/home/bxu2442590746/htdocs/dongqiudi/Home/Runtime/Cache/7e4848229090366086cc7eeb3bfc0798.php 第 314 行.
NOTIC: [8] Undefined index: username /data/home/bxu2442590746/htdocs/dongqiudi/Home/Runtime/Cache/7e4848229090366086cc7eeb3bfc0798.php 第 314 行.
INFO: Run ParseTemplate Behavior [ RunTime:0.020681s ]
INFO: [ view_parse ] --END-- [ RunTime:0.020728s ]
INFO: [ view_filter ] --START--
INFO: Run ContentReplace Behavior [ RunTime:0.000456s ]
INFO: Run TokenBuild Behavior [ RunTime:0.000379s ]
INFO: Run WriteHtmlCache Behavior [ RunTime:0.000300s ]
INFO: Run ShowRuntime Behavior [ RunTime:0.000434s ]
INFO: [ view_filter ] --END-- [ RunTime:0.001690s ]
INFO: [ view_end ] --START--
INFO: Run ShowPageTrace Behavior [ RunTime:0.000480s ]
INFO: [ view_end ] --END-- [ RunTime:0.000520s ]

[ 2017-05-09T13:58:11+08:00 ] 125.41.70.162 /dongqiudi/index.php?m=index&a=index
NOTIC: [8192] Directive 'magic_quotes_gpc' is deprecated in PHP 5.3 and greater Unknown 第 0 行.

[ 2017-05-09T14:00:07+08:00 ] 125.41.70.162 /dongqiudi/index.php?m=march&a=index
INFO: [ app_begin ] --START--
INFO: Run ReadHtmlCache Behavior [ RunTime:0.000489s ]
INFO: [ app_begin ] --END-- [ RunTime:0.000608s ]
SQL: SHOW COLUMNS FROM `fc_match` [ RunTime:0.001556s ]
SQL: SHOW COLUMNS FROM `fc_team` [ RunTime:0.001422s ]
SQL: SELECT * FROM `fc_match` WHERE ( position =2 or position =3 ) ORDER BY start_time asc  [ RunTime:0.001081s ]
SQL: SELECT * FROM `fc_team` WHERE ( team_id = 9 ) LIMIT 1   [ RunTime:0.001014s ]
SQL: SELECT * FROM `fc_team` WHERE ( team_id = 11 ) LIMIT 1   [ RunTime:0.000981s ]
SQL: SELECT * FROM `fc_team` WHERE ( team_id = 8 ) LIMIT 1   [ RunTime:0.001002s ]
SQL: SELECT * FROM `fc_team` WHERE ( team_id = 14 ) LIMIT 1   [ RunTime:0.001007s ]
SQL: SELECT * FROM `fc_team` WHERE ( team_id = 3 ) LIMIT 1   [ RunTime:0.001005s ]
SQL: SELECT * FROM `fc_team` WHERE ( team_id = 6 ) LIMIT 1   [ RunTime:0.000994s ]
SQL: SELECT * FROM `fc_team` WHERE ( team_id = 12 ) LIMIT 1   [ RunTime:0.001003s ]
SQL: SELECT * FROM `fc_team` WHERE ( team_id = 15 ) LIMIT 1   [ RunTime:0.000998s ]
SQL: SELECT * FROM `fc_team` WHERE ( team_id = 7 ) LIMIT 1   [ RunTime:0.000991s ]
SQL: SELECT * FROM `fc_team` WHERE ( team_id = 16 ) LIMIT 1   [ RunTime:0.000998s ]
SQL: SELECT * FROM `fc_team` WHERE ( team_id = 2 ) LIMIT 1   [ RunTime:0.000993s ]
SQL: SELECT * FROM `fc_team` WHERE ( team_id = 5 ) LIMIT 1   [ RunTime:0.000983s ]
SQL: SELECT * FROM `fc_team` WHERE ( team_id = 1 ) LIMIT 1   [ RunTime:0.001012s ]
SQL: SELECT * FROM `fc_team` WHERE ( team_id = 10 ) LIMIT 1   [ RunTime:0.000999s ]
SQL: SELECT * FROM `fc_team` WHERE ( team_id = 13 ) LIMIT 1   [ RunTime:0.000983s ]
SQL: SELECT * FROM `fc_team` WHERE ( team_id = 4 ) LIMIT 1   [ RunTime:0.000983s ]
SQL: SELECT * FROM `fc_team` WHERE ( team_id = 12 ) LIMIT 1   [ RunTime:0.001006s ]
SQL: SELECT * FROM `fc_team` WHERE ( team_id = 2 ) LIMIT 1   [ RunTime:0.001003s ]
SQL: SELECT * FROM `fc_team` WHERE ( team_id = 3 ) LIMIT 1   [ RunTime:0.000998s ]
SQL: SELECT * FROM `fc_team` WHERE ( team_id = 16 ) LIMIT 1   [ RunTime:0.001008s ]
SQL: SELECT * FROM `fc_team` WHERE ( team_id = 4 ) LIMIT 1   [ RunTime:0.001098s ]
SQL: SELECT * FROM `fc_team` WHERE ( team_id = 15 ) LIMIT 1   [ RunTime:0.000972s ]
SQL: SELECT * FROM `fc_team` WHERE ( team_id = 7 ) LIMIT 1   [ RunTime:0.000962s ]
SQL: SELECT * FROM `fc_team` WHERE ( team_id = 10 ) LIMIT 1   [ RunTime:0.001004s ]
SQL: SELECT * FROM `fc_team` WHERE ( team_id = 9 ) LIMIT 1   [ RunTime:0.001012s ]
SQL: SELECT * FROM `fc_team` WHERE ( team_id = 5 ) LIMIT 1   [ RunTime:0.001019s ]
SQL: SELECT * FROM `fc_team` WHERE ( team_id = 13 ) LIMIT 1   [ RunTime:0.001161s ]
SQL: SELECT * FROM `fc_team` WHERE ( team_id = 14 ) LIMIT 1   [ RunTime:0.001024s ]
SQL: SELECT * FROM `fc_team` WHERE ( team_id = 8 ) LIMIT 1   [ RunTime:0.000981s ]
SQL: SELECT * FROM `fc_team` WHERE ( team_id = 6 ) LIMIT 1   [ RunTime:0.000991s ]
SQL: SELECT * FROM `fc_team` WHERE ( team_id = 1 ) LIMIT 1   [ RunTime:0.001074s ]
SQL: SELECT * FROM `fc_team` WHERE ( team_id = 11 ) LIMIT 1   [ RunTime:0.001008s ]
SQL: SELECT * FROM `fc_team` WHERE ( team_id = 16 ) LIMIT 1   [ RunTime:0.000986s ]
SQL: SELECT * FROM `fc_team` WHERE ( team_id = 8 ) LIMIT 1   [ RunTime:0.000980s ]
SQL: SELECT * FROM `fc_team` WHERE ( team_id = 10 ) LIMIT 1   [ RunTime:0.001001s ]
SQL: SELECT * FROM `fc_team` WHERE ( team_id = 9 ) LIMIT 1   [ RunTime:0.000987s ]
SQL: SELECT * FROM `fc_team` WHERE ( team_id = 14 ) LIMIT 1   [ RunTime:0.000988s ]
SQL: SELECT * FROM `fc_team` WHERE ( team_id = 1 ) LIMIT 1   [ RunTime:0.001020s ]
SQL: SELECT * FROM `fc_team` WHERE ( team_id = 2 ) LIMIT 1   [ RunTime:0.001001s ]
SQL: SELECT * FROM `fc_team` WHERE ( team_id = 3 ) LIMIT 1   [ RunTime:0.001003s ]
SQL: SELECT * FROM `fc_team` WHERE ( team_id = 6 ) LIMIT 1   [ RunTime:0.001026s ]
SQL: SELECT * FROM `fc_team` WHERE ( team_id = 12 ) LIMIT 1   [ RunTime:0.000967s ]
SQL: SELECT * FROM `fc_team` WHERE ( team_id = 11 ) LIMIT 1   [ RunTime:0.001026s ]
SQL: SELECT * FROM `fc_team` WHERE ( team_id = 4 ) LIMIT 1   [ RunTime:0.001020s ]
SQL: SELECT * FROM `fc_team` WHERE ( team_id = 15 ) LIMIT 1   [ RunTime:0.000997s ]
SQL: SELECT * FROM `fc_team` WHERE ( team_id = 7 ) LIMIT 1   [ RunTime:0.000986s ]
SQL: SELECT * FROM `fc_team` WHERE ( team_id = 5 ) LIMIT 1   [ RunTime:0.000986s ]
SQL: SELECT * FROM `fc_team` WHERE ( team_id = 13 ) LIMIT 1   [ RunTime:0.000988s ]
SQL: SELECT * FROM `fc_team` WHERE ( team_id = 4 ) LIMIT 1   [ RunTime:0.001006s ]
SQL: SELECT * FROM `fc_team` WHERE ( team_id = 7 ) LIMIT 1   [ RunTime:0.000984s ]
SQL: SELECT * FROM `fc_team` WHERE ( team_id = 5 ) LIMIT 1   [ RunTime:0.000979s ]
SQL: SELECT * FROM `fc_team` WHERE ( team_id = 1 ) LIMIT 1   [ RunTime:0.001051s ]
SQL: SELECT * FROM `fc_team` WHERE ( team_id = 3 ) LIMIT 1   [ RunTime:0.001013s ]
SQL: SELECT * FROM `fc_team` WHERE ( team_id = 12 ) LIMIT 1   [ RunTime:0.000991s ]
SQL: SELECT * FROM `fc_team` WHERE ( team_id = 9 ) LIMIT 1   [ RunTime:0.001065s ]
SQL: SELECT * FROM `fc_team` WHERE ( team_id = 15 ) LIMIT 1   [ RunTime:0.000987s ]
SQL: SELECT * FROM `fc_team` WHERE ( team_id = 2 ) LIMIT 1   [ RunTime:0.000981s ]
SQL: SELECT * FROM `fc_team` WHERE ( team_id = 8 ) LIMIT 1   [ RunTime:0.001007s ]
SQL: SELECT * FROM `fc_team` WHERE ( team_id = 10 ) LIMIT 1   [ RunTime:0.000998s ]
SQL: SELECT * FROM `fc_team` WHERE ( team_id = 13 ) LIMIT 1   [ RunTime:0.000993s ]
SQL: SELECT * FROM `fc_team` WHERE ( team_id = 6 ) LIMIT 1   [ RunTime:0.001006s ]
SQL: SELECT * FROM `fc_team` WHERE ( team_id = 11 ) LIMIT 1   [ RunTime:0.001002s ]
SQL: SELECT * FROM `fc_team` WHERE ( team_id = 14 ) LIMIT 1   [ RunTime:0.001003s ]
SQL: SELECT * FROM `fc_team` WHERE ( team_id = 16 ) LIMIT 1   [ RunTime:0.001006s ]
SQL: SELECT * FROM `fc_team` WHERE ( team_id = 21 ) LIMIT 1   [ RunTime:0.000992s ]
SQL: SELECT * FROM `fc_team` WHERE ( team_id = 22 ) LIMIT 1   [ RunTime:0.000999s ]
SQL: SELECT * FROM `fc_team` WHERE ( team_id = 26 ) LIMIT 1   [ RunTime:0.000991s ]
SQL: SELECT * FROM `fc_team` WHERE ( team_id = 25 ) LIMIT 1   [ RunTime:0.001013s ]
SQL: SELECT * FROM `fc_team` WHERE ( team_id = 27 ) LIMIT 1   [ RunTime:0.001015s ]
SQL: SELECT * FROM `fc_team` WHERE ( team_id = 28 ) LIMIT 1   [ RunTime:0.001029s ]
SQL: SELECT * FROM `fc_team` WHERE ( team_id = 31 ) LIMIT 1   [ RunTime:0.000986s ]
SQL: SELECT * FROM `fc_team` WHERE ( team_id = 33 ) LIMIT 1   [ RunTime:0.001017s ]
SQL: SELECT * FROM `fc_team` WHERE ( team_id = 35 ) LIMIT 1   [ RunTime:0.001007s ]
SQL: SELECT * FROM `fc_team` WHERE ( team_id = 23 ) LIMIT 1   [ RunTime:0.000996s ]
SQL: SELECT * FROM `fc_team` WHERE ( team_id = 1 ) LIMIT 1   [ RunTime:0.000994s ]
SQL: SELECT * FROM `fc_team` WHERE ( team_id = 4 ) LIMIT 1   [ RunTime:0.000973s ]
SQL: SELECT * FROM `fc_team` WHERE ( team_id = 29 ) LIMIT 1   [ RunTime:0.000987s ]
SQL: SELECT * FROM `fc_team` WHERE ( team_id = 30 ) LIMIT 1   [ RunTime:0.000999s ]
SQL: SELECT * FROM `fc_team` WHERE ( team_id = 13 ) LIMIT 1   [ RunTime:0.000983s ]
SQL: SELECT * FROM `fc_team` WHERE ( team_id = 1 ) LIMIT 1   [ RunTime:0.000990s ]
INFO: [ view_template ] --START--
INFO: Run LocationTemplate Behavior [ RunTime:0.000464s ]
INFO: [ view_template ] --END-- [ RunTime:0.000516s ]
INFO: [ view_parse ] --START--
INFO: Run ParseTemplate Behavior [ RunTime:0.017007s ]
INFO: [ view_parse ] --END-- [ RunTime:0.017076s ]
INFO: [ view_filter ] --START--
INFO: Run ContentReplace Behavior [ RunTime:0.000415s ]
INFO: Run TokenBuild Behavior [ RunTime:0.000359s ]
INFO: Run WriteHtmlCache Behavior [ RunTime:0.000305s ]
INFO: Run ShowRuntime Behavior [ RunTime:0.000402s ]
INFO: [ view_filter ] --END-- [ RunTime:0.001606s ]
INFO: [ view_end ] --START--
INFO: Run ShowPageTrace Behavior [ RunTime:0.000483s ]
INFO: [ view_end ] --END-- [ RunTime:0.000525s ]

[ 2017-05-09T14:00:07+08:00 ] 125.41.70.162 /dongqiudi/index.php?m=march&a=index
NOTIC: [8192] Directive 'magic_quotes_gpc' is deprecated in PHP 5.3 and greater Unknown 第 0 行.

[ 2017-05-09T14:00:20+08:00 ] 125.41.70.162 /dongqiudi/index.php?m=index&a=show&id=61
INFO: [ app_begin ] --START--
INFO: Run ReadHtmlCache Behavior [ RunTime:0.000759s ]
INFO: [ app_begin ] --END-- [ RunTime:0.000898s ]
NOTIC: [2048] Declaration of IndexAction::show() should be compatible with that of Action::show() /data/home/bxu2442590746/htdocs/dongqiudi/Home/Lib/Action/IndexAction.class.php 第 549 行.
SQL: SHOW COLUMNS FROM `fc_news` [ RunTime:0.001381s ]
SQL: SELECT * FROM fc_news n LEFT JOIN fc_news_data as d on n.id = d.id LEFT JOIN fc_user as u on n.user_id = u.user_id WHERE ( n.id = '61' ) AND ( d.id = '61' ) LIMIT 1   [ RunTime:0.001366s ]
SQL: SHOW COLUMNS FROM `fc_comment` [ RunTime:0.001196s ]
SQL: SELECT COUNT(*) AS tp_count FROM `fc_comment` WHERE ( news_id = 61 ) LIMIT 1   [ RunTime:0.001085s ]
SQL: SELECT * FROM fc_comment n LEFT JOIN fc_user as d on n.user_id = d.user_id WHERE ( news_id = 61 ) ORDER BY n.updatetime desc LIMIT 0,7   [ RunTime:0.001185s ]
SQL: SELECT * FROM fc_comment n LEFT JOIN fc_user as d on n.user_id = d.user_id WHERE ( comment_id = 37 ) ORDER BY n.updatetime desc LIMIT 0,7   [ RunTime:0.002054s ]
SQL: SELECT COUNT(*) AS tp_count FROM `fc_comment` WHERE ( news_id = 61 ) LIMIT 1   [ RunTime:0.000951s ]
SQL: SHOW COLUMNS FROM `fc_user` [ RunTime:0.001251s ]
SQL: SELECT comment.comment_id AS comment_id,comment.news_id AS news_id,comment.content AS content,comment.fabulous AS fabulous,comment.parent_id AS parent_id,comment.user_id AS user_id,comment.updatetime AS updatetime,user.user_id AS username_id,user.username AS username,user.headimg AS headimg,news.id AS id,news.title AS title FROM fc_comment comment LEFT JOIN fc_user user ON comment.user_id=user.user_id  JOIN fc_news news ON comment.news_id=news.id WHERE ( comment.fabulous >= '3' ) AND ( news.id = '61' ) ORDER BY comment.fabulous desc  [ RunTime:0.001186s ]
INFO: [ view_template ] --START--
INFO: Run LocationTemplate Behavior [ RunTime:0.000460s ]
INFO: [ view_template ] --END-- [ RunTime:0.000510s ]
INFO: [ view_parse ] --START--
NOTIC: [8] Undefined index: username /data/home/bxu2442590746/htdocs/dongqiudi/Home/Runtime/Cache/8900f6c60654ed91e9ce9789196cfe05.php 第 111 行.
NOTIC: [8] Undefined index: username /data/home/bxu2442590746/htdocs/dongqiudi/Home/Runtime/Cache/8900f6c60654ed91e9ce9789196cfe05.php 第 115 行.
NOTIC: [8] Undefined index: username /data/home/bxu2442590746/htdocs/dongqiudi/Home/Runtime/Cache/8900f6c60654ed91e9ce9789196cfe05.php 第 176 行.
NOTIC: [8] Undefined index: username /data/home/bxu2442590746/htdocs/dongqiudi/Home/Runtime/Cache/8900f6c60654ed91e9ce9789196cfe05.php 第 176 行.
NOTIC: [8] Undefined index: username /data/home/bxu2442590746/htdocs/dongqiudi/Home/Runtime/Cache/8900f6c60654ed91e9ce9789196cfe05.php 第 176 行.
NOTIC: [8] Undefined index: username /data/home/bxu2442590746/htdocs/dongqiudi/Home/Runtime/Cache/8900f6c60654ed91e9ce9789196cfe05.php 第 176 行.
NOTIC: [8] Undefined index: username /data/home/bxu2442590746/htdocs/dongqiudi/Home/Runtime/Cache/8900f6c60654ed91e9ce9789196cfe05.php 第 176 行.
NOTIC: [8] Undefined index: username /data/home/bxu2442590746/htdocs/dongqiudi/Home/Runtime/Cache/8900f6c60654ed91e9ce9789196cfe05.php 第 176 行.
NOTIC: [8] Undefined index: username /data/home/bxu2442590746/htdocs/dongqiudi/Home/Runtime/Cache/8900f6c60654ed91e9ce9789196cfe05.php 第 176 行.
INFO: Run ParseTemplate Behavior [ RunTime:0.015936s ]
INFO: [ view_parse ] --END-- [ RunTime:0.015982s ]
INFO: [ view_filter ] --START--
INFO: Run ContentReplace Behavior [ RunTime:0.000435s ]
INFO: Run TokenBuild Behavior [ RunTime:0.000359s ]
INFO: Run WriteHtmlCache Behavior [ RunTime:0.000286s ]
INFO: Run ShowRuntime Behavior [ RunTime:0.000475s ]
INFO: [ view_filter ] --END-- [ RunTime:0.001678s ]
INFO: [ view_end ] --START--
INFO: Run ShowPageTrace Behavior [ RunTime:0.000491s ]
INFO: [ view_end ] --END-- [ RunTime:0.000532s ]

[ 2017-05-09T14:00:20+08:00 ] 125.41.70.162 /dongqiudi/index.php?m=index&a=show&id=61
NOTIC: [8192] Directive 'magic_quotes_gpc' is deprecated in PHP 5.3 and greater Unknown 第 0 行.

