[ 2017-05-08T01:16:05+08:00 ] 123.14.236.44 /dongqiudi/index.php?m=index&a=index
INFO: [ app_begin ] --START--
INFO: Run ReadHtmlCache Behavior [ RunTime:0.000499s ]
INFO: [ app_begin ] --END-- [ RunTime:0.000603s ]
NOTIC: [2048] Declaration of IndexAction::show() should be compatible with that of Action::show() /data/home/bxu2442590746/htdocs/dongqiudi/Home/Lib/Action/IndexAction.class.php 第 549 行.
SQL: SHOW COLUMNS FROM `fc_news` [ RunTime:0.001971s ]
SQL: SELECT * FROM fc_news n LEFT JOIN fc_news_data as d on n.id = d.id WHERE ( position = 2 ) ORDER BY n.id desc LIMIT 5   [ RunTime:0.003552s ]
SQL: SELECT * FROM fc_news n LEFT JOIN fc_news_data as d on n.id = d.id WHERE ( n.position = 1 ) ORDER BY n.id desc  [ RunTime:0.001858s ]
SQL: SHOW COLUMNS FROM `fc_comment` [ RunTime:0.001972s ]
SQL: SELECT COUNT(*) AS tp_count FROM `fc_comment` WHERE ( news_id = 75 ) LIMIT 1   [ RunTime:0.001631s ]
SQL: SELECT COUNT(*) AS tp_count FROM `fc_comment` WHERE ( news_id = 74 ) LIMIT 1   [ RunTime:0.001519s ]
SQL: SELECT COUNT(*) AS tp_count FROM `fc_comment` WHERE ( news_id = 61 ) LIMIT 1   [ RunTime:0.001518s ]
NOTIC: [8] Undefined variable: num /data/home/bxu2442590746/htdocs/dongqiudi/Home/Lib/Action/IndexAction.class.php 第 28 行.
SQL: SHOW COLUMNS FROM `fc_match` [ RunTime:0.001762s ]
SQL: SHOW COLUMNS FROM `fc_team` [ RunTime:0.003433s ]
SQL: SELECT * FROM `fc_match` WHERE ( position = 1 or position =3 ) ORDER BY match_id desc LIMIT 5   [ RunTime:0.001666s ]
SQL: SELECT * FROM `fc_team` WHERE ( team_id = 13 ) LIMIT 1   [ RunTime:0.001614s ]
SQL: SELECT * FROM `fc_team` WHERE ( team_id = 1 ) LIMIT 1   [ RunTime:0.001590s ]
SQL: SELECT * FROM `fc_team` WHERE ( team_id = 29 ) LIMIT 1   [ RunTime:0.001517s ]
SQL: SELECT * FROM `fc_team` WHERE ( team_id = 30 ) LIMIT 1   [ RunTime:0.002193s ]
SQL: SELECT * FROM `fc_team` WHERE ( team_id = 26 ) LIMIT 1   [ RunTime:0.001523s ]
SQL: SELECT * FROM `fc_team` WHERE ( team_id = 25 ) LIMIT 1   [ RunTime:0.001642s ]
SQL: SELECT * FROM `fc_team` WHERE ( team_id = 21 ) LIMIT 1   [ RunTime:0.001694s ]
SQL: SELECT * FROM `fc_team` WHERE ( team_id = 22 ) LIMIT 1   [ RunTime:0.001550s ]
SQL: SELECT * FROM `fc_team` WHERE ( team_id = 3 ) LIMIT 1   [ RunTime:0.001517s ]
SQL: SELECT * FROM `fc_team` WHERE ( team_id = 12 ) LIMIT 1   [ RunTime:0.001597s ]
SQL: SELECT * FROM `fc_team` WHERE ( league = "中超" ) ORDER BY league_integral desc , goal_difference desc LIMIT 10   [ RunTime:0.001635s ]
SQL: SHOW COLUMNS FROM `fc_user` [ RunTime:0.002018s ]
SQL: SELECT comment.comment_id AS comment_id,comment.news_id AS news_id,comment.content AS content,comment.fabulous AS fabulous,comment.parent_id AS parent_id,comment.user_id AS user_id,comment.updatetime AS updatetime,user.user_id AS username_id,user.username AS username,user.headimg AS headimg,news.id AS id,news.title AS title FROM fc_comment comment LEFT JOIN fc_user user ON comment.user_id=user.user_id  JOIN fc_news news ON comment.news_id=news.id ORDER BY comment.fabulous desc LIMIT 5   [ RunTime:0.001757s ]
INFO: [ view_template ] --START--
INFO: Run LocationTemplate Behavior [ RunTime:0.000498s ]
INFO: [ view_template ] --END-- [ RunTime:0.000552s ]
INFO: [ view_parse ] --START--
INFO: Run ParseTemplate Behavior [ RunTime:0.021138s ]
INFO: [ view_parse ] --END-- [ RunTime:0.021193s ]
INFO: [ view_filter ] --START--
INFO: Run ContentReplace Behavior [ RunTime:0.000486s ]
INFO: Run TokenBuild Behavior [ RunTime:0.000380s ]
INFO: Run WriteHtmlCache Behavior [ RunTime:0.000311s ]
INFO: Run ShowRuntime Behavior [ RunTime:0.000480s ]
INFO: [ view_filter ] --END-- [ RunTime:0.001779s ]
INFO: [ view_end ] --START--
INFO: Run ShowPageTrace Behavior [ RunTime:0.000454s ]
INFO: [ view_end ] --END-- [ RunTime:0.000496s ]

[ 2017-05-08T01:16:05+08:00 ] 123.14.236.44 /dongqiudi/index.php?m=index&a=index
NOTIC: [8192] Directive 'magic_quotes_gpc' is deprecated in PHP 5.3 and greater Unknown 第 0 行.

[ 2017-05-08T01:16:09+08:00 ] 123.14.236.44 /dongqiudi/index.php?m=data&a=index
INFO: [ app_begin ] --START--
INFO: Run ReadHtmlCache Behavior [ RunTime:0.000467s ]
INFO: [ app_begin ] --END-- [ RunTime:0.000573s ]
SQL: SHOW COLUMNS FROM `fc_team` [ RunTime:0.002000s ]
SQL: SHOW COLUMNS FROM `fc_match` [ RunTime:0.001577s ]
SQL: SELECT * FROM `fc_team` WHERE ( league = "中超" ) ORDER BY league_integral desc , goal_difference desc  [ RunTime:0.001504s ]
SQL: SELECT * FROM `fc_match` WHERE ( `start_time` <= 1494177369 ) ORDER BY match_id desc LIMIT 1   [ RunTime:0.001351s ]
NOTIC: [8] Undefined index: gameweek /data/home/bxu2442590746/htdocs/dongqiudi/Home/Lib/Action/DataAction.class.php 第 20 行.
INFO: [ view_template ] --START--
INFO: Run LocationTemplate Behavior [ RunTime:0.000472s ]
INFO: [ view_template ] --END-- [ RunTime:0.000532s ]
INFO: [ view_parse ] --START--
NOTIC: [8] Undefined index: type /data/home/bxu2442590746/htdocs/dongqiudi/Home/Runtime/Cache/11000071f57ca86652125fcf5dbb4800.php 第 134 行.
INFO: Run ParseTemplate Behavior [ RunTime:0.015194s ]
INFO: [ view_parse ] --END-- [ RunTime:0.015242s ]
INFO: [ view_filter ] --START--
INFO: Run ContentReplace Behavior [ RunTime:0.000413s ]
INFO: Run TokenBuild Behavior [ RunTime:0.000348s ]
INFO: Run WriteHtmlCache Behavior [ RunTime:0.000304s ]
INFO: Run ShowRuntime Behavior [ RunTime:0.000391s ]
INFO: [ view_filter ] --END-- [ RunTime:0.001578s ]
INFO: [ view_end ] --START--
INFO: Run ShowPageTrace Behavior [ RunTime:0.000473s ]
INFO: [ view_end ] --END-- [ RunTime:0.000514s ]

[ 2017-05-08T01:16:09+08:00 ] 123.14.236.44 /dongqiudi/index.php?m=data&a=index
NOTIC: [8192] Directive 'magic_quotes_gpc' is deprecated in PHP 5.3 and greater Unknown 第 0 行.

[ 2017-05-08T01:16:12+08:00 ] 123.14.236.44 /dongqiudi/index.php?m=data&a=index&type=schedule&gameweek=5
INFO: [ app_begin ] --START--
INFO: Run ReadHtmlCache Behavior [ RunTime:0.000732s ]
INFO: [ app_begin ] --END-- [ RunTime:0.000897s ]
SQL: SHOW COLUMNS FROM `fc_team` [ RunTime:0.001756s ]
SQL: SHOW COLUMNS FROM `fc_match` [ RunTime:0.001506s ]
SQL: SELECT * FROM `fc_team` WHERE ( league = "中超" ) ORDER BY league_integral desc , goal_difference desc  [ RunTime:0.001361s ]
SQL: SELECT * FROM `fc_match` WHERE ( `start_time` <= 1494177372 ) ORDER BY match_id desc LIMIT 1   [ RunTime:0.001783s ]
SQL: SELECT * FROM `fc_match` WHERE ( level = '中超' and league_round = 5 )  [ RunTime:0.001370s ]
SQL: SELECT * FROM `fc_team` WHERE ( team_id = 1 ) LIMIT 1   [ RunTime:0.001219s ]
SQL: SELECT * FROM `fc_team` WHERE ( team_id = 4 ) LIMIT 1   [ RunTime:0.001320s ]
INFO: [ view_template ] --START--
INFO: Run LocationTemplate Behavior [ RunTime:0.000736s ]
INFO: [ view_template ] --END-- [ RunTime:0.000809s ]
INFO: [ view_parse ] --START--
INFO: Run ParseTemplate Behavior [ RunTime:0.015789s ]
INFO: [ view_parse ] --END-- [ RunTime:0.015878s ]
INFO: [ view_filter ] --START--
INFO: Run ContentReplace Behavior [ RunTime:0.000428s ]
INFO: Run TokenBuild Behavior [ RunTime:0.000349s ]
INFO: Run WriteHtmlCache Behavior [ RunTime:0.000321s ]
INFO: Run ShowRuntime Behavior [ RunTime:0.000411s ]
INFO: [ view_filter ] --END-- [ RunTime:0.001634s ]
INFO: [ view_end ] --START--
INFO: Run ShowPageTrace Behavior [ RunTime:0.000460s ]
INFO: [ view_end ] --END-- [ RunTime:0.000500s ]

[ 2017-05-08T01:16:12+08:00 ] 123.14.236.44 /dongqiudi/index.php?m=data&a=index&type=schedule&gameweek=5
NOTIC: [8192] Directive 'magic_quotes_gpc' is deprecated in PHP 5.3 and greater Unknown 第 0 行.

[ 2017-05-08T01:16:14+08:00 ] 123.14.236.44 /dongqiudi/index.php?m=data&a=index&type=schedule&gameweek=6
INFO: [ app_begin ] --START--
INFO: Run ReadHtmlCache Behavior [ RunTime:0.000891s ]
INFO: [ app_begin ] --END-- [ RunTime:0.001019s ]
SQL: SHOW COLUMNS FROM `fc_team` [ RunTime:0.001547s ]
SQL: SHOW COLUMNS FROM `fc_match` [ RunTime:0.001269s ]
SQL: SELECT * FROM `fc_team` WHERE ( league = "中超" ) ORDER BY league_integral desc , goal_difference desc  [ RunTime:0.001058s ]
SQL: SELECT * FROM `fc_match` WHERE ( `start_time` <= 1494177374 ) ORDER BY match_id desc LIMIT 1   [ RunTime:0.001081s ]
SQL: SELECT * FROM `fc_match` WHERE ( level = '中超' and league_round = 6 )  [ RunTime:0.001143s ]
NOTIC: [2] Invalid argument supplied for foreach() /data/home/bxu2442590746/htdocs/dongqiudi/Home/Lib/Action/DataAction.class.php 第 23 行.
INFO: [ view_template ] --START--
INFO: Run LocationTemplate Behavior [ RunTime:0.000523s ]
INFO: [ view_template ] --END-- [ RunTime:0.000579s ]
INFO: [ view_parse ] --START--
INFO: Run ParseTemplate Behavior [ RunTime:0.015298s ]
INFO: [ view_parse ] --END-- [ RunTime:0.015348s ]
INFO: [ view_filter ] --START--
INFO: Run ContentReplace Behavior [ RunTime:0.000399s ]
INFO: Run TokenBuild Behavior [ RunTime:0.000410s ]
INFO: Run WriteHtmlCache Behavior [ RunTime:0.000297s ]
INFO: Run ShowRuntime Behavior [ RunTime:0.000416s ]
INFO: [ view_filter ] --END-- [ RunTime:0.001646s ]
INFO: [ view_end ] --START--
INFO: Run ShowPageTrace Behavior [ RunTime:0.000454s ]
INFO: [ view_end ] --END-- [ RunTime:0.000493s ]

[ 2017-05-08T01:16:14+08:00 ] 123.14.236.44 /dongqiudi/index.php?m=data&a=index&type=schedule&gameweek=6
NOTIC: [8192] Directive 'magic_quotes_gpc' is deprecated in PHP 5.3 and greater Unknown 第 0 行.

[ 2017-05-08T01:16:16+08:00 ] 123.14.236.44 /dongqiudi/index.php?m=data&a=index&type=schedule&gameweek=7
INFO: [ app_begin ] --START--
INFO: Run ReadHtmlCache Behavior [ RunTime:0.000477s ]
INFO: [ app_begin ] --END-- [ RunTime:0.000571s ]
SQL: SHOW COLUMNS FROM `fc_team` [ RunTime:0.001769s ]
SQL: SHOW COLUMNS FROM `fc_match` [ RunTime:0.001531s ]
SQL: SELECT * FROM `fc_team` WHERE ( league = "中超" ) ORDER BY league_integral desc , goal_difference desc  [ RunTime:0.001282s ]
SQL: SELECT * FROM `fc_match` WHERE ( `start_time` <= 1494177376 ) ORDER BY match_id desc LIMIT 1   [ RunTime:0.001536s ]
SQL: SELECT * FROM `fc_match` WHERE ( level = '中超' and league_round = 7 )  [ RunTime:0.001511s ]
NOTIC: [2] Invalid argument supplied for foreach() /data/home/bxu2442590746/htdocs/dongqiudi/Home/Lib/Action/DataAction.class.php 第 23 行.
INFO: [ view_template ] --START--
INFO: Run LocationTemplate Behavior [ RunTime:0.000488s ]
INFO: [ view_template ] --END-- [ RunTime:0.000541s ]
INFO: [ view_parse ] --START--
INFO: Run ParseTemplate Behavior [ RunTime:0.020682s ]
INFO: [ view_parse ] --END-- [ RunTime:0.020756s ]
INFO: [ view_filter ] --START--
INFO: Run ContentReplace Behavior [ RunTime:0.000494s ]
INFO: Run TokenBuild Behavior [ RunTime:0.000389s ]
INFO: Run WriteHtmlCache Behavior [ RunTime:0.000310s ]
INFO: Run ShowRuntime Behavior [ RunTime:0.000436s ]
INFO: [ view_filter ] --END-- [ RunTime:0.001751s ]
INFO: [ view_end ] --START--
INFO: Run ShowPageTrace Behavior [ RunTime:0.000487s ]
INFO: [ view_end ] --END-- [ RunTime:0.000541s ]

[ 2017-05-08T01:16:16+08:00 ] 123.14.236.44 /dongqiudi/index.php?m=data&a=index&type=schedule&gameweek=7
NOTIC: [8192] Directive 'magic_quotes_gpc' is deprecated in PHP 5.3 and greater Unknown 第 0 行.

[ 2017-05-08T01:16:18+08:00 ] 123.14.236.44 /dongqiudi/index.php?m=data&a=index&type=schedule&gameweek=8
INFO: [ app_begin ] --START--
INFO: Run ReadHtmlCache Behavior [ RunTime:0.000467s ]
INFO: [ app_begin ] --END-- [ RunTime:0.000565s ]
SQL: SHOW COLUMNS FROM `fc_team` [ RunTime:0.001890s ]
SQL: SHOW COLUMNS FROM `fc_match` [ RunTime:0.001658s ]
SQL: SELECT * FROM `fc_team` WHERE ( league = "中超" ) ORDER BY league_integral desc , goal_difference desc  [ RunTime:0.001379s ]
SQL: SELECT * FROM `fc_match` WHERE ( `start_time` <= 1494177378 ) ORDER BY match_id desc LIMIT 1   [ RunTime:0.001403s ]
SQL: SELECT * FROM `fc_match` WHERE ( level = '中超' and league_round = 8 )  [ RunTime:0.001334s ]
NOTIC: [2] Invalid argument supplied for foreach() /data/home/bxu2442590746/htdocs/dongqiudi/Home/Lib/Action/DataAction.class.php 第 23 行.
INFO: [ view_template ] --START--
INFO: Run LocationTemplate Behavior [ RunTime:0.000493s ]
INFO: [ view_template ] --END-- [ RunTime:0.000548s ]
INFO: [ view_parse ] --START--
INFO: Run ParseTemplate Behavior [ RunTime:0.015465s ]
INFO: [ view_parse ] --END-- [ RunTime:0.015518s ]
INFO: [ view_filter ] --START--
INFO: Run ContentReplace Behavior [ RunTime:0.000407s ]
INFO: Run TokenBuild Behavior [ RunTime:0.000359s ]
INFO: Run WriteHtmlCache Behavior [ RunTime:0.000290s ]
INFO: Run ShowRuntime Behavior [ RunTime:0.000415s ]
INFO: [ view_filter ] --END-- [ RunTime:0.001594s ]
INFO: [ view_end ] --START--
INFO: Run ShowPageTrace Behavior [ RunTime:0.000461s ]
INFO: [ view_end ] --END-- [ RunTime:0.000501s ]

[ 2017-05-08T01:16:18+08:00 ] 123.14.236.44 /dongqiudi/index.php?m=data&a=index&type=schedule&gameweek=8
NOTIC: [8192] Directive 'magic_quotes_gpc' is deprecated in PHP 5.3 and greater Unknown 第 0 行.

[ 2017-05-08T01:16:20+08:00 ] 123.14.236.44 /dongqiudi/index.php?m=data&a=index&type=schedule&gameweek=9
INFO: [ app_begin ] --START--
INFO: Run ReadHtmlCache Behavior [ RunTime:0.000483s ]
INFO: [ app_begin ] --END-- [ RunTime:0.000584s ]
SQL: SHOW COLUMNS FROM `fc_team` [ RunTime:0.001749s ]
SQL: SHOW COLUMNS FROM `fc_match` [ RunTime:0.001509s ]
SQL: SELECT * FROM `fc_team` WHERE ( league = "中超" ) ORDER BY league_integral desc , goal_difference desc  [ RunTime:0.001260s ]
SQL: SELECT * FROM `fc_match` WHERE ( `start_time` <= 1494177380 ) ORDER BY match_id desc LIMIT 1   [ RunTime:0.001343s ]
SQL: SELECT * FROM `fc_match` WHERE ( level = '中超' and league_round = 9 )  [ RunTime:0.001311s ]
SQL: SELECT * FROM `fc_team` WHERE ( team_id = 13 ) LIMIT 1   [ RunTime:0.001254s ]
SQL: SELECT * FROM `fc_team` WHERE ( team_id = 1 ) LIMIT 1   [ RunTime:0.001219s ]
INFO: [ view_template ] --START--
INFO: Run LocationTemplate Behavior [ RunTime:0.000552s ]
INFO: [ view_template ] --END-- [ RunTime:0.000607s ]
INFO: [ view_parse ] --START--
INFO: Run ParseTemplate Behavior [ RunTime:0.015033s ]
INFO: [ view_parse ] --END-- [ RunTime:0.015080s ]
INFO: [ view_filter ] --START--
INFO: Run ContentReplace Behavior [ RunTime:0.000376s ]
INFO: Run TokenBuild Behavior [ RunTime:0.000368s ]
INFO: Run WriteHtmlCache Behavior [ RunTime:0.000276s ]
INFO: Run ShowRuntime Behavior [ RunTime:0.000415s ]
INFO: [ view_filter ] --END-- [ RunTime:0.001555s ]
INFO: [ view_end ] --START--
INFO: Run ShowPageTrace Behavior [ RunTime:0.000469s ]
INFO: [ view_end ] --END-- [ RunTime:0.000508s ]

[ 2017-05-08T01:16:20+08:00 ] 123.14.236.44 /dongqiudi/index.php?m=data&a=index&type=schedule&gameweek=9
NOTIC: [8192] Directive 'magic_quotes_gpc' is deprecated in PHP 5.3 and greater Unknown 第 0 行.

[ 2017-05-08T01:16:27+08:00 ] 123.14.236.44 /dongqiudi/index.php?m=data&a=index&type=schedule&gameweek=5
INFO: [ app_begin ] --START--
INFO: Run ReadHtmlCache Behavior [ RunTime:0.000460s ]
INFO: [ app_begin ] --END-- [ RunTime:0.000553s ]
SQL: SHOW COLUMNS FROM `fc_team` [ RunTime:0.001744s ]
SQL: SHOW COLUMNS FROM `fc_match` [ RunTime:0.001634s ]
SQL: SELECT * FROM `fc_team` WHERE ( league = "中超" ) ORDER BY league_integral desc , goal_difference desc  [ RunTime:0.001264s ]
SQL: SELECT * FROM `fc_match` WHERE ( `start_time` <= 1494177387 ) ORDER BY match_id desc LIMIT 1   [ RunTime:0.001313s ]
SQL: SELECT * FROM `fc_match` WHERE ( level = '中超' and league_round = 5 )  [ RunTime:0.001248s ]
SQL: SELECT * FROM `fc_team` WHERE ( team_id = 1 ) LIMIT 1   [ RunTime:0.001226s ]
SQL: SELECT * FROM `fc_team` WHERE ( team_id = 4 ) LIMIT 1   [ RunTime:0.001228s ]
INFO: [ view_template ] --START--
INFO: Run LocationTemplate Behavior [ RunTime:0.000453s ]
INFO: [ view_template ] --END-- [ RunTime:0.000512s ]
INFO: [ view_parse ] --START--
INFO: Run ParseTemplate Behavior [ RunTime:0.015315s ]
INFO: [ view_parse ] --END-- [ RunTime:0.015365s ]
INFO: [ view_filter ] --START--
INFO: Run ContentReplace Behavior [ RunTime:0.000378s ]
INFO: Run TokenBuild Behavior [ RunTime:0.000339s ]
INFO: Run WriteHtmlCache Behavior [ RunTime:0.000294s ]
INFO: Run ShowRuntime Behavior [ RunTime:0.000412s ]
INFO: [ view_filter ] --END-- [ RunTime:0.001543s ]
INFO: [ view_end ] --START--
INFO: Run ShowPageTrace Behavior [ RunTime:0.000465s ]
INFO: [ view_end ] --END-- [ RunTime:0.000505s ]

[ 2017-05-08T01:16:27+08:00 ] 123.14.236.44 /dongqiudi/index.php?m=data&a=index&type=schedule&gameweek=5
NOTIC: [8192] Directive 'magic_quotes_gpc' is deprecated in PHP 5.3 and greater Unknown 第 0 行.

[ 2017-05-08T01:16:30+08:00 ] 123.14.236.44 /dongqiudi/index.php?m=data&a=index&type=schedule&gameweek=6
INFO: [ app_begin ] --START--
INFO: Run ReadHtmlCache Behavior [ RunTime:0.000564s ]
INFO: [ app_begin ] --END-- [ RunTime:0.000681s ]
SQL: SHOW COLUMNS FROM `fc_team` [ RunTime:0.001816s ]
SQL: SHOW COLUMNS FROM `fc_match` [ RunTime:0.001547s ]
SQL: SELECT * FROM `fc_team` WHERE ( league = "中超" ) ORDER BY league_integral desc , goal_difference desc  [ RunTime:0.001309s ]
SQL: SELECT * FROM `fc_match` WHERE ( `start_time` <= 1494177390 ) ORDER BY match_id desc LIMIT 1   [ RunTime:0.001312s ]
SQL: SELECT * FROM `fc_match` WHERE ( level = '中超' and league_round = 6 )  [ RunTime:0.001222s ]
NOTIC: [2] Invalid argument supplied for foreach() /data/home/bxu2442590746/htdocs/dongqiudi/Home/Lib/Action/DataAction.class.php 第 23 行.
INFO: [ view_template ] --START--
INFO: Run LocationTemplate Behavior [ RunTime:0.000629s ]
INFO: [ view_template ] --END-- [ RunTime:0.000688s ]
INFO: [ view_parse ] --START--
INFO: Run ParseTemplate Behavior [ RunTime:0.017208s ]
INFO: [ view_parse ] --END-- [ RunTime:0.017259s ]
INFO: [ view_filter ] --START--
INFO: Run ContentReplace Behavior [ RunTime:0.000426s ]
INFO: Run TokenBuild Behavior [ RunTime:0.000350s ]
INFO: Run WriteHtmlCache Behavior [ RunTime:0.000281s ]
INFO: Run ShowRuntime Behavior [ RunTime:0.000388s ]
INFO: [ view_filter ] --END-- [ RunTime:0.001600s ]
INFO: [ view_end ] --START--
INFO: Run ShowPageTrace Behavior [ RunTime:0.000453s ]
INFO: [ view_end ] --END-- [ RunTime:0.000522s ]

[ 2017-05-08T01:16:30+08:00 ] 123.14.236.44 /dongqiudi/index.php?m=data&a=index&type=schedule&gameweek=6
NOTIC: [8192] Directive 'magic_quotes_gpc' is deprecated in PHP 5.3 and greater Unknown 第 0 行.

[ 2017-05-08T01:16:31+08:00 ] 123.14.236.44 /dongqiudi/index.php?m=data&a=index&type=schedule&gameweek=7
INFO: [ app_begin ] --START--
INFO: Run ReadHtmlCache Behavior [ RunTime:0.000457s ]
INFO: [ app_begin ] --END-- [ RunTime:0.000550s ]
SQL: SHOW COLUMNS FROM `fc_team` [ RunTime:0.001780s ]
SQL: SHOW COLUMNS FROM `fc_match` [ RunTime:0.001620s ]
SQL: SELECT * FROM `fc_team` WHERE ( league = "中超" ) ORDER BY league_integral desc , goal_difference desc  [ RunTime:0.001271s ]
SQL: SELECT * FROM `fc_match` WHERE ( `start_time` <= 1494177391 ) ORDER BY match_id desc LIMIT 1   [ RunTime:0.001303s ]
SQL: SELECT * FROM `fc_match` WHERE ( level = '中超' and league_round = 7 )  [ RunTime:0.001257s ]
NOTIC: [2] Invalid argument supplied for foreach() /data/home/bxu2442590746/htdocs/dongqiudi/Home/Lib/Action/DataAction.class.php 第 23 行.
INFO: [ view_template ] --START--
INFO: Run LocationTemplate Behavior [ RunTime:0.000480s ]
INFO: [ view_template ] --END-- [ RunTime:0.000539s ]
INFO: [ view_parse ] --START--
INFO: Run ParseTemplate Behavior [ RunTime:0.015577s ]
INFO: [ view_parse ] --END-- [ RunTime:0.015625s ]
INFO: [ view_filter ] --START--
INFO: Run ContentReplace Behavior [ RunTime:0.000402s ]
INFO: Run TokenBuild Behavior [ RunTime:0.000349s ]
INFO: Run WriteHtmlCache Behavior [ RunTime:0.000298s ]
INFO: Run ShowRuntime Behavior [ RunTime:0.000382s ]
INFO: [ view_filter ] --END-- [ RunTime:0.001552s ]
INFO: [ view_end ] --START--
INFO: Run ShowPageTrace Behavior [ RunTime:0.000502s ]
INFO: [ view_end ] --END-- [ RunTime:0.000542s ]

[ 2017-05-08T01:16:31+08:00 ] 123.14.236.44 /dongqiudi/index.php?m=data&a=index&type=schedule&gameweek=7
NOTIC: [8192] Directive 'magic_quotes_gpc' is deprecated in PHP 5.3 and greater Unknown 第 0 行.

[ 2017-05-08T01:16:33+08:00 ] 123.14.236.44 /dongqiudi/index.php?m=data&a=index&type=schedule&gameweek=8
INFO: [ app_begin ] --START--
INFO: Run ReadHtmlCache Behavior [ RunTime:0.000483s ]
INFO: [ app_begin ] --END-- [ RunTime:0.000579s ]
SQL: SHOW COLUMNS FROM `fc_team` [ RunTime:0.001983s ]
SQL: SHOW COLUMNS FROM `fc_match` [ RunTime:0.001787s ]
SQL: SELECT * FROM `fc_team` WHERE ( league = "中超" ) ORDER BY league_integral desc , goal_difference desc  [ RunTime:0.001910s ]
SQL: SELECT * FROM `fc_match` WHERE ( `start_time` <= 1494177393 ) ORDER BY match_id desc LIMIT 1   [ RunTime:0.001620s ]
SQL: SELECT * FROM `fc_match` WHERE ( level = '中超' and league_round = 8 )  [ RunTime:0.001468s ]
NOTIC: [2] Invalid argument supplied for foreach() /data/home/bxu2442590746/htdocs/dongqiudi/Home/Lib/Action/DataAction.class.php 第 23 行.
INFO: [ view_template ] --START--
INFO: Run LocationTemplate Behavior [ RunTime:0.000481s ]
INFO: [ view_template ] --END-- [ RunTime:0.000533s ]
INFO: [ view_parse ] --START--
INFO: Run ParseTemplate Behavior [ RunTime:0.015252s ]
INFO: [ view_parse ] --END-- [ RunTime:0.015301s ]
INFO: [ view_filter ] --START--
INFO: Run ContentReplace Behavior [ RunTime:0.000394s ]
INFO: Run TokenBuild Behavior [ RunTime:0.000348s ]
INFO: Run WriteHtmlCache Behavior [ RunTime:0.000277s ]
INFO: Run ShowRuntime Behavior [ RunTime:0.000429s ]
INFO: [ view_filter ] --END-- [ RunTime:0.001570s ]
INFO: [ view_end ] --START--
INFO: Run ShowPageTrace Behavior [ RunTime:0.000451s ]
INFO: [ view_end ] --END-- [ RunTime:0.000491s ]

[ 2017-05-08T01:16:33+08:00 ] 123.14.236.44 /dongqiudi/index.php?m=data&a=index&type=schedule&gameweek=8
NOTIC: [8192] Directive 'magic_quotes_gpc' is deprecated in PHP 5.3 and greater Unknown 第 0 行.

[ 2017-05-08T01:16:34+08:00 ] 123.14.236.44 /dongqiudi/index.php?m=data&a=index&type=schedule&gameweek=9
INFO: [ app_begin ] --START--
INFO: Run ReadHtmlCache Behavior [ RunTime:0.000459s ]
INFO: [ app_begin ] --END-- [ RunTime:0.000550s ]
SQL: SHOW COLUMNS FROM `fc_team` [ RunTime:0.001995s ]
SQL: SHOW COLUMNS FROM `fc_match` [ RunTime:0.001735s ]
SQL: SELECT * FROM `fc_team` WHERE ( league = "中超" ) ORDER BY league_integral desc , goal_difference desc  [ RunTime:0.001491s ]
SQL: SELECT * FROM `fc_match` WHERE ( `start_time` <= 1494177394 ) ORDER BY match_id desc LIMIT 1   [ RunTime:0.001663s ]
SQL: SELECT * FROM `fc_match` WHERE ( level = '中超' and league_round = 9 )  [ RunTime:0.001475s ]
SQL: SELECT * FROM `fc_team` WHERE ( team_id = 13 ) LIMIT 1   [ RunTime:0.001456s ]
SQL: SELECT * FROM `fc_team` WHERE ( team_id = 1 ) LIMIT 1   [ RunTime:0.001462s ]
INFO: [ view_template ] --START--
INFO: Run LocationTemplate Behavior [ RunTime:0.000480s ]
INFO: [ view_template ] --END-- [ RunTime:0.000531s ]
INFO: [ view_parse ] --START--
INFO: Run ParseTemplate Behavior [ RunTime:0.015072s ]
INFO: [ view_parse ] --END-- [ RunTime:0.015121s ]
INFO: [ view_filter ] --START--
INFO: Run ContentReplace Behavior [ RunTime:0.000398s ]
INFO: Run TokenBuild Behavior [ RunTime:0.000345s ]
INFO: Run WriteHtmlCache Behavior [ RunTime:0.000323s ]
INFO: Run ShowRuntime Behavior [ RunTime:0.000380s ]
INFO: [ view_filter ] --END-- [ RunTime:0.001566s ]
INFO: [ view_end ] --START--
INFO: Run ShowPageTrace Behavior [ RunTime:0.000464s ]
INFO: [ view_end ] --END-- [ RunTime:0.000503s ]

[ 2017-05-08T01:16:34+08:00 ] 123.14.236.44 /dongqiudi/index.php?m=data&a=index&type=schedule&gameweek=9
NOTIC: [8192] Directive 'magic_quotes_gpc' is deprecated in PHP 5.3 and greater Unknown 第 0 行.

[ 2017-05-08T11:30:53+08:00 ] 125.41.224.121 /dongqiudi/
INFO: [ app_begin ] --START--
INFO: Run ReadHtmlCache Behavior [ RunTime:0.000474s ]
INFO: [ app_begin ] --END-- [ RunTime:0.000569s ]
NOTIC: [2048] Declaration of IndexAction::show() should be compatible with that of Action::show() /data/home/bxu2442590746/htdocs/dongqiudi/Home/Lib/Action/IndexAction.class.php 第 549 行.
SQL: SHOW COLUMNS FROM `fc_news` [ RunTime:0.001809s ]
SQL: SELECT * FROM fc_news n LEFT JOIN fc_news_data as d on n.id = d.id WHERE ( position = 2 ) ORDER BY n.id desc LIMIT 5   [ RunTime:0.003100s ]
SQL: SELECT * FROM fc_news n LEFT JOIN fc_news_data as d on n.id = d.id WHERE ( n.position = 1 ) ORDER BY n.id desc  [ RunTime:0.001584s ]
SQL: SHOW COLUMNS FROM `fc_comment` [ RunTime:0.001517s ]
SQL: SELECT COUNT(*) AS tp_count FROM `fc_comment` WHERE ( news_id = 75 ) LIMIT 1   [ RunTime:0.001268s ]
SQL: SELECT COUNT(*) AS tp_count FROM `fc_comment` WHERE ( news_id = 74 ) LIMIT 1   [ RunTime:0.001247s ]
SQL: SELECT COUNT(*) AS tp_count FROM `fc_comment` WHERE ( news_id = 61 ) LIMIT 1   [ RunTime:0.001255s ]
NOTIC: [8] Undefined variable: num /data/home/bxu2442590746/htdocs/dongqiudi/Home/Lib/Action/IndexAction.class.php 第 28 行.
SQL: SHOW COLUMNS FROM `fc_match` [ RunTime:0.001656s ]
SQL: SHOW COLUMNS FROM `fc_team` [ RunTime:0.001764s ]
SQL: SELECT * FROM `fc_match` WHERE ( position = 1 or position =3 ) ORDER BY match_id desc LIMIT 5   [ RunTime:0.001384s ]
SQL: SELECT * FROM `fc_team` WHERE ( team_id = 13 ) LIMIT 1   [ RunTime:0.001305s ]
SQL: SELECT * FROM `fc_team` WHERE ( team_id = 1 ) LIMIT 1   [ RunTime:0.001278s ]
SQL: SELECT * FROM `fc_team` WHERE ( team_id = 29 ) LIMIT 1   [ RunTime:0.001288s ]
SQL: SELECT * FROM `fc_team` WHERE ( team_id = 30 ) LIMIT 1   [ RunTime:0.001341s ]
SQL: SELECT * FROM `fc_team` WHERE ( team_id = 26 ) LIMIT 1   [ RunTime:0.001292s ]
SQL: SELECT * FROM `fc_team` WHERE ( team_id = 25 ) LIMIT 1   [ RunTime:0.001292s ]
SQL: SELECT * FROM `fc_team` WHERE ( team_id = 21 ) LIMIT 1   [ RunTime:0.001317s ]
SQL: SELECT * FROM `fc_team` WHERE ( team_id = 22 ) LIMIT 1   [ RunTime:0.001278s ]
SQL: SELECT * FROM `fc_team` WHERE ( team_id = 3 ) LIMIT 1   [ RunTime:0.001398s ]
SQL: SELECT * FROM `fc_team` WHERE ( team_id = 12 ) LIMIT 1   [ RunTime:0.001364s ]
SQL: SELECT * FROM `fc_team` WHERE ( league = "中超" ) ORDER BY league_integral desc , goal_difference desc LIMIT 10   [ RunTime:0.001388s ]
SQL: SHOW COLUMNS FROM `fc_user` [ RunTime:0.001710s ]
SQL: SELECT comment.comment_id AS comment_id,comment.news_id AS news_id,comment.content AS content,comment.fabulous AS fabulous,comment.parent_id AS parent_id,comment.user_id AS user_id,comment.updatetime AS updatetime,user.user_id AS username_id,user.username AS username,user.headimg AS headimg,news.id AS id,news.title AS title FROM fc_comment comment LEFT JOIN fc_user user ON comment.user_id=user.user_id  JOIN fc_news news ON comment.news_id=news.id ORDER BY comment.fabulous desc LIMIT 5   [ RunTime:0.001468s ]
INFO: [ view_template ] --START--
INFO: Run LocationTemplate Behavior [ RunTime:0.000489s ]
INFO: [ view_template ] --END-- [ RunTime:0.000545s ]
INFO: [ view_parse ] --START--
INFO: Run ParseTemplate Behavior [ RunTime:0.019688s ]
INFO: [ view_parse ] --END-- [ RunTime:0.019746s ]
INFO: [ view_filter ] --START--
INFO: Run ContentReplace Behavior [ RunTime:0.000420s ]
INFO: Run TokenBuild Behavior [ RunTime:0.000349s ]
INFO: Run WriteHtmlCache Behavior [ RunTime:0.000281s ]
INFO: Run ShowRuntime Behavior [ RunTime:0.000390s ]
INFO: [ view_filter ] --END-- [ RunTime:0.001582s ]
INFO: [ view_end ] --START--
INFO: Run ShowPageTrace Behavior [ RunTime:0.000465s ]
INFO: [ view_end ] --END-- [ RunTime:0.000506s ]

[ 2017-05-08T11:30:53+08:00 ] 125.41.224.121 /dongqiudi/
NOTIC: [8192] Directive 'magic_quotes_gpc' is deprecated in PHP 5.3 and greater Unknown 第 0 行.

[ 2017-05-08T11:35:29+08:00 ] 125.41.224.121 /dongqiudi/index.php?m=march&a=index
INFO: [ app_begin ] --START--
INFO: Run ReadHtmlCache Behavior [ RunTime:0.000483s ]
INFO: [ app_begin ] --END-- [ RunTime:0.000577s ]
SQL: SHOW COLUMNS FROM `fc_match` [ RunTime:0.002089s ]
SQL: SHOW COLUMNS FROM `fc_team` [ RunTime:0.002103s ]
SQL: SELECT * FROM `fc_match` WHERE ( position =2 or position =3 ) ORDER BY start_time asc  [ RunTime:0.001799s ]
SQL: SELECT * FROM `fc_team` WHERE ( team_id = 9 ) LIMIT 1   [ RunTime:0.001715s ]
SQL: SELECT * FROM `fc_team` WHERE ( team_id = 11 ) LIMIT 1   [ RunTime:0.001567s ]
SQL: SELECT * FROM `fc_team` WHERE ( team_id = 8 ) LIMIT 1   [ RunTime:0.001562s ]
SQL: SELECT * FROM `fc_team` WHERE ( team_id = 14 ) LIMIT 1   [ RunTime:0.001588s ]
SQL: SELECT * FROM `fc_team` WHERE ( team_id = 3 ) LIMIT 1   [ RunTime:0.001552s ]
SQL: SELECT * FROM `fc_team` WHERE ( team_id = 6 ) LIMIT 1   [ RunTime:0.001650s ]
SQL: SELECT * FROM `fc_team` WHERE ( team_id = 12 ) LIMIT 1   [ RunTime:0.001478s ]
SQL: SELECT * FROM `fc_team` WHERE ( team_id = 15 ) LIMIT 1   [ RunTime:0.001568s ]
SQL: SELECT * FROM `fc_team` WHERE ( team_id = 7 ) LIMIT 1   [ RunTime:0.001566s ]
SQL: SELECT * FROM `fc_team` WHERE ( team_id = 16 ) LIMIT 1   [ RunTime:0.001612s ]
SQL: SELECT * FROM `fc_team` WHERE ( team_id = 2 ) LIMIT 1   [ RunTime:0.001606s ]
SQL: SELECT * FROM `fc_team` WHERE ( team_id = 5 ) LIMIT 1   [ RunTime:0.001567s ]
SQL: SELECT * FROM `fc_team` WHERE ( team_id = 1 ) LIMIT 1   [ RunTime:0.001493s ]
SQL: SELECT * FROM `fc_team` WHERE ( team_id = 10 ) LIMIT 1   [ RunTime:0.001556s ]
SQL: SELECT * FROM `fc_team` WHERE ( team_id = 13 ) LIMIT 1   [ RunTime:0.001487s ]
SQL: SELECT * FROM `fc_team` WHERE ( team_id = 4 ) LIMIT 1   [ RunTime:0.001585s ]
SQL: SELECT * FROM `fc_team` WHERE ( team_id = 12 ) LIMIT 1   [ RunTime:0.001506s ]
SQL: SELECT * FROM `fc_team` WHERE ( team_id = 2 ) LIMIT 1   [ RunTime:0.001470s ]
SQL: SELECT * FROM `fc_team` WHERE ( team_id = 3 ) LIMIT 1   [ RunTime:0.001478s ]
SQL: SELECT * FROM `fc_team` WHERE ( team_id = 16 ) LIMIT 1   [ RunTime:0.001475s ]
SQL: SELECT * FROM `fc_team` WHERE ( team_id = 4 ) LIMIT 1   [ RunTime:0.001576s ]
SQL: SELECT * FROM `fc_team` WHERE ( team_id = 15 ) LIMIT 1   [ RunTime:0.001515s ]
SQL: SELECT * FROM `fc_team` WHERE ( team_id = 7 ) LIMIT 1   [ RunTime:0.001494s ]
SQL: SELECT * FROM `fc_team` WHERE ( team_id = 10 ) LIMIT 1   [ RunTime:0.001472s ]
SQL: SELECT * FROM `fc_team` WHERE ( team_id = 9 ) LIMIT 1   [ RunTime:0.001496s ]
SQL: SELECT * FROM `fc_team` WHERE ( team_id = 5 ) LIMIT 1   [ RunTime:0.001502s ]
SQL: SELECT * FROM `fc_team` WHERE ( team_id = 13 ) LIMIT 1   [ RunTime:0.001557s ]
SQL: SELECT * FROM `fc_team` WHERE ( team_id = 14 ) LIMIT 1   [ RunTime:0.001481s ]
SQL: SELECT * FROM `fc_team` WHERE ( team_id = 8 ) LIMIT 1   [ RunTime:0.001549s ]
SQL: SELECT * FROM `fc_team` WHERE ( team_id = 6 ) LIMIT 1   [ RunTime:0.001469s ]
SQL: SELECT * FROM `fc_team` WHERE ( team_id = 1 ) LIMIT 1   [ RunTime:0.001581s ]
SQL: SELECT * FROM `fc_team` WHERE ( team_id = 11 ) LIMIT 1   [ RunTime:0.001476s ]
SQL: SELECT * FROM `fc_team` WHERE ( team_id = 16 ) LIMIT 1   [ RunTime:0.001483s ]
SQL: SELECT * FROM `fc_team` WHERE ( team_id = 8 ) LIMIT 1   [ RunTime:0.001488s ]
SQL: SELECT * FROM `fc_team` WHERE ( team_id = 10 ) LIMIT 1   [ RunTime:0.001475s ]
SQL: SELECT * FROM `fc_team` WHERE ( team_id = 9 ) LIMIT 1   [ RunTime:0.001671s ]
SQL: SELECT * FROM `fc_team` WHERE ( team_id = 14 ) LIMIT 1   [ RunTime:0.001486s ]
SQL: SELECT * FROM `fc_team` WHERE ( team_id = 1 ) LIMIT 1   [ RunTime:0.001486s ]
SQL: SELECT * FROM `fc_team` WHERE ( team_id = 2 ) LIMIT 1   [ RunTime:0.001473s ]
SQL: SELECT * FROM `fc_team` WHERE ( team_id = 3 ) LIMIT 1   [ RunTime:0.001479s ]
SQL: SELECT * FROM `fc_team` WHERE ( team_id = 6 ) LIMIT 1   [ RunTime:0.001512s ]
SQL: SELECT * FROM `fc_team` WHERE ( team_id = 12 ) LIMIT 1   [ RunTime:0.001482s ]
SQL: SELECT * FROM `fc_team` WHERE ( team_id = 11 ) LIMIT 1   [ RunTime:0.001516s ]
SQL: SELECT * FROM `fc_team` WHERE ( team_id = 4 ) LIMIT 1   [ RunTime:0.001477s ]
SQL: SELECT * FROM `fc_team` WHERE ( team_id = 15 ) LIMIT 1   [ RunTime:0.001465s ]
SQL: SELECT * FROM `fc_team` WHERE ( team_id = 7 ) LIMIT 1   [ RunTime:0.001571s ]
SQL: SELECT * FROM `fc_team` WHERE ( team_id = 5 ) LIMIT 1   [ RunTime:0.001481s ]
SQL: SELECT * FROM `fc_team` WHERE ( team_id = 13 ) LIMIT 1   [ RunTime:0.001478s ]
SQL: SELECT * FROM `fc_team` WHERE ( team_id = 4 ) LIMIT 1   [ RunTime:0.001520s ]
SQL: SELECT * FROM `fc_team` WHERE ( team_id = 7 ) LIMIT 1   [ RunTime:0.001535s ]
SQL: SELECT * FROM `fc_team` WHERE ( team_id = 5 ) LIMIT 1   [ RunTime:0.001470s ]
SQL: SELECT * FROM `fc_team` WHERE ( team_id = 1 ) LIMIT 1   [ RunTime:0.001461s ]
SQL: SELECT * FROM `fc_team` WHERE ( team_id = 3 ) LIMIT 1   [ RunTime:0.001497s ]
SQL: SELECT * FROM `fc_team` WHERE ( team_id = 12 ) LIMIT 1   [ RunTime:0.001475s ]
SQL: SELECT * FROM `fc_team` WHERE ( team_id = 9 ) LIMIT 1   [ RunTime:0.001464s ]
SQL: SELECT * FROM `fc_team` WHERE ( team_id = 15 ) LIMIT 1   [ RunTime:0.001474s ]
SQL: SELECT * FROM `fc_team` WHERE ( team_id = 2 ) LIMIT 1   [ RunTime:0.001483s ]
SQL: SELECT * FROM `fc_team` WHERE ( team_id = 8 ) LIMIT 1   [ RunTime:0.001508s ]
SQL: SELECT * FROM `fc_team` WHERE ( team_id = 10 ) LIMIT 1   [ RunTime:0.001467s ]
SQL: SELECT * FROM `fc_team` WHERE ( team_id = 13 ) LIMIT 1   [ RunTime:0.001456s ]
SQL: SELECT * FROM `fc_team` WHERE ( team_id = 6 ) LIMIT 1   [ RunTime:0.001467s ]
SQL: SELECT * FROM `fc_team` WHERE ( team_id = 11 ) LIMIT 1   [ RunTime:0.001472s ]
SQL: SELECT * FROM `fc_team` WHERE ( team_id = 14 ) LIMIT 1   [ RunTime:0.001589s ]
SQL: SELECT * FROM `fc_team` WHERE ( team_id = 16 ) LIMIT 1   [ RunTime:0.001489s ]
SQL: SELECT * FROM `fc_team` WHERE ( team_id = 21 ) LIMIT 1   [ RunTime:0.001479s ]
SQL: SELECT * FROM `fc_team` WHERE ( team_id = 22 ) LIMIT 1   [ RunTime:0.001463s ]
SQL: SELECT * FROM `fc_team` WHERE ( team_id = 26 ) LIMIT 1   [ RunTime:0.001467s ]
SQL: SELECT * FROM `fc_team` WHERE ( team_id = 25 ) LIMIT 1   [ RunTime:0.001477s ]
SQL: SELECT * FROM `fc_team` WHERE ( team_id = 27 ) LIMIT 1   [ RunTime:0.001610s ]
SQL: SELECT * FROM `fc_team` WHERE ( team_id = 28 ) LIMIT 1   [ RunTime:0.001567s ]
SQL: SELECT * FROM `fc_team` WHERE ( team_id = 31 ) LIMIT 1   [ RunTime:0.001639s ]
SQL: SELECT * FROM `fc_team` WHERE ( team_id = 33 ) LIMIT 1   [ RunTime:0.001531s ]
SQL: SELECT * FROM `fc_team` WHERE ( team_id = 35 ) LIMIT 1   [ RunTime:0.001516s ]
SQL: SELECT * FROM `fc_team` WHERE ( team_id = 23 ) LIMIT 1   [ RunTime:0.001553s ]
SQL: SELECT * FROM `fc_team` WHERE ( team_id = 1 ) LIMIT 1   [ RunTime:0.001473s ]
SQL: SELECT * FROM `fc_team` WHERE ( team_id = 4 ) LIMIT 1   [ RunTime:0.001574s ]
SQL: SELECT * FROM `fc_team` WHERE ( team_id = 29 ) LIMIT 1   [ RunTime:0.001480s ]
SQL: SELECT * FROM `fc_team` WHERE ( team_id = 30 ) LIMIT 1   [ RunTime:0.001453s ]
SQL: SELECT * FROM `fc_team` WHERE ( team_id = 13 ) LIMIT 1   [ RunTime:0.001491s ]
SQL: SELECT * FROM `fc_team` WHERE ( team_id = 1 ) LIMIT 1   [ RunTime:0.001526s ]
INFO: [ view_template ] --START--
INFO: Run LocationTemplate Behavior [ RunTime:0.000492s ]
INFO: [ view_template ] --END-- [ RunTime:0.000543s ]
INFO: [ view_parse ] --START--
INFO: Run ParseTemplate Behavior [ RunTime:0.017182s ]
INFO: [ view_parse ] --END-- [ RunTime:0.017233s ]
INFO: [ view_filter ] --START--
INFO: Run ContentReplace Behavior [ RunTime:0.000415s ]
INFO: Run TokenBuild Behavior [ RunTime:0.000391s ]
INFO: Run WriteHtmlCache Behavior [ RunTime:0.000285s ]
INFO: Run ShowRuntime Behavior [ RunTime:0.000418s ]
INFO: [ view_filter ] --END-- [ RunTime:0.001634s ]
INFO: [ view_end ] --START--
INFO: Run ShowPageTrace Behavior [ RunTime:0.000492s ]
INFO: [ view_end ] --END-- [ RunTime:0.000534s ]

[ 2017-05-08T11:35:29+08:00 ] 125.41.224.121 /dongqiudi/index.php?m=march&a=index
NOTIC: [8192] Directive 'magic_quotes_gpc' is deprecated in PHP 5.3 and greater Unknown 第 0 行.

[ 2017-05-08T11:39:13+08:00 ] 125.41.224.121 /dongqiudi/index.php?m=data&a=index
INFO: [ app_begin ] --START--
INFO: Run ReadHtmlCache Behavior [ RunTime:0.000466s ]
INFO: [ app_begin ] --END-- [ RunTime:0.000560s ]
SQL: SHOW COLUMNS FROM `fc_team` [ RunTime:0.002163s ]
SQL: SHOW COLUMNS FROM `fc_match` [ RunTime:0.001873s ]
SQL: SELECT * FROM `fc_team` WHERE ( league = "中超" ) ORDER BY league_integral desc , goal_difference desc  [ RunTime:0.001830s ]
SQL: SELECT * FROM `fc_match` WHERE ( `start_time` <= 1494214753 ) ORDER BY match_id desc LIMIT 1   [ RunTime:0.001635s ]
NOTIC: [8] Undefined index: gameweek /data/home/bxu2442590746/htdocs/dongqiudi/Home/Lib/Action/DataAction.class.php 第 20 行.
INFO: [ view_template ] --START--
INFO: Run LocationTemplate Behavior [ RunTime:0.000469s ]
INFO: [ view_template ] --END-- [ RunTime:0.000520s ]
INFO: [ view_parse ] --START--
NOTIC: [8] Undefined index: type /data/home/bxu2442590746/htdocs/dongqiudi/Home/Runtime/Cache/11000071f57ca86652125fcf5dbb4800.php 第 134 行.
INFO: Run ParseTemplate Behavior [ RunTime:0.015552s ]
INFO: [ view_parse ] --END-- [ RunTime:0.015601s ]
INFO: [ view_filter ] --START--
INFO: Run ContentReplace Behavior [ RunTime:0.000406s ]
INFO: Run TokenBuild Behavior [ RunTime:0.000351s ]
INFO: Run WriteHtmlCache Behavior [ RunTime:0.000312s ]
INFO: Run ShowRuntime Behavior [ RunTime:0.000413s ]
INFO: [ view_filter ] --END-- [ RunTime:0.001604s ]
INFO: [ view_end ] --START--
INFO: Run ShowPageTrace Behavior [ RunTime:0.000464s ]
INFO: [ view_end ] --END-- [ RunTime:0.000505s ]

[ 2017-05-08T11:39:13+08:00 ] 125.41.224.121 /dongqiudi/index.php?m=data&a=index
NOTIC: [8192] Directive 'magic_quotes_gpc' is deprecated in PHP 5.3 and greater Unknown 第 0 行.

[ 2017-05-08T14:02:35+08:00 ] 218.241.219.210 /dongqiudi/
INFO: [ app_begin ] --START--
INFO: Run ReadHtmlCache Behavior [ RunTime:0.000471s ]
INFO: [ app_begin ] --END-- [ RunTime:0.000565s ]
NOTIC: [2048] Declaration of IndexAction::show() should be compatible with that of Action::show() /data/home/bxu2442590746/htdocs/dongqiudi/Home/Lib/Action/IndexAction.class.php 第 549 行.
SQL: SHOW COLUMNS FROM `fc_news` [ RunTime:0.002034s ]
SQL: SELECT * FROM fc_news n LEFT JOIN fc_news_data as d on n.id = d.id WHERE ( position = 2 ) ORDER BY n.id desc LIMIT 5   [ RunTime:0.003697s ]
SQL: SELECT * FROM fc_news n LEFT JOIN fc_news_data as d on n.id = d.id WHERE ( n.position = 1 ) ORDER BY n.id desc  [ RunTime:0.001775s ]
SQL: SHOW COLUMNS FROM `fc_comment` [ RunTime:0.001815s ]
SQL: SELECT COUNT(*) AS tp_count FROM `fc_comment` WHERE ( news_id = 75 ) LIMIT 1   [ RunTime:0.001684s ]
SQL: SELECT COUNT(*) AS tp_count FROM `fc_comment` WHERE ( news_id = 74 ) LIMIT 1   [ RunTime:0.001622s ]
SQL: SELECT COUNT(*) AS tp_count FROM `fc_comment` WHERE ( news_id = 61 ) LIMIT 1   [ RunTime:0.001517s ]
NOTIC: [8] Undefined variable: num /data/home/bxu2442590746/htdocs/dongqiudi/Home/Lib/Action/IndexAction.class.php 第 28 行.
SQL: SHOW COLUMNS FROM `fc_match` [ RunTime:0.001873s ]
SQL: SHOW COLUMNS FROM `fc_team` [ RunTime:0.001874s ]
SQL: SELECT * FROM `fc_match` WHERE ( position = 1 or position =3 ) ORDER BY match_id desc LIMIT 5   [ RunTime:0.001768s ]
SQL: SELECT * FROM `fc_team` WHERE ( team_id = 13 ) LIMIT 1   [ RunTime:0.001644s ]
SQL: SELECT * FROM `fc_team` WHERE ( team_id = 1 ) LIMIT 1   [ RunTime:0.001723s ]
SQL: SELECT * FROM `fc_team` WHERE ( team_id = 29 ) LIMIT 1   [ RunTime:0.001517s ]
SQL: SELECT * FROM `fc_team` WHERE ( team_id = 30 ) LIMIT 1   [ RunTime:0.001525s ]
SQL: SELECT * FROM `fc_team` WHERE ( team_id = 26 ) LIMIT 1   [ RunTime:0.001658s ]
SQL: SELECT * FROM `fc_team` WHERE ( team_id = 25 ) LIMIT 1   [ RunTime:0.001625s ]
SQL: SELECT * FROM `fc_team` WHERE ( team_id = 21 ) LIMIT 1   [ RunTime:0.001581s ]
SQL: SELECT * FROM `fc_team` WHERE ( team_id = 22 ) LIMIT 1   [ RunTime:0.001608s ]
SQL: SELECT * FROM `fc_team` WHERE ( team_id = 3 ) LIMIT 1   [ RunTime:0.001622s ]
SQL: SELECT * FROM `fc_team` WHERE ( team_id = 12 ) LIMIT 1   [ RunTime:0.001578s ]
SQL: SELECT * FROM `fc_team` WHERE ( league = "中超" ) ORDER BY league_integral desc , goal_difference desc LIMIT 10   [ RunTime:0.001634s ]
SQL: SHOW COLUMNS FROM `fc_user` [ RunTime:0.002233s ]
SQL: SELECT comment.comment_id AS comment_id,comment.news_id AS news_id,comment.content AS content,comment.fabulous AS fabulous,comment.parent_id AS parent_id,comment.user_id AS user_id,comment.updatetime AS updatetime,user.user_id AS username_id,user.username AS username,user.headimg AS headimg,news.id AS id,news.title AS title FROM fc_comment comment LEFT JOIN fc_user user ON comment.user_id=user.user_id  JOIN fc_news news ON comment.news_id=news.id ORDER BY comment.fabulous desc LIMIT 5   [ RunTime:0.001927s ]
INFO: [ view_template ] --START--
INFO: Run LocationTemplate Behavior [ RunTime:0.000516s ]
INFO: [ view_template ] --END-- [ RunTime:0.000584s ]
INFO: [ view_parse ] --START--
NOTIC: [8] Undefined index: username /data/home/bxu2442590746/htdocs/dongqiudi/Home/Runtime/Cache/7e4848229090366086cc7eeb3bfc0798.php 第 314 行.
NOTIC: [8] Undefined index: username /data/home/bxu2442590746/htdocs/dongqiudi/Home/Runtime/Cache/7e4848229090366086cc7eeb3bfc0798.php 第 314 行.
NOTIC: [8] Undefined index: username /data/home/bxu2442590746/htdocs/dongqiudi/Home/Runtime/Cache/7e4848229090366086cc7eeb3bfc0798.php 第 314 行.
NOTIC: [8] Undefined index: username /data/home/bxu2442590746/htdocs/dongqiudi/Home/Runtime/Cache/7e4848229090366086cc7eeb3bfc0798.php 第 314 行.
NOTIC: [8] Undefined index: username /data/home/bxu2442590746/htdocs/dongqiudi/Home/Runtime/Cache/7e4848229090366086cc7eeb3bfc0798.php 第 314 行.
INFO: Run ParseTemplate Behavior [ RunTime:0.020461s ]
INFO: [ view_parse ] --END-- [ RunTime:0.020511s ]
INFO: [ view_filter ] --START--
INFO: Run ContentReplace Behavior [ RunTime:0.000480s ]
INFO: Run TokenBuild Behavior [ RunTime:0.000360s ]
INFO: Run WriteHtmlCache Behavior [ RunTime:0.000307s ]
INFO: Run ShowRuntime Behavior [ RunTime:0.000395s ]
INFO: [ view_filter ] --END-- [ RunTime:0.001666s ]
INFO: [ view_end ] --START--
INFO: Run ShowPageTrace Behavior [ RunTime:0.000471s ]
INFO: [ view_end ] --END-- [ RunTime:0.000514s ]

[ 2017-05-08T14:02:35+08:00 ] 218.241.219.210 /dongqiudi/
NOTIC: [8192] Directive 'magic_quotes_gpc' is deprecated in PHP 5.3 and greater Unknown 第 0 行.

[ 2017-05-08T14:02:44+08:00 ] 101.226.125.103 /dongqiudi/
INFO: [ app_begin ] --START--
INFO: Run ReadHtmlCache Behavior [ RunTime:0.000485s ]
INFO: [ app_begin ] --END-- [ RunTime:0.000588s ]
NOTIC: [2048] Declaration of IndexAction::show() should be compatible with that of Action::show() /data/home/bxu2442590746/htdocs/dongqiudi/Home/Lib/Action/IndexAction.class.php 第 549 行.
SQL: SHOW COLUMNS FROM `fc_news` [ RunTime:0.001444s ]
SQL: SELECT * FROM fc_news n LEFT JOIN fc_news_data as d on n.id = d.id WHERE ( position = 2 ) ORDER BY n.id desc LIMIT 5   [ RunTime:0.002345s ]
SQL: SELECT * FROM fc_news n LEFT JOIN fc_news_data as d on n.id = d.id WHERE ( n.position = 1 ) ORDER BY n.id desc  [ RunTime:0.001291s ]
SQL: SHOW COLUMNS FROM `fc_comment` [ RunTime:0.001243s ]
SQL: SELECT COUNT(*) AS tp_count FROM `fc_comment` WHERE ( news_id = 75 ) LIMIT 1   [ RunTime:0.000974s ]
SQL: SELECT COUNT(*) AS tp_count FROM `fc_comment` WHERE ( news_id = 74 ) LIMIT 1   [ RunTime:0.001138s ]
SQL: SELECT COUNT(*) AS tp_count FROM `fc_comment` WHERE ( news_id = 61 ) LIMIT 1   [ RunTime:0.001063s ]
NOTIC: [8] Undefined variable: num /data/home/bxu2442590746/htdocs/dongqiudi/Home/Lib/Action/IndexAction.class.php 第 28 行.
SQL: SHOW COLUMNS FROM `fc_match` [ RunTime:0.001517s ]
SQL: SHOW COLUMNS FROM `fc_team` [ RunTime:0.001386s ]
SQL: SELECT * FROM `fc_match` WHERE ( position = 1 or position =3 ) ORDER BY match_id desc LIMIT 5   [ RunTime:0.001154s ]
SQL: SELECT * FROM `fc_team` WHERE ( team_id = 13 ) LIMIT 1   [ RunTime:0.001020s ]
SQL: SELECT * FROM `fc_team` WHERE ( team_id = 1 ) LIMIT 1   [ RunTime:0.001008s ]
SQL: SELECT * FROM `fc_team` WHERE ( team_id = 29 ) LIMIT 1   [ RunTime:0.001049s ]
SQL: SELECT * FROM `fc_team` WHERE ( team_id = 30 ) LIMIT 1   [ RunTime:0.000992s ]
SQL: SELECT * FROM `fc_team` WHERE ( team_id = 26 ) LIMIT 1   [ RunTime:0.000972s ]
SQL: SELECT * FROM `fc_team` WHERE ( team_id = 25 ) LIMIT 1   [ RunTime:0.001000s ]
SQL: SELECT * FROM `fc_team` WHERE ( team_id = 21 ) LIMIT 1   [ RunTime:0.000973s ]
SQL: SELECT * FROM `fc_team` WHERE ( team_id = 22 ) LIMIT 1   [ RunTime:0.000999s ]
SQL: SELECT * FROM `fc_team` WHERE ( team_id = 3 ) LIMIT 1   [ RunTime:0.000991s ]
SQL: SELECT * FROM `fc_team` WHERE ( team_id = 12 ) LIMIT 1   [ RunTime:0.000987s ]
SQL: SELECT * FROM `fc_team` WHERE ( league = "中超" ) ORDER BY league_integral desc , goal_difference desc LIMIT 10   [ RunTime:0.001006s ]
SQL: SHOW COLUMNS FROM `fc_user` [ RunTime:0.001240s ]
SQL: SELECT comment.comment_id AS comment_id,comment.news_id AS news_id,comment.content AS content,comment.fabulous AS fabulous,comment.parent_id AS parent_id,comment.user_id AS user_id,comment.updatetime AS updatetime,user.user_id AS username_id,user.username AS username,user.headimg AS headimg,news.id AS id,news.title AS title FROM fc_comment comment LEFT JOIN fc_user user ON comment.user_id=user.user_id  JOIN fc_news news ON comment.news_id=news.id ORDER BY comment.fabulous desc LIMIT 5   [ RunTime:0.001027s ]
INFO: [ view_template ] --START--
INFO: Run LocationTemplate Behavior [ RunTime:0.000480s ]
INFO: [ view_template ] --END-- [ RunTime:0.000534s ]
INFO: [ view_parse ] --START--
NOTIC: [8] Undefined index: username /data/home/bxu2442590746/htdocs/dongqiudi/Home/Runtime/Cache/7e4848229090366086cc7eeb3bfc0798.php 第 314 行.
NOTIC: [8] Undefined index: username /data/home/bxu2442590746/htdocs/dongqiudi/Home/Runtime/Cache/7e4848229090366086cc7eeb3bfc0798.php 第 314 行.
NOTIC: [8] Undefined index: username /data/home/bxu2442590746/htdocs/dongqiudi/Home/Runtime/Cache/7e4848229090366086cc7eeb3bfc0798.php 第 314 行.
NOTIC: [8] Undefined index: username /data/home/bxu2442590746/htdocs/dongqiudi/Home/Runtime/Cache/7e4848229090366086cc7eeb3bfc0798.php 第 314 行.
NOTIC: [8] Undefined index: username /data/home/bxu2442590746/htdocs/dongqiudi/Home/Runtime/Cache/7e4848229090366086cc7eeb3bfc0798.php 第 314 行.
INFO: Run ParseTemplate Behavior [ RunTime:0.019981s ]
INFO: [ view_parse ] --END-- [ RunTime:0.020038s ]
INFO: [ view_filter ] --START--
INFO: Run ContentReplace Behavior [ RunTime:0.000469s ]
INFO: Run TokenBuild Behavior [ RunTime:0.000393s ]
INFO: Run WriteHtmlCache Behavior [ RunTime:0.000279s ]
INFO: Run ShowRuntime Behavior [ RunTime:0.000395s ]
INFO: [ view_filter ] --END-- [ RunTime:0.001658s ]
INFO: [ view_end ] --START--
INFO: Run ShowPageTrace Behavior [ RunTime:0.000470s ]
INFO: [ view_end ] --END-- [ RunTime:0.000519s ]

[ 2017-05-08T14:02:44+08:00 ] 101.226.125.103 /dongqiudi/
NOTIC: [8192] Directive 'magic_quotes_gpc' is deprecated in PHP 5.3 and greater Unknown 第 0 行.

