[ 2017-07-30T05:09:35+08:00 ] 157.55.39.244 /dongqiudi/index.php?m=march&a=index
INFO: [ app_begin ] --START--
INFO: Run ReadHtmlCache Behavior [ RunTime:0.007653s ]
INFO: [ app_begin ] --END-- [ RunTime:0.007779s ]
SQL: SHOW COLUMNS FROM `fc_match` [ RunTime:0.001643s ]
SQL: SHOW COLUMNS FROM `fc_team` [ RunTime:0.001496s ]
SQL: SELECT * FROM `fc_match` WHERE ( position =2 or position =3 ) ORDER BY start_time asc  [ RunTime:0.001157s ]
SQL: SELECT * FROM `fc_team` WHERE ( team_id = 9 ) LIMIT 1   [ RunTime:0.001087s ]
SQL: SELECT * FROM `fc_team` WHERE ( team_id = 11 ) LIMIT 1   [ RunTime:0.001116s ]
SQL: SELECT * FROM `fc_team` WHERE ( team_id = 3 ) LIMIT 1   [ RunTime:0.001104s ]
SQL: SELECT * FROM `fc_team` WHERE ( team_id = 6 ) LIMIT 1   [ RunTime:0.001085s ]
SQL: SELECT * FROM `fc_team` WHERE ( team_id = 13 ) LIMIT 1   [ RunTime:0.001120s ]
SQL: SELECT * FROM `fc_team` WHERE ( team_id = 4 ) LIMIT 1   [ RunTime:0.001097s ]
SQL: SELECT * FROM `fc_team` WHERE ( team_id = 1 ) LIMIT 1   [ RunTime:0.001104s ]
SQL: SELECT * FROM `fc_team` WHERE ( team_id = 10 ) LIMIT 1   [ RunTime:0.001277s ]
SQL: SELECT * FROM `fc_team` WHERE ( team_id = 2 ) LIMIT 1   [ RunTime:0.001080s ]
SQL: SELECT * FROM `fc_team` WHERE ( team_id = 5 ) LIMIT 1   [ RunTime:0.001102s ]
SQL: SELECT * FROM `fc_team` WHERE ( team_id = 3 ) LIMIT 1   [ RunTime:0.001015s ]
SQL: SELECT * FROM `fc_team` WHERE ( team_id = 16 ) LIMIT 1   [ RunTime:0.001064s ]
SQL: SELECT * FROM `fc_team` WHERE ( team_id = 1 ) LIMIT 1   [ RunTime:0.001114s ]
SQL: SELECT * FROM `fc_team` WHERE ( team_id = 11 ) LIMIT 1   [ RunTime:0.000997s ]
SQL: SELECT * FROM `fc_team` WHERE ( team_id = 12 ) LIMIT 1   [ RunTime:0.001127s ]
SQL: SELECT * FROM `fc_team` WHERE ( team_id = 15 ) LIMIT 1   [ RunTime:0.001086s ]
SQL: SELECT * FROM `fc_team` WHERE ( team_id = 9 ) LIMIT 1   [ RunTime:0.001008s ]
SQL: SELECT * FROM `fc_team` WHERE ( team_id = 5 ) LIMIT 1   [ RunTime:0.001002s ]
SQL: SELECT * FROM `fc_team` WHERE ( team_id = 12 ) LIMIT 1   [ RunTime:0.001000s ]
SQL: SELECT * FROM `fc_team` WHERE ( team_id = 2 ) LIMIT 1   [ RunTime:0.001003s ]
SQL: SELECT * FROM `fc_team` WHERE ( team_id = 7 ) LIMIT 1   [ RunTime:0.001145s ]
SQL: SELECT * FROM `fc_team` WHERE ( team_id = 10 ) LIMIT 1   [ RunTime:0.001004s ]
INFO: [ view_template ] --START--
INFO: Run LocationTemplate Behavior [ RunTime:0.005156s ]
INFO: [ view_template ] --END-- [ RunTime:0.005217s ]
INFO: [ view_parse ] --START--
INFO: Run ParseTemplate Behavior [ RunTime:0.175433s ]
INFO: [ view_parse ] --END-- [ RunTime:0.175515s ]
INFO: [ view_filter ] --START--
INFO: Run ContentReplace Behavior [ RunTime:0.004245s ]
INFO: Run TokenBuild Behavior [ RunTime:0.001609s ]
INFO: Run WriteHtmlCache Behavior [ RunTime:0.001567s ]
INFO: Run ShowRuntime Behavior [ RunTime:0.001434s ]
INFO: [ view_filter ] --END-- [ RunTime:0.008984s ]
INFO: [ view_end ] --START--
INFO: Run ShowPageTrace Behavior [ RunTime:0.002069s ]
INFO: [ view_end ] --END-- [ RunTime:0.002112s ]

[ 2017-07-30T05:09:35+08:00 ] 157.55.39.244 /dongqiudi/index.php?m=march&a=index
NOTIC: [8192] Directive 'magic_quotes_gpc' is deprecated in PHP 5.3 and greater Unknown 第 0 行.

[ 2017-07-30T14:09:18+08:00 ] 157.55.39.163 /dongqiudi/index.php?m=index&a=show&id=61
INFO: [ app_begin ] --START--
INFO: Run ReadHtmlCache Behavior [ RunTime:0.000442s ]
INFO: [ app_begin ] --END-- [ RunTime:0.000537s ]
NOTIC: [2048] Declaration of IndexAction::show() should be compatible with that of Action::show() /data/home/bxu2442590746/htdocs/dongqiudi/Home/Lib/Action/IndexAction.class.php 第 576 行.
SQL: SHOW COLUMNS FROM `fc_news` [ RunTime:0.001492s ]
SQL: SELECT * FROM fc_news n LEFT JOIN fc_news_data as d on n.id = d.id LEFT JOIN fc_user as u on n.user_id = u.user_id WHERE ( n.id = '61' ) AND ( d.id = '61' ) LIMIT 1   [ RunTime:0.001358s ]
INFO: [ view_template ] --START--
INFO: Run LocationTemplate Behavior [ RunTime:0.000514s ]
INFO: [ view_template ] --END-- [ RunTime:0.000561s ]
INFO: [ view_parse ] --START--
INFO: Run ParseTemplate Behavior [ RunTime:0.110183s ]
INFO: [ view_parse ] --END-- [ RunTime:0.110285s ]
INFO: [ view_filter ] --START--
INFO: Run ContentReplace Behavior [ RunTime:0.000406s ]
INFO: Run TokenBuild Behavior [ RunTime:0.000357s ]
INFO: Run WriteHtmlCache Behavior [ RunTime:0.000321s ]
INFO: Run ShowRuntime Behavior [ RunTime:0.000433s ]
INFO: [ view_filter ] --END-- [ RunTime:0.001693s ]
INFO: [ view_end ] --START--
INFO: Run ShowPageTrace Behavior [ RunTime:0.000490s ]
INFO: [ view_end ] --END-- [ RunTime:0.000535s ]
NOTIC: [8192] Directive 'magic_quotes_gpc' is deprecated in PHP 5.3 and greater Unknown 第 0 行.

