[ 2017-02-15T17:53:30+08:00 ] 123.52.72.183 /dongqiudi/
INFO: [ app_begin ] --START--
INFO: Run ReadHtmlCache Behavior [ RunTime:0.030342s ]
INFO: [ app_begin ] --END-- [ RunTime:0.030451s ]
NOTIC: [2048] Declaration of IndexAction::show() should be compatible with that of Action::show() /data/home/bxu2442590746/htdocs/dongqiudi/Home/Lib/Action/IndexAction.class.php 第 35 行.
SQL: SHOW COLUMNS FROM `fc_news` [ RunTime:0.002102s ]
SQL: SELECT * FROM fc_news n LEFT JOIN fc_news_data as d on n.id = d.id WHERE ( position = 2 )  [ RunTime:0.001659s ]
SQL: SELECT * FROM fc_news n LEFT JOIN fc_news_data as d on n.id = d.id  [ RunTime:0.003721s ]
INFO: [ view_template ] --START--
INFO: Run LocationTemplate Behavior [ RunTime:0.155191s ]
INFO: [ view_template ] --END-- [ RunTime:0.155253s ]
INFO: [ view_parse ] --START--
NOTIC: [8] Use of undefined constant id - assumed 'id' /data/home/bxu2442590746/htdocs/dongqiudi/Home/Runtime/Cache/7e4848229090366086cc7eeb3bfc0798.php 第 766 行.
NOTIC: [8] Use of undefined constant thumb - assumed 'thumb' /data/home/bxu2442590746/htdocs/dongqiudi/Home/Runtime/Cache/7e4848229090366086cc7eeb3bfc0798.php 第 767 行.
NOTIC: [8] Use of undefined constant title - assumed 'title' /data/home/bxu2442590746/htdocs/dongqiudi/Home/Runtime/Cache/7e4848229090366086cc7eeb3bfc0798.php 第 767 行.
NOTIC: [8] Use of undefined constant title - assumed 'title' /data/home/bxu2442590746/htdocs/dongqiudi/Home/Runtime/Cache/7e4848229090366086cc7eeb3bfc0798.php 第 768 行.
NOTIC: [8] Use of undefined constant description - assumed 'description' /data/home/bxu2442590746/htdocs/dongqiudi/Home/Runtime/Cache/7e4848229090366086cc7eeb3bfc0798.php 第 770 行.
NOTIC: [8] Use of undefined constant display_time - assumed 'display_time' /data/home/bxu2442590746/htdocs/dongqiudi/Home/Runtime/Cache/7e4848229090366086cc7eeb3bfc0798.php 第 772 行.
NOTIC: [8] Use of undefined constant official_account - assumed 'official_account' /data/home/bxu2442590746/htdocs/dongqiudi/Home/Runtime/Cache/7e4848229090366086cc7eeb3bfc0798.php 第 772 行.
NOTIC: [8] Use of undefined constant id - assumed 'id' /data/home/bxu2442590746/htdocs/dongqiudi/Home/Runtime/Cache/7e4848229090366086cc7eeb3bfc0798.php 第 773 行.
NOTIC: [8] Use of undefined constant comments_total - assumed 'comments_total' /data/home/bxu2442590746/htdocs/dongqiudi/Home/Runtime/Cache/7e4848229090366086cc7eeb3bfc0798.php 第 773 行.
INFO: Run ParseTemplate Behavior [ RunTime:0.116068s ]
INFO: [ view_parse ] --END-- [ RunTime:0.116115s ]
INFO: [ view_filter ] --START--
INFO: Run ContentReplace Behavior [ RunTime:0.003256s ]
INFO: Run TokenBuild Behavior [ RunTime:0.001384s ]
INFO: Run WriteHtmlCache Behavior [ RunTime:0.001221s ]
INFO: Run ShowRuntime Behavior [ RunTime:0.001264s ]
INFO: [ view_filter ] --END-- [ RunTime:0.007249s ]
INFO: [ view_end ] --START--
INFO: Run ShowPageTrace Behavior [ RunTime:0.001596s ]
INFO: [ view_end ] --END-- [ RunTime:0.001638s ]

[ 2017-02-15T17:53:30+08:00 ] 123.52.72.183 /dongqiudi/
NOTIC: [8192] Directive 'magic_quotes_gpc' is deprecated in PHP 5.3 and greater Unknown 第 0 行.

[ 2017-02-15T17:55:50+08:00 ] 123.52.72.183 /dongqiudi/
INFO: [ app_begin ] --START--
INFO: Run ReadHtmlCache Behavior [ RunTime:0.000415s ]
INFO: [ app_begin ] --END-- [ RunTime:0.000507s ]
NOTIC: [2048] Declaration of IndexAction::show() should be compatible with that of Action::show() /data/home/bxu2442590746/htdocs/dongqiudi/Home/Lib/Action/IndexAction.class.php 第 35 行.
SQL: SHOW COLUMNS FROM `fc_news` [ RunTime:0.001601s ]
SQL: SELECT * FROM fc_news n LEFT JOIN fc_news_data as d on n.id = d.id WHERE ( position = 2 )  [ RunTime:0.001186s ]
SQL: SELECT * FROM fc_news n LEFT JOIN fc_news_data as d on n.id = d.id  [ RunTime:0.003810s ]
INFO: [ view_template ] --START--
INFO: Run LocationTemplate Behavior [ RunTime:0.000356s ]
INFO: [ view_template ] --END-- [ RunTime:0.000412s ]
INFO: [ view_parse ] --START--
NOTIC: [8] Use of undefined constant id - assumed 'id' /data/home/bxu2442590746/htdocs/dongqiudi/Home/Runtime/Cache/7e4848229090366086cc7eeb3bfc0798.php 第 766 行.
NOTIC: [8] Use of undefined constant thumb - assumed 'thumb' /data/home/bxu2442590746/htdocs/dongqiudi/Home/Runtime/Cache/7e4848229090366086cc7eeb3bfc0798.php 第 767 行.
NOTIC: [8] Use of undefined constant title - assumed 'title' /data/home/bxu2442590746/htdocs/dongqiudi/Home/Runtime/Cache/7e4848229090366086cc7eeb3bfc0798.php 第 767 行.
NOTIC: [8] Use of undefined constant title - assumed 'title' /data/home/bxu2442590746/htdocs/dongqiudi/Home/Runtime/Cache/7e4848229090366086cc7eeb3bfc0798.php 第 768 行.
NOTIC: [8] Use of undefined constant description - assumed 'description' /data/home/bxu2442590746/htdocs/dongqiudi/Home/Runtime/Cache/7e4848229090366086cc7eeb3bfc0798.php 第 770 行.
NOTIC: [8] Use of undefined constant display_time - assumed 'display_time' /data/home/bxu2442590746/htdocs/dongqiudi/Home/Runtime/Cache/7e4848229090366086cc7eeb3bfc0798.php 第 772 行.
NOTIC: [8] Use of undefined constant official_account - assumed 'official_account' /data/home/bxu2442590746/htdocs/dongqiudi/Home/Runtime/Cache/7e4848229090366086cc7eeb3bfc0798.php 第 772 行.
NOTIC: [8] Use of undefined constant id - assumed 'id' /data/home/bxu2442590746/htdocs/dongqiudi/Home/Runtime/Cache/7e4848229090366086cc7eeb3bfc0798.php 第 773 行.
NOTIC: [8] Use of undefined constant comments_total - assumed 'comments_total' /data/home/bxu2442590746/htdocs/dongqiudi/Home/Runtime/Cache/7e4848229090366086cc7eeb3bfc0798.php 第 773 行.
INFO: Run ParseTemplate Behavior [ RunTime:0.019563s ]
INFO: [ view_parse ] --END-- [ RunTime:0.019610s ]
INFO: [ view_filter ] --START--
INFO: Run ContentReplace Behavior [ RunTime:0.000432s ]
INFO: Run TokenBuild Behavior [ RunTime:0.000307s ]
INFO: Run WriteHtmlCache Behavior [ RunTime:0.000226s ]
INFO: Run ShowRuntime Behavior [ RunTime:0.000353s ]
INFO: [ view_filter ] --END-- [ RunTime:0.001442s ]
INFO: [ view_end ] --START--
INFO: Run ShowPageTrace Behavior [ RunTime:0.000411s ]
INFO: [ view_end ] --END-- [ RunTime:0.000451s ]

[ 2017-02-15T17:55:50+08:00 ] 123.52.72.183 /dongqiudi/
NOTIC: [8192] Directive 'magic_quotes_gpc' is deprecated in PHP 5.3 and greater Unknown 第 0 行.

[ 2017-02-15T17:56:02+08:00 ] 123.52.72.183 /dongqiudi/index.php?m=index&a=show&id=16
INFO: [ app_begin ] --START--
INFO: Run ReadHtmlCache Behavior [ RunTime:0.000410s ]
INFO: [ app_begin ] --END-- [ RunTime:0.000506s ]
NOTIC: [2048] Declaration of IndexAction::show() should be compatible with that of Action::show() /data/home/bxu2442590746/htdocs/dongqiudi/Home/Lib/Action/IndexAction.class.php 第 35 行.
SQL: SHOW COLUMNS FROM `fc_news` [ RunTime:0.001363s ]
SQL: SELECT * FROM fc_news n LEFT JOIN fc_news_data as d on n.id = d.id WHERE ( n.id = '16' ) AND ( d.id = '16' ) LIMIT 1   [ RunTime:0.001061s ]
INFO: [ view_template ] --START--
INFO: Run LocationTemplate Behavior [ RunTime:0.000365s ]
INFO: [ view_template ] --END-- [ RunTime:0.000413s ]
INFO: [ view_parse ] --START--
NOTIC: [8] Use of undefined constant max_vote - assumed 'max_vote' /data/home/bxu2442590746/htdocs/dongqiudi/Home/Runtime/Cache/8900f6c60654ed91e9ce9789196cfe05.php 第 312 行.
NOTIC: [8] Use of undefined constant title - assumed 'title' /data/home/bxu2442590746/htdocs/dongqiudi/Home/Runtime/Cache/8900f6c60654ed91e9ce9789196cfe05.php 第 314 行.
NOTIC: [8] Use of undefined constant max_vote - assumed 'max_vote' /data/home/bxu2442590746/htdocs/dongqiudi/Home/Runtime/Cache/8900f6c60654ed91e9ce9789196cfe05.php 第 317 行.
NOTIC: [8] Use of undefined constant id - assumed 'id' /data/home/bxu2442590746/htdocs/dongqiudi/Home/Runtime/Cache/8900f6c60654ed91e9ce9789196cfe05.php 第 322 行.
NOTIC: [8] Use of undefined constant title - assumed 'title' /data/home/bxu2442590746/htdocs/dongqiudi/Home/Runtime/Cache/8900f6c60654ed91e9ce9789196cfe05.php 第 322 行.
INFO: Run ParseTemplate Behavior [ RunTime:0.025200s ]
INFO: [ view_parse ] --END-- [ RunTime:0.025244s ]
INFO: [ view_filter ] --START--
INFO: Run ContentReplace Behavior [ RunTime:0.000402s ]
INFO: Run TokenBuild Behavior [ RunTime:0.000322s ]
INFO: Run WriteHtmlCache Behavior [ RunTime:0.000211s ]
INFO: Run ShowRuntime Behavior [ RunTime:0.000325s ]
INFO: [ view_filter ] --END-- [ RunTime:0.001400s ]
INFO: [ view_end ] --START--
INFO: Run ShowPageTrace Behavior [ RunTime:0.000433s ]
INFO: [ view_end ] --END-- [ RunTime:0.000474s ]

[ 2017-02-15T17:56:02+08:00 ] 123.52.72.183 /dongqiudi/index.php?m=index&a=show&id=16
NOTIC: [8192] Directive 'magic_quotes_gpc' is deprecated in PHP 5.3 and greater Unknown 第 0 行.

[ 2017-02-15T17:56:12+08:00 ] 101.226.51.229 /dongqiudi/index.php?m=index&a=show&id=16
INFO: [ app_begin ] --START--
INFO: Run ReadHtmlCache Behavior [ RunTime:0.000383s ]
INFO: [ app_begin ] --END-- [ RunTime:0.000477s ]
NOTIC: [2048] Declaration of IndexAction::show() should be compatible with that of Action::show() /data/home/bxu2442590746/htdocs/dongqiudi/Home/Lib/Action/IndexAction.class.php 第 35 行.
SQL: SHOW COLUMNS FROM `fc_news` [ RunTime:0.001489s ]
SQL: SELECT * FROM fc_news n LEFT JOIN fc_news_data as d on n.id = d.id WHERE ( n.id = '16' ) AND ( d.id = '16' ) LIMIT 1   [ RunTime:0.001064s ]
INFO: [ view_template ] --START--
INFO: Run LocationTemplate Behavior [ RunTime:0.000375s ]
INFO: [ view_template ] --END-- [ RunTime:0.000423s ]
INFO: [ view_parse ] --START--
NOTIC: [8] Use of undefined constant max_vote - assumed 'max_vote' /data/home/bxu2442590746/htdocs/dongqiudi/Home/Runtime/Cache/8900f6c60654ed91e9ce9789196cfe05.php 第 312 行.
NOTIC: [8] Use of undefined constant title - assumed 'title' /data/home/bxu2442590746/htdocs/dongqiudi/Home/Runtime/Cache/8900f6c60654ed91e9ce9789196cfe05.php 第 314 行.
NOTIC: [8] Use of undefined constant max_vote - assumed 'max_vote' /data/home/bxu2442590746/htdocs/dongqiudi/Home/Runtime/Cache/8900f6c60654ed91e9ce9789196cfe05.php 第 317 行.
NOTIC: [8] Use of undefined constant id - assumed 'id' /data/home/bxu2442590746/htdocs/dongqiudi/Home/Runtime/Cache/8900f6c60654ed91e9ce9789196cfe05.php 第 322 行.
NOTIC: [8] Use of undefined constant title - assumed 'title' /data/home/bxu2442590746/htdocs/dongqiudi/Home/Runtime/Cache/8900f6c60654ed91e9ce9789196cfe05.php 第 322 行.
INFO: Run ParseTemplate Behavior [ RunTime:0.013087s ]
INFO: [ view_parse ] --END-- [ RunTime:0.013131s ]
INFO: [ view_filter ] --START--
INFO: Run ContentReplace Behavior [ RunTime:0.000369s ]
INFO: Run TokenBuild Behavior [ RunTime:0.000298s ]
INFO: Run WriteHtmlCache Behavior [ RunTime:0.000216s ]
INFO: Run ShowRuntime Behavior [ RunTime:0.000323s ]
INFO: [ view_filter ] --END-- [ RunTime:0.001324s ]
INFO: [ view_end ] --START--
INFO: Run ShowPageTrace Behavior [ RunTime:0.000456s ]
INFO: [ view_end ] --END-- [ RunTime:0.000496s ]

[ 2017-02-15T17:56:12+08:00 ] 101.226.51.229 /dongqiudi/index.php?m=index&a=show&id=16
NOTIC: [8192] Directive 'magic_quotes_gpc' is deprecated in PHP 5.3 and greater Unknown 第 0 行.

[ 2017-02-15T18:06:03+08:00 ] 123.52.72.183 /dongqiudi/
INFO: [ app_begin ] --START--
INFO: Run ReadHtmlCache Behavior [ RunTime:0.000399s ]
INFO: [ app_begin ] --END-- [ RunTime:0.000486s ]
NOTIC: [2048] Declaration of IndexAction::show() should be compatible with that of Action::show() /data/home/bxu2442590746/htdocs/dongqiudi/Home/Lib/Action/IndexAction.class.php 第 35 行.
SQL: SHOW COLUMNS FROM `fc_news` [ RunTime:0.001625s ]
SQL: SELECT * FROM fc_news n LEFT JOIN fc_news_data as d on n.id = d.id WHERE ( position = 2 )  [ RunTime:0.001055s ]
SQL: SELECT * FROM fc_news n LEFT JOIN fc_news_data as d on n.id = d.id  [ RunTime:0.003630s ]
INFO: [ view_template ] --START--
INFO: Run LocationTemplate Behavior [ RunTime:0.000341s ]
INFO: [ view_template ] --END-- [ RunTime:0.000395s ]
INFO: [ view_parse ] --START--
NOTIC: [8] Use of undefined constant id - assumed 'id' /data/home/bxu2442590746/htdocs/dongqiudi/Home/Runtime/Cache/7e4848229090366086cc7eeb3bfc0798.php 第 766 行.
NOTIC: [8] Use of undefined constant thumb - assumed 'thumb' /data/home/bxu2442590746/htdocs/dongqiudi/Home/Runtime/Cache/7e4848229090366086cc7eeb3bfc0798.php 第 767 行.
NOTIC: [8] Use of undefined constant title - assumed 'title' /data/home/bxu2442590746/htdocs/dongqiudi/Home/Runtime/Cache/7e4848229090366086cc7eeb3bfc0798.php 第 767 行.
NOTIC: [8] Use of undefined constant title - assumed 'title' /data/home/bxu2442590746/htdocs/dongqiudi/Home/Runtime/Cache/7e4848229090366086cc7eeb3bfc0798.php 第 768 行.
NOTIC: [8] Use of undefined constant description - assumed 'description' /data/home/bxu2442590746/htdocs/dongqiudi/Home/Runtime/Cache/7e4848229090366086cc7eeb3bfc0798.php 第 770 行.
NOTIC: [8] Use of undefined constant display_time - assumed 'display_time' /data/home/bxu2442590746/htdocs/dongqiudi/Home/Runtime/Cache/7e4848229090366086cc7eeb3bfc0798.php 第 772 行.
NOTIC: [8] Use of undefined constant official_account - assumed 'official_account' /data/home/bxu2442590746/htdocs/dongqiudi/Home/Runtime/Cache/7e4848229090366086cc7eeb3bfc0798.php 第 772 行.
NOTIC: [8] Use of undefined constant id - assumed 'id' /data/home/bxu2442590746/htdocs/dongqiudi/Home/Runtime/Cache/7e4848229090366086cc7eeb3bfc0798.php 第 773 行.
NOTIC: [8] Use of undefined constant comments_total - assumed 'comments_total' /data/home/bxu2442590746/htdocs/dongqiudi/Home/Runtime/Cache/7e4848229090366086cc7eeb3bfc0798.php 第 773 行.
INFO: Run ParseTemplate Behavior [ RunTime:0.020611s ]
INFO: [ view_parse ] --END-- [ RunTime:0.020660s ]
INFO: [ view_filter ] --START--
INFO: Run ContentReplace Behavior [ RunTime:0.000406s ]
INFO: Run TokenBuild Behavior [ RunTime:0.000296s ]
INFO: Run WriteHtmlCache Behavior [ RunTime:0.000201s ]
INFO: Run ShowRuntime Behavior [ RunTime:0.000321s ]
INFO: [ view_filter ] --END-- [ RunTime:0.001348s ]
INFO: [ view_end ] --START--
INFO: Run ShowPageTrace Behavior [ RunTime:0.000432s ]
INFO: [ view_end ] --END-- [ RunTime:0.000474s ]

[ 2017-02-15T18:06:03+08:00 ] 123.52.72.183 /dongqiudi/
NOTIC: [8192] Directive 'magic_quotes_gpc' is deprecated in PHP 5.3 and greater Unknown 第 0 行.

[ 2017-02-15T18:06:13+08:00 ] 101.226.102.97 /dongqiudi/
INFO: [ app_begin ] --START--
INFO: Run ReadHtmlCache Behavior [ RunTime:0.000410s ]
INFO: [ app_begin ] --END-- [ RunTime:0.000502s ]
NOTIC: [2048] Declaration of IndexAction::show() should be compatible with that of Action::show() /data/home/bxu2442590746/htdocs/dongqiudi/Home/Lib/Action/IndexAction.class.php 第 35 行.
SQL: SHOW COLUMNS FROM `fc_news` [ RunTime:0.001606s ]
SQL: SELECT * FROM fc_news n LEFT JOIN fc_news_data as d on n.id = d.id WHERE ( position = 2 )  [ RunTime:0.001179s ]
SQL: SELECT * FROM fc_news n LEFT JOIN fc_news_data as d on n.id = d.id  [ RunTime:0.003501s ]
INFO: [ view_template ] --START--
INFO: Run LocationTemplate Behavior [ RunTime:0.000360s ]
INFO: [ view_template ] --END-- [ RunTime:0.000432s ]
INFO: [ view_parse ] --START--
NOTIC: [8] Use of undefined constant id - assumed 'id' /data/home/bxu2442590746/htdocs/dongqiudi/Home/Runtime/Cache/7e4848229090366086cc7eeb3bfc0798.php 第 766 行.
NOTIC: [8] Use of undefined constant thumb - assumed 'thumb' /data/home/bxu2442590746/htdocs/dongqiudi/Home/Runtime/Cache/7e4848229090366086cc7eeb3bfc0798.php 第 767 行.
NOTIC: [8] Use of undefined constant title - assumed 'title' /data/home/bxu2442590746/htdocs/dongqiudi/Home/Runtime/Cache/7e4848229090366086cc7eeb3bfc0798.php 第 767 行.
NOTIC: [8] Use of undefined constant title - assumed 'title' /data/home/bxu2442590746/htdocs/dongqiudi/Home/Runtime/Cache/7e4848229090366086cc7eeb3bfc0798.php 第 768 行.
NOTIC: [8] Use of undefined constant description - assumed 'description' /data/home/bxu2442590746/htdocs/dongqiudi/Home/Runtime/Cache/7e4848229090366086cc7eeb3bfc0798.php 第 770 行.
NOTIC: [8] Use of undefined constant display_time - assumed 'display_time' /data/home/bxu2442590746/htdocs/dongqiudi/Home/Runtime/Cache/7e4848229090366086cc7eeb3bfc0798.php 第 772 行.
NOTIC: [8] Use of undefined constant official_account - assumed 'official_account' /data/home/bxu2442590746/htdocs/dongqiudi/Home/Runtime/Cache/7e4848229090366086cc7eeb3bfc0798.php 第 772 行.
NOTIC: [8] Use of undefined constant id - assumed 'id' /data/home/bxu2442590746/htdocs/dongqiudi/Home/Runtime/Cache/7e4848229090366086cc7eeb3bfc0798.php 第 773 行.
NOTIC: [8] Use of undefined constant comments_total - assumed 'comments_total' /data/home/bxu2442590746/htdocs/dongqiudi/Home/Runtime/Cache/7e4848229090366086cc7eeb3bfc0798.php 第 773 行.
INFO: Run ParseTemplate Behavior [ RunTime:0.019995s ]
INFO: [ view_parse ] --END-- [ RunTime:0.020042s ]
INFO: [ view_filter ] --START--
INFO: Run ContentReplace Behavior [ RunTime:0.000410s ]
INFO: Run TokenBuild Behavior [ RunTime:0.000284s ]
INFO: Run WriteHtmlCache Behavior [ RunTime:0.000239s ]
INFO: Run ShowRuntime Behavior [ RunTime:0.000329s ]
INFO: [ view_filter ] --END-- [ RunTime:0.001384s ]
INFO: [ view_end ] --START--
INFO: Run ShowPageTrace Behavior [ RunTime:0.000427s ]
INFO: [ view_end ] --END-- [ RunTime:0.000470s ]

[ 2017-02-15T18:06:13+08:00 ] 101.226.102.97 /dongqiudi/
NOTIC: [8192] Directive 'magic_quotes_gpc' is deprecated in PHP 5.3 and greater Unknown 第 0 行.

[ 2017-02-15T18:08:21+08:00 ] 123.52.72.183 /dongqiudi/
INFO: [ app_begin ] --START--
INFO: Run ReadHtmlCache Behavior [ RunTime:0.000401s ]
INFO: [ app_begin ] --END-- [ RunTime:0.000516s ]
NOTIC: [2048] Declaration of IndexAction::show() should be compatible with that of Action::show() /data/home/bxu2442590746/htdocs/dongqiudi/Home/Lib/Action/IndexAction.class.php 第 35 行.
SQL: SHOW COLUMNS FROM `fc_news` [ RunTime:0.001508s ]
SQL: SELECT * FROM fc_news n LEFT JOIN fc_news_data as d on n.id = d.id WHERE ( position = 2 )  [ RunTime:0.001991s ]
SQL: SELECT * FROM fc_news n LEFT JOIN fc_news_data as d on n.id = d.id  [ RunTime:0.003768s ]
INFO: [ view_template ] --START--
INFO: Run LocationTemplate Behavior [ RunTime:0.000381s ]
INFO: [ view_template ] --END-- [ RunTime:0.000446s ]
INFO: [ view_parse ] --START--
NOTIC: [8] Use of undefined constant id - assumed 'id' /data/home/bxu2442590746/htdocs/dongqiudi/Home/Runtime/Cache/7e4848229090366086cc7eeb3bfc0798.php 第 766 行.
NOTIC: [8] Use of undefined constant thumb - assumed 'thumb' /data/home/bxu2442590746/htdocs/dongqiudi/Home/Runtime/Cache/7e4848229090366086cc7eeb3bfc0798.php 第 767 行.
NOTIC: [8] Use of undefined constant title - assumed 'title' /data/home/bxu2442590746/htdocs/dongqiudi/Home/Runtime/Cache/7e4848229090366086cc7eeb3bfc0798.php 第 767 行.
NOTIC: [8] Use of undefined constant title - assumed 'title' /data/home/bxu2442590746/htdocs/dongqiudi/Home/Runtime/Cache/7e4848229090366086cc7eeb3bfc0798.php 第 768 行.
NOTIC: [8] Use of undefined constant description - assumed 'description' /data/home/bxu2442590746/htdocs/dongqiudi/Home/Runtime/Cache/7e4848229090366086cc7eeb3bfc0798.php 第 770 行.
NOTIC: [8] Use of undefined constant display_time - assumed 'display_time' /data/home/bxu2442590746/htdocs/dongqiudi/Home/Runtime/Cache/7e4848229090366086cc7eeb3bfc0798.php 第 772 行.
NOTIC: [8] Use of undefined constant official_account - assumed 'official_account' /data/home/bxu2442590746/htdocs/dongqiudi/Home/Runtime/Cache/7e4848229090366086cc7eeb3bfc0798.php 第 772 行.
NOTIC: [8] Use of undefined constant id - assumed 'id' /data/home/bxu2442590746/htdocs/dongqiudi/Home/Runtime/Cache/7e4848229090366086cc7eeb3bfc0798.php 第 773 行.
NOTIC: [8] Use of undefined constant comments_total - assumed 'comments_total' /data/home/bxu2442590746/htdocs/dongqiudi/Home/Runtime/Cache/7e4848229090366086cc7eeb3bfc0798.php 第 773 行.
INFO: Run ParseTemplate Behavior [ RunTime:0.019561s ]
INFO: [ view_parse ] --END-- [ RunTime:0.019606s ]
INFO: [ view_filter ] --START--
INFO: Run ContentReplace Behavior [ RunTime:0.000439s ]
INFO: Run TokenBuild Behavior [ RunTime:0.000294s ]
INFO: Run WriteHtmlCache Behavior [ RunTime:0.000244s ]
INFO: Run ShowRuntime Behavior [ RunTime:0.000338s ]
INFO: [ view_filter ] --END-- [ RunTime:0.001460s ]
INFO: [ view_end ] --START--
INFO: Run ShowPageTrace Behavior [ RunTime:0.000421s ]
INFO: [ view_end ] --END-- [ RunTime:0.000462s ]

[ 2017-02-15T18:08:21+08:00 ] 123.52.72.183 /dongqiudi/
NOTIC: [8192] Directive 'magic_quotes_gpc' is deprecated in PHP 5.3 and greater Unknown 第 0 行.

[ 2017-02-15T18:08:31+08:00 ] 123.52.72.183 /dongqiudi/index.php?m=index&a=march
INFO: [ app_begin ] --START--
INFO: Run ReadHtmlCache Behavior [ RunTime:0.000449s ]
INFO: [ app_begin ] --END-- [ RunTime:0.000541s ]
NOTIC: [2048] Declaration of IndexAction::show() should be compatible with that of Action::show() /data/home/bxu2442590746/htdocs/dongqiudi/Home/Lib/Action/IndexAction.class.php 第 35 行.
INFO: [ view_template ] --START--
INFO: Run LocationTemplate Behavior [ RunTime:0.000325s ]
INFO: [ view_template ] --END-- [ RunTime:0.000399s ]
INFO: [ view_parse ] --START--
INFO: Run ParseTemplate Behavior [ RunTime:0.042045s ]
INFO: [ view_parse ] --END-- [ RunTime:0.042097s ]
INFO: [ view_filter ] --START--
INFO: Run ContentReplace Behavior [ RunTime:0.000671s ]
INFO: Run TokenBuild Behavior [ RunTime:0.000301s ]
INFO: Run WriteHtmlCache Behavior [ RunTime:0.000209s ]
INFO: Run ShowRuntime Behavior [ RunTime:0.000386s ]
INFO: [ view_filter ] --END-- [ RunTime:0.001698s ]
INFO: [ view_end ] --START--
INFO: Run ShowPageTrace Behavior [ RunTime:0.000407s ]
INFO: [ view_end ] --END-- [ RunTime:0.000449s ]

[ 2017-02-15T18:08:31+08:00 ] 123.52.72.183 /dongqiudi/index.php?m=index&a=march
NOTIC: [8192] Directive 'magic_quotes_gpc' is deprecated in PHP 5.3 and greater Unknown 第 0 行.

[ 2017-02-15T18:08:38+08:00 ] 123.52.72.183 /dongqiudi/index.php?m=index&a=index
INFO: [ app_begin ] --START--
INFO: Run ReadHtmlCache Behavior [ RunTime:0.000391s ]
INFO: [ app_begin ] --END-- [ RunTime:0.000486s ]
NOTIC: [2048] Declaration of IndexAction::show() should be compatible with that of Action::show() /data/home/bxu2442590746/htdocs/dongqiudi/Home/Lib/Action/IndexAction.class.php 第 35 行.
SQL: SHOW COLUMNS FROM `fc_news` [ RunTime:0.001534s ]
SQL: SELECT * FROM fc_news n LEFT JOIN fc_news_data as d on n.id = d.id WHERE ( position = 2 )  [ RunTime:0.001211s ]
SQL: SELECT * FROM fc_news n LEFT JOIN fc_news_data as d on n.id = d.id  [ RunTime:0.003758s ]
INFO: [ view_template ] --START--
INFO: Run LocationTemplate Behavior [ RunTime:0.000356s ]
INFO: [ view_template ] --END-- [ RunTime:0.000438s ]
INFO: [ view_parse ] --START--
NOTIC: [8] Use of undefined constant id - assumed 'id' /data/home/bxu2442590746/htdocs/dongqiudi/Home/Runtime/Cache/7e4848229090366086cc7eeb3bfc0798.php 第 766 行.
NOTIC: [8] Use of undefined constant thumb - assumed 'thumb' /data/home/bxu2442590746/htdocs/dongqiudi/Home/Runtime/Cache/7e4848229090366086cc7eeb3bfc0798.php 第 767 行.
NOTIC: [8] Use of undefined constant title - assumed 'title' /data/home/bxu2442590746/htdocs/dongqiudi/Home/Runtime/Cache/7e4848229090366086cc7eeb3bfc0798.php 第 767 行.
NOTIC: [8] Use of undefined constant title - assumed 'title' /data/home/bxu2442590746/htdocs/dongqiudi/Home/Runtime/Cache/7e4848229090366086cc7eeb3bfc0798.php 第 768 行.
NOTIC: [8] Use of undefined constant description - assumed 'description' /data/home/bxu2442590746/htdocs/dongqiudi/Home/Runtime/Cache/7e4848229090366086cc7eeb3bfc0798.php 第 770 行.
NOTIC: [8] Use of undefined constant display_time - assumed 'display_time' /data/home/bxu2442590746/htdocs/dongqiudi/Home/Runtime/Cache/7e4848229090366086cc7eeb3bfc0798.php 第 772 行.
NOTIC: [8] Use of undefined constant official_account - assumed 'official_account' /data/home/bxu2442590746/htdocs/dongqiudi/Home/Runtime/Cache/7e4848229090366086cc7eeb3bfc0798.php 第 772 行.
NOTIC: [8] Use of undefined constant id - assumed 'id' /data/home/bxu2442590746/htdocs/dongqiudi/Home/Runtime/Cache/7e4848229090366086cc7eeb3bfc0798.php 第 773 行.
NOTIC: [8] Use of undefined constant comments_total - assumed 'comments_total' /data/home/bxu2442590746/htdocs/dongqiudi/Home/Runtime/Cache/7e4848229090366086cc7eeb3bfc0798.php 第 773 行.
INFO: Run ParseTemplate Behavior [ RunTime:0.019728s ]
INFO: [ view_parse ] --END-- [ RunTime:0.019776s ]
INFO: [ view_filter ] --START--
INFO: Run ContentReplace Behavior [ RunTime:0.000465s ]
INFO: Run TokenBuild Behavior [ RunTime:0.000280s ]
INFO: Run WriteHtmlCache Behavior [ RunTime:0.000205s ]
INFO: Run ShowRuntime Behavior [ RunTime:0.000346s ]
INFO: [ view_filter ] --END-- [ RunTime:0.001418s ]
INFO: [ view_end ] --START--
INFO: Run ShowPageTrace Behavior [ RunTime:0.000440s ]
INFO: [ view_end ] --END-- [ RunTime:0.000481s ]

[ 2017-02-15T18:08:38+08:00 ] 123.52.72.183 /dongqiudi/index.php?m=index&a=index
NOTIC: [8192] Directive 'magic_quotes_gpc' is deprecated in PHP 5.3 and greater Unknown 第 0 行.

[ 2017-02-15T18:08:51+08:00 ] 180.153.212.13 /dongqiudi/index.php?m=index&a=march
INFO: [ app_begin ] --START--
INFO: Run ReadHtmlCache Behavior [ RunTime:0.000453s ]
INFO: [ app_begin ] --END-- [ RunTime:0.000562s ]
NOTIC: [2048] Declaration of IndexAction::show() should be compatible with that of Action::show() /data/home/bxu2442590746/htdocs/dongqiudi/Home/Lib/Action/IndexAction.class.php 第 35 行.
INFO: [ view_template ] --START--
INFO: Run LocationTemplate Behavior [ RunTime:0.000347s ]
INFO: [ view_template ] --END-- [ RunTime:0.000398s ]
INFO: [ view_parse ] --START--
INFO: Run ParseTemplate Behavior [ RunTime:0.027597s ]
INFO: [ view_parse ] --END-- [ RunTime:0.027669s ]
INFO: [ view_filter ] --START--
INFO: Run ContentReplace Behavior [ RunTime:0.000693s ]
INFO: Run TokenBuild Behavior [ RunTime:0.000362s ]
INFO: Run WriteHtmlCache Behavior [ RunTime:0.000213s ]
INFO: Run ShowRuntime Behavior [ RunTime:0.000363s ]
INFO: [ view_filter ] --END-- [ RunTime:0.001766s ]
INFO: [ view_end ] --START--
INFO: Run ShowPageTrace Behavior [ RunTime:0.000428s ]
INFO: [ view_end ] --END-- [ RunTime:0.000470s ]

[ 2017-02-15T18:08:51+08:00 ] 180.153.212.13 /dongqiudi/index.php?m=index&a=march
NOTIC: [8192] Directive 'magic_quotes_gpc' is deprecated in PHP 5.3 and greater Unknown 第 0 行.

[ 2017-02-15T18:10:58+08:00 ] 123.52.72.183 /dongqiudi/index.php?m=index&a=index
INFO: [ app_begin ] --START--
INFO: Run ReadHtmlCache Behavior [ RunTime:0.000388s ]
INFO: [ app_begin ] --END-- [ RunTime:0.000481s ]
NOTIC: [2048] Declaration of IndexAction::show() should be compatible with that of Action::show() /data/home/bxu2442590746/htdocs/dongqiudi/Home/Lib/Action/IndexAction.class.php 第 35 行.
SQL: SHOW COLUMNS FROM `fc_news` [ RunTime:0.001487s ]
SQL: SELECT * FROM fc_news n LEFT JOIN fc_news_data as d on n.id = d.id WHERE ( position = 2 )  [ RunTime:0.001587s ]
SQL: SELECT * FROM fc_news n LEFT JOIN fc_news_data as d on n.id = d.id  [ RunTime:0.003632s ]
INFO: [ view_template ] --START--
INFO: Run LocationTemplate Behavior [ RunTime:0.000387s ]
INFO: [ view_template ] --END-- [ RunTime:0.000441s ]
INFO: [ view_parse ] --START--
NOTIC: [8] Use of undefined constant id - assumed 'id' /data/home/bxu2442590746/htdocs/dongqiudi/Home/Runtime/Cache/7e4848229090366086cc7eeb3bfc0798.php 第 766 行.
NOTIC: [8] Use of undefined constant thumb - assumed 'thumb' /data/home/bxu2442590746/htdocs/dongqiudi/Home/Runtime/Cache/7e4848229090366086cc7eeb3bfc0798.php 第 767 行.
NOTIC: [8] Use of undefined constant title - assumed 'title' /data/home/bxu2442590746/htdocs/dongqiudi/Home/Runtime/Cache/7e4848229090366086cc7eeb3bfc0798.php 第 767 行.
NOTIC: [8] Use of undefined constant title - assumed 'title' /data/home/bxu2442590746/htdocs/dongqiudi/Home/Runtime/Cache/7e4848229090366086cc7eeb3bfc0798.php 第 768 行.
NOTIC: [8] Use of undefined constant description - assumed 'description' /data/home/bxu2442590746/htdocs/dongqiudi/Home/Runtime/Cache/7e4848229090366086cc7eeb3bfc0798.php 第 770 行.
NOTIC: [8] Use of undefined constant display_time - assumed 'display_time' /data/home/bxu2442590746/htdocs/dongqiudi/Home/Runtime/Cache/7e4848229090366086cc7eeb3bfc0798.php 第 772 行.
NOTIC: [8] Use of undefined constant official_account - assumed 'official_account' /data/home/bxu2442590746/htdocs/dongqiudi/Home/Runtime/Cache/7e4848229090366086cc7eeb3bfc0798.php 第 772 行.
NOTIC: [8] Use of undefined constant id - assumed 'id' /data/home/bxu2442590746/htdocs/dongqiudi/Home/Runtime/Cache/7e4848229090366086cc7eeb3bfc0798.php 第 773 行.
NOTIC: [8] Use of undefined constant comments_total - assumed 'comments_total' /data/home/bxu2442590746/htdocs/dongqiudi/Home/Runtime/Cache/7e4848229090366086cc7eeb3bfc0798.php 第 773 行.
INFO: Run ParseTemplate Behavior [ RunTime:0.021254s ]
INFO: [ view_parse ] --END-- [ RunTime:0.021306s ]
INFO: [ view_filter ] --START--
INFO: Run ContentReplace Behavior [ RunTime:0.000520s ]
INFO: Run TokenBuild Behavior [ RunTime:0.000356s ]
INFO: Run WriteHtmlCache Behavior [ RunTime:0.000247s ]
INFO: Run ShowRuntime Behavior [ RunTime:0.000439s ]
INFO: [ view_filter ] --END-- [ RunTime:0.001687s ]
INFO: [ view_end ] --START--
INFO: Run ShowPageTrace Behavior [ RunTime:0.000440s ]
INFO: [ view_end ] --END-- [ RunTime:0.000482s ]

[ 2017-02-15T18:10:58+08:00 ] 123.52.72.183 /dongqiudi/index.php?m=index&a=index
NOTIC: [8192] Directive 'magic_quotes_gpc' is deprecated in PHP 5.3 and greater Unknown 第 0 行.

[ 2017-02-15T18:11:22+08:00 ] 123.52.72.183 /dongqiudi/index.php?m=index&a=show&id=10
INFO: [ app_begin ] --START--
INFO: Run ReadHtmlCache Behavior [ RunTime:0.000410s ]
INFO: [ app_begin ] --END-- [ RunTime:0.000509s ]
NOTIC: [2048] Declaration of IndexAction::show() should be compatible with that of Action::show() /data/home/bxu2442590746/htdocs/dongqiudi/Home/Lib/Action/IndexAction.class.php 第 35 行.
SQL: SHOW COLUMNS FROM `fc_news` [ RunTime:0.001622s ]
SQL: SELECT * FROM fc_news n LEFT JOIN fc_news_data as d on n.id = d.id WHERE ( n.id = '10' ) AND ( d.id = '10' ) LIMIT 1   [ RunTime:0.001525s ]
INFO: [ view_template ] --START--
INFO: Run LocationTemplate Behavior [ RunTime:0.000353s ]
INFO: [ view_template ] --END-- [ RunTime:0.000411s ]
INFO: [ view_parse ] --START--
NOTIC: [8] Use of undefined constant max_vote - assumed 'max_vote' /data/home/bxu2442590746/htdocs/dongqiudi/Home/Runtime/Cache/8900f6c60654ed91e9ce9789196cfe05.php 第 312 行.
NOTIC: [8] Use of undefined constant title - assumed 'title' /data/home/bxu2442590746/htdocs/dongqiudi/Home/Runtime/Cache/8900f6c60654ed91e9ce9789196cfe05.php 第 314 行.
NOTIC: [8] Use of undefined constant max_vote - assumed 'max_vote' /data/home/bxu2442590746/htdocs/dongqiudi/Home/Runtime/Cache/8900f6c60654ed91e9ce9789196cfe05.php 第 317 行.
NOTIC: [8] Use of undefined constant id - assumed 'id' /data/home/bxu2442590746/htdocs/dongqiudi/Home/Runtime/Cache/8900f6c60654ed91e9ce9789196cfe05.php 第 322 行.
NOTIC: [8] Use of undefined constant title - assumed 'title' /data/home/bxu2442590746/htdocs/dongqiudi/Home/Runtime/Cache/8900f6c60654ed91e9ce9789196cfe05.php 第 322 行.
INFO: Run ParseTemplate Behavior [ RunTime:0.013032s ]
INFO: [ view_parse ] --END-- [ RunTime:0.013081s ]
INFO: [ view_filter ] --START--
INFO: Run ContentReplace Behavior [ RunTime:0.000411s ]
INFO: Run TokenBuild Behavior [ RunTime:0.000279s ]
INFO: Run WriteHtmlCache Behavior [ RunTime:0.000206s ]
INFO: Run ShowRuntime Behavior [ RunTime:0.000381s ]
INFO: [ view_filter ] --END-- [ RunTime:0.001400s ]
INFO: [ view_end ] --START--
INFO: Run ShowPageTrace Behavior [ RunTime:0.000390s ]
INFO: [ view_end ] --END-- [ RunTime:0.000432s ]

[ 2017-02-15T18:11:22+08:00 ] 123.52.72.183 /dongqiudi/index.php?m=index&a=show&id=10
NOTIC: [8192] Directive 'magic_quotes_gpc' is deprecated in PHP 5.3 and greater Unknown 第 0 行.

[ 2017-02-15T18:11:22+08:00 ] 123.52.72.183 /dongqiudi/index.php?m=index&a=show&id=10
INFO: [ app_begin ] --START--
INFO: Run ReadHtmlCache Behavior [ RunTime:0.000388s ]
INFO: [ app_begin ] --END-- [ RunTime:0.000481s ]
NOTIC: [2048] Declaration of IndexAction::show() should be compatible with that of Action::show() /data/home/bxu2442590746/htdocs/dongqiudi/Home/Lib/Action/IndexAction.class.php 第 35 行.
SQL: SHOW COLUMNS FROM `fc_news` [ RunTime:0.001439s ]
SQL: SELECT * FROM fc_news n LEFT JOIN fc_news_data as d on n.id = d.id WHERE ( n.id = '10' ) AND ( d.id = '10' ) LIMIT 1   [ RunTime:0.001119s ]
INFO: [ view_template ] --START--
INFO: Run LocationTemplate Behavior [ RunTime:0.000350s ]
INFO: [ view_template ] --END-- [ RunTime:0.000409s ]
INFO: [ view_parse ] --START--
NOTIC: [8] Use of undefined constant max_vote - assumed 'max_vote' /data/home/bxu2442590746/htdocs/dongqiudi/Home/Runtime/Cache/8900f6c60654ed91e9ce9789196cfe05.php 第 312 行.
NOTIC: [8] Use of undefined constant title - assumed 'title' /data/home/bxu2442590746/htdocs/dongqiudi/Home/Runtime/Cache/8900f6c60654ed91e9ce9789196cfe05.php 第 314 行.
NOTIC: [8] Use of undefined constant max_vote - assumed 'max_vote' /data/home/bxu2442590746/htdocs/dongqiudi/Home/Runtime/Cache/8900f6c60654ed91e9ce9789196cfe05.php 第 317 行.
NOTIC: [8] Use of undefined constant id - assumed 'id' /data/home/bxu2442590746/htdocs/dongqiudi/Home/Runtime/Cache/8900f6c60654ed91e9ce9789196cfe05.php 第 322 行.
NOTIC: [8] Use of undefined constant title - assumed 'title' /data/home/bxu2442590746/htdocs/dongqiudi/Home/Runtime/Cache/8900f6c60654ed91e9ce9789196cfe05.php 第 322 行.
INFO: Run ParseTemplate Behavior [ RunTime:0.012993s ]
INFO: [ view_parse ] --END-- [ RunTime:0.013039s ]
INFO: [ view_filter ] --START--
INFO: Run ContentReplace Behavior [ RunTime:0.000390s ]
INFO: Run TokenBuild Behavior [ RunTime:0.000317s ]
INFO: Run WriteHtmlCache Behavior [ RunTime:0.000205s ]
INFO: Run ShowRuntime Behavior [ RunTime:0.000362s ]
INFO: [ view_filter ] --END-- [ RunTime:0.001396s ]
INFO: [ view_end ] --START--
INFO: Run ShowPageTrace Behavior [ RunTime:0.000410s ]
INFO: [ view_end ] --END-- [ RunTime:0.000451s ]

[ 2017-02-15T18:11:22+08:00 ] 123.52.72.183 /dongqiudi/index.php?m=index&a=show&id=10
NOTIC: [8192] Directive 'magic_quotes_gpc' is deprecated in PHP 5.3 and greater Unknown 第 0 行.

[ 2017-02-15T18:11:32+08:00 ] 101.226.66.177 /dongqiudi/index.php?m=index&a=show&id=10
INFO: [ app_begin ] --START--
INFO: Run ReadHtmlCache Behavior [ RunTime:0.000390s ]
INFO: [ app_begin ] --END-- [ RunTime:0.000487s ]
NOTIC: [2048] Declaration of IndexAction::show() should be compatible with that of Action::show() /data/home/bxu2442590746/htdocs/dongqiudi/Home/Lib/Action/IndexAction.class.php 第 35 行.
SQL: SHOW COLUMNS FROM `fc_news` [ RunTime:0.001560s ]
SQL: SELECT * FROM fc_news n LEFT JOIN fc_news_data as d on n.id = d.id WHERE ( n.id = '10' ) AND ( d.id = '10' ) LIMIT 1   [ RunTime:0.001147s ]
INFO: [ view_template ] --START--
INFO: Run LocationTemplate Behavior [ RunTime:0.000345s ]
INFO: [ view_template ] --END-- [ RunTime:0.000393s ]
INFO: [ view_parse ] --START--
NOTIC: [8] Use of undefined constant max_vote - assumed 'max_vote' /data/home/bxu2442590746/htdocs/dongqiudi/Home/Runtime/Cache/8900f6c60654ed91e9ce9789196cfe05.php 第 312 行.
NOTIC: [8] Use of undefined constant title - assumed 'title' /data/home/bxu2442590746/htdocs/dongqiudi/Home/Runtime/Cache/8900f6c60654ed91e9ce9789196cfe05.php 第 314 行.
NOTIC: [8] Use of undefined constant max_vote - assumed 'max_vote' /data/home/bxu2442590746/htdocs/dongqiudi/Home/Runtime/Cache/8900f6c60654ed91e9ce9789196cfe05.php 第 317 行.
NOTIC: [8] Use of undefined constant id - assumed 'id' /data/home/bxu2442590746/htdocs/dongqiudi/Home/Runtime/Cache/8900f6c60654ed91e9ce9789196cfe05.php 第 322 行.
NOTIC: [8] Use of undefined constant title - assumed 'title' /data/home/bxu2442590746/htdocs/dongqiudi/Home/Runtime/Cache/8900f6c60654ed91e9ce9789196cfe05.php 第 322 行.
INFO: Run ParseTemplate Behavior [ RunTime:0.013612s ]
INFO: [ view_parse ] --END-- [ RunTime:0.013657s ]
INFO: [ view_filter ] --START--
INFO: Run ContentReplace Behavior [ RunTime:0.000401s ]
INFO: Run TokenBuild Behavior [ RunTime:0.000300s ]
INFO: Run WriteHtmlCache Behavior [ RunTime:0.000207s ]
INFO: Run ShowRuntime Behavior [ RunTime:0.000341s ]
INFO: [ view_filter ] --END-- [ RunTime:0.001377s ]
INFO: [ view_end ] --START--
INFO: Run ShowPageTrace Behavior [ RunTime:0.000421s ]
INFO: [ view_end ] --END-- [ RunTime:0.000462s ]

[ 2017-02-15T18:11:32+08:00 ] 101.226.66.177 /dongqiudi/index.php?m=index&a=show&id=10
NOTIC: [8192] Directive 'magic_quotes_gpc' is deprecated in PHP 5.3 and greater Unknown 第 0 行.

[ 2017-02-15T20:27:12+08:00 ] 61.151.228.22 /dongqiudi/index.php?m%3Dindex%26a%3Dshow%26id%3D10
INFO: [ app_begin ] --START--
INFO: Run ReadHtmlCache Behavior [ RunTime:0.000416s ]
INFO: [ app_begin ] --END-- [ RunTime:0.000513s ]
NOTIC: [2048] Declaration of IndexAction::show() should be compatible with that of Action::show() /data/home/bxu2442590746/htdocs/dongqiudi/Home/Lib/Action/IndexAction.class.php 第 35 行.
SQL: SHOW COLUMNS FROM `fc_news` [ RunTime:0.001526s ]
SQL: SELECT * FROM fc_news n LEFT JOIN fc_news_data as d on n.id = d.id WHERE ( position = 2 )  [ RunTime:0.001334s ]
SQL: SELECT * FROM fc_news n LEFT JOIN fc_news_data as d on n.id = d.id  [ RunTime:0.003065s ]
INFO: [ view_template ] --START--
INFO: Run LocationTemplate Behavior [ RunTime:0.000353s ]
INFO: [ view_template ] --END-- [ RunTime:0.000407s ]
INFO: [ view_parse ] --START--
NOTIC: [8] Use of undefined constant id - assumed 'id' /data/home/bxu2442590746/htdocs/dongqiudi/Home/Runtime/Cache/7e4848229090366086cc7eeb3bfc0798.php 第 766 行.
NOTIC: [8] Use of undefined constant thumb - assumed 'thumb' /data/home/bxu2442590746/htdocs/dongqiudi/Home/Runtime/Cache/7e4848229090366086cc7eeb3bfc0798.php 第 767 行.
NOTIC: [8] Use of undefined constant title - assumed 'title' /data/home/bxu2442590746/htdocs/dongqiudi/Home/Runtime/Cache/7e4848229090366086cc7eeb3bfc0798.php 第 767 行.
NOTIC: [8] Use of undefined constant title - assumed 'title' /data/home/bxu2442590746/htdocs/dongqiudi/Home/Runtime/Cache/7e4848229090366086cc7eeb3bfc0798.php 第 768 行.
NOTIC: [8] Use of undefined constant description - assumed 'description' /data/home/bxu2442590746/htdocs/dongqiudi/Home/Runtime/Cache/7e4848229090366086cc7eeb3bfc0798.php 第 770 行.
NOTIC: [8] Use of undefined constant display_time - assumed 'display_time' /data/home/bxu2442590746/htdocs/dongqiudi/Home/Runtime/Cache/7e4848229090366086cc7eeb3bfc0798.php 第 772 行.
NOTIC: [8] Use of undefined constant official_account - assumed 'official_account' /data/home/bxu2442590746/htdocs/dongqiudi/Home/Runtime/Cache/7e4848229090366086cc7eeb3bfc0798.php 第 772 行.
NOTIC: [8] Use of undefined constant id - assumed 'id' /data/home/bxu2442590746/htdocs/dongqiudi/Home/Runtime/Cache/7e4848229090366086cc7eeb3bfc0798.php 第 773 行.
NOTIC: [8] Use of undefined constant comments_total - assumed 'comments_total' /data/home/bxu2442590746/htdocs/dongqiudi/Home/Runtime/Cache/7e4848229090366086cc7eeb3bfc0798.php 第 773 行.
INFO: Run ParseTemplate Behavior [ RunTime:0.020250s ]
INFO: [ view_parse ] --END-- [ RunTime:0.020297s ]
INFO: [ view_filter ] --START--
INFO: Run ContentReplace Behavior [ RunTime:0.000443s ]
INFO: Run TokenBuild Behavior [ RunTime:0.000292s ]
INFO: Run WriteHtmlCache Behavior [ RunTime:0.000235s ]
INFO: Run ShowRuntime Behavior [ RunTime:0.000335s ]
INFO: [ view_filter ] --END-- [ RunTime:0.001429s ]
INFO: [ view_end ] --START--
INFO: Run ShowPageTrace Behavior [ RunTime:0.000437s ]
INFO: [ view_end ] --END-- [ RunTime:0.000479s ]

[ 2017-02-15T20:27:12+08:00 ] 61.151.228.22 /dongqiudi/index.php?m%3Dindex%26a%3Dshow%26id%3D10
NOTIC: [8192] Directive 'magic_quotes_gpc' is deprecated in PHP 5.3 and greater Unknown 第 0 行.

[ 2017-02-15T22:23:35+08:00 ] 171.12.11.187 /dongqiudi/
INFO: [ app_begin ] --START--
INFO: Run ReadHtmlCache Behavior [ RunTime:0.000415s ]
INFO: [ app_begin ] --END-- [ RunTime:0.000508s ]
NOTIC: [2048] Declaration of IndexAction::show() should be compatible with that of Action::show() /data/home/bxu2442590746/htdocs/dongqiudi/Home/Lib/Action/IndexAction.class.php 第 35 行.
SQL: SHOW COLUMNS FROM `fc_news` [ RunTime:0.001610s ]
SQL: SELECT * FROM fc_news n LEFT JOIN fc_news_data as d on n.id = d.id WHERE ( position = 2 )  [ RunTime:0.001440s ]
SQL: SELECT * FROM fc_news n LEFT JOIN fc_news_data as d on n.id = d.id  [ RunTime:0.002859s ]
INFO: [ view_template ] --START--
INFO: Run LocationTemplate Behavior [ RunTime:0.000375s ]
INFO: [ view_template ] --END-- [ RunTime:0.000431s ]
INFO: [ view_parse ] --START--
NOTIC: [8] Use of undefined constant id - assumed 'id' /data/home/bxu2442590746/htdocs/dongqiudi/Home/Runtime/Cache/7e4848229090366086cc7eeb3bfc0798.php 第 766 行.
NOTIC: [8] Use of undefined constant thumb - assumed 'thumb' /data/home/bxu2442590746/htdocs/dongqiudi/Home/Runtime/Cache/7e4848229090366086cc7eeb3bfc0798.php 第 767 行.
NOTIC: [8] Use of undefined constant title - assumed 'title' /data/home/bxu2442590746/htdocs/dongqiudi/Home/Runtime/Cache/7e4848229090366086cc7eeb3bfc0798.php 第 767 行.
NOTIC: [8] Use of undefined constant title - assumed 'title' /data/home/bxu2442590746/htdocs/dongqiudi/Home/Runtime/Cache/7e4848229090366086cc7eeb3bfc0798.php 第 768 行.
NOTIC: [8] Use of undefined constant description - assumed 'description' /data/home/bxu2442590746/htdocs/dongqiudi/Home/Runtime/Cache/7e4848229090366086cc7eeb3bfc0798.php 第 770 行.
NOTIC: [8] Use of undefined constant display_time - assumed 'display_time' /data/home/bxu2442590746/htdocs/dongqiudi/Home/Runtime/Cache/7e4848229090366086cc7eeb3bfc0798.php 第 772 行.
NOTIC: [8] Use of undefined constant official_account - assumed 'official_account' /data/home/bxu2442590746/htdocs/dongqiudi/Home/Runtime/Cache/7e4848229090366086cc7eeb3bfc0798.php 第 772 行.
NOTIC: [8] Use of undefined constant id - assumed 'id' /data/home/bxu2442590746/htdocs/dongqiudi/Home/Runtime/Cache/7e4848229090366086cc7eeb3bfc0798.php 第 773 行.
NOTIC: [8] Use of undefined constant comments_total - assumed 'comments_total' /data/home/bxu2442590746/htdocs/dongqiudi/Home/Runtime/Cache/7e4848229090366086cc7eeb3bfc0798.php 第 773 行.
INFO: Run ParseTemplate Behavior [ RunTime:0.019241s ]
INFO: [ view_parse ] --END-- [ RunTime:0.019287s ]
INFO: [ view_filter ] --START--
INFO: Run ContentReplace Behavior [ RunTime:0.000454s ]
INFO: Run TokenBuild Behavior [ RunTime:0.000307s ]
INFO: Run WriteHtmlCache Behavior [ RunTime:0.000213s ]
INFO: Run ShowRuntime Behavior [ RunTime:0.000354s ]
INFO: [ view_filter ] --END-- [ RunTime:0.001450s ]
INFO: [ view_end ] --START--
INFO: Run ShowPageTrace Behavior [ RunTime:0.000435s ]
INFO: [ view_end ] --END-- [ RunTime:0.000476s ]

[ 2017-02-15T22:23:35+08:00 ] 171.12.11.187 /dongqiudi/
NOTIC: [8192] Directive 'magic_quotes_gpc' is deprecated in PHP 5.3 and greater Unknown 第 0 行.

