[ 2017-04-29T12:06:50+08:00 ] 171.12.11.187 /dongqiudi/
INFO: [ app_begin ] --START--
INFO: Run ReadHtmlCache Behavior [ RunTime:0.000501s ]
INFO: [ app_begin ] --END-- [ RunTime:0.000594s ]
NOTIC: [2048] Declaration of IndexAction::show() should be compatible with that of Action::show() /data/home/bxu2442590746/htdocs/dongqiudi/Home/Lib/Action/IndexAction.class.php 第 549 行.
SQL: SHOW COLUMNS FROM `fc_news` [ RunTime:0.001818s ]
SQL: SELECT * FROM fc_news n LEFT JOIN fc_news_data as d on n.id = d.id WHERE ( position = 2 ) ORDER BY n.id desc LIMIT 5   [ RunTime:0.003000s ]
SQL: SELECT * FROM fc_news n LEFT JOIN fc_news_data as d on n.id = d.id WHERE ( n.position = 1 ) ORDER BY n.id desc  [ RunTime:0.001542s ]
SQL: SHOW COLUMNS FROM `fc_comment` [ RunTime:0.001480s ]
SQL: SELECT COUNT(*) AS tp_count FROM `fc_comment` WHERE ( news_id = 61 ) LIMIT 1   [ RunTime:0.001266s ]
NOTIC: [8] Undefined variable: num /data/home/bxu2442590746/htdocs/dongqiudi/Home/Lib/Action/IndexAction.class.php 第 28 行.
SQL: SHOW COLUMNS FROM `fc_match` [ RunTime:0.001555s ]
SQL: SHOW COLUMNS FROM `fc_team` [ RunTime:0.001565s ]
SQL: SELECT * FROM `fc_match` WHERE ( position = 1 or position =3 ) ORDER BY match_id desc LIMIT 5   [ RunTime:0.001367s ]
SQL: SELECT * FROM `fc_team` WHERE ( team_id = 29 ) LIMIT 1   [ RunTime:0.001256s ]
SQL: SELECT * FROM `fc_team` WHERE ( team_id = 30 ) LIMIT 1   [ RunTime:0.001294s ]
SQL: SELECT * FROM `fc_team` WHERE ( team_id = 26 ) LIMIT 1   [ RunTime:0.001259s ]
SQL: SELECT * FROM `fc_team` WHERE ( team_id = 25 ) LIMIT 1   [ RunTime:0.001463s ]
SQL: SELECT * FROM `fc_team` WHERE ( team_id = 21 ) LIMIT 1   [ RunTime:0.001270s ]
SQL: SELECT * FROM `fc_team` WHERE ( team_id = 22 ) LIMIT 1   [ RunTime:0.001282s ]
SQL: SELECT * FROM `fc_team` WHERE ( team_id = 3 ) LIMIT 1   [ RunTime:0.001250s ]
SQL: SELECT * FROM `fc_team` WHERE ( team_id = 12 ) LIMIT 1   [ RunTime:0.001248s ]
SQL: SELECT * FROM `fc_team` WHERE ( team_id = 5 ) LIMIT 1   [ RunTime:0.001264s ]
SQL: SELECT * FROM `fc_team` WHERE ( team_id = 1 ) LIMIT 1   [ RunTime:0.001267s ]
SQL: SELECT * FROM `fc_team` WHERE ( league = "中超" ) ORDER BY league_integral desc , goal_difference desc LIMIT 10   [ RunTime:0.001349s ]
SQL: SHOW COLUMNS FROM `fc_user` [ RunTime:0.001530s ]
SQL: SELECT comment.comment_id AS comment_id,comment.news_id AS news_id,comment.content AS content,comment.fabulous AS fabulous,comment.parent_id AS parent_id,comment.user_id AS user_id,comment.updatetime AS updatetime,user.user_id AS username_id,user.username AS username,user.headimg AS headimg,news.id AS id,news.title AS title FROM fc_comment comment LEFT JOIN fc_user user ON comment.user_id=user.user_id  JOIN fc_news news ON comment.news_id=news.id ORDER BY comment.fabulous desc LIMIT 5   [ RunTime:0.001426s ]
INFO: [ view_template ] --START--
INFO: Run LocationTemplate Behavior [ RunTime:0.000479s ]
INFO: [ view_template ] --END-- [ RunTime:0.000541s ]
INFO: [ view_parse ] --START--
NOTIC: [8] Undefined index: username /data/home/bxu2442590746/htdocs/dongqiudi/Home/Runtime/Cache/7e4848229090366086cc7eeb3bfc0798.php 第 314 行.
NOTIC: [8] Undefined index: username /data/home/bxu2442590746/htdocs/dongqiudi/Home/Runtime/Cache/7e4848229090366086cc7eeb3bfc0798.php 第 314 行.
NOTIC: [8] Undefined index: username /data/home/bxu2442590746/htdocs/dongqiudi/Home/Runtime/Cache/7e4848229090366086cc7eeb3bfc0798.php 第 314 行.
NOTIC: [8] Undefined index: username /data/home/bxu2442590746/htdocs/dongqiudi/Home/Runtime/Cache/7e4848229090366086cc7eeb3bfc0798.php 第 314 行.
NOTIC: [8] Undefined index: username /data/home/bxu2442590746/htdocs/dongqiudi/Home/Runtime/Cache/7e4848229090366086cc7eeb3bfc0798.php 第 314 行.
INFO: Run ParseTemplate Behavior [ RunTime:0.022420s ]
INFO: [ view_parse ] --END-- [ RunTime:0.022472s ]
INFO: [ view_filter ] --START--
INFO: Run ContentReplace Behavior [ RunTime:0.000439s ]
INFO: Run TokenBuild Behavior [ RunTime:0.000386s ]
INFO: Run WriteHtmlCache Behavior [ RunTime:0.000331s ]
INFO: Run ShowRuntime Behavior [ RunTime:0.000418s ]
INFO: [ view_filter ] --END-- [ RunTime:0.001695s ]
INFO: [ view_end ] --START--
INFO: Run ShowPageTrace Behavior [ RunTime:0.000496s ]
INFO: [ view_end ] --END-- [ RunTime:0.000536s ]

[ 2017-04-29T12:06:50+08:00 ] 171.12.11.187 /dongqiudi/
NOTIC: [8192] Directive 'magic_quotes_gpc' is deprecated in PHP 5.3 and greater Unknown 第 0 行.

[ 2017-04-29T12:06:53+08:00 ] 171.12.11.187 /dongqiudi/index.php?m=index&a=index
INFO: [ app_begin ] --START--
INFO: Run ReadHtmlCache Behavior [ RunTime:0.000484s ]
INFO: [ app_begin ] --END-- [ RunTime:0.000576s ]
NOTIC: [2048] Declaration of IndexAction::show() should be compatible with that of Action::show() /data/home/bxu2442590746/htdocs/dongqiudi/Home/Lib/Action/IndexAction.class.php 第 549 行.
SQL: SHOW COLUMNS FROM `fc_news` [ RunTime:0.001716s ]
SQL: SELECT * FROM fc_news n LEFT JOIN fc_news_data as d on n.id = d.id WHERE ( position = 2 ) ORDER BY n.id desc LIMIT 5   [ RunTime:0.002799s ]
SQL: SELECT * FROM fc_news n LEFT JOIN fc_news_data as d on n.id = d.id WHERE ( n.position = 1 ) ORDER BY n.id desc  [ RunTime:0.001478s ]
SQL: SHOW COLUMNS FROM `fc_comment` [ RunTime:0.001496s ]
SQL: SELECT COUNT(*) AS tp_count FROM `fc_comment` WHERE ( news_id = 61 ) LIMIT 1   [ RunTime:0.004533s ]
NOTIC: [8] Undefined variable: num /data/home/bxu2442590746/htdocs/dongqiudi/Home/Lib/Action/IndexAction.class.php 第 28 行.
SQL: SHOW COLUMNS FROM `fc_match` [ RunTime:0.001614s ]
SQL: SHOW COLUMNS FROM `fc_team` [ RunTime:0.001549s ]
SQL: SELECT * FROM `fc_match` WHERE ( position = 1 or position =3 ) ORDER BY match_id desc LIMIT 5   [ RunTime:0.001301s ]
SQL: SELECT * FROM `fc_team` WHERE ( team_id = 29 ) LIMIT 1   [ RunTime:0.001209s ]
SQL: SELECT * FROM `fc_team` WHERE ( team_id = 30 ) LIMIT 1   [ RunTime:0.001227s ]
SQL: SELECT * FROM `fc_team` WHERE ( team_id = 26 ) LIMIT 1   [ RunTime:0.001241s ]
SQL: SELECT * FROM `fc_team` WHERE ( team_id = 25 ) LIMIT 1   [ RunTime:0.001220s ]
SQL: SELECT * FROM `fc_team` WHERE ( team_id = 21 ) LIMIT 1   [ RunTime:0.001239s ]
SQL: SELECT * FROM `fc_team` WHERE ( team_id = 22 ) LIMIT 1   [ RunTime:0.001241s ]
SQL: SELECT * FROM `fc_team` WHERE ( team_id = 3 ) LIMIT 1   [ RunTime:0.001238s ]
SQL: SELECT * FROM `fc_team` WHERE ( team_id = 12 ) LIMIT 1   [ RunTime:0.001221s ]
SQL: SELECT * FROM `fc_team` WHERE ( team_id = 5 ) LIMIT 1   [ RunTime:0.001228s ]
SQL: SELECT * FROM `fc_team` WHERE ( team_id = 1 ) LIMIT 1   [ RunTime:0.001235s ]
SQL: SELECT * FROM `fc_team` WHERE ( league = "中超" ) ORDER BY league_integral desc , goal_difference desc LIMIT 10   [ RunTime:0.001418s ]
SQL: SHOW COLUMNS FROM `fc_user` [ RunTime:0.001469s ]
SQL: SELECT comment.comment_id AS comment_id,comment.news_id AS news_id,comment.content AS content,comment.fabulous AS fabulous,comment.parent_id AS parent_id,comment.user_id AS user_id,comment.updatetime AS updatetime,user.user_id AS username_id,user.username AS username,user.headimg AS headimg,news.id AS id,news.title AS title FROM fc_comment comment LEFT JOIN fc_user user ON comment.user_id=user.user_id  JOIN fc_news news ON comment.news_id=news.id ORDER BY comment.fabulous desc LIMIT 5   [ RunTime:0.002170s ]
INFO: [ view_template ] --START--
INFO: Run LocationTemplate Behavior [ RunTime:0.000471s ]
INFO: [ view_template ] --END-- [ RunTime:0.000524s ]
INFO: [ view_parse ] --START--
NOTIC: [8] Undefined index: username /data/home/bxu2442590746/htdocs/dongqiudi/Home/Runtime/Cache/7e4848229090366086cc7eeb3bfc0798.php 第 314 行.
NOTIC: [8] Undefined index: username /data/home/bxu2442590746/htdocs/dongqiudi/Home/Runtime/Cache/7e4848229090366086cc7eeb3bfc0798.php 第 314 行.
NOTIC: [8] Undefined index: username /data/home/bxu2442590746/htdocs/dongqiudi/Home/Runtime/Cache/7e4848229090366086cc7eeb3bfc0798.php 第 314 行.
NOTIC: [8] Undefined index: username /data/home/bxu2442590746/htdocs/dongqiudi/Home/Runtime/Cache/7e4848229090366086cc7eeb3bfc0798.php 第 314 行.
NOTIC: [8] Undefined index: username /data/home/bxu2442590746/htdocs/dongqiudi/Home/Runtime/Cache/7e4848229090366086cc7eeb3bfc0798.php 第 314 行.
INFO: Run ParseTemplate Behavior [ RunTime:0.020338s ]
INFO: [ view_parse ] --END-- [ RunTime:0.020390s ]
INFO: [ view_filter ] --START--
INFO: Run ContentReplace Behavior [ RunTime:0.000432s ]
INFO: Run TokenBuild Behavior [ RunTime:0.000385s ]
INFO: Run WriteHtmlCache Behavior [ RunTime:0.000287s ]
INFO: Run ShowRuntime Behavior [ RunTime:0.000409s ]
INFO: [ view_filter ] --END-- [ RunTime:0.001635s ]
INFO: [ view_end ] --START--
INFO: Run ShowPageTrace Behavior [ RunTime:0.000521s ]
INFO: [ view_end ] --END-- [ RunTime:0.000561s ]

[ 2017-04-29T12:06:53+08:00 ] 171.12.11.187 /dongqiudi/index.php?m=index&a=index
NOTIC: [8192] Directive 'magic_quotes_gpc' is deprecated in PHP 5.3 and greater Unknown 第 0 行.

[ 2017-04-29T12:06:56+08:00 ] 171.12.11.187 /dongqiudi/index.php?m=index&a=guonei
INFO: [ app_begin ] --START--
INFO: Run ReadHtmlCache Behavior [ RunTime:0.000538s ]
INFO: [ app_begin ] --END-- [ RunTime:0.000633s ]
NOTIC: [2048] Declaration of IndexAction::show() should be compatible with that of Action::show() /data/home/bxu2442590746/htdocs/dongqiudi/Home/Lib/Action/IndexAction.class.php 第 549 行.
SQL: SHOW COLUMNS FROM `fc_news` [ RunTime:0.001629s ]
SQL: SELECT * FROM fc_news n LEFT JOIN fc_news_data as d on n.id = d.id WHERE ( position = 2 ) ORDER BY n.id desc LIMIT 5   [ RunTime:0.003531s ]
SQL: SELECT * FROM fc_news n LEFT JOIN fc_news_data as d on n.id = d.id WHERE ( n.news_level = 4 ) ORDER BY n.id desc  [ RunTime:0.002686s ]
SQL: SHOW COLUMNS FROM `fc_comment` [ RunTime:0.001323s ]
SQL: SELECT COUNT(*) AS tp_count FROM `fc_comment` WHERE ( news_id = 73 ) LIMIT 1   [ RunTime:0.001136s ]
SQL: SELECT COUNT(*) AS tp_count FROM `fc_comment` WHERE ( news_id = 67 ) LIMIT 1   [ RunTime:0.001140s ]
SQL: SELECT COUNT(*) AS tp_count FROM `fc_comment` WHERE ( news_id = 62 ) LIMIT 1   [ RunTime:0.001119s ]
SQL: SELECT COUNT(*) AS tp_count FROM `fc_comment` WHERE ( news_id = 61 ) LIMIT 1   [ RunTime:0.001031s ]
SQL: SELECT COUNT(*) AS tp_count FROM `fc_comment` WHERE ( news_id = 60 ) LIMIT 1   [ RunTime:0.001101s ]
SQL: SHOW COLUMNS FROM `fc_match` [ RunTime:0.001399s ]
SQL: SHOW COLUMNS FROM `fc_team` [ RunTime:0.006096s ]
SQL: SELECT * FROM `fc_match` WHERE ( position = 1 or position =3 ) ORDER BY match_id desc LIMIT 5   [ RunTime:0.001305s ]
SQL: SELECT * FROM `fc_team` WHERE ( team_id = 29 ) LIMIT 1   [ RunTime:0.001086s ]
SQL: SELECT * FROM `fc_team` WHERE ( team_id = 30 ) LIMIT 1   [ RunTime:0.001069s ]
SQL: SELECT * FROM `fc_team` WHERE ( team_id = 26 ) LIMIT 1   [ RunTime:0.001089s ]
SQL: SELECT * FROM `fc_team` WHERE ( team_id = 25 ) LIMIT 1   [ RunTime:0.001092s ]
SQL: SELECT * FROM `fc_team` WHERE ( team_id = 21 ) LIMIT 1   [ RunTime:0.001084s ]
SQL: SELECT * FROM `fc_team` WHERE ( team_id = 22 ) LIMIT 1   [ RunTime:0.001089s ]
SQL: SELECT * FROM `fc_team` WHERE ( team_id = 3 ) LIMIT 1   [ RunTime:0.001075s ]
SQL: SELECT * FROM `fc_team` WHERE ( team_id = 12 ) LIMIT 1   [ RunTime:0.001064s ]
SQL: SELECT * FROM `fc_team` WHERE ( team_id = 5 ) LIMIT 1   [ RunTime:0.001058s ]
SQL: SELECT * FROM `fc_team` WHERE ( team_id = 1 ) LIMIT 1   [ RunTime:0.001151s ]
SQL: SELECT * FROM `fc_team` WHERE ( league = "中超" ) ORDER BY league_integral desc , goal_difference desc LIMIT 10   [ RunTime:0.001138s ]
SQL: SHOW COLUMNS FROM `fc_user` [ RunTime:0.001573s ]
SQL: SELECT comment.comment_id AS comment_id,comment.news_id AS news_id,comment.content AS content,comment.fabulous AS fabulous,comment.parent_id AS parent_id,comment.user_id AS user_id,comment.updatetime AS updatetime,user.user_id AS username_id,user.username AS username,user.headimg AS headimg,news.id AS id,news.title AS title FROM fc_comment comment LEFT JOIN fc_user user ON comment.user_id=user.user_id  JOIN fc_news news ON comment.news_id=news.id ORDER BY comment.fabulous desc LIMIT 5   [ RunTime:0.001134s ]
INFO: [ view_template ] --START--
INFO: Run LocationTemplate Behavior [ RunTime:0.000451s ]
INFO: [ view_template ] --END-- [ RunTime:0.000502s ]
INFO: [ view_parse ] --START--
NOTIC: [8] Undefined index: username /data/home/bxu2442590746/htdocs/dongqiudi/Home/Runtime/Cache/41da853a8a009524e11cfa715eee1381.php 第 324 行.
NOTIC: [8] Undefined index: username /data/home/bxu2442590746/htdocs/dongqiudi/Home/Runtime/Cache/41da853a8a009524e11cfa715eee1381.php 第 324 行.
NOTIC: [8] Undefined index: username /data/home/bxu2442590746/htdocs/dongqiudi/Home/Runtime/Cache/41da853a8a009524e11cfa715eee1381.php 第 324 行.
NOTIC: [8] Undefined index: username /data/home/bxu2442590746/htdocs/dongqiudi/Home/Runtime/Cache/41da853a8a009524e11cfa715eee1381.php 第 324 行.
NOTIC: [8] Undefined index: username /data/home/bxu2442590746/htdocs/dongqiudi/Home/Runtime/Cache/41da853a8a009524e11cfa715eee1381.php 第 324 行.
INFO: Run ParseTemplate Behavior [ RunTime:0.020995s ]
INFO: [ view_parse ] --END-- [ RunTime:0.021051s ]
INFO: [ view_filter ] --START--
INFO: Run ContentReplace Behavior [ RunTime:0.000449s ]
INFO: Run TokenBuild Behavior [ RunTime:0.000367s ]
INFO: Run WriteHtmlCache Behavior [ RunTime:0.000289s ]
INFO: Run ShowRuntime Behavior [ RunTime:0.000432s ]
INFO: [ view_filter ] --END-- [ RunTime:0.001657s ]
INFO: [ view_end ] --START--
INFO: Run ShowPageTrace Behavior [ RunTime:0.000465s ]
INFO: [ view_end ] --END-- [ RunTime:0.000506s ]

[ 2017-04-29T12:06:56+08:00 ] 171.12.11.187 /dongqiudi/index.php?m=index&a=guonei
NOTIC: [8192] Directive 'magic_quotes_gpc' is deprecated in PHP 5.3 and greater Unknown 第 0 行.

[ 2017-04-29T12:07:08+08:00 ] 171.12.11.187 /dongqiudi/index.php?m=index&a=guonei
INFO: [ app_begin ] --START--
INFO: Run ReadHtmlCache Behavior [ RunTime:0.000498s ]
INFO: [ app_begin ] --END-- [ RunTime:0.000594s ]
NOTIC: [2048] Declaration of IndexAction::show() should be compatible with that of Action::show() /data/home/bxu2442590746/htdocs/dongqiudi/Home/Lib/Action/IndexAction.class.php 第 549 行.
SQL: SHOW COLUMNS FROM `fc_news` [ RunTime:0.001567s ]
SQL: SELECT * FROM fc_news n LEFT JOIN fc_news_data as d on n.id = d.id WHERE ( position = 2 ) ORDER BY n.id desc LIMIT 5   [ RunTime:0.002751s ]
SQL: SELECT * FROM fc_news n LEFT JOIN fc_news_data as d on n.id = d.id WHERE ( n.news_level = 4 ) ORDER BY n.id desc  [ RunTime:0.002834s ]
SQL: SHOW COLUMNS FROM `fc_comment` [ RunTime:0.001317s ]
SQL: SELECT COUNT(*) AS tp_count FROM `fc_comment` WHERE ( news_id = 73 ) LIMIT 1   [ RunTime:0.001194s ]
SQL: SELECT COUNT(*) AS tp_count FROM `fc_comment` WHERE ( news_id = 67 ) LIMIT 1   [ RunTime:0.001107s ]
SQL: SELECT COUNT(*) AS tp_count FROM `fc_comment` WHERE ( news_id = 62 ) LIMIT 1   [ RunTime:0.001096s ]
SQL: SELECT COUNT(*) AS tp_count FROM `fc_comment` WHERE ( news_id = 61 ) LIMIT 1   [ RunTime:0.001110s ]
SQL: SELECT COUNT(*) AS tp_count FROM `fc_comment` WHERE ( news_id = 60 ) LIMIT 1   [ RunTime:0.001106s ]
SQL: SHOW COLUMNS FROM `fc_match` [ RunTime:0.001392s ]
SQL: SHOW COLUMNS FROM `fc_team` [ RunTime:0.001384s ]
SQL: SELECT * FROM `fc_match` WHERE ( position = 1 or position =3 ) ORDER BY match_id desc LIMIT 5   [ RunTime:0.001220s ]
SQL: SELECT * FROM `fc_team` WHERE ( team_id = 29 ) LIMIT 1   [ RunTime:0.001134s ]
SQL: SELECT * FROM `fc_team` WHERE ( team_id = 30 ) LIMIT 1   [ RunTime:0.001138s ]
SQL: SELECT * FROM `fc_team` WHERE ( team_id = 26 ) LIMIT 1   [ RunTime:0.001122s ]
SQL: SELECT * FROM `fc_team` WHERE ( team_id = 25 ) LIMIT 1   [ RunTime:0.001111s ]
SQL: SELECT * FROM `fc_team` WHERE ( team_id = 21 ) LIMIT 1   [ RunTime:0.001128s ]
SQL: SELECT * FROM `fc_team` WHERE ( team_id = 22 ) LIMIT 1   [ RunTime:0.001118s ]
SQL: SELECT * FROM `fc_team` WHERE ( team_id = 3 ) LIMIT 1   [ RunTime:0.001107s ]
SQL: SELECT * FROM `fc_team` WHERE ( team_id = 12 ) LIMIT 1   [ RunTime:0.001109s ]
SQL: SELECT * FROM `fc_team` WHERE ( team_id = 5 ) LIMIT 1   [ RunTime:0.001135s ]
SQL: SELECT * FROM `fc_team` WHERE ( team_id = 1 ) LIMIT 1   [ RunTime:0.001123s ]
SQL: SELECT * FROM `fc_team` WHERE ( league = "中超" ) ORDER BY league_integral desc , goal_difference desc LIMIT 10   [ RunTime:0.001135s ]
SQL: SHOW COLUMNS FROM `fc_user` [ RunTime:0.001398s ]
SQL: SELECT comment.comment_id AS comment_id,comment.news_id AS news_id,comment.content AS content,comment.fabulous AS fabulous,comment.parent_id AS parent_id,comment.user_id AS user_id,comment.updatetime AS updatetime,user.user_id AS username_id,user.username AS username,user.headimg AS headimg,news.id AS id,news.title AS title FROM fc_comment comment LEFT JOIN fc_user user ON comment.user_id=user.user_id  JOIN fc_news news ON comment.news_id=news.id ORDER BY comment.fabulous desc LIMIT 5   [ RunTime:0.001165s ]
INFO: [ view_template ] --START--
INFO: Run LocationTemplate Behavior [ RunTime:0.000459s ]
INFO: [ view_template ] --END-- [ RunTime:0.000509s ]
INFO: [ view_parse ] --START--
NOTIC: [8] Undefined index: username /data/home/bxu2442590746/htdocs/dongqiudi/Home/Runtime/Cache/41da853a8a009524e11cfa715eee1381.php 第 324 行.
NOTIC: [8] Undefined index: username /data/home/bxu2442590746/htdocs/dongqiudi/Home/Runtime/Cache/41da853a8a009524e11cfa715eee1381.php 第 324 行.
NOTIC: [8] Undefined index: username /data/home/bxu2442590746/htdocs/dongqiudi/Home/Runtime/Cache/41da853a8a009524e11cfa715eee1381.php 第 324 行.
NOTIC: [8] Undefined index: username /data/home/bxu2442590746/htdocs/dongqiudi/Home/Runtime/Cache/41da853a8a009524e11cfa715eee1381.php 第 324 行.
NOTIC: [8] Undefined index: username /data/home/bxu2442590746/htdocs/dongqiudi/Home/Runtime/Cache/41da853a8a009524e11cfa715eee1381.php 第 324 行.
INFO: Run ParseTemplate Behavior [ RunTime:0.020155s ]
INFO: [ view_parse ] --END-- [ RunTime:0.020209s ]
INFO: [ view_filter ] --START--
INFO: Run ContentReplace Behavior [ RunTime:0.000455s ]
INFO: Run TokenBuild Behavior [ RunTime:0.000394s ]
INFO: Run WriteHtmlCache Behavior [ RunTime:0.000318s ]
INFO: Run ShowRuntime Behavior [ RunTime:0.000411s ]
INFO: [ view_filter ] --END-- [ RunTime:0.001698s ]
INFO: [ view_end ] --START--
INFO: Run ShowPageTrace Behavior [ RunTime:0.000488s ]
INFO: [ view_end ] --END-- [ RunTime:0.000530s ]

[ 2017-04-29T12:07:08+08:00 ] 171.12.11.187 /dongqiudi/index.php?m=index&a=guonei
NOTIC: [8192] Directive 'magic_quotes_gpc' is deprecated in PHP 5.3 and greater Unknown 第 0 行.

[ 2017-04-29T12:07:13+08:00 ] 171.12.11.187 /dongqiudi/index.php?m=index&a=index
INFO: [ app_begin ] --START--
INFO: Run ReadHtmlCache Behavior [ RunTime:0.000470s ]
INFO: [ app_begin ] --END-- [ RunTime:0.000582s ]
NOTIC: [2048] Declaration of IndexAction::show() should be compatible with that of Action::show() /data/home/bxu2442590746/htdocs/dongqiudi/Home/Lib/Action/IndexAction.class.php 第 549 行.
SQL: SHOW COLUMNS FROM `fc_news` [ RunTime:0.001659s ]
SQL: SELECT * FROM fc_news n LEFT JOIN fc_news_data as d on n.id = d.id WHERE ( position = 2 ) ORDER BY n.id desc LIMIT 5   [ RunTime:0.002824s ]
SQL: SELECT * FROM fc_news n LEFT JOIN fc_news_data as d on n.id = d.id WHERE ( n.position = 1 ) ORDER BY n.id desc  [ RunTime:0.001308s ]
SQL: SHOW COLUMNS FROM `fc_comment` [ RunTime:0.001356s ]
SQL: SELECT COUNT(*) AS tp_count FROM `fc_comment` WHERE ( news_id = 61 ) LIMIT 1   [ RunTime:0.001085s ]
NOTIC: [8] Undefined variable: num /data/home/bxu2442590746/htdocs/dongqiudi/Home/Lib/Action/IndexAction.class.php 第 28 行.
SQL: SHOW COLUMNS FROM `fc_match` [ RunTime:0.001494s ]
SQL: SHOW COLUMNS FROM `fc_team` [ RunTime:0.001389s ]
SQL: SELECT * FROM `fc_match` WHERE ( position = 1 or position =3 ) ORDER BY match_id desc LIMIT 5   [ RunTime:0.001128s ]
SQL: SELECT * FROM `fc_team` WHERE ( team_id = 29 ) LIMIT 1   [ RunTime:0.001122s ]
SQL: SELECT * FROM `fc_team` WHERE ( team_id = 30 ) LIMIT 1   [ RunTime:0.001117s ]
SQL: SELECT * FROM `fc_team` WHERE ( team_id = 26 ) LIMIT 1   [ RunTime:0.001118s ]
SQL: SELECT * FROM `fc_team` WHERE ( team_id = 25 ) LIMIT 1   [ RunTime:0.001184s ]
SQL: SELECT * FROM `fc_team` WHERE ( team_id = 21 ) LIMIT 1   [ RunTime:0.001112s ]
SQL: SELECT * FROM `fc_team` WHERE ( team_id = 22 ) LIMIT 1   [ RunTime:0.001129s ]
SQL: SELECT * FROM `fc_team` WHERE ( team_id = 3 ) LIMIT 1   [ RunTime:0.001455s ]
SQL: SELECT * FROM `fc_team` WHERE ( team_id = 12 ) LIMIT 1   [ RunTime:0.001130s ]
SQL: SELECT * FROM `fc_team` WHERE ( team_id = 5 ) LIMIT 1   [ RunTime:0.001138s ]
SQL: SELECT * FROM `fc_team` WHERE ( team_id = 1 ) LIMIT 1   [ RunTime:0.001128s ]
SQL: SELECT * FROM `fc_team` WHERE ( league = "中超" ) ORDER BY league_integral desc , goal_difference desc LIMIT 10   [ RunTime:0.001148s ]
SQL: SHOW COLUMNS FROM `fc_user` [ RunTime:0.001564s ]
SQL: SELECT comment.comment_id AS comment_id,comment.news_id AS news_id,comment.content AS content,comment.fabulous AS fabulous,comment.parent_id AS parent_id,comment.user_id AS user_id,comment.updatetime AS updatetime,user.user_id AS username_id,user.username AS username,user.headimg AS headimg,news.id AS id,news.title AS title FROM fc_comment comment LEFT JOIN fc_user user ON comment.user_id=user.user_id  JOIN fc_news news ON comment.news_id=news.id ORDER BY comment.fabulous desc LIMIT 5   [ RunTime:0.001190s ]
INFO: [ view_template ] --START--
INFO: Run LocationTemplate Behavior [ RunTime:0.000491s ]
INFO: [ view_template ] --END-- [ RunTime:0.000542s ]
INFO: [ view_parse ] --START--
NOTIC: [8] Undefined index: username /data/home/bxu2442590746/htdocs/dongqiudi/Home/Runtime/Cache/7e4848229090366086cc7eeb3bfc0798.php 第 314 行.
NOTIC: [8] Undefined index: username /data/home/bxu2442590746/htdocs/dongqiudi/Home/Runtime/Cache/7e4848229090366086cc7eeb3bfc0798.php 第 314 行.
NOTIC: [8] Undefined index: username /data/home/bxu2442590746/htdocs/dongqiudi/Home/Runtime/Cache/7e4848229090366086cc7eeb3bfc0798.php 第 314 行.
NOTIC: [8] Undefined index: username /data/home/bxu2442590746/htdocs/dongqiudi/Home/Runtime/Cache/7e4848229090366086cc7eeb3bfc0798.php 第 314 行.
NOTIC: [8] Undefined index: username /data/home/bxu2442590746/htdocs/dongqiudi/Home/Runtime/Cache/7e4848229090366086cc7eeb3bfc0798.php 第 314 行.
INFO: Run ParseTemplate Behavior [ RunTime:0.019737s ]
INFO: [ view_parse ] --END-- [ RunTime:0.019786s ]
INFO: [ view_filter ] --START--
INFO: Run ContentReplace Behavior [ RunTime:0.000468s ]
INFO: Run TokenBuild Behavior [ RunTime:0.000390s ]
INFO: Run WriteHtmlCache Behavior [ RunTime:0.000294s ]
INFO: Run ShowRuntime Behavior [ RunTime:0.000441s ]
INFO: [ view_filter ] --END-- [ RunTime:0.001710s ]
INFO: [ view_end ] --START--
INFO: Run ShowPageTrace Behavior [ RunTime:0.000469s ]
INFO: [ view_end ] --END-- [ RunTime:0.000508s ]

[ 2017-04-29T12:07:13+08:00 ] 171.12.11.187 /dongqiudi/index.php?m=index&a=index
NOTIC: [8192] Directive 'magic_quotes_gpc' is deprecated in PHP 5.3 and greater Unknown 第 0 行.

[ 2017-04-29T12:07:15+08:00 ] 171.12.11.187 /dongqiudi/index.php?m=index&a=jijin
INFO: [ app_begin ] --START--
INFO: Run ReadHtmlCache Behavior [ RunTime:0.000504s ]
INFO: [ app_begin ] --END-- [ RunTime:0.000597s ]
NOTIC: [2048] Declaration of IndexAction::show() should be compatible with that of Action::show() /data/home/bxu2442590746/htdocs/dongqiudi/Home/Lib/Action/IndexAction.class.php 第 549 行.
SQL: SHOW COLUMNS FROM `fc_news` [ RunTime:0.001745s ]
SQL: SELECT * FROM fc_news n LEFT JOIN fc_news_data as d on n.id = d.id WHERE ( position = 2 ) ORDER BY n.id desc LIMIT 5   [ RunTime:0.002799s ]
SQL: SELECT * FROM fc_news n LEFT JOIN fc_news_data as d on n.id = d.id WHERE ( n.news_level = 2 ) ORDER BY n.id desc  [ RunTime:0.002077s ]
SQL: SHOW COLUMNS FROM `fc_comment` [ RunTime:0.001400s ]
SQL: SELECT COUNT(*) AS tp_count FROM `fc_comment` WHERE ( news_id = 69 ) LIMIT 1   [ RunTime:0.001381s ]
SQL: SELECT COUNT(*) AS tp_count FROM `fc_comment` WHERE ( news_id = 68 ) LIMIT 1   [ RunTime:0.001251s ]
SQL: SELECT COUNT(*) AS tp_count FROM `fc_comment` WHERE ( news_id = 59 ) LIMIT 1   [ RunTime:0.001246s ]
SQL: SHOW COLUMNS FROM `fc_match` [ RunTime:0.001479s ]
SQL: SHOW COLUMNS FROM `fc_team` [ RunTime:0.001510s ]
SQL: SELECT * FROM `fc_match` WHERE ( position = 1 or position =3 ) ORDER BY match_id desc LIMIT 5   [ RunTime:0.001522s ]
SQL: SELECT * FROM `fc_team` WHERE ( team_id = 29 ) LIMIT 1   [ RunTime:0.001193s ]
SQL: SELECT * FROM `fc_team` WHERE ( team_id = 30 ) LIMIT 1   [ RunTime:0.001189s ]
SQL: SELECT * FROM `fc_team` WHERE ( team_id = 26 ) LIMIT 1   [ RunTime:0.001202s ]
SQL: SELECT * FROM `fc_team` WHERE ( team_id = 25 ) LIMIT 1   [ RunTime:0.001267s ]
SQL: SELECT * FROM `fc_team` WHERE ( team_id = 21 ) LIMIT 1   [ RunTime:0.001202s ]
SQL: SELECT * FROM `fc_team` WHERE ( team_id = 22 ) LIMIT 1   [ RunTime:0.001206s ]
SQL: SELECT * FROM `fc_team` WHERE ( team_id = 3 ) LIMIT 1   [ RunTime:0.001195s ]
SQL: SELECT * FROM `fc_team` WHERE ( team_id = 12 ) LIMIT 1   [ RunTime:0.001202s ]
SQL: SELECT * FROM `fc_team` WHERE ( team_id = 5 ) LIMIT 1   [ RunTime:0.001213s ]
SQL: SELECT * FROM `fc_team` WHERE ( team_id = 1 ) LIMIT 1   [ RunTime:0.001185s ]
SQL: SELECT * FROM `fc_team` WHERE ( league = "中超" ) ORDER BY league_integral desc , goal_difference desc LIMIT 10   [ RunTime:0.001210s ]
SQL: SHOW COLUMNS FROM `fc_user` [ RunTime:0.001495s ]
SQL: SELECT comment.comment_id AS comment_id,comment.news_id AS news_id,comment.content AS content,comment.fabulous AS fabulous,comment.parent_id AS parent_id,comment.user_id AS user_id,comment.updatetime AS updatetime,user.user_id AS username_id,user.username AS username,user.headimg AS headimg,news.id AS id,news.title AS title FROM fc_comment comment LEFT JOIN fc_user user ON comment.user_id=user.user_id  JOIN fc_news news ON comment.news_id=news.id ORDER BY comment.fabulous desc LIMIT 5   [ RunTime:0.001255s ]
INFO: [ view_template ] --START--
INFO: Run LocationTemplate Behavior [ RunTime:0.000491s ]
INFO: [ view_template ] --END-- [ RunTime:0.000538s ]
INFO: [ view_parse ] --START--
NOTIC: [8] Undefined index: username /data/home/bxu2442590746/htdocs/dongqiudi/Home/Runtime/Cache/40abef7663b223d4303cc50e8416fdbf.php 第 324 行.
NOTIC: [8] Undefined index: username /data/home/bxu2442590746/htdocs/dongqiudi/Home/Runtime/Cache/40abef7663b223d4303cc50e8416fdbf.php 第 324 行.
NOTIC: [8] Undefined index: username /data/home/bxu2442590746/htdocs/dongqiudi/Home/Runtime/Cache/40abef7663b223d4303cc50e8416fdbf.php 第 324 行.
NOTIC: [8] Undefined index: username /data/home/bxu2442590746/htdocs/dongqiudi/Home/Runtime/Cache/40abef7663b223d4303cc50e8416fdbf.php 第 324 行.
NOTIC: [8] Undefined index: username /data/home/bxu2442590746/htdocs/dongqiudi/Home/Runtime/Cache/40abef7663b223d4303cc50e8416fdbf.php 第 324 行.
INFO: Run ParseTemplate Behavior [ RunTime:0.020058s ]
INFO: [ view_parse ] --END-- [ RunTime:0.020105s ]
INFO: [ view_filter ] --START--
INFO: Run ContentReplace Behavior [ RunTime:0.000463s ]
INFO: Run TokenBuild Behavior [ RunTime:0.000398s ]
INFO: Run WriteHtmlCache Behavior [ RunTime:0.000297s ]
INFO: Run ShowRuntime Behavior [ RunTime:0.000428s ]
INFO: [ view_filter ] --END-- [ RunTime:0.001706s ]
INFO: [ view_end ] --START--
INFO: Run ShowPageTrace Behavior [ RunTime:0.000472s ]
INFO: [ view_end ] --END-- [ RunTime:0.000518s ]

[ 2017-04-29T12:07:15+08:00 ] 171.12.11.187 /dongqiudi/index.php?m=index&a=jijin
NOTIC: [8192] Directive 'magic_quotes_gpc' is deprecated in PHP 5.3 and greater Unknown 第 0 行.

[ 2017-04-29T12:07:18+08:00 ] 171.12.11.187 /dongqiudi/index.php?m=index&a=shipin
INFO: [ app_begin ] --START--
INFO: Run ReadHtmlCache Behavior [ RunTime:0.000497s ]
INFO: [ app_begin ] --END-- [ RunTime:0.000591s ]
NOTIC: [2048] Declaration of IndexAction::show() should be compatible with that of Action::show() /data/home/bxu2442590746/htdocs/dongqiudi/Home/Lib/Action/IndexAction.class.php 第 549 行.
SQL: SHOW COLUMNS FROM `fc_news` [ RunTime:0.001691s ]
SQL: SELECT * FROM fc_news n LEFT JOIN fc_news_data as d on n.id = d.id WHERE ( position = 2 ) ORDER BY n.id desc LIMIT 5   [ RunTime:0.002998s ]
SQL: SELECT * FROM fc_news n LEFT JOIN fc_news_data as d on n.id = d.id WHERE ( n.news_level = 3 ) ORDER BY n.id desc  [ RunTime:0.001432s ]
SQL: SHOW COLUMNS FROM `fc_comment` [ RunTime:0.001424s ]
SQL: SELECT COUNT(*) AS tp_count FROM `fc_comment` WHERE ( news_id = 70 ) LIMIT 1   [ RunTime:0.001284s ]
SQL: SELECT COUNT(*) AS tp_count FROM `fc_comment` WHERE ( news_id = 63 ) LIMIT 1   [ RunTime:0.001250s ]
SQL: SHOW COLUMNS FROM `fc_match` [ RunTime:0.001524s ]
SQL: SHOW COLUMNS FROM `fc_team` [ RunTime:0.001514s ]
SQL: SELECT * FROM `fc_match` WHERE ( position = 1 or position =3 ) ORDER BY match_id desc LIMIT 5   [ RunTime:0.001238s ]
SQL: SELECT * FROM `fc_team` WHERE ( team_id = 29 ) LIMIT 1   [ RunTime:0.001215s ]
SQL: SELECT * FROM `fc_team` WHERE ( team_id = 30 ) LIMIT 1   [ RunTime:0.001271s ]
SQL: SELECT * FROM `fc_team` WHERE ( team_id = 26 ) LIMIT 1   [ RunTime:0.001349s ]
SQL: SELECT * FROM `fc_team` WHERE ( team_id = 25 ) LIMIT 1   [ RunTime:0.001230s ]
SQL: SELECT * FROM `fc_team` WHERE ( team_id = 21 ) LIMIT 1   [ RunTime:0.001240s ]
SQL: SELECT * FROM `fc_team` WHERE ( team_id = 22 ) LIMIT 1   [ RunTime:0.001245s ]
SQL: SELECT * FROM `fc_team` WHERE ( team_id = 3 ) LIMIT 1   [ RunTime:0.001257s ]
SQL: SELECT * FROM `fc_team` WHERE ( team_id = 12 ) LIMIT 1   [ RunTime:0.001214s ]
SQL: SELECT * FROM `fc_team` WHERE ( team_id = 5 ) LIMIT 1   [ RunTime:0.001236s ]
SQL: SELECT * FROM `fc_team` WHERE ( team_id = 1 ) LIMIT 1   [ RunTime:0.001237s ]
SQL: SELECT * FROM `fc_team` WHERE ( league = "中超" ) ORDER BY league_integral desc , goal_difference desc LIMIT 10   [ RunTime:0.001331s ]
SQL: SHOW COLUMNS FROM `fc_user` [ RunTime:0.001475s ]
SQL: SELECT comment.comment_id AS comment_id,comment.news_id AS news_id,comment.content AS content,comment.fabulous AS fabulous,comment.parent_id AS parent_id,comment.user_id AS user_id,comment.updatetime AS updatetime,user.user_id AS username_id,user.username AS username,user.headimg AS headimg,news.id AS id,news.title AS title FROM fc_comment comment LEFT JOIN fc_user user ON comment.user_id=user.user_id  JOIN fc_news news ON comment.news_id=news.id ORDER BY comment.fabulous desc LIMIT 5   [ RunTime:0.001698s ]
INFO: [ view_template ] --START--
INFO: Run LocationTemplate Behavior [ RunTime:0.000452s ]
INFO: [ view_template ] --END-- [ RunTime:0.000525s ]
INFO: [ view_parse ] --START--
NOTIC: [8] Undefined index: username /data/home/bxu2442590746/htdocs/dongqiudi/Home/Runtime/Cache/d0f11d31fd445c419a5f6e41a3973d03.php 第 326 行.
NOTIC: [8] Undefined index: username /data/home/bxu2442590746/htdocs/dongqiudi/Home/Runtime/Cache/d0f11d31fd445c419a5f6e41a3973d03.php 第 326 行.
NOTIC: [8] Undefined index: username /data/home/bxu2442590746/htdocs/dongqiudi/Home/Runtime/Cache/d0f11d31fd445c419a5f6e41a3973d03.php 第 326 行.
NOTIC: [8] Undefined index: username /data/home/bxu2442590746/htdocs/dongqiudi/Home/Runtime/Cache/d0f11d31fd445c419a5f6e41a3973d03.php 第 326 行.
NOTIC: [8] Undefined index: username /data/home/bxu2442590746/htdocs/dongqiudi/Home/Runtime/Cache/d0f11d31fd445c419a5f6e41a3973d03.php 第 326 行.
INFO: Run ParseTemplate Behavior [ RunTime:0.020005s ]
INFO: [ view_parse ] --END-- [ RunTime:0.020051s ]
INFO: [ view_filter ] --START--
INFO: Run ContentReplace Behavior [ RunTime:0.000453s ]
INFO: Run TokenBuild Behavior [ RunTime:0.000385s ]
INFO: Run WriteHtmlCache Behavior [ RunTime:0.000285s ]
INFO: Run ShowRuntime Behavior [ RunTime:0.000399s ]
INFO: [ view_filter ] --END-- [ RunTime:0.001641s ]
INFO: [ view_end ] --START--
INFO: Run ShowPageTrace Behavior [ RunTime:0.000481s ]
INFO: [ view_end ] --END-- [ RunTime:0.000522s ]

[ 2017-04-29T12:07:18+08:00 ] 171.12.11.187 /dongqiudi/index.php?m=index&a=shipin
NOTIC: [8192] Directive 'magic_quotes_gpc' is deprecated in PHP 5.3 and greater Unknown 第 0 行.

[ 2017-04-29T12:07:47+08:00 ] 171.12.11.187 /dongqiudi/index.php?m=index&a=shipin
INFO: [ app_begin ] --START--
INFO: Run ReadHtmlCache Behavior [ RunTime:0.000476s ]
INFO: [ app_begin ] --END-- [ RunTime:0.000574s ]
NOTIC: [2048] Declaration of IndexAction::show() should be compatible with that of Action::show() /data/home/bxu2442590746/htdocs/dongqiudi/Home/Lib/Action/IndexAction.class.php 第 549 行.
SQL: SHOW COLUMNS FROM `fc_news` [ RunTime:0.001694s ]
SQL: SELECT * FROM fc_news n LEFT JOIN fc_news_data as d on n.id = d.id WHERE ( position = 2 ) ORDER BY n.id desc LIMIT 5   [ RunTime:0.003454s ]
SQL: SELECT * FROM fc_news n LEFT JOIN fc_news_data as d on n.id = d.id WHERE ( n.news_level = 3 ) ORDER BY n.id desc  [ RunTime:0.001269s ]
SQL: SHOW COLUMNS FROM `fc_comment` [ RunTime:0.001507s ]
SQL: SELECT COUNT(*) AS tp_count FROM `fc_comment` WHERE ( news_id = 70 ) LIMIT 1   [ RunTime:0.001204s ]
SQL: SELECT COUNT(*) AS tp_count FROM `fc_comment` WHERE ( news_id = 63 ) LIMIT 1   [ RunTime:0.001278s ]
SQL: SHOW COLUMNS FROM `fc_match` [ RunTime:0.001519s ]
SQL: SHOW COLUMNS FROM `fc_team` [ RunTime:0.001552s ]
SQL: SELECT * FROM `fc_match` WHERE ( position = 1 or position =3 ) ORDER BY match_id desc LIMIT 5   [ RunTime:0.001256s ]
SQL: SELECT * FROM `fc_team` WHERE ( team_id = 29 ) LIMIT 1   [ RunTime:0.001229s ]
SQL: SELECT * FROM `fc_team` WHERE ( team_id = 30 ) LIMIT 1   [ RunTime:0.001234s ]
SQL: SELECT * FROM `fc_team` WHERE ( team_id = 26 ) LIMIT 1   [ RunTime:0.001229s ]
SQL: SELECT * FROM `fc_team` WHERE ( team_id = 25 ) LIMIT 1   [ RunTime:0.001259s ]
SQL: SELECT * FROM `fc_team` WHERE ( team_id = 21 ) LIMIT 1   [ RunTime:0.001259s ]
SQL: SELECT * FROM `fc_team` WHERE ( team_id = 22 ) LIMIT 1   [ RunTime:0.001237s ]
SQL: SELECT * FROM `fc_team` WHERE ( team_id = 3 ) LIMIT 1   [ RunTime:0.001234s ]
SQL: SELECT * FROM `fc_team` WHERE ( team_id = 12 ) LIMIT 1   [ RunTime:0.001238s ]
SQL: SELECT * FROM `fc_team` WHERE ( team_id = 5 ) LIMIT 1   [ RunTime:0.001435s ]
SQL: SELECT * FROM `fc_team` WHERE ( team_id = 1 ) LIMIT 1   [ RunTime:0.001287s ]
SQL: SELECT * FROM `fc_team` WHERE ( league = "中超" ) ORDER BY league_integral desc , goal_difference desc LIMIT 10   [ RunTime:0.001255s ]
SQL: SHOW COLUMNS FROM `fc_user` [ RunTime:0.001469s ]
SQL: SELECT comment.comment_id AS comment_id,comment.news_id AS news_id,comment.content AS content,comment.fabulous AS fabulous,comment.parent_id AS parent_id,comment.user_id AS user_id,comment.updatetime AS updatetime,user.user_id AS username_id,user.username AS username,user.headimg AS headimg,news.id AS id,news.title AS title FROM fc_comment comment LEFT JOIN fc_user user ON comment.user_id=user.user_id  JOIN fc_news news ON comment.news_id=news.id ORDER BY comment.fabulous desc LIMIT 5   [ RunTime:0.001288s ]
INFO: [ view_template ] --START--
INFO: Run LocationTemplate Behavior [ RunTime:0.000448s ]
INFO: [ view_template ] --END-- [ RunTime:0.000501s ]
INFO: [ view_parse ] --START--
NOTIC: [8] Undefined index: username /data/home/bxu2442590746/htdocs/dongqiudi/Home/Runtime/Cache/d0f11d31fd445c419a5f6e41a3973d03.php 第 326 行.
NOTIC: [8] Undefined index: username /data/home/bxu2442590746/htdocs/dongqiudi/Home/Runtime/Cache/d0f11d31fd445c419a5f6e41a3973d03.php 第 326 行.
NOTIC: [8] Undefined index: username /data/home/bxu2442590746/htdocs/dongqiudi/Home/Runtime/Cache/d0f11d31fd445c419a5f6e41a3973d03.php 第 326 行.
NOTIC: [8] Undefined index: username /data/home/bxu2442590746/htdocs/dongqiudi/Home/Runtime/Cache/d0f11d31fd445c419a5f6e41a3973d03.php 第 326 行.
NOTIC: [8] Undefined index: username /data/home/bxu2442590746/htdocs/dongqiudi/Home/Runtime/Cache/d0f11d31fd445c419a5f6e41a3973d03.php 第 326 行.
INFO: Run ParseTemplate Behavior [ RunTime:0.019842s ]
INFO: [ view_parse ] --END-- [ RunTime:0.019888s ]
INFO: [ view_filter ] --START--
INFO: Run ContentReplace Behavior [ RunTime:0.000483s ]
INFO: Run TokenBuild Behavior [ RunTime:0.000368s ]
INFO: Run WriteHtmlCache Behavior [ RunTime:0.000285s ]
INFO: Run ShowRuntime Behavior [ RunTime:0.000419s ]
INFO: [ view_filter ] --END-- [ RunTime:0.001674s ]
INFO: [ view_end ] --START--
INFO: Run ShowPageTrace Behavior [ RunTime:0.000453s ]
INFO: [ view_end ] --END-- [ RunTime:0.000494s ]

[ 2017-04-29T12:07:47+08:00 ] 171.12.11.187 /dongqiudi/index.php?m=index&a=shipin
NOTIC: [8192] Directive 'magic_quotes_gpc' is deprecated in PHP 5.3 and greater Unknown 第 0 行.

[ 2017-04-29T12:07:50+08:00 ] 171.12.11.187 /dongqiudi/index.php?m=index&a=index
INFO: [ app_begin ] --START--
INFO: Run ReadHtmlCache Behavior [ RunTime:0.000609s ]
INFO: [ app_begin ] --END-- [ RunTime:0.000732s ]
NOTIC: [2048] Declaration of IndexAction::show() should be compatible with that of Action::show() /data/home/bxu2442590746/htdocs/dongqiudi/Home/Lib/Action/IndexAction.class.php 第 549 行.
SQL: SHOW COLUMNS FROM `fc_news` [ RunTime:0.001626s ]
SQL: SELECT * FROM fc_news n LEFT JOIN fc_news_data as d on n.id = d.id WHERE ( position = 2 ) ORDER BY n.id desc LIMIT 5   [ RunTime:0.002506s ]
SQL: SELECT * FROM fc_news n LEFT JOIN fc_news_data as d on n.id = d.id WHERE ( n.position = 1 ) ORDER BY n.id desc  [ RunTime:0.001156s ]
SQL: SHOW COLUMNS FROM `fc_comment` [ RunTime:0.001618s ]
SQL: SELECT COUNT(*) AS tp_count FROM `fc_comment` WHERE ( news_id = 61 ) LIMIT 1   [ RunTime:0.001080s ]
NOTIC: [8] Undefined variable: num /data/home/bxu2442590746/htdocs/dongqiudi/Home/Lib/Action/IndexAction.class.php 第 28 行.
SQL: SHOW COLUMNS FROM `fc_match` [ RunTime:0.001437s ]
SQL: SHOW COLUMNS FROM `fc_team` [ RunTime:0.001591s ]
SQL: SELECT * FROM `fc_match` WHERE ( position = 1 or position =3 ) ORDER BY match_id desc LIMIT 5   [ RunTime:0.001150s ]
SQL: SELECT * FROM `fc_team` WHERE ( team_id = 29 ) LIMIT 1   [ RunTime:0.001173s ]
SQL: SELECT * FROM `fc_team` WHERE ( team_id = 30 ) LIMIT 1   [ RunTime:0.001078s ]
SQL: SELECT * FROM `fc_team` WHERE ( team_id = 26 ) LIMIT 1   [ RunTime:0.001083s ]
SQL: SELECT * FROM `fc_team` WHERE ( team_id = 25 ) LIMIT 1   [ RunTime:0.001094s ]
SQL: SELECT * FROM `fc_team` WHERE ( team_id = 21 ) LIMIT 1   [ RunTime:0.001097s ]
SQL: SELECT * FROM `fc_team` WHERE ( team_id = 22 ) LIMIT 1   [ RunTime:0.001087s ]
SQL: SELECT * FROM `fc_team` WHERE ( team_id = 3 ) LIMIT 1   [ RunTime:0.001097s ]
SQL: SELECT * FROM `fc_team` WHERE ( team_id = 12 ) LIMIT 1   [ RunTime:0.001091s ]
SQL: SELECT * FROM `fc_team` WHERE ( team_id = 5 ) LIMIT 1   [ RunTime:0.001086s ]
SQL: SELECT * FROM `fc_team` WHERE ( team_id = 1 ) LIMIT 1   [ RunTime:0.001080s ]
SQL: SELECT * FROM `fc_team` WHERE ( league = "中超" ) ORDER BY league_integral desc , goal_difference desc LIMIT 10   [ RunTime:0.001122s ]
SQL: SHOW COLUMNS FROM `fc_user` [ RunTime:0.001410s ]
SQL: SELECT comment.comment_id AS comment_id,comment.news_id AS news_id,comment.content AS content,comment.fabulous AS fabulous,comment.parent_id AS parent_id,comment.user_id AS user_id,comment.updatetime AS updatetime,user.user_id AS username_id,user.username AS username,user.headimg AS headimg,news.id AS id,news.title AS title FROM fc_comment comment LEFT JOIN fc_user user ON comment.user_id=user.user_id  JOIN fc_news news ON comment.news_id=news.id ORDER BY comment.fabulous desc LIMIT 5   [ RunTime:0.001168s ]
INFO: [ view_template ] --START--
INFO: Run LocationTemplate Behavior [ RunTime:0.000475s ]
INFO: [ view_template ] --END-- [ RunTime:0.000530s ]
INFO: [ view_parse ] --START--
NOTIC: [8] Undefined index: username /data/home/bxu2442590746/htdocs/dongqiudi/Home/Runtime/Cache/7e4848229090366086cc7eeb3bfc0798.php 第 314 行.
NOTIC: [8] Undefined index: username /data/home/bxu2442590746/htdocs/dongqiudi/Home/Runtime/Cache/7e4848229090366086cc7eeb3bfc0798.php 第 314 行.
NOTIC: [8] Undefined index: username /data/home/bxu2442590746/htdocs/dongqiudi/Home/Runtime/Cache/7e4848229090366086cc7eeb3bfc0798.php 第 314 行.
NOTIC: [8] Undefined index: username /data/home/bxu2442590746/htdocs/dongqiudi/Home/Runtime/Cache/7e4848229090366086cc7eeb3bfc0798.php 第 314 行.
NOTIC: [8] Undefined index: username /data/home/bxu2442590746/htdocs/dongqiudi/Home/Runtime/Cache/7e4848229090366086cc7eeb3bfc0798.php 第 314 行.
INFO: Run ParseTemplate Behavior [ RunTime:0.019662s ]
INFO: [ view_parse ] --END-- [ RunTime:0.019711s ]
INFO: [ view_filter ] --START--
INFO: Run ContentReplace Behavior [ RunTime:0.000419s ]
INFO: Run TokenBuild Behavior [ RunTime:0.000394s ]
INFO: Run WriteHtmlCache Behavior [ RunTime:0.000290s ]
INFO: Run ShowRuntime Behavior [ RunTime:0.000403s ]
INFO: [ view_filter ] --END-- [ RunTime:0.001643s ]
INFO: [ view_end ] --START--
INFO: Run ShowPageTrace Behavior [ RunTime:0.000482s ]
INFO: [ view_end ] --END-- [ RunTime:0.000522s ]

[ 2017-04-29T12:07:50+08:00 ] 171.12.11.187 /dongqiudi/index.php?m=index&a=index
NOTIC: [8192] Directive 'magic_quotes_gpc' is deprecated in PHP 5.3 and greater Unknown 第 0 行.

[ 2017-04-29T12:07:52+08:00 ] 171.12.11.187 /dongqiudi/index.php?m=index&a=guonei
INFO: [ app_begin ] --START--
INFO: Run ReadHtmlCache Behavior [ RunTime:0.000488s ]
INFO: [ app_begin ] --END-- [ RunTime:0.000581s ]
NOTIC: [2048] Declaration of IndexAction::show() should be compatible with that of Action::show() /data/home/bxu2442590746/htdocs/dongqiudi/Home/Lib/Action/IndexAction.class.php 第 549 行.
SQL: SHOW COLUMNS FROM `fc_news` [ RunTime:0.002964s ]
SQL: SELECT * FROM fc_news n LEFT JOIN fc_news_data as d on n.id = d.id WHERE ( position = 2 ) ORDER BY n.id desc LIMIT 5   [ RunTime:0.002720s ]
SQL: SELECT * FROM fc_news n LEFT JOIN fc_news_data as d on n.id = d.id WHERE ( n.news_level = 4 ) ORDER BY n.id desc  [ RunTime:0.002815s ]
SQL: SHOW COLUMNS FROM `fc_comment` [ RunTime:0.001475s ]
SQL: SELECT COUNT(*) AS tp_count FROM `fc_comment` WHERE ( news_id = 73 ) LIMIT 1   [ RunTime:0.001186s ]
SQL: SELECT COUNT(*) AS tp_count FROM `fc_comment` WHERE ( news_id = 67 ) LIMIT 1   [ RunTime:0.001172s ]
SQL: SELECT COUNT(*) AS tp_count FROM `fc_comment` WHERE ( news_id = 62 ) LIMIT 1   [ RunTime:0.001201s ]
SQL: SELECT COUNT(*) AS tp_count FROM `fc_comment` WHERE ( news_id = 61 ) LIMIT 1   [ RunTime:0.001202s ]
SQL: SELECT COUNT(*) AS tp_count FROM `fc_comment` WHERE ( news_id = 60 ) LIMIT 1   [ RunTime:0.001194s ]
SQL: SHOW COLUMNS FROM `fc_match` [ RunTime:0.001616s ]
SQL: SHOW COLUMNS FROM `fc_team` [ RunTime:0.001620s ]
SQL: SELECT * FROM `fc_match` WHERE ( position = 1 or position =3 ) ORDER BY match_id desc LIMIT 5   [ RunTime:0.001256s ]
SQL: SELECT * FROM `fc_team` WHERE ( team_id = 29 ) LIMIT 1   [ RunTime:0.001224s ]
SQL: SELECT * FROM `fc_team` WHERE ( team_id = 30 ) LIMIT 1   [ RunTime:0.001459s ]
SQL: SELECT * FROM `fc_team` WHERE ( team_id = 26 ) LIMIT 1   [ RunTime:0.001198s ]
SQL: SELECT * FROM `fc_team` WHERE ( team_id = 25 ) LIMIT 1   [ RunTime:0.001189s ]
SQL: SELECT * FROM `fc_team` WHERE ( team_id = 21 ) LIMIT 1   [ RunTime:0.001198s ]
SQL: SELECT * FROM `fc_team` WHERE ( team_id = 22 ) LIMIT 1   [ RunTime:0.001212s ]
SQL: SELECT * FROM `fc_team` WHERE ( team_id = 3 ) LIMIT 1   [ RunTime:0.001214s ]
SQL: SELECT * FROM `fc_team` WHERE ( team_id = 12 ) LIMIT 1   [ RunTime:0.001319s ]
SQL: SELECT * FROM `fc_team` WHERE ( team_id = 5 ) LIMIT 1   [ RunTime:0.001233s ]
SQL: SELECT * FROM `fc_team` WHERE ( team_id = 1 ) LIMIT 1   [ RunTime:0.001223s ]
SQL: SELECT * FROM `fc_team` WHERE ( league = "中超" ) ORDER BY league_integral desc , goal_difference desc LIMIT 10   [ RunTime:0.001233s ]
SQL: SHOW COLUMNS FROM `fc_user` [ RunTime:0.001483s ]
SQL: SELECT comment.comment_id AS comment_id,comment.news_id AS news_id,comment.content AS content,comment.fabulous AS fabulous,comment.parent_id AS parent_id,comment.user_id AS user_id,comment.updatetime AS updatetime,user.user_id AS username_id,user.username AS username,user.headimg AS headimg,news.id AS id,news.title AS title FROM fc_comment comment LEFT JOIN fc_user user ON comment.user_id=user.user_id  JOIN fc_news news ON comment.news_id=news.id ORDER BY comment.fabulous desc LIMIT 5   [ RunTime:0.001240s ]
INFO: [ view_template ] --START--
INFO: Run LocationTemplate Behavior [ RunTime:0.000449s ]
INFO: [ view_template ] --END-- [ RunTime:0.000500s ]
INFO: [ view_parse ] --START--
NOTIC: [8] Undefined index: username /data/home/bxu2442590746/htdocs/dongqiudi/Home/Runtime/Cache/41da853a8a009524e11cfa715eee1381.php 第 324 行.
NOTIC: [8] Undefined index: username /data/home/bxu2442590746/htdocs/dongqiudi/Home/Runtime/Cache/41da853a8a009524e11cfa715eee1381.php 第 324 行.
NOTIC: [8] Undefined index: username /data/home/bxu2442590746/htdocs/dongqiudi/Home/Runtime/Cache/41da853a8a009524e11cfa715eee1381.php 第 324 行.
NOTIC: [8] Undefined index: username /data/home/bxu2442590746/htdocs/dongqiudi/Home/Runtime/Cache/41da853a8a009524e11cfa715eee1381.php 第 324 行.
NOTIC: [8] Undefined index: username /data/home/bxu2442590746/htdocs/dongqiudi/Home/Runtime/Cache/41da853a8a009524e11cfa715eee1381.php 第 324 行.
INFO: Run ParseTemplate Behavior [ RunTime:0.019758s ]
INFO: [ view_parse ] --END-- [ RunTime:0.019811s ]
INFO: [ view_filter ] --START--
INFO: Run ContentReplace Behavior [ RunTime:0.000424s ]
INFO: Run TokenBuild Behavior [ RunTime:0.000383s ]
INFO: Run WriteHtmlCache Behavior [ RunTime:0.000286s ]
INFO: Run ShowRuntime Behavior [ RunTime:0.000427s ]
INFO: [ view_filter ] --END-- [ RunTime:0.001637s ]
INFO: [ view_end ] --START--
INFO: Run ShowPageTrace Behavior [ RunTime:0.000461s ]
INFO: [ view_end ] --END-- [ RunTime:0.000502s ]

[ 2017-04-29T12:07:52+08:00 ] 171.12.11.187 /dongqiudi/index.php?m=index&a=guonei
NOTIC: [8192] Directive 'magic_quotes_gpc' is deprecated in PHP 5.3 and greater Unknown 第 0 行.

[ 2017-04-29T12:11:52+08:00 ] 171.12.11.187 /dongqiudi/
INFO: [ app_begin ] --START--
INFO: Run ReadHtmlCache Behavior [ RunTime:0.000474s ]
INFO: [ app_begin ] --END-- [ RunTime:0.000568s ]
NOTIC: [2048] Declaration of IndexAction::show() should be compatible with that of Action::show() /data/home/bxu2442590746/htdocs/dongqiudi/Home/Lib/Action/IndexAction.class.php 第 549 行.
SQL: SHOW COLUMNS FROM `fc_news` [ RunTime:0.001685s ]
SQL: SELECT * FROM fc_news n LEFT JOIN fc_news_data as d on n.id = d.id WHERE ( position = 2 ) ORDER BY n.id desc LIMIT 5   [ RunTime:0.003268s ]
SQL: SELECT * FROM fc_news n LEFT JOIN fc_news_data as d on n.id = d.id WHERE ( n.position = 1 ) ORDER BY n.id desc  [ RunTime:0.001733s ]
SQL: SHOW COLUMNS FROM `fc_comment` [ RunTime:0.001429s ]
SQL: SELECT COUNT(*) AS tp_count FROM `fc_comment` WHERE ( news_id = 74 ) LIMIT 1   [ RunTime:0.001314s ]
SQL: SELECT COUNT(*) AS tp_count FROM `fc_comment` WHERE ( news_id = 61 ) LIMIT 1   [ RunTime:0.001216s ]
NOTIC: [8] Undefined variable: num /data/home/bxu2442590746/htdocs/dongqiudi/Home/Lib/Action/IndexAction.class.php 第 28 行.
SQL: SHOW COLUMNS FROM `fc_match` [ RunTime:0.001586s ]
SQL: SHOW COLUMNS FROM `fc_team` [ RunTime:0.001497s ]
SQL: SELECT * FROM `fc_match` WHERE ( position = 1 or position =3 ) ORDER BY match_id desc LIMIT 5   [ RunTime:0.001229s ]
SQL: SELECT * FROM `fc_team` WHERE ( team_id = 29 ) LIMIT 1   [ RunTime:0.001232s ]
SQL: SELECT * FROM `fc_team` WHERE ( team_id = 30 ) LIMIT 1   [ RunTime:0.001267s ]
SQL: SELECT * FROM `fc_team` WHERE ( team_id = 26 ) LIMIT 1   [ RunTime:0.001214s ]
SQL: SELECT * FROM `fc_team` WHERE ( team_id = 25 ) LIMIT 1   [ RunTime:0.001216s ]
SQL: SELECT * FROM `fc_team` WHERE ( team_id = 21 ) LIMIT 1   [ RunTime:0.001228s ]
SQL: SELECT * FROM `fc_team` WHERE ( team_id = 22 ) LIMIT 1   [ RunTime:0.001212s ]
SQL: SELECT * FROM `fc_team` WHERE ( team_id = 3 ) LIMIT 1   [ RunTime:0.001229s ]
SQL: SELECT * FROM `fc_team` WHERE ( team_id = 12 ) LIMIT 1   [ RunTime:0.001222s ]
SQL: SELECT * FROM `fc_team` WHERE ( team_id = 5 ) LIMIT 1   [ RunTime:0.001207s ]
SQL: SELECT * FROM `fc_team` WHERE ( team_id = 1 ) LIMIT 1   [ RunTime:0.001204s ]
SQL: SELECT * FROM `fc_team` WHERE ( league = "中超" ) ORDER BY league_integral desc , goal_difference desc LIMIT 10   [ RunTime:0.001242s ]
SQL: SHOW COLUMNS FROM `fc_user` [ RunTime:0.001530s ]
SQL: SELECT comment.comment_id AS comment_id,comment.news_id AS news_id,comment.content AS content,comment.fabulous AS fabulous,comment.parent_id AS parent_id,comment.user_id AS user_id,comment.updatetime AS updatetime,user.user_id AS username_id,user.username AS username,user.headimg AS headimg,news.id AS id,news.title AS title FROM fc_comment comment LEFT JOIN fc_user user ON comment.user_id=user.user_id  JOIN fc_news news ON comment.news_id=news.id ORDER BY comment.fabulous desc LIMIT 5   [ RunTime:0.001449s ]
INFO: [ view_template ] --START--
INFO: Run LocationTemplate Behavior [ RunTime:0.000471s ]
INFO: [ view_template ] --END-- [ RunTime:0.000520s ]
INFO: [ view_parse ] --START--
INFO: Run ParseTemplate Behavior [ RunTime:0.019604s ]
INFO: [ view_parse ] --END-- [ RunTime:0.019654s ]
INFO: [ view_filter ] --START--
INFO: Run ContentReplace Behavior [ RunTime:0.000429s ]
INFO: Run TokenBuild Behavior [ RunTime:0.000398s ]
INFO: Run WriteHtmlCache Behavior [ RunTime:0.000296s ]
INFO: Run ShowRuntime Behavior [ RunTime:0.000459s ]
INFO: [ view_filter ] --END-- [ RunTime:0.001705s ]
INFO: [ view_end ] --START--
INFO: Run ShowPageTrace Behavior [ RunTime:0.000468s ]
INFO: [ view_end ] --END-- [ RunTime:0.000509s ]

[ 2017-04-29T12:11:52+08:00 ] 171.12.11.187 /dongqiudi/
NOTIC: [8192] Directive 'magic_quotes_gpc' is deprecated in PHP 5.3 and greater Unknown 第 0 行.

[ 2017-04-29T19:52:39+08:00 ] 157.55.39.165 /dongqiudi/index.php?m=data&a=index
INFO: [ app_begin ] --START--
INFO: Run ReadHtmlCache Behavior [ RunTime:0.000461s ]
INFO: [ app_begin ] --END-- [ RunTime:0.000554s ]
SQL: SHOW COLUMNS FROM `fc_team` [ RunTime:0.001681s ]
SQL: SHOW COLUMNS FROM `fc_match` [ RunTime:0.001435s ]
SQL: SELECT * FROM `fc_team` WHERE ( league = "中超" ) ORDER BY league_integral desc , goal_difference desc  [ RunTime:0.001310s ]
SQL: SELECT * FROM `fc_match` WHERE ( `start_time` <= 1493466759 ) ORDER BY match_id desc LIMIT 1   [ RunTime:0.001182s ]
NOTIC: [8] Undefined index: gameweek /data/home/bxu2442590746/htdocs/dongqiudi/Home/Lib/Action/DataAction.class.php 第 20 行.
INFO: [ view_template ] --START--
INFO: Run LocationTemplate Behavior [ RunTime:0.000486s ]
INFO: [ view_template ] --END-- [ RunTime:0.000536s ]
INFO: [ view_parse ] --START--
NOTIC: [8] Undefined index: type /data/home/bxu2442590746/htdocs/dongqiudi/Home/Runtime/Cache/11000071f57ca86652125fcf5dbb4800.php 第 134 行.
INFO: Run ParseTemplate Behavior [ RunTime:0.015098s ]
INFO: [ view_parse ] --END-- [ RunTime:0.015145s ]
INFO: [ view_filter ] --START--
INFO: Run ContentReplace Behavior [ RunTime:0.000384s ]
INFO: Run TokenBuild Behavior [ RunTime:0.000369s ]
INFO: Run WriteHtmlCache Behavior [ RunTime:0.000309s ]
INFO: Run ShowRuntime Behavior [ RunTime:0.000385s ]
INFO: [ view_filter ] --END-- [ RunTime:0.001570s ]
INFO: [ view_end ] --START--
INFO: Run ShowPageTrace Behavior [ RunTime:0.000455s ]
INFO: [ view_end ] --END-- [ RunTime:0.000496s ]

[ 2017-04-29T19:52:39+08:00 ] 157.55.39.165 /dongqiudi/index.php?m=data&a=index
NOTIC: [8192] Directive 'magic_quotes_gpc' is deprecated in PHP 5.3 and greater Unknown 第 0 行.

