[ 2017-07-18T05:41:25+08:00 ] 111.206.36.146 /dongqiudi/index.php?m=index&a=show&id=90
INFO: [ app_begin ] --START--
INFO: Run ReadHtmlCache Behavior [ RunTime:0.000518s ]
INFO: [ app_begin ] --END-- [ RunTime:0.000614s ]
NOTIC: [2048] Declaration of IndexAction::show() should be compatible with that of Action::show() /data/home/bxu2442590746/htdocs/dongqiudi/Home/Lib/Action/IndexAction.class.php 第 576 行.
SQL: SHOW COLUMNS FROM `fc_news` [ RunTime:0.001441s ]
SQL: SELECT * FROM fc_news n LEFT JOIN fc_news_data as d on n.id = d.id LEFT JOIN fc_user as u on n.user_id = u.user_id WHERE ( n.id = '90' ) AND ( d.id = '90' ) LIMIT 1   [ RunTime:0.001496s ]
SQL: SHOW COLUMNS FROM `fc_comment` [ RunTime:0.001734s ]
SQL: SELECT COUNT(*) AS tp_count FROM `fc_comment` WHERE ( news_id = 90 ) LIMIT 1   [ RunTime:0.001143s ]
SQL: SELECT * FROM fc_comment n LEFT JOIN fc_user as d on n.user_id = d.user_id WHERE ( news_id = 90 ) ORDER BY n.updatetime desc LIMIT 0,7   [ RunTime:0.001179s ]
SQL: SELECT * FROM fc_comment n LEFT JOIN fc_user as d on n.user_id = d.user_id WHERE ( comment_id = 76 ) ORDER BY n.updatetime desc LIMIT 0,7   [ RunTime:0.001078s ]
SQL: SELECT COUNT(*) AS tp_count FROM `fc_comment` WHERE ( news_id = 90 ) LIMIT 1   [ RunTime:0.000970s ]
SQL: SHOW COLUMNS FROM `fc_user` [ RunTime:0.001278s ]
SQL: SELECT comment.comment_id AS comment_id,comment.news_id AS news_id,comment.content AS content,comment.fabulous AS fabulous,comment.parent_id AS parent_id,comment.user_id AS user_id,comment.updatetime AS updatetime,user.user_id AS username_id,user.username AS username,user.headimg AS headimg,news.id AS id,news.title AS title FROM fc_comment comment LEFT JOIN fc_user user ON comment.user_id=user.user_id  JOIN fc_news news ON comment.news_id=news.id WHERE ( comment.fabulous >= '3' ) AND ( news.id = '90' ) ORDER BY comment.fabulous desc  [ RunTime:0.001264s ]
INFO: [ view_template ] --START--
INFO: Run LocationTemplate Behavior [ RunTime:0.000493s ]
INFO: [ view_template ] --END-- [ RunTime:0.000541s ]
INFO: [ view_parse ] --START--
NOTIC: [8] Undefined index: username /data/home/bxu2442590746/htdocs/dongqiudi/Home/Runtime/Cache/8900f6c60654ed91e9ce9789196cfe05.php 第 111 行.
NOTIC: [8] Undefined index: username /data/home/bxu2442590746/htdocs/dongqiudi/Home/Runtime/Cache/8900f6c60654ed91e9ce9789196cfe05.php 第 115 行.
NOTIC: [8] Undefined index: username /data/home/bxu2442590746/htdocs/dongqiudi/Home/Runtime/Cache/8900f6c60654ed91e9ce9789196cfe05.php 第 176 行.
NOTIC: [8] Undefined index: username /data/home/bxu2442590746/htdocs/dongqiudi/Home/Runtime/Cache/8900f6c60654ed91e9ce9789196cfe05.php 第 176 行.
NOTIC: [8] Undefined index: username /data/home/bxu2442590746/htdocs/dongqiudi/Home/Runtime/Cache/8900f6c60654ed91e9ce9789196cfe05.php 第 176 行.
NOTIC: [8] Undefined index: username /data/home/bxu2442590746/htdocs/dongqiudi/Home/Runtime/Cache/8900f6c60654ed91e9ce9789196cfe05.php 第 176 行.
NOTIC: [8] Undefined index: username /data/home/bxu2442590746/htdocs/dongqiudi/Home/Runtime/Cache/8900f6c60654ed91e9ce9789196cfe05.php 第 176 行.
NOTIC: [8] Undefined index: username /data/home/bxu2442590746/htdocs/dongqiudi/Home/Runtime/Cache/8900f6c60654ed91e9ce9789196cfe05.php 第 176 行.
NOTIC: [8] Undefined index: username /data/home/bxu2442590746/htdocs/dongqiudi/Home/Runtime/Cache/8900f6c60654ed91e9ce9789196cfe05.php 第 176 行.
INFO: Run ParseTemplate Behavior [ RunTime:0.016457s ]
INFO: [ view_parse ] --END-- [ RunTime:0.016505s ]
INFO: [ view_filter ] --START--
INFO: Run ContentReplace Behavior [ RunTime:0.000443s ]
INFO: Run TokenBuild Behavior [ RunTime:0.000404s ]
INFO: Run WriteHtmlCache Behavior [ RunTime:0.000346s ]
INFO: Run ShowRuntime Behavior [ RunTime:0.000430s ]
INFO: [ view_filter ] --END-- [ RunTime:0.001746s ]
INFO: [ view_end ] --START--
INFO: Run ShowPageTrace Behavior [ RunTime:0.000528s ]
INFO: [ view_end ] --END-- [ RunTime:0.000570s ]

[ 2017-07-18T05:41:25+08:00 ] 111.206.36.146 /dongqiudi/index.php?m=index&a=show&id=90
NOTIC: [8192] Directive 'magic_quotes_gpc' is deprecated in PHP 5.3 and greater Unknown 第 0 行.

[ 2017-07-18T14:51:11+08:00 ] 157.55.39.196 /dongqiudi/index.php?m=march&a=index
INFO: [ app_begin ] --START--
INFO: Run ReadHtmlCache Behavior [ RunTime:0.000512s ]
INFO: [ app_begin ] --END-- [ RunTime:0.000610s ]
SQL: SHOW COLUMNS FROM `fc_match` [ RunTime:0.001717s ]
SQL: SHOW COLUMNS FROM `fc_team` [ RunTime:0.001559s ]
SQL: SELECT * FROM `fc_match` WHERE ( position =2 or position =3 ) ORDER BY start_time asc  [ RunTime:0.002331s ]
SQL: SELECT * FROM `fc_team` WHERE ( team_id = 9 ) LIMIT 1   [ RunTime:0.001232s ]
SQL: SELECT * FROM `fc_team` WHERE ( team_id = 11 ) LIMIT 1   [ RunTime:0.001185s ]
SQL: SELECT * FROM `fc_team` WHERE ( team_id = 3 ) LIMIT 1   [ RunTime:0.001264s ]
SQL: SELECT * FROM `fc_team` WHERE ( team_id = 6 ) LIMIT 1   [ RunTime:0.001195s ]
SQL: SELECT * FROM `fc_team` WHERE ( team_id = 13 ) LIMIT 1   [ RunTime:0.001188s ]
SQL: SELECT * FROM `fc_team` WHERE ( team_id = 4 ) LIMIT 1   [ RunTime:0.001414s ]
SQL: SELECT * FROM `fc_team` WHERE ( team_id = 1 ) LIMIT 1   [ RunTime:0.001159s ]
SQL: SELECT * FROM `fc_team` WHERE ( team_id = 10 ) LIMIT 1   [ RunTime:0.001187s ]
SQL: SELECT * FROM `fc_team` WHERE ( team_id = 2 ) LIMIT 1   [ RunTime:0.001152s ]
SQL: SELECT * FROM `fc_team` WHERE ( team_id = 5 ) LIMIT 1   [ RunTime:0.001172s ]
SQL: SELECT * FROM `fc_team` WHERE ( team_id = 3 ) LIMIT 1   [ RunTime:0.001122s ]
SQL: SELECT * FROM `fc_team` WHERE ( team_id = 16 ) LIMIT 1   [ RunTime:0.001139s ]
SQL: SELECT * FROM `fc_team` WHERE ( team_id = 1 ) LIMIT 1   [ RunTime:0.001100s ]
SQL: SELECT * FROM `fc_team` WHERE ( team_id = 11 ) LIMIT 1   [ RunTime:0.001083s ]
SQL: SELECT * FROM `fc_team` WHERE ( team_id = 12 ) LIMIT 1   [ RunTime:0.001149s ]
SQL: SELECT * FROM `fc_team` WHERE ( team_id = 15 ) LIMIT 1   [ RunTime:0.001187s ]
SQL: SELECT * FROM `fc_team` WHERE ( team_id = 9 ) LIMIT 1   [ RunTime:0.001109s ]
SQL: SELECT * FROM `fc_team` WHERE ( team_id = 5 ) LIMIT 1   [ RunTime:0.001095s ]
SQL: SELECT * FROM `fc_team` WHERE ( team_id = 12 ) LIMIT 1   [ RunTime:0.001102s ]
SQL: SELECT * FROM `fc_team` WHERE ( team_id = 2 ) LIMIT 1   [ RunTime:0.001136s ]
SQL: SELECT * FROM `fc_team` WHERE ( team_id = 7 ) LIMIT 1   [ RunTime:0.001200s ]
SQL: SELECT * FROM `fc_team` WHERE ( team_id = 10 ) LIMIT 1   [ RunTime:0.001099s ]
INFO: [ view_template ] --START--
INFO: Run LocationTemplate Behavior [ RunTime:0.000503s ]
INFO: [ view_template ] --END-- [ RunTime:0.000584s ]
INFO: [ view_parse ] --START--
INFO: Run ParseTemplate Behavior [ RunTime:0.018484s ]
INFO: [ view_parse ] --END-- [ RunTime:0.018539s ]
INFO: [ view_filter ] --START--
INFO: Run ContentReplace Behavior [ RunTime:0.000446s ]
INFO: Run TokenBuild Behavior [ RunTime:0.000396s ]
INFO: Run WriteHtmlCache Behavior [ RunTime:0.000296s ]
INFO: Run ShowRuntime Behavior [ RunTime:0.000427s ]
INFO: [ view_filter ] --END-- [ RunTime:0.001689s ]
INFO: [ view_end ] --START--
INFO: Run ShowPageTrace Behavior [ RunTime:0.000496s ]
INFO: [ view_end ] --END-- [ RunTime:0.000536s ]

[ 2017-07-18T14:51:11+08:00 ] 157.55.39.196 /dongqiudi/index.php?m=march&a=index
NOTIC: [8192] Directive 'magic_quotes_gpc' is deprecated in PHP 5.3 and greater Unknown 第 0 行.

