[ 2017-04-16T08:32:43+08:00 ] 40.77.167.107 /dongqiudi/index.php?m=index&a=jijin
INFO: [ app_begin ] --START--
INFO: Run ReadHtmlCache Behavior [ RunTime:0.000677s ]
INFO: [ app_begin ] --END-- [ RunTime:0.000779s ]
NOTIC: [2048] Declaration of IndexAction::show() should be compatible with that of Action::show() /data/home/bxu2442590746/htdocs/dongqiudi/Home/Lib/Action/IndexAction.class.php 第 549 行.
SQL: SHOW COLUMNS FROM `fc_news` [ RunTime:0.001742s ]
SQL: SELECT * FROM fc_news n LEFT JOIN fc_news_data as d on n.id = d.id WHERE ( position = 2 ) ORDER BY n.id desc LIMIT 5   [ RunTime:0.002837s ]
SQL: SELECT * FROM fc_news n LEFT JOIN fc_news_data as d on n.id = d.id WHERE ( n.news_level = 2 ) ORDER BY n.id desc  [ RunTime:0.001334s ]
SQL: SHOW COLUMNS FROM `fc_comment` [ RunTime:0.001697s ]
SQL: SELECT COUNT(*) AS tp_count FROM `fc_comment` WHERE ( news_id = 59 ) LIMIT 1   [ RunTime:0.001852s ]
SQL: SHOW COLUMNS FROM `fc_match` [ RunTime:0.001571s ]
SQL: SHOW COLUMNS FROM `fc_team` [ RunTime:0.002292s ]
SQL: SELECT * FROM `fc_match` WHERE ( position = 1 or position =3 ) ORDER BY match_id desc LIMIT 5   [ RunTime:0.001332s ]
SQL: SELECT * FROM `fc_team` WHERE ( team_id = 3 ) LIMIT 1   [ RunTime:0.001280s ]
SQL: SELECT * FROM `fc_team` WHERE ( team_id = 12 ) LIMIT 1   [ RunTime:0.001246s ]
SQL: SELECT * FROM `fc_team` WHERE ( team_id = 5 ) LIMIT 1   [ RunTime:0.001242s ]
SQL: SELECT * FROM `fc_team` WHERE ( team_id = 1 ) LIMIT 1   [ RunTime:0.001962s ]
SQL: SELECT * FROM `fc_team` WHERE ( team_id = 4 ) LIMIT 1   [ RunTime:0.001254s ]
SQL: SELECT * FROM `fc_team` WHERE ( team_id = 7 ) LIMIT 1   [ RunTime:0.001261s ]
SQL: SELECT * FROM `fc_team` WHERE ( team_id = 1 ) LIMIT 1   [ RunTime:0.001165s ]
SQL: SELECT * FROM `fc_team` WHERE ( team_id = 11 ) LIMIT 1   [ RunTime:0.001251s ]
SQL: SELECT * FROM `fc_team` WHERE ( team_id = 13 ) LIMIT 1   [ RunTime:0.001278s ]
SQL: SELECT * FROM `fc_team` WHERE ( team_id = 14 ) LIMIT 1   [ RunTime:0.001269s ]
SQL: SELECT * FROM `fc_team` WHERE ( league = "中超" ) ORDER BY league_integral desc , goal_difference desc LIMIT 10   [ RunTime:0.001356s ]
SQL: SHOW COLUMNS FROM `fc_user` [ RunTime:0.001555s ]
SQL: SELECT comment.comment_id AS comment_id,comment.news_id AS news_id,comment.content AS content,comment.fabulous AS fabulous,comment.parent_id AS parent_id,comment.user_id AS user_id,comment.updatetime AS updatetime,user.user_id AS username_id,user.username AS username,user.headimg AS headimg,news.id AS id,news.title AS title FROM fc_comment comment LEFT JOIN fc_user user ON comment.user_id=user.user_id  JOIN fc_news news ON comment.news_id=news.id ORDER BY comment.fabulous desc LIMIT 5   [ RunTime:0.001384s ]
INFO: [ view_template ] --START--
INFO: Run LocationTemplate Behavior [ RunTime:0.000763s ]
INFO: [ view_template ] --END-- [ RunTime:0.000817s ]
INFO: [ view_parse ] --START--
NOTIC: [8] Undefined index: username /data/home/bxu2442590746/htdocs/dongqiudi/Home/Runtime/Cache/40abef7663b223d4303cc50e8416fdbf.php 第 324 行.
INFO: Run ParseTemplate Behavior [ RunTime:0.019761s ]
INFO: [ view_parse ] --END-- [ RunTime:0.019808s ]
INFO: [ view_filter ] --START--
INFO: Run ContentReplace Behavior [ RunTime:0.000520s ]
INFO: Run TokenBuild Behavior [ RunTime:0.000359s ]
INFO: Run WriteHtmlCache Behavior [ RunTime:0.000283s ]
INFO: Run ShowRuntime Behavior [ RunTime:0.000427s ]
INFO: [ view_filter ] --END-- [ RunTime:0.001715s ]
INFO: [ view_end ] --START--
INFO: Run ShowPageTrace Behavior [ RunTime:0.000456s ]
INFO: [ view_end ] --END-- [ RunTime:0.000495s ]

[ 2017-04-16T08:32:43+08:00 ] 40.77.167.107 /dongqiudi/index.php?m=index&a=jijin
NOTIC: [8192] Directive 'magic_quotes_gpc' is deprecated in PHP 5.3 and greater Unknown 第 0 行.

[ 2017-04-16T11:58:50+08:00 ] 40.77.167.32 /dongqiudi/index.php?m=index&a=show&id=50
INFO: [ app_begin ] --START--
INFO: Run ReadHtmlCache Behavior [ RunTime:0.000466s ]
INFO: [ app_begin ] --END-- [ RunTime:0.000560s ]
NOTIC: [2048] Declaration of IndexAction::show() should be compatible with that of Action::show() /data/home/bxu2442590746/htdocs/dongqiudi/Home/Lib/Action/IndexAction.class.php 第 549 行.
SQL: SHOW COLUMNS FROM `fc_news` [ RunTime:0.001561s ]
SQL: SELECT * FROM fc_news n LEFT JOIN fc_news_data as d on n.id = d.id LEFT JOIN fc_user as u on n.user_id = u.user_id WHERE ( n.id = '50' ) AND ( d.id = '50' ) LIMIT 1   [ RunTime:0.001289s ]
INFO: [ view_template ] --START--
INFO: Run LocationTemplate Behavior [ RunTime:0.000551s ]
INFO: [ view_template ] --END-- [ RunTime:0.000598s ]
INFO: [ view_parse ] --START--
INFO: Run ParseTemplate Behavior [ RunTime:0.005468s ]
INFO: [ view_parse ] --END-- [ RunTime:0.005521s ]
INFO: [ view_filter ] --START--
INFO: Run ContentReplace Behavior [ RunTime:0.000366s ]
INFO: Run TokenBuild Behavior [ RunTime:0.000352s ]
INFO: Run WriteHtmlCache Behavior [ RunTime:0.000283s ]
INFO: Run ShowRuntime Behavior [ RunTime:0.000421s ]
INFO: [ view_filter ] --END-- [ RunTime:0.001569s ]
INFO: [ view_end ] --START--
INFO: Run ShowPageTrace Behavior [ RunTime:0.000527s ]
INFO: [ view_end ] --END-- [ RunTime:0.000572s ]
NOTIC: [8192] Directive 'magic_quotes_gpc' is deprecated in PHP 5.3 and greater Unknown 第 0 行.

