[ 2017-06-18T23:34:44+08:00 ] 40.77.167.115 /dongqiudi/index.php?m=index&a=show&id=61
INFO: [ app_begin ] --START--
INFO: Run ReadHtmlCache Behavior [ RunTime:0.031077s ]
INFO: [ app_begin ] --END-- [ RunTime:0.031190s ]
NOTIC: [2048] Declaration of IndexAction::show() should be compatible with that of Action::show() /data/home/bxu2442590746/htdocs/dongqiudi/Home/Lib/Action/IndexAction.class.php 第 550 行.
SQL: SHOW COLUMNS FROM `fc_news` [ RunTime:0.001701s ]
SQL: SELECT * FROM fc_news n LEFT JOIN fc_news_data as d on n.id = d.id LEFT JOIN fc_user as u on n.user_id = u.user_id WHERE ( n.id = '61' ) AND ( d.id = '61' ) LIMIT 1   [ RunTime:0.001369s ]
INFO: [ view_template ] --START--
INFO: Run LocationTemplate Behavior [ RunTime:0.014533s ]
INFO: [ view_template ] --END-- [ RunTime:0.014588s ]
INFO: [ view_parse ] --START--
INFO: Run ParseTemplate Behavior [ RunTime:0.062120s ]
INFO: [ view_parse ] --END-- [ RunTime:0.062190s ]
INFO: [ view_filter ] --START--
INFO: Run ContentReplace Behavior [ RunTime:0.001563s ]
INFO: Run TokenBuild Behavior [ RunTime:0.001372s ]
INFO: Run WriteHtmlCache Behavior [ RunTime:0.001274s ]
INFO: Run ShowRuntime Behavior [ RunTime:0.001402s ]
INFO: [ view_filter ] --END-- [ RunTime:0.005743s ]
INFO: [ view_end ] --START--
INFO: Run ShowPageTrace Behavior [ RunTime:0.002494s ]
INFO: [ view_end ] --END-- [ RunTime:0.002540s ]
NOTIC: [8192] Directive 'magic_quotes_gpc' is deprecated in PHP 5.3 and greater Unknown 第 0 行.

