[ 2017-06-21T20:22:47+08:00 ] 207.46.13.4 /dongqiudi/
INFO: [ app_begin ] --START--
INFO: Run ReadHtmlCache Behavior [ RunTime:0.014911s ]
INFO: [ app_begin ] --END-- [ RunTime:0.015025s ]
NOTIC: [2048] Declaration of IndexAction::show() should be compatible with that of Action::show() /data/home/bxu2442590746/htdocs/dongqiudi/Home/Lib/Action/IndexAction.class.php 第 550 行.
SQL: SHOW COLUMNS FROM `fc_news` [ RunTime:0.001494s ]
SQL: SELECT * FROM fc_news n LEFT JOIN fc_news_data as d on n.id = d.id WHERE ( position =2 or position =3 ) ORDER BY n.id desc LIMIT 5   [ RunTime:0.002590s ]
SQL: SELECT * FROM fc_news n LEFT JOIN fc_news_data as d on n.id = d.id WHERE ( n.position =1 or n.position =3 ) ORDER BY n.id desc  [ RunTime:0.002555s ]
SQL: SHOW COLUMNS FROM `fc_comment` [ RunTime:0.001311s ]
SQL: SELECT COUNT(*) AS tp_count FROM `fc_comment` WHERE ( news_id = 90 ) LIMIT 1   [ RunTime:0.001053s ]
SQL: SELECT COUNT(*) AS tp_count FROM `fc_comment` WHERE ( news_id = 85 ) LIMIT 1   [ RunTime:0.001114s ]
SQL: SELECT COUNT(*) AS tp_count FROM `fc_comment` WHERE ( news_id = 82 ) LIMIT 1   [ RunTime:0.001058s ]
SQL: SELECT COUNT(*) AS tp_count FROM `fc_comment` WHERE ( news_id = 81 ) LIMIT 1   [ RunTime:0.001030s ]
SQL: SELECT COUNT(*) AS tp_count FROM `fc_comment` WHERE ( news_id = 80 ) LIMIT 1   [ RunTime:0.001028s ]
SQL: SELECT COUNT(*) AS tp_count FROM `fc_comment` WHERE ( news_id = 77 ) LIMIT 1   [ RunTime:0.001058s ]
NOTIC: [8] Undefined variable: num /data/home/bxu2442590746/htdocs/dongqiudi/Home/Lib/Action/IndexAction.class.php 第 29 行.
SQL: SHOW COLUMNS FROM `fc_match` [ RunTime:0.001434s ]
SQL: SHOW COLUMNS FROM `fc_team` [ RunTime:0.001514s ]
SQL: SELECT * FROM `fc_match` WHERE ( position = 1 or position =3 ) ORDER BY match_id desc LIMIT 5   [ RunTime:0.001219s ]
SQL: SELECT * FROM `fc_team` WHERE ( team_id = 12 ) LIMIT 1   [ RunTime:0.001172s ]
SQL: SELECT * FROM `fc_team` WHERE ( team_id = 2 ) LIMIT 1   [ RunTime:0.001081s ]
SQL: SELECT * FROM `fc_team` WHERE ( team_id = 7 ) LIMIT 1   [ RunTime:0.001066s ]
SQL: SELECT * FROM `fc_team` WHERE ( team_id = 10 ) LIMIT 1   [ RunTime:0.001036s ]
SQL: SELECT * FROM `fc_team` WHERE ( team_id = 9 ) LIMIT 1   [ RunTime:0.001072s ]
SQL: SELECT * FROM `fc_team` WHERE ( team_id = 5 ) LIMIT 1   [ RunTime:0.001099s ]
SQL: SELECT * FROM `fc_team` WHERE ( team_id = 3 ) LIMIT 1   [ RunTime:0.001080s ]
SQL: SELECT * FROM `fc_team` WHERE ( team_id = 16 ) LIMIT 1   [ RunTime:0.001098s ]
SQL: SELECT * FROM `fc_team` WHERE ( team_id = 1 ) LIMIT 1   [ RunTime:0.001056s ]
SQL: SELECT * FROM `fc_team` WHERE ( team_id = 11 ) LIMIT 1   [ RunTime:0.001062s ]
SQL: SELECT * FROM `fc_team` WHERE ( league = "中超" ) ORDER BY league_integral desc , goal_difference desc LIMIT 10   [ RunTime:0.001146s ]
SQL: SHOW COLUMNS FROM `fc_user` [ RunTime:0.001402s ]
SQL: SELECT comment.comment_id AS comment_id,comment.news_id AS news_id,comment.content AS content,comment.fabulous AS fabulous,comment.parent_id AS parent_id,comment.user_id AS user_id,comment.updatetime AS updatetime,user.user_id AS username_id,user.username AS username,user.headimg AS headimg,news.id AS id,news.title AS title FROM fc_comment comment LEFT JOIN fc_user user ON comment.user_id=user.user_id  JOIN fc_news news ON comment.news_id=news.id ORDER BY comment.fabulous desc LIMIT 5   [ RunTime:0.001332s ]
INFO: [ view_template ] --START--
INFO: Run LocationTemplate Behavior [ RunTime:0.003629s ]
INFO: [ view_template ] --END-- [ RunTime:0.003685s ]
INFO: [ view_parse ] --START--
NOTIC: [8] Undefined index: username /data/home/bxu2442590746/htdocs/dongqiudi/Home/Runtime/Cache/7e4848229090366086cc7eeb3bfc0798.php 第 314 行.
NOTIC: [8] Undefined index: username /data/home/bxu2442590746/htdocs/dongqiudi/Home/Runtime/Cache/7e4848229090366086cc7eeb3bfc0798.php 第 314 行.
NOTIC: [8] Undefined index: username /data/home/bxu2442590746/htdocs/dongqiudi/Home/Runtime/Cache/7e4848229090366086cc7eeb3bfc0798.php 第 314 行.
INFO: Run ParseTemplate Behavior [ RunTime:0.242733s ]
INFO: [ view_parse ] --END-- [ RunTime:0.242794s ]
INFO: [ view_filter ] --START--
INFO: Run ContentReplace Behavior [ RunTime:0.000466s ]
INFO: Run TokenBuild Behavior [ RunTime:0.000355s ]
INFO: Run WriteHtmlCache Behavior [ RunTime:0.000272s ]
INFO: Run ShowRuntime Behavior [ RunTime:0.000446s ]
INFO: [ view_filter ] --END-- [ RunTime:0.001662s ]
INFO: [ view_end ] --START--
INFO: Run ShowPageTrace Behavior [ RunTime:0.000471s ]
INFO: [ view_end ] --END-- [ RunTime:0.000512s ]

[ 2017-06-21T20:22:47+08:00 ] 207.46.13.4 /dongqiudi/
NOTIC: [8192] Directive 'magic_quotes_gpc' is deprecated in PHP 5.3 and greater Unknown 第 0 行.

