[ 2017-05-16T16:27:11+08:00 ] 117.158.134.217 /dongqiudi/
INFO: [ app_begin ] --START--
INFO: Run ReadHtmlCache Behavior [ RunTime:0.000516s ]
INFO: [ app_begin ] --END-- [ RunTime:0.000611s ]
NOTIC: [2048] Declaration of IndexAction::show() should be compatible with that of Action::show() /data/home/bxu2442590746/htdocs/dongqiudi/Home/Lib/Action/IndexAction.class.php 第 549 行.
SQL: SHOW COLUMNS FROM `fc_news` [ RunTime:0.001794s ]
SQL: SELECT * FROM fc_news n LEFT JOIN fc_news_data as d on n.id = d.id WHERE ( position = 2 ) ORDER BY n.id desc LIMIT 5   [ RunTime:0.003313s ]
SQL: SELECT * FROM fc_news n LEFT JOIN fc_news_data as d on n.id = d.id WHERE ( n.position = 1 ) ORDER BY n.id desc  [ RunTime:0.001501s ]
SQL: SHOW COLUMNS FROM `fc_comment` [ RunTime:0.001698s ]
SQL: SELECT COUNT(*) AS tp_count FROM `fc_comment` WHERE ( news_id = 75 ) LIMIT 1   [ RunTime:0.001283s ]
SQL: SELECT COUNT(*) AS tp_count FROM `fc_comment` WHERE ( news_id = 74 ) LIMIT 1   [ RunTime:0.001243s ]
SQL: SELECT COUNT(*) AS tp_count FROM `fc_comment` WHERE ( news_id = 61 ) LIMIT 1   [ RunTime:0.001276s ]
NOTIC: [8] Undefined variable: num /data/home/bxu2442590746/htdocs/dongqiudi/Home/Lib/Action/IndexAction.class.php 第 28 行.
SQL: SHOW COLUMNS FROM `fc_match` [ RunTime:0.001682s ]
SQL: SHOW COLUMNS FROM `fc_team` [ RunTime:0.001589s ]
SQL: SELECT * FROM `fc_match` WHERE ( position = 1 or position =3 ) ORDER BY match_id desc LIMIT 5   [ RunTime:0.001339s ]
SQL: SELECT * FROM `fc_team` WHERE ( team_id = 13 ) LIMIT 1   [ RunTime:0.001408s ]
SQL: SELECT * FROM `fc_team` WHERE ( team_id = 1 ) LIMIT 1   [ RunTime:0.001278s ]
SQL: SELECT * FROM `fc_team` WHERE ( team_id = 29 ) LIMIT 1   [ RunTime:0.001269s ]
SQL: SELECT * FROM `fc_team` WHERE ( team_id = 30 ) LIMIT 1   [ RunTime:0.001240s ]
SQL: SELECT * FROM `fc_team` WHERE ( team_id = 26 ) LIMIT 1   [ RunTime:0.001256s ]
SQL: SELECT * FROM `fc_team` WHERE ( team_id = 25 ) LIMIT 1   [ RunTime:0.001276s ]
SQL: SELECT * FROM `fc_team` WHERE ( team_id = 21 ) LIMIT 1   [ RunTime:0.001315s ]
SQL: SELECT * FROM `fc_team` WHERE ( team_id = 22 ) LIMIT 1   [ RunTime:0.001294s ]
SQL: SELECT * FROM `fc_team` WHERE ( team_id = 3 ) LIMIT 1   [ RunTime:0.001289s ]
SQL: SELECT * FROM `fc_team` WHERE ( team_id = 12 ) LIMIT 1   [ RunTime:0.001280s ]
SQL: SELECT * FROM `fc_team` WHERE ( league = "中超" ) ORDER BY league_integral desc , goal_difference desc LIMIT 10   [ RunTime:0.001360s ]
SQL: SHOW COLUMNS FROM `fc_user` [ RunTime:0.001560s ]
SQL: SELECT comment.comment_id AS comment_id,comment.news_id AS news_id,comment.content AS content,comment.fabulous AS fabulous,comment.parent_id AS parent_id,comment.user_id AS user_id,comment.updatetime AS updatetime,user.user_id AS username_id,user.username AS username,user.headimg AS headimg,news.id AS id,news.title AS title FROM fc_comment comment LEFT JOIN fc_user user ON comment.user_id=user.user_id  JOIN fc_news news ON comment.news_id=news.id ORDER BY comment.fabulous desc LIMIT 5   [ RunTime:0.001463s ]
INFO: [ view_template ] --START--
INFO: Run LocationTemplate Behavior [ RunTime:0.000505s ]
INFO: [ view_template ] --END-- [ RunTime:0.000553s ]
INFO: [ view_parse ] --START--
NOTIC: [8] Undefined index: username /data/home/bxu2442590746/htdocs/dongqiudi/Home/Runtime/Cache/7e4848229090366086cc7eeb3bfc0798.php 第 314 行.
NOTIC: [8] Undefined index: username /data/home/bxu2442590746/htdocs/dongqiudi/Home/Runtime/Cache/7e4848229090366086cc7eeb3bfc0798.php 第 314 行.
NOTIC: [8] Undefined index: username /data/home/bxu2442590746/htdocs/dongqiudi/Home/Runtime/Cache/7e4848229090366086cc7eeb3bfc0798.php 第 314 行.
NOTIC: [8] Undefined index: username /data/home/bxu2442590746/htdocs/dongqiudi/Home/Runtime/Cache/7e4848229090366086cc7eeb3bfc0798.php 第 314 行.
NOTIC: [8] Undefined index: username /data/home/bxu2442590746/htdocs/dongqiudi/Home/Runtime/Cache/7e4848229090366086cc7eeb3bfc0798.php 第 314 行.
INFO: Run ParseTemplate Behavior [ RunTime:0.019658s ]
INFO: [ view_parse ] --END-- [ RunTime:0.019704s ]
INFO: [ view_filter ] --START--
INFO: Run ContentReplace Behavior [ RunTime:0.000452s ]
INFO: Run TokenBuild Behavior [ RunTime:0.000377s ]
INFO: Run WriteHtmlCache Behavior [ RunTime:0.000323s ]
INFO: Run ShowRuntime Behavior [ RunTime:0.000408s ]
INFO: [ view_filter ] --END-- [ RunTime:0.001711s ]
INFO: [ view_end ] --START--
INFO: Run ShowPageTrace Behavior [ RunTime:0.000519s ]
INFO: [ view_end ] --END-- [ RunTime:0.000560s ]

[ 2017-05-16T16:27:11+08:00 ] 117.158.134.217 /dongqiudi/
NOTIC: [8192] Directive 'magic_quotes_gpc' is deprecated in PHP 5.3 and greater Unknown 第 0 行.

[ 2017-05-16T16:27:18+08:00 ] 117.158.134.217 /dongqiudi/index.php?m=march&a=index
INFO: [ app_begin ] --START--
INFO: Run ReadHtmlCache Behavior [ RunTime:0.000479s ]
INFO: [ app_begin ] --END-- [ RunTime:0.000570s ]
SQL: SHOW COLUMNS FROM `fc_match` [ RunTime:0.001708s ]
SQL: SHOW COLUMNS FROM `fc_team` [ RunTime:0.001447s ]
SQL: SELECT * FROM `fc_match` WHERE ( position =2 or position =3 ) ORDER BY start_time asc  [ RunTime:0.001331s ]
SQL: SELECT * FROM `fc_team` WHERE ( team_id = 9 ) LIMIT 1   [ RunTime:0.001340s ]
SQL: SELECT * FROM `fc_team` WHERE ( team_id = 11 ) LIMIT 1   [ RunTime:0.001194s ]
SQL: SELECT * FROM `fc_team` WHERE ( team_id = 8 ) LIMIT 1   [ RunTime:0.001224s ]
SQL: SELECT * FROM `fc_team` WHERE ( team_id = 14 ) LIMIT 1   [ RunTime:0.001228s ]
SQL: SELECT * FROM `fc_team` WHERE ( team_id = 3 ) LIMIT 1   [ RunTime:0.001094s ]
SQL: SELECT * FROM `fc_team` WHERE ( team_id = 6 ) LIMIT 1   [ RunTime:0.001181s ]
SQL: SELECT * FROM `fc_team` WHERE ( team_id = 12 ) LIMIT 1   [ RunTime:0.001193s ]
SQL: SELECT * FROM `fc_team` WHERE ( team_id = 15 ) LIMIT 1   [ RunTime:0.001199s ]
SQL: SELECT * FROM `fc_team` WHERE ( team_id = 7 ) LIMIT 1   [ RunTime:0.001278s ]
SQL: SELECT * FROM `fc_team` WHERE ( team_id = 16 ) LIMIT 1   [ RunTime:0.001146s ]
SQL: SELECT * FROM `fc_team` WHERE ( team_id = 2 ) LIMIT 1   [ RunTime:0.001173s ]
SQL: SELECT * FROM `fc_team` WHERE ( team_id = 5 ) LIMIT 1   [ RunTime:0.001174s ]
SQL: SELECT * FROM `fc_team` WHERE ( team_id = 1 ) LIMIT 1   [ RunTime:0.001088s ]
SQL: SELECT * FROM `fc_team` WHERE ( team_id = 10 ) LIMIT 1   [ RunTime:0.001148s ]
SQL: SELECT * FROM `fc_team` WHERE ( team_id = 13 ) LIMIT 1   [ RunTime:0.001098s ]
SQL: SELECT * FROM `fc_team` WHERE ( team_id = 4 ) LIMIT 1   [ RunTime:0.001180s ]
SQL: SELECT * FROM `fc_team` WHERE ( team_id = 12 ) LIMIT 1   [ RunTime:0.001110s ]
SQL: SELECT * FROM `fc_team` WHERE ( team_id = 2 ) LIMIT 1   [ RunTime:0.001107s ]
SQL: SELECT * FROM `fc_team` WHERE ( team_id = 3 ) LIMIT 1   [ RunTime:0.001101s ]
SQL: SELECT * FROM `fc_team` WHERE ( team_id = 16 ) LIMIT 1   [ RunTime:0.001088s ]
SQL: SELECT * FROM `fc_team` WHERE ( team_id = 4 ) LIMIT 1   [ RunTime:0.001089s ]
SQL: SELECT * FROM `fc_team` WHERE ( team_id = 15 ) LIMIT 1   [ RunTime:0.001092s ]
SQL: SELECT * FROM `fc_team` WHERE ( team_id = 7 ) LIMIT 1   [ RunTime:0.001075s ]
SQL: SELECT * FROM `fc_team` WHERE ( team_id = 10 ) LIMIT 1   [ RunTime:0.001087s ]
SQL: SELECT * FROM `fc_team` WHERE ( team_id = 9 ) LIMIT 1   [ RunTime:0.001096s ]
SQL: SELECT * FROM `fc_team` WHERE ( team_id = 5 ) LIMIT 1   [ RunTime:0.001072s ]
SQL: SELECT * FROM `fc_team` WHERE ( team_id = 13 ) LIMIT 1   [ RunTime:0.001147s ]
SQL: SELECT * FROM `fc_team` WHERE ( team_id = 14 ) LIMIT 1   [ RunTime:0.001105s ]
SQL: SELECT * FROM `fc_team` WHERE ( team_id = 8 ) LIMIT 1   [ RunTime:0.001114s ]
SQL: SELECT * FROM `fc_team` WHERE ( team_id = 6 ) LIMIT 1   [ RunTime:0.001091s ]
SQL: SELECT * FROM `fc_team` WHERE ( team_id = 1 ) LIMIT 1   [ RunTime:0.001094s ]
SQL: SELECT * FROM `fc_team` WHERE ( team_id = 11 ) LIMIT 1   [ RunTime:0.001106s ]
SQL: SELECT * FROM `fc_team` WHERE ( team_id = 16 ) LIMIT 1   [ RunTime:0.001078s ]
SQL: SELECT * FROM `fc_team` WHERE ( team_id = 8 ) LIMIT 1   [ RunTime:0.001079s ]
SQL: SELECT * FROM `fc_team` WHERE ( team_id = 10 ) LIMIT 1   [ RunTime:0.001084s ]
SQL: SELECT * FROM `fc_team` WHERE ( team_id = 9 ) LIMIT 1   [ RunTime:0.001171s ]
SQL: SELECT * FROM `fc_team` WHERE ( team_id = 14 ) LIMIT 1   [ RunTime:0.001107s ]
SQL: SELECT * FROM `fc_team` WHERE ( team_id = 1 ) LIMIT 1   [ RunTime:0.001079s ]
SQL: SELECT * FROM `fc_team` WHERE ( team_id = 2 ) LIMIT 1   [ RunTime:0.001092s ]
SQL: SELECT * FROM `fc_team` WHERE ( team_id = 3 ) LIMIT 1   [ RunTime:0.001092s ]
SQL: SELECT * FROM `fc_team` WHERE ( team_id = 6 ) LIMIT 1   [ RunTime:0.001102s ]
SQL: SELECT * FROM `fc_team` WHERE ( team_id = 12 ) LIMIT 1   [ RunTime:0.001123s ]
SQL: SELECT * FROM `fc_team` WHERE ( team_id = 11 ) LIMIT 1   [ RunTime:0.001103s ]
SQL: SELECT * FROM `fc_team` WHERE ( team_id = 4 ) LIMIT 1   [ RunTime:0.001087s ]
SQL: SELECT * FROM `fc_team` WHERE ( team_id = 15 ) LIMIT 1   [ RunTime:0.001099s ]
SQL: SELECT * FROM `fc_team` WHERE ( team_id = 7 ) LIMIT 1   [ RunTime:0.001082s ]
SQL: SELECT * FROM `fc_team` WHERE ( team_id = 5 ) LIMIT 1   [ RunTime:0.001109s ]
SQL: SELECT * FROM `fc_team` WHERE ( team_id = 13 ) LIMIT 1   [ RunTime:0.001107s ]
SQL: SELECT * FROM `fc_team` WHERE ( team_id = 4 ) LIMIT 1   [ RunTime:0.001079s ]
SQL: SELECT * FROM `fc_team` WHERE ( team_id = 7 ) LIMIT 1   [ RunTime:0.001081s ]
SQL: SELECT * FROM `fc_team` WHERE ( team_id = 5 ) LIMIT 1   [ RunTime:0.001090s ]
SQL: SELECT * FROM `fc_team` WHERE ( team_id = 1 ) LIMIT 1   [ RunTime:0.001111s ]
SQL: SELECT * FROM `fc_team` WHERE ( team_id = 3 ) LIMIT 1   [ RunTime:0.001089s ]
SQL: SELECT * FROM `fc_team` WHERE ( team_id = 12 ) LIMIT 1   [ RunTime:0.001093s ]
SQL: SELECT * FROM `fc_team` WHERE ( team_id = 9 ) LIMIT 1   [ RunTime:0.001077s ]
SQL: SELECT * FROM `fc_team` WHERE ( team_id = 15 ) LIMIT 1   [ RunTime:0.001084s ]
SQL: SELECT * FROM `fc_team` WHERE ( team_id = 2 ) LIMIT 1   [ RunTime:0.001073s ]
SQL: SELECT * FROM `fc_team` WHERE ( team_id = 8 ) LIMIT 1   [ RunTime:0.001096s ]
SQL: SELECT * FROM `fc_team` WHERE ( team_id = 10 ) LIMIT 1   [ RunTime:0.001076s ]
SQL: SELECT * FROM `fc_team` WHERE ( team_id = 13 ) LIMIT 1   [ RunTime:0.001112s ]
SQL: SELECT * FROM `fc_team` WHERE ( team_id = 6 ) LIMIT 1   [ RunTime:0.001104s ]
SQL: SELECT * FROM `fc_team` WHERE ( team_id = 11 ) LIMIT 1   [ RunTime:0.001125s ]
SQL: SELECT * FROM `fc_team` WHERE ( team_id = 14 ) LIMIT 1   [ RunTime:0.001086s ]
SQL: SELECT * FROM `fc_team` WHERE ( team_id = 16 ) LIMIT 1   [ RunTime:0.001105s ]
SQL: SELECT * FROM `fc_team` WHERE ( team_id = 21 ) LIMIT 1   [ RunTime:0.001089s ]
SQL: SELECT * FROM `fc_team` WHERE ( team_id = 22 ) LIMIT 1   [ RunTime:0.001082s ]
SQL: SELECT * FROM `fc_team` WHERE ( team_id = 26 ) LIMIT 1   [ RunTime:0.001179s ]
SQL: SELECT * FROM `fc_team` WHERE ( team_id = 25 ) LIMIT 1   [ RunTime:0.001078s ]
SQL: SELECT * FROM `fc_team` WHERE ( team_id = 27 ) LIMIT 1   [ RunTime:0.001156s ]
SQL: SELECT * FROM `fc_team` WHERE ( team_id = 28 ) LIMIT 1   [ RunTime:0.001178s ]
SQL: SELECT * FROM `fc_team` WHERE ( team_id = 31 ) LIMIT 1   [ RunTime:0.001132s ]
SQL: SELECT * FROM `fc_team` WHERE ( team_id = 33 ) LIMIT 1   [ RunTime:0.001136s ]
SQL: SELECT * FROM `fc_team` WHERE ( team_id = 35 ) LIMIT 1   [ RunTime:0.001247s ]
SQL: SELECT * FROM `fc_team` WHERE ( team_id = 23 ) LIMIT 1   [ RunTime:0.001150s ]
SQL: SELECT * FROM `fc_team` WHERE ( team_id = 1 ) LIMIT 1   [ RunTime:0.001087s ]
SQL: SELECT * FROM `fc_team` WHERE ( team_id = 4 ) LIMIT 1   [ RunTime:0.001101s ]
SQL: SELECT * FROM `fc_team` WHERE ( team_id = 29 ) LIMIT 1   [ RunTime:0.001110s ]
SQL: SELECT * FROM `fc_team` WHERE ( team_id = 30 ) LIMIT 1   [ RunTime:0.001111s ]
SQL: SELECT * FROM `fc_team` WHERE ( team_id = 13 ) LIMIT 1   [ RunTime:0.001099s ]
SQL: SELECT * FROM `fc_team` WHERE ( team_id = 1 ) LIMIT 1   [ RunTime:0.001071s ]
INFO: [ view_template ] --START--
INFO: Run LocationTemplate Behavior [ RunTime:0.000473s ]
INFO: [ view_template ] --END-- [ RunTime:0.000524s ]
INFO: [ view_parse ] --START--
INFO: Run ParseTemplate Behavior [ RunTime:0.016804s ]
INFO: [ view_parse ] --END-- [ RunTime:0.016852s ]
INFO: [ view_filter ] --START--
INFO: Run ContentReplace Behavior [ RunTime:0.000434s ]
INFO: Run TokenBuild Behavior [ RunTime:0.000360s ]
INFO: Run WriteHtmlCache Behavior [ RunTime:0.000289s ]
INFO: Run ShowRuntime Behavior [ RunTime:0.000428s ]
INFO: [ view_filter ] --END-- [ RunTime:0.001628s ]
INFO: [ view_end ] --START--
INFO: Run ShowPageTrace Behavior [ RunTime:0.000492s ]
INFO: [ view_end ] --END-- [ RunTime:0.000552s ]

[ 2017-05-16T16:27:18+08:00 ] 117.158.134.217 /dongqiudi/index.php?m=march&a=index
NOTIC: [8192] Directive 'magic_quotes_gpc' is deprecated in PHP 5.3 and greater Unknown 第 0 行.

[ 2017-05-16T16:27:20+08:00 ] 117.158.134.217 /dongqiudi/index.php?m=video&a=index
INFO: [ app_begin ] --START--
INFO: Run ReadHtmlCache Behavior [ RunTime:0.000491s ]
INFO: [ app_begin ] --END-- [ RunTime:0.000585s ]
NOTIC: [2048] Declaration of VideoAction::show() should be compatible with that of Action::show() /data/home/bxu2442590746/htdocs/dongqiudi/Home/Lib/Action/VideoAction.class.php 第 152 行.
SQL: SHOW COLUMNS FROM `fc_news` [ RunTime:0.001775s ]
SQL: SELECT * FROM fc_news n LEFT JOIN fc_news_data as d on n.id = d.id WHERE ( position = 4 ) ORDER BY n.id desc LIMIT 5   [ RunTime:0.001452s ]
SQL: SELECT * FROM fc_news n LEFT JOIN fc_news_data as d on n.id = d.id WHERE ( n.news_level = 3 ) ORDER BY n.id desc  [ RunTime:0.001317s ]
SQL: SHOW COLUMNS FROM `fc_comment` [ RunTime:0.001410s ]
SQL: SELECT COUNT(*) AS tp_count FROM `fc_comment` WHERE ( news_id = 70 ) LIMIT 1   [ RunTime:0.001252s ]
SQL: SELECT COUNT(*) AS tp_count FROM `fc_comment` WHERE ( news_id = 63 ) LIMIT 1   [ RunTime:0.001365s ]
SQL: SHOW COLUMNS FROM `fc_user` [ RunTime:0.001432s ]
SQL: SELECT comment.comment_id AS comment_id,comment.news_id AS news_id,comment.content AS content,comment.fabulous AS fabulous,comment.parent_id AS parent_id,comment.user_id AS user_id,comment.updatetime AS updatetime,user.user_id AS username_id,user.username AS username,user.headimg AS headimg,news.id AS id,news.title AS title FROM fc_comment comment LEFT JOIN fc_user user ON comment.user_id=user.user_id  JOIN fc_news news ON comment.news_id=news.id ORDER BY comment.fabulous desc LIMIT 5   [ RunTime:0.001339s ]
INFO: [ view_template ] --START--
INFO: Run LocationTemplate Behavior [ RunTime:0.000483s ]
INFO: [ view_template ] --END-- [ RunTime:0.000532s ]
INFO: [ view_parse ] --START--
NOTIC: [8] Use of undefined constant id - assumed 'id' /data/home/bxu2442590746/htdocs/dongqiudi/Home/Runtime/Cache/cea917a75cfb482050db22738e8f8d81.php 第 213 行.
NOTIC: [8] Use of undefined constant id - assumed 'id' /data/home/bxu2442590746/htdocs/dongqiudi/Home/Runtime/Cache/cea917a75cfb482050db22738e8f8d81.php 第 214 行.
NOTIC: [8] Use of undefined constant thumb - assumed 'thumb' /data/home/bxu2442590746/htdocs/dongqiudi/Home/Runtime/Cache/cea917a75cfb482050db22738e8f8d81.php 第 215 行.
NOTIC: [8] Use of undefined constant title - assumed 'title' /data/home/bxu2442590746/htdocs/dongqiudi/Home/Runtime/Cache/cea917a75cfb482050db22738e8f8d81.php 第 215 行.
NOTIC: [8] Use of undefined constant id - assumed 'id' /data/home/bxu2442590746/htdocs/dongqiudi/Home/Runtime/Cache/cea917a75cfb482050db22738e8f8d81.php 第 218 行.
NOTIC: [8] Use of undefined constant title - assumed 'title' /data/home/bxu2442590746/htdocs/dongqiudi/Home/Runtime/Cache/cea917a75cfb482050db22738e8f8d81.php 第 218 行.
NOTIC: [8] Use of undefined constant description - assumed 'description' /data/home/bxu2442590746/htdocs/dongqiudi/Home/Runtime/Cache/cea917a75cfb482050db22738e8f8d81.php 第 220 行.
NOTIC: [8] Use of undefined constant display_time - assumed 'display_time' /data/home/bxu2442590746/htdocs/dongqiudi/Home/Runtime/Cache/cea917a75cfb482050db22738e8f8d81.php 第 222 行.
NOTIC: [8] Use of undefined constant comments_total - assumed 'comments_total' /data/home/bxu2442590746/htdocs/dongqiudi/Home/Runtime/Cache/cea917a75cfb482050db22738e8f8d81.php 第 223 行.
INFO: Run ParseTemplate Behavior [ RunTime:0.014290s ]
INFO: [ view_parse ] --END-- [ RunTime:0.014350s ]
INFO: [ view_filter ] --START--
INFO: Run ContentReplace Behavior [ RunTime:0.000430s ]
INFO: Run TokenBuild Behavior [ RunTime:0.000358s ]
INFO: Run WriteHtmlCache Behavior [ RunTime:0.000321s ]
INFO: Run ShowRuntime Behavior [ RunTime:0.000613s ]
INFO: [ view_filter ] --END-- [ RunTime:0.001872s ]
INFO: [ view_end ] --START--
INFO: Run ShowPageTrace Behavior [ RunTime:0.000760s ]
INFO: [ view_end ] --END-- [ RunTime:0.000818s ]

[ 2017-05-16T16:27:20+08:00 ] 117.158.134.217 /dongqiudi/index.php?m=video&a=index
NOTIC: [8192] Directive 'magic_quotes_gpc' is deprecated in PHP 5.3 and greater Unknown 第 0 行.

[ 2017-05-16T16:27:22+08:00 ] 117.158.134.217 /dongqiudi/index.php?m=data&a=index
INFO: [ app_begin ] --START--
INFO: Run ReadHtmlCache Behavior [ RunTime:0.000533s ]
INFO: [ app_begin ] --END-- [ RunTime:0.000625s ]
SQL: SHOW COLUMNS FROM `fc_team` [ RunTime:0.001721s ]
SQL: SHOW COLUMNS FROM `fc_match` [ RunTime:0.001501s ]
SQL: SELECT * FROM `fc_team` WHERE ( league = "中超" ) ORDER BY league_integral desc , goal_difference desc  [ RunTime:0.001472s ]
SQL: SELECT * FROM `fc_match` WHERE ( `start_time` <= 1494923242 ) ORDER BY match_id desc LIMIT 1   [ RunTime:0.001358s ]
NOTIC: [8] Undefined index: gameweek /data/home/bxu2442590746/htdocs/dongqiudi/Home/Lib/Action/DataAction.class.php 第 20 行.
INFO: [ view_template ] --START--
INFO: Run LocationTemplate Behavior [ RunTime:0.000499s ]
INFO: [ view_template ] --END-- [ RunTime:0.000565s ]
INFO: [ view_parse ] --START--
NOTIC: [8] Undefined index: type /data/home/bxu2442590746/htdocs/dongqiudi/Home/Runtime/Cache/11000071f57ca86652125fcf5dbb4800.php 第 134 行.
INFO: Run ParseTemplate Behavior [ RunTime:0.015397s ]
INFO: [ view_parse ] --END-- [ RunTime:0.015443s ]
INFO: [ view_filter ] --START--
INFO: Run ContentReplace Behavior [ RunTime:0.000459s ]
INFO: Run TokenBuild Behavior [ RunTime:0.000433s ]
INFO: Run WriteHtmlCache Behavior [ RunTime:0.000355s ]
INFO: Run ShowRuntime Behavior [ RunTime:0.000399s ]
INFO: [ view_filter ] --END-- [ RunTime:0.001767s ]
INFO: [ view_end ] --START--
INFO: Run ShowPageTrace Behavior [ RunTime:0.000482s ]
INFO: [ view_end ] --END-- [ RunTime:0.000522s ]

[ 2017-05-16T16:27:22+08:00 ] 117.158.134.217 /dongqiudi/index.php?m=data&a=index
NOTIC: [8192] Directive 'magic_quotes_gpc' is deprecated in PHP 5.3 and greater Unknown 第 0 行.

