[ 2017-06-04T22:35:38+08:00 ] 157.55.39.70 /dongqiudi/index.php?m=index&a=show&id=61
INFO: [ app_begin ] --START--
INFO: Run ReadHtmlCache Behavior [ RunTime:0.000510s ]
INFO: [ app_begin ] --END-- [ RunTime:0.000630s ]
NOTIC: [2048] Declaration of IndexAction::show() should be compatible with that of Action::show() /data/home/bxu2442590746/htdocs/dongqiudi/Home/Lib/Action/IndexAction.class.php 第 550 行.
SQL: SHOW COLUMNS FROM `fc_news` [ RunTime:0.002568s ]
SQL: SELECT * FROM fc_news n LEFT JOIN fc_news_data as d on n.id = d.id LEFT JOIN fc_user as u on n.user_id = u.user_id WHERE ( n.id = '61' ) AND ( d.id = '61' ) LIMIT 1   [ RunTime:0.001760s ]
INFO: [ view_template ] --START--
INFO: Run LocationTemplate Behavior [ RunTime:0.000682s ]
INFO: [ view_template ] --END-- [ RunTime:0.000734s ]
INFO: [ view_parse ] --START--
INFO: Run ParseTemplate Behavior [ RunTime:0.007318s ]
INFO: [ view_parse ] --END-- [ RunTime:0.007374s ]
INFO: [ view_filter ] --START--
INFO: Run ContentReplace Behavior [ RunTime:0.000407s ]
INFO: Run TokenBuild Behavior [ RunTime:0.000427s ]
INFO: Run WriteHtmlCache Behavior [ RunTime:0.000330s ]
INFO: Run ShowRuntime Behavior [ RunTime:0.000463s ]
INFO: [ view_filter ] --END-- [ RunTime:0.001812s ]
INFO: [ view_end ] --START--
INFO: Run ShowPageTrace Behavior [ RunTime:0.000585s ]
INFO: [ view_end ] --END-- [ RunTime:0.000630s ]
NOTIC: [8192] Directive 'magic_quotes_gpc' is deprecated in PHP 5.3 and greater Unknown 第 0 行.

