[ 2017-05-29T22:32:04+08:00 ] 171.12.11.187 /dongqiudi/admin.php
INFO: [ app_begin ] --START--
INFO: Run ReadHtmlCache Behavior [ RunTime:0.000413s ]
INFO: [ app_begin ] --END-- [ RunTime:0.000511s ]
INFO: [ view_template ] --START--
INFO: Run LocationTemplate Behavior [ RunTime:0.000477s ]
INFO: [ view_template ] --END-- [ RunTime:0.000529s ]
INFO: [ view_parse ] --START--
INFO: Run ParseTemplate Behavior [ RunTime:0.005262s ]
INFO: [ view_parse ] --END-- [ RunTime:0.005320s ]
INFO: [ view_filter ] --START--
INFO: Run ContentReplace Behavior [ RunTime:0.000272s ]
INFO: Run TokenBuild Behavior [ RunTime:0.000317s ]
INFO: Run WriteHtmlCache Behavior [ RunTime:0.000216s ]
INFO: Run ShowRuntime Behavior [ RunTime:0.000361s ]
INFO: [ view_filter ] --END-- [ RunTime:0.001305s ]
INFO: [ view_end ] --START--
INFO: Run ShowPageTrace Behavior [ RunTime:0.000445s ]
INFO: [ view_end ] --END-- [ RunTime:0.000489s ]
NOTIC: [8192] Directive 'magic_quotes_gpc' is deprecated in PHP 5.3 and greater Unknown 第 0 行.

[ 2017-05-29T22:32:06+08:00 ] 171.12.11.187 /dongqiudi/admin.php?m=user&a=login
INFO: [ app_begin ] --START--
INFO: Run ReadHtmlCache Behavior [ RunTime:0.000454s ]
INFO: [ app_begin ] --END-- [ RunTime:0.000548s ]
SQL: SHOW COLUMNS FROM `fc_user` [ RunTime:0.001858s ]
INFO: [ view_template ] --START--
INFO: Run LocationTemplate Behavior [ RunTime:0.065378s ]
INFO: [ view_template ] --END-- [ RunTime:0.065489s ]
INFO: [ view_parse ] --START--
INFO: Run ParseTemplate Behavior [ RunTime:0.005451s ]
INFO: [ view_parse ] --END-- [ RunTime:0.005509s ]
INFO: [ view_filter ] --START--
INFO: Run ContentReplace Behavior [ RunTime:0.000289s ]
INFO: Run TokenBuild Behavior [ RunTime:0.000289s ]
INFO: Run WriteHtmlCache Behavior [ RunTime:0.000249s ]
INFO: Run ShowRuntime Behavior [ RunTime:0.000351s ]
INFO: [ view_filter ] --END-- [ RunTime:0.001310s ]
INFO: [ view_end ] --START--
INFO: Run ShowPageTrace Behavior [ RunTime:0.000450s ]
INFO: [ view_end ] --END-- [ RunTime:0.000496s ]

[ 2017-05-29T22:32:06+08:00 ] 171.12.11.187 /dongqiudi/admin.php?m=user&a=login
NOTIC: [8192] Directive 'magic_quotes_gpc' is deprecated in PHP 5.3 and greater Unknown 第 0 行.

[ 2017-05-29T22:32:06+08:00 ] 171.12.11.187 /dongqiudi/admin.php/Public/verify/
INFO: [ route_check ] --START--
INFO: Run CheckRoute Behavior [ RunTime:0.022942s ]
INFO: [ route_check ] --END-- [ RunTime:0.023065s ]
INFO: [ app_begin ] --START--
INFO: Run ReadHtmlCache Behavior [ RunTime:0.000388s ]
INFO: [ app_begin ] --END-- [ RunTime:0.000441s ]

[ 2017-05-29T22:32:06+08:00 ] 171.12.11.187 /dongqiudi/admin.php/Public/verify/
NOTIC: [8192] Directive 'magic_quotes_gpc' is deprecated in PHP 5.3 and greater Unknown 第 0 行.

[ 2017-05-29T22:32:13+08:00 ] 171.12.11.187 /dongqiudi/admin.php?m=user&a=login
INFO: [ app_begin ] --START--
INFO: Run ReadHtmlCache Behavior [ RunTime:0.000399s ]
INFO: [ app_begin ] --END-- [ RunTime:0.000493s ]
SQL: SHOW COLUMNS FROM `fc_user` [ RunTime:0.001609s ]
SQL: SELECT * FROM `fc_user` WHERE ( username = "admin" ) LIMIT 1   [ RunTime:0.001416s ]
INFO: [ view_template ] --START--
INFO: Run LocationTemplate Behavior [ RunTime:0.000424s ]
INFO: [ view_template ] --END-- [ RunTime:0.000473s ]
INFO: [ view_parse ] --START--
INFO: Run ParseTemplate Behavior [ RunTime:0.005275s ]
INFO: [ view_parse ] --END-- [ RunTime:0.005495s ]
INFO: [ view_filter ] --START--
INFO: Run ContentReplace Behavior [ RunTime:0.000317s ]
INFO: Run TokenBuild Behavior [ RunTime:0.000287s ]
INFO: Run WriteHtmlCache Behavior [ RunTime:0.000213s ]
INFO: Run ShowRuntime Behavior [ RunTime:0.000358s ]
INFO: [ view_filter ] --END-- [ RunTime:0.001317s ]
INFO: [ view_end ] --START--
INFO: Run ShowPageTrace Behavior [ RunTime:0.000480s ]
INFO: [ view_end ] --END-- [ RunTime:0.000523s ]
NOTIC: [8192] Directive 'magic_quotes_gpc' is deprecated in PHP 5.3 and greater Unknown 第 0 行.

[ 2017-05-29T22:32:14+08:00 ] 171.12.11.187 /dongqiudi/admin.php?m=index&a=index
INFO: [ app_begin ] --START--
INFO: Run ReadHtmlCache Behavior [ RunTime:0.000434s ]
INFO: [ app_begin ] --END-- [ RunTime:0.000528s ]
INFO: [ view_template ] --START--
INFO: Run LocationTemplate Behavior [ RunTime:0.017858s ]
INFO: [ view_template ] --END-- [ RunTime:0.017921s ]
INFO: [ view_parse ] --START--
INFO: Run ParseTemplate Behavior [ RunTime:0.008485s ]
INFO: [ view_parse ] --END-- [ RunTime:0.008534s ]
INFO: [ view_filter ] --START--
INFO: Run ContentReplace Behavior [ RunTime:0.000281s ]
INFO: Run TokenBuild Behavior [ RunTime:0.000288s ]
INFO: Run WriteHtmlCache Behavior [ RunTime:0.000213s ]
INFO: Run ShowRuntime Behavior [ RunTime:0.000329s ]
INFO: [ view_filter ] --END-- [ RunTime:0.001263s ]
INFO: [ view_end ] --START--
INFO: Run ShowPageTrace Behavior [ RunTime:0.000417s ]
INFO: [ view_end ] --END-- [ RunTime:0.000484s ]

[ 2017-05-29T22:32:14+08:00 ] 171.12.11.187 /dongqiudi/admin.php?m=index&a=index
NOTIC: [8192] Directive 'magic_quotes_gpc' is deprecated in PHP 5.3 and greater Unknown 第 0 行.

[ 2017-05-29T22:32:16+08:00 ] 171.12.11.187 /dongqiudi/admin.php?m=index&a=pass
INFO: [ app_begin ] --START--
INFO: Run ReadHtmlCache Behavior [ RunTime:0.000425s ]
INFO: [ app_begin ] --END-- [ RunTime:0.000519s ]
INFO: [ view_template ] --START--
INFO: Run LocationTemplate Behavior [ RunTime:0.000330s ]
INFO: [ view_template ] --END-- [ RunTime:0.000404s ]
INFO: [ view_parse ] --START--
INFO: Run ParseTemplate Behavior [ RunTime:0.005893s ]
INFO: [ view_parse ] --END-- [ RunTime:0.005948s ]
INFO: [ view_filter ] --START--
INFO: Run ContentReplace Behavior [ RunTime:0.000285s ]
INFO: Run TokenBuild Behavior [ RunTime:0.000306s ]
INFO: Run WriteHtmlCache Behavior [ RunTime:0.000220s ]
INFO: Run ShowRuntime Behavior [ RunTime:0.000336s ]
INFO: [ view_filter ] --END-- [ RunTime:0.001271s ]
INFO: [ view_end ] --START--
INFO: Run ShowPageTrace Behavior [ RunTime:0.000458s ]
INFO: [ view_end ] --END-- [ RunTime:0.000502s ]

[ 2017-05-29T22:32:16+08:00 ] 171.12.11.187 /dongqiudi/admin.php?m=index&a=pass
NOTIC: [8192] Directive 'magic_quotes_gpc' is deprecated in PHP 5.3 and greater Unknown 第 0 行.

[ 2017-05-29T22:32:22+08:00 ] 171.12.11.187 /dongqiudi/admin.php?m=index&a=match_manage
INFO: [ app_begin ] --START--
INFO: Run ReadHtmlCache Behavior [ RunTime:0.000421s ]
INFO: [ app_begin ] --END-- [ RunTime:0.000514s ]
SQL: SHOW COLUMNS FROM `fc_match` [ RunTime:0.002179s ]
SQL: SHOW COLUMNS FROM `fc_team` [ RunTime:0.001863s ]
NOTIC: [8] Undefined index: keywords /data/home/bxu2442590746/htdocs/dongqiudi/Admin/Lib/Action/IndexAction.class.php 第 447 行.
SQL: SELECT * FROM `fc_match` ORDER BY match_id desc LIMIT 0,15   [ RunTime:0.001516s ]
SQL: SELECT * FROM `fc_team` WHERE ( team_id = 13  ) LIMIT 1   [ RunTime:0.001474s ]
SQL: SELECT * FROM `fc_team` WHERE ( team_id = 1 ) LIMIT 1   [ RunTime:0.001427s ]
SQL: SELECT * FROM `fc_team` WHERE ( team_id = 1  ) LIMIT 1   [ RunTime:0.001466s ]
SQL: SELECT * FROM `fc_team` WHERE ( team_id = 4 ) LIMIT 1   [ RunTime:0.001532s ]
SQL: SELECT * FROM `fc_team` WHERE ( team_id = 29  ) LIMIT 1   [ RunTime:0.001425s ]
SQL: SELECT * FROM `fc_team` WHERE ( team_id = 30 ) LIMIT 1   [ RunTime:0.001453s ]
SQL: SELECT * FROM `fc_team` WHERE ( team_id = 35  ) LIMIT 1   [ RunTime:0.001456s ]
SQL: SELECT * FROM `fc_team` WHERE ( team_id = 23 ) LIMIT 1   [ RunTime:0.001409s ]
SQL: SELECT * FROM `fc_team` WHERE ( team_id = 31  ) LIMIT 1   [ RunTime:0.001395s ]
SQL: SELECT * FROM `fc_team` WHERE ( team_id = 33 ) LIMIT 1   [ RunTime:0.001421s ]
SQL: SELECT * FROM `fc_team` WHERE ( team_id = 27  ) LIMIT 1   [ RunTime:0.001430s ]
SQL: SELECT * FROM `fc_team` WHERE ( team_id = 28 ) LIMIT 1   [ RunTime:0.001415s ]
SQL: SELECT * FROM `fc_team` WHERE ( team_id = 26  ) LIMIT 1   [ RunTime:0.001502s ]
SQL: SELECT * FROM `fc_team` WHERE ( team_id = 25 ) LIMIT 1   [ RunTime:0.001403s ]
SQL: SELECT * FROM `fc_team` WHERE ( team_id = 21  ) LIMIT 1   [ RunTime:0.001440s ]
SQL: SELECT * FROM `fc_team` WHERE ( team_id = 22 ) LIMIT 1   [ RunTime:0.001451s ]
SQL: SELECT * FROM `fc_team` WHERE ( team_id = 14  ) LIMIT 1   [ RunTime:0.001396s ]
SQL: SELECT * FROM `fc_team` WHERE ( team_id = 16 ) LIMIT 1   [ RunTime:0.001456s ]
SQL: SELECT * FROM `fc_team` WHERE ( team_id = 6  ) LIMIT 1   [ RunTime:0.001412s ]
SQL: SELECT * FROM `fc_team` WHERE ( team_id = 11 ) LIMIT 1   [ RunTime:0.001410s ]
SQL: SELECT * FROM `fc_team` WHERE ( team_id = 10  ) LIMIT 1   [ RunTime:0.001457s ]
SQL: SELECT * FROM `fc_team` WHERE ( team_id = 13 ) LIMIT 1   [ RunTime:0.001397s ]
SQL: SELECT * FROM `fc_team` WHERE ( team_id = 2  ) LIMIT 1   [ RunTime:0.001445s ]
SQL: SELECT * FROM `fc_team` WHERE ( team_id = 8 ) LIMIT 1   [ RunTime:0.001418s ]
SQL: SELECT * FROM `fc_team` WHERE ( team_id = 9  ) LIMIT 1   [ RunTime:0.001402s ]
SQL: SELECT * FROM `fc_team` WHERE ( team_id = 15 ) LIMIT 1   [ RunTime:0.001407s ]
SQL: SELECT * FROM `fc_team` WHERE ( team_id = 3  ) LIMIT 1   [ RunTime:0.001401s ]
SQL: SELECT * FROM `fc_team` WHERE ( team_id = 12 ) LIMIT 1   [ RunTime:0.001425s ]
SQL: SELECT * FROM `fc_team` WHERE ( team_id = 5  ) LIMIT 1   [ RunTime:0.001419s ]
SQL: SELECT * FROM `fc_team` WHERE ( team_id = 1 ) LIMIT 1   [ RunTime:0.001343s ]
SQL: SELECT COUNT(*) AS tp_count FROM `fc_match` LIMIT 1   [ RunTime:0.001384s ]
NOTIC: [8] Undefined index: match_id /data/home/bxu2442590746/htdocs/dongqiudi/Admin/Lib/Action/IndexAction.class.php 第 466 行.
NOTIC: [8] Undefined index: match_id /data/home/bxu2442590746/htdocs/dongqiudi/Admin/Lib/Action/IndexAction.class.php 第 484 行.
INFO: [ view_template ] --START--
INFO: Run LocationTemplate Behavior [ RunTime:0.000352s ]
INFO: [ view_template ] --END-- [ RunTime:0.000396s ]
INFO: [ view_parse ] --START--
NOTIC: [8] Undefined index: classification /data/home/bxu2442590746/htdocs/dongqiudi/Admin/Runtime/Cache/07c84b38c5813f225311e844865d4a22.php 第 41 行.
NOTIC: [8] Undefined index: classification /data/home/bxu2442590746/htdocs/dongqiudi/Admin/Runtime/Cache/07c84b38c5813f225311e844865d4a22.php 第 42 行.
NOTIC: [8] Undefined index: keywords /data/home/bxu2442590746/htdocs/dongqiudi/Admin/Runtime/Cache/07c84b38c5813f225311e844865d4a22.php 第 48 行.
NOTIC: [8] Use of undefined constant league_round - assumed 'league_round' /data/home/bxu2442590746/htdocs/dongqiudi/Admin/Runtime/Cache/07c84b38c5813f225311e844865d4a22.php 第 73 行.
NOTIC: [8] Undefined index: id /data/home/bxu2442590746/htdocs/dongqiudi/Admin/Runtime/Cache/07c84b38c5813f225311e844865d4a22.php 第 97 行.
NOTIC: [8] Use of undefined constant league_round - assumed 'league_round' /data/home/bxu2442590746/htdocs/dongqiudi/Admin/Runtime/Cache/07c84b38c5813f225311e844865d4a22.php 第 73 行.
NOTIC: [8] Undefined index: id /data/home/bxu2442590746/htdocs/dongqiudi/Admin/Runtime/Cache/07c84b38c5813f225311e844865d4a22.php 第 97 行.
NOTIC: [8] Use of undefined constant league_round - assumed 'league_round' /data/home/bxu2442590746/htdocs/dongqiudi/Admin/Runtime/Cache/07c84b38c5813f225311e844865d4a22.php 第 73 行.
NOTIC: [8] Undefined index: id /data/home/bxu2442590746/htdocs/dongqiudi/Admin/Runtime/Cache/07c84b38c5813f225311e844865d4a22.php 第 97 行.
NOTIC: [8] Use of undefined constant league_round - assumed 'league_round' /data/home/bxu2442590746/htdocs/dongqiudi/Admin/Runtime/Cache/07c84b38c5813f225311e844865d4a22.php 第 73 行.
NOTIC: [8] Undefined index: id /data/home/bxu2442590746/htdocs/dongqiudi/Admin/Runtime/Cache/07c84b38c5813f225311e844865d4a22.php 第 97 行.
NOTIC: [8] Use of undefined constant league_round - assumed 'league_round' /data/home/bxu2442590746/htdocs/dongqiudi/Admin/Runtime/Cache/07c84b38c5813f225311e844865d4a22.php 第 73 行.
NOTIC: [8] Use of undefined constant 直播中 - assumed '直播中' /data/home/bxu2442590746/htdocs/dongqiudi/Admin/Runtime/Cache/07c84b38c5813f225311e844865d4a22.php 第 81 行.
NOTIC: [8] Undefined index: id /data/home/bxu2442590746/htdocs/dongqiudi/Admin/Runtime/Cache/07c84b38c5813f225311e844865d4a22.php 第 97 行.
NOTIC: [8] Use of undefined constant league_round - assumed 'league_round' /data/home/bxu2442590746/htdocs/dongqiudi/Admin/Runtime/Cache/07c84b38c5813f225311e844865d4a22.php 第 73 行.
NOTIC: [8] Use of undefined constant 直播中 - assumed '直播中' /data/home/bxu2442590746/htdocs/dongqiudi/Admin/Runtime/Cache/07c84b38c5813f225311e844865d4a22.php 第 81 行.
NOTIC: [8] Undefined index: id /data/home/bxu2442590746/htdocs/dongqiudi/Admin/Runtime/Cache/07c84b38c5813f225311e844865d4a22.php 第 97 行.
NOTIC: [8] Use of undefined constant league_round - assumed 'league_round' /data/home/bxu2442590746/htdocs/dongqiudi/Admin/Runtime/Cache/07c84b38c5813f225311e844865d4a22.php 第 73 行.
NOTIC: [8] Use of undefined constant 直播中 - assumed '直播中' /data/home/bxu2442590746/htdocs/dongqiudi/Admin/Runtime/Cache/07c84b38c5813f225311e844865d4a22.php 第 81 行.
NOTIC: [8] Undefined index: id /data/home/bxu2442590746/htdocs/dongqiudi/Admin/Runtime/Cache/07c84b38c5813f225311e844865d4a22.php 第 97 行.
NOTIC: [8] Use of undefined constant league_round - assumed 'league_round' /data/home/bxu2442590746/htdocs/dongqiudi/Admin/Runtime/Cache/07c84b38c5813f225311e844865d4a22.php 第 73 行.
NOTIC: [8] Use of undefined constant 直播中 - assumed '直播中' /data/home/bxu2442590746/htdocs/dongqiudi/Admin/Runtime/Cache/07c84b38c5813f225311e844865d4a22.php 第 81 行.
NOTIC: [8] Undefined index: id /data/home/bxu2442590746/htdocs/dongqiudi/Admin/Runtime/Cache/07c84b38c5813f225311e844865d4a22.php 第 97 行.
NOTIC: [8] Use of undefined constant league_round - assumed 'league_round' /data/home/bxu2442590746/htdocs/dongqiudi/Admin/Runtime/Cache/07c84b38c5813f225311e844865d4a22.php 第 73 行.
NOTIC: [8] Use of undefined constant 直播中 - assumed '直播中' /data/home/bxu2442590746/htdocs/dongqiudi/Admin/Runtime/Cache/07c84b38c5813f225311e844865d4a22.php 第 81 行.
NOTIC: [8] Undefined index: id /data/home/bxu2442590746/htdocs/dongqiudi/Admin/Runtime/Cache/07c84b38c5813f225311e844865d4a22.php 第 97 行.
NOTIC: [8] Use of undefined constant league_round - assumed 'league_round' /data/home/bxu2442590746/htdocs/dongqiudi/Admin/Runtime/Cache/07c84b38c5813f225311e844865d4a22.php 第 73 行.
NOTIC: [8] Use of undefined constant 直播中 - assumed '直播中' /data/home/bxu2442590746/htdocs/dongqiudi/Admin/Runtime/Cache/07c84b38c5813f225311e844865d4a22.php 第 81 行.
NOTIC: [8] Undefined index: id /data/home/bxu2442590746/htdocs/dongqiudi/Admin/Runtime/Cache/07c84b38c5813f225311e844865d4a22.php 第 97 行.
NOTIC: [8] Use of undefined constant league_round - assumed 'league_round' /data/home/bxu2442590746/htdocs/dongqiudi/Admin/Runtime/Cache/07c84b38c5813f225311e844865d4a22.php 第 73 行.
NOTIC: [8] Use of undefined constant 直播中 - assumed '直播中' /data/home/bxu2442590746/htdocs/dongqiudi/Admin/Runtime/Cache/07c84b38c5813f225311e844865d4a22.php 第 81 行.
NOTIC: [8] Undefined index: id /data/home/bxu2442590746/htdocs/dongqiudi/Admin/Runtime/Cache/07c84b38c5813f225311e844865d4a22.php 第 97 行.
NOTIC: [8] Use of undefined constant league_round - assumed 'league_round' /data/home/bxu2442590746/htdocs/dongqiudi/Admin/Runtime/Cache/07c84b38c5813f225311e844865d4a22.php 第 73 行.
NOTIC: [8] Use of undefined constant 直播中 - assumed '直播中' /data/home/bxu2442590746/htdocs/dongqiudi/Admin/Runtime/Cache/07c84b38c5813f225311e844865d4a22.php 第 81 行.
NOTIC: [8] Undefined index: id /data/home/bxu2442590746/htdocs/dongqiudi/Admin/Runtime/Cache/07c84b38c5813f225311e844865d4a22.php 第 97 行.
NOTIC: [8] Use of undefined constant league_round - assumed 'league_round' /data/home/bxu2442590746/htdocs/dongqiudi/Admin/Runtime/Cache/07c84b38c5813f225311e844865d4a22.php 第 73 行.
NOTIC: [8] Use of undefined constant 直播中 - assumed '直播中' /data/home/bxu2442590746/htdocs/dongqiudi/Admin/Runtime/Cache/07c84b38c5813f225311e844865d4a22.php 第 81 行.
NOTIC: [8] Undefined index: id /data/home/bxu2442590746/htdocs/dongqiudi/Admin/Runtime/Cache/07c84b38c5813f225311e844865d4a22.php 第 97 行.
NOTIC: [8] Use of undefined constant league_round - assumed 'league_round' /data/home/bxu2442590746/htdocs/dongqiudi/Admin/Runtime/Cache/07c84b38c5813f225311e844865d4a22.php 第 73 行.
NOTIC: [8] Use of undefined constant 直播中 - assumed '直播中' /data/home/bxu2442590746/htdocs/dongqiudi/Admin/Runtime/Cache/07c84b38c5813f225311e844865d4a22.php 第 81 行.
NOTIC: [8] Undefined index: id /data/home/bxu2442590746/htdocs/dongqiudi/Admin/Runtime/Cache/07c84b38c5813f225311e844865d4a22.php 第 97 行.
NOTIC: [8] Use of undefined constant league_round - assumed 'league_round' /data/home/bxu2442590746/htdocs/dongqiudi/Admin/Runtime/Cache/07c84b38c5813f225311e844865d4a22.php 第 73 行.
NOTIC: [8] Use of undefined constant 直播中 - assumed '直播中' /data/home/bxu2442590746/htdocs/dongqiudi/Admin/Runtime/Cache/07c84b38c5813f225311e844865d4a22.php 第 81 行.
NOTIC: [8] Undefined index: id /data/home/bxu2442590746/htdocs/dongqiudi/Admin/Runtime/Cache/07c84b38c5813f225311e844865d4a22.php 第 97 行.
INFO: Run ParseTemplate Behavior [ RunTime:0.028015s ]
INFO: [ view_parse ] --END-- [ RunTime:0.028059s ]
INFO: [ view_filter ] --START--
INFO: Run ContentReplace Behavior [ RunTime:0.000369s ]
INFO: Run TokenBuild Behavior [ RunTime:0.000290s ]
INFO: Run WriteHtmlCache Behavior [ RunTime:0.000212s ]
INFO: Run ShowRuntime Behavior [ RunTime:0.000329s ]
INFO: [ view_filter ] --END-- [ RunTime:0.001342s ]
INFO: [ view_end ] --START--
INFO: Run ShowPageTrace Behavior [ RunTime:0.000384s ]
INFO: [ view_end ] --END-- [ RunTime:0.000425s ]

[ 2017-05-29T22:32:22+08:00 ] 171.12.11.187 /dongqiudi/admin.php?m=index&a=match_manage
NOTIC: [8192] Directive 'magic_quotes_gpc' is deprecated in PHP 5.3 and greater Unknown 第 0 行.

[ 2017-05-29T22:32:26+08:00 ] 171.12.11.187 /dongqiudi/admin.php?m=index&a=lists
INFO: [ app_begin ] --START--
INFO: Run ReadHtmlCache Behavior [ RunTime:0.000415s ]
INFO: [ app_begin ] --END-- [ RunTime:0.000509s ]
SQL: SHOW COLUMNS FROM `fc_news` [ RunTime:0.001986s ]
NOTIC: [8] Undefined index: keywords /data/home/bxu2442590746/htdocs/dongqiudi/Admin/Lib/Action/IndexAction.class.php 第 57 行.
NOTIC: [8] Undefined variable: where /data/home/bxu2442590746/htdocs/dongqiudi/Admin/Lib/Action/IndexAction.class.php 第 63 行.
SQL: SELECT * FROM fc_news n LEFT JOIN fc_news_data as d on n.id = d.id ORDER BY n.id desc LIMIT 0,7   [ RunTime:0.003215s ]
NOTIC: [8] Undefined variable: where /data/home/bxu2442590746/htdocs/dongqiudi/Admin/Lib/Action/IndexAction.class.php 第 65 行.
SQL: SELECT COUNT(*) AS tp_count FROM `fc_news` LIMIT 1   [ RunTime:0.001404s ]
INFO: [ view_template ] --START--
INFO: Run LocationTemplate Behavior [ RunTime:0.000359s ]
INFO: [ view_template ] --END-- [ RunTime:0.000408s ]
INFO: [ view_parse ] --START--
NOTIC: [8] Undefined variable: iscid /data/home/bxu2442590746/htdocs/dongqiudi/Admin/Runtime/Cache/871f10e51db62a7f91fe5ff8c3a3e859.php 第 54 行.
NOTIC: [8] Undefined index: keywords /data/home/bxu2442590746/htdocs/dongqiudi/Admin/Runtime/Cache/871f10e51db62a7f91fe5ff8c3a3e859.php 第 66 行.
INFO: Run ParseTemplate Behavior [ RunTime:0.010102s ]
INFO: [ view_parse ] --END-- [ RunTime:0.010151s ]
INFO: [ view_filter ] --START--
INFO: Run ContentReplace Behavior [ RunTime:0.000355s ]
INFO: Run TokenBuild Behavior [ RunTime:0.000282s ]
INFO: Run WriteHtmlCache Behavior [ RunTime:0.000210s ]
INFO: Run ShowRuntime Behavior [ RunTime:0.000350s ]
INFO: [ view_filter ] --END-- [ RunTime:0.001321s ]
INFO: [ view_end ] --START--
INFO: Run ShowPageTrace Behavior [ RunTime:0.000444s ]
INFO: [ view_end ] --END-- [ RunTime:0.000486s ]

[ 2017-05-29T22:32:26+08:00 ] 171.12.11.187 /dongqiudi/admin.php?m=index&a=lists
NOTIC: [8192] Directive 'magic_quotes_gpc' is deprecated in PHP 5.3 and greater Unknown 第 0 行.

[ 2017-05-29T22:32:32+08:00 ] 171.12.11.187 /dongqiudi/admin.php?m=index&a=add
INFO: [ app_begin ] --START--
INFO: Run ReadHtmlCache Behavior [ RunTime:0.000431s ]
INFO: [ app_begin ] --END-- [ RunTime:0.000526s ]
SQL: SHOW COLUMNS FROM `fc_news` [ RunTime:0.001562s ]
SQL: SHOW COLUMNS FROM `fc_news_data` [ RunTime:0.001294s ]
NOTIC: [8] Undefined index: id /data/home/bxu2442590746/htdocs/dongqiudi/Admin/Lib/Action/IndexAction.class.php 第 96 行.
SQL: SELECT * FROM fc_news n LEFT JOIN fc_news_data as d on n.id = d.id WHERE ( n.id = %d ) LIMIT 1   [ RunTime:0.001110s ]
ERR: You have an error in your SQL syntax; check the manual that corresponds to your MySQL server version for the right syntax to use near '%d ) LIMIT 1' at line 1
 [ SQL语句 ] : SELECT * FROM fc_news n LEFT JOIN fc_news_data as d on n.id = d.id WHERE ( n.id = %d ) LIMIT 1  
INFO: [ view_template ] --START--
INFO: Run LocationTemplate Behavior [ RunTime:0.000376s ]
INFO: [ view_template ] --END-- [ RunTime:0.000430s ]
INFO: [ view_parse ] --START--
NOTIC: [8] Undefined variable: jis /data/home/bxu2442590746/htdocs/dongqiudi/Admin/Runtime/Cache/cbcf4388101292f27eb9b214ccec63b6.php 第 120 行.
INFO: Run ParseTemplate Behavior [ RunTime:0.011197s ]
INFO: [ view_parse ] --END-- [ RunTime:0.011246s ]
INFO: [ view_filter ] --START--
INFO: Run ContentReplace Behavior [ RunTime:0.000314s ]
INFO: Run TokenBuild Behavior [ RunTime:0.000306s ]
INFO: Run WriteHtmlCache Behavior [ RunTime:0.000217s ]
INFO: Run ShowRuntime Behavior [ RunTime:0.000318s ]
INFO: [ view_filter ] --END-- [ RunTime:0.001276s ]
INFO: [ view_end ] --START--
INFO: Run ShowPageTrace Behavior [ RunTime:0.000451s ]
INFO: [ view_end ] --END-- [ RunTime:0.000493s ]

[ 2017-05-29T22:32:32+08:00 ] 171.12.11.187 /dongqiudi/admin.php?m=index&a=add
NOTIC: [8192] Directive 'magic_quotes_gpc' is deprecated in PHP 5.3 and greater Unknown 第 0 行.

[ 2017-05-29T22:32:34+08:00 ] 171.12.11.187 /dongqiudi/admin.php?m=index&a=match_manage
INFO: [ app_begin ] --START--
INFO: Run ReadHtmlCache Behavior [ RunTime:0.000397s ]
INFO: [ app_begin ] --END-- [ RunTime:0.000495s ]
SQL: SHOW COLUMNS FROM `fc_match` [ RunTime:0.001743s ]
SQL: SHOW COLUMNS FROM `fc_team` [ RunTime:0.001576s ]
NOTIC: [8] Undefined index: keywords /data/home/bxu2442590746/htdocs/dongqiudi/Admin/Lib/Action/IndexAction.class.php 第 447 行.
SQL: SELECT * FROM `fc_match` ORDER BY match_id desc LIMIT 0,15   [ RunTime:0.001292s ]
SQL: SELECT * FROM `fc_team` WHERE ( team_id = 13  ) LIMIT 1   [ RunTime:0.001207s ]
SQL: SELECT * FROM `fc_team` WHERE ( team_id = 1 ) LIMIT 1   [ RunTime:0.001228s ]
SQL: SELECT * FROM `fc_team` WHERE ( team_id = 1  ) LIMIT 1   [ RunTime:0.001254s ]
SQL: SELECT * FROM `fc_team` WHERE ( team_id = 4 ) LIMIT 1   [ RunTime:0.001304s ]
SQL: SELECT * FROM `fc_team` WHERE ( team_id = 29  ) LIMIT 1   [ RunTime:0.001406s ]
SQL: SELECT * FROM `fc_team` WHERE ( team_id = 30 ) LIMIT 1   [ RunTime:0.001413s ]
SQL: SELECT * FROM `fc_team` WHERE ( team_id = 35  ) LIMIT 1   [ RunTime:0.001349s ]
SQL: SELECT * FROM `fc_team` WHERE ( team_id = 23 ) LIMIT 1   [ RunTime:0.001240s ]
SQL: SELECT * FROM `fc_team` WHERE ( team_id = 31  ) LIMIT 1   [ RunTime:0.001214s ]
SQL: SELECT * FROM `fc_team` WHERE ( team_id = 33 ) LIMIT 1   [ RunTime:0.001233s ]
SQL: SELECT * FROM `fc_team` WHERE ( team_id = 27  ) LIMIT 1   [ RunTime:0.001235s ]
SQL: SELECT * FROM `fc_team` WHERE ( team_id = 28 ) LIMIT 1   [ RunTime:0.001224s ]
SQL: SELECT * FROM `fc_team` WHERE ( team_id = 26  ) LIMIT 1   [ RunTime:0.001233s ]
SQL: SELECT * FROM `fc_team` WHERE ( team_id = 25 ) LIMIT 1   [ RunTime:0.001253s ]
SQL: SELECT * FROM `fc_team` WHERE ( team_id = 21  ) LIMIT 1   [ RunTime:0.001230s ]
SQL: SELECT * FROM `fc_team` WHERE ( team_id = 22 ) LIMIT 1   [ RunTime:0.001258s ]
SQL: SELECT * FROM `fc_team` WHERE ( team_id = 14  ) LIMIT 1   [ RunTime:0.001239s ]
SQL: SELECT * FROM `fc_team` WHERE ( team_id = 16 ) LIMIT 1   [ RunTime:0.001282s ]
SQL: SELECT * FROM `fc_team` WHERE ( team_id = 6  ) LIMIT 1   [ RunTime:0.001249s ]
SQL: SELECT * FROM `fc_team` WHERE ( team_id = 11 ) LIMIT 1   [ RunTime:0.001224s ]
SQL: SELECT * FROM `fc_team` WHERE ( team_id = 10  ) LIMIT 1   [ RunTime:0.001295s ]
SQL: SELECT * FROM `fc_team` WHERE ( team_id = 13 ) LIMIT 1   [ RunTime:0.001209s ]
SQL: SELECT * FROM `fc_team` WHERE ( team_id = 2  ) LIMIT 1   [ RunTime:0.001271s ]
SQL: SELECT * FROM `fc_team` WHERE ( team_id = 8 ) LIMIT 1   [ RunTime:0.001377s ]
SQL: SELECT * FROM `fc_team` WHERE ( team_id = 9  ) LIMIT 1   [ RunTime:0.001283s ]
SQL: SELECT * FROM `fc_team` WHERE ( team_id = 15 ) LIMIT 1   [ RunTime:0.001375s ]
SQL: SELECT * FROM `fc_team` WHERE ( team_id = 3  ) LIMIT 1   [ RunTime:0.001221s ]
SQL: SELECT * FROM `fc_team` WHERE ( team_id = 12 ) LIMIT 1   [ RunTime:0.001288s ]
SQL: SELECT * FROM `fc_team` WHERE ( team_id = 5  ) LIMIT 1   [ RunTime:0.001239s ]
SQL: SELECT * FROM `fc_team` WHERE ( team_id = 1 ) LIMIT 1   [ RunTime:0.001237s ]
SQL: SELECT COUNT(*) AS tp_count FROM `fc_match` LIMIT 1   [ RunTime:0.001209s ]
NOTIC: [8] Undefined index: match_id /data/home/bxu2442590746/htdocs/dongqiudi/Admin/Lib/Action/IndexAction.class.php 第 466 行.
NOTIC: [8] Undefined index: match_id /data/home/bxu2442590746/htdocs/dongqiudi/Admin/Lib/Action/IndexAction.class.php 第 484 行.
INFO: [ view_template ] --START--
INFO: Run LocationTemplate Behavior [ RunTime:0.000365s ]
INFO: [ view_template ] --END-- [ RunTime:0.000409s ]
INFO: [ view_parse ] --START--
NOTIC: [8] Undefined index: classification /data/home/bxu2442590746/htdocs/dongqiudi/Admin/Runtime/Cache/07c84b38c5813f225311e844865d4a22.php 第 41 行.
NOTIC: [8] Undefined index: classification /data/home/bxu2442590746/htdocs/dongqiudi/Admin/Runtime/Cache/07c84b38c5813f225311e844865d4a22.php 第 42 行.
NOTIC: [8] Undefined index: keywords /data/home/bxu2442590746/htdocs/dongqiudi/Admin/Runtime/Cache/07c84b38c5813f225311e844865d4a22.php 第 48 行.
NOTIC: [8] Use of undefined constant league_round - assumed 'league_round' /data/home/bxu2442590746/htdocs/dongqiudi/Admin/Runtime/Cache/07c84b38c5813f225311e844865d4a22.php 第 73 行.
NOTIC: [8] Undefined index: id /data/home/bxu2442590746/htdocs/dongqiudi/Admin/Runtime/Cache/07c84b38c5813f225311e844865d4a22.php 第 97 行.
NOTIC: [8] Use of undefined constant league_round - assumed 'league_round' /data/home/bxu2442590746/htdocs/dongqiudi/Admin/Runtime/Cache/07c84b38c5813f225311e844865d4a22.php 第 73 行.
NOTIC: [8] Undefined index: id /data/home/bxu2442590746/htdocs/dongqiudi/Admin/Runtime/Cache/07c84b38c5813f225311e844865d4a22.php 第 97 行.
NOTIC: [8] Use of undefined constant league_round - assumed 'league_round' /data/home/bxu2442590746/htdocs/dongqiudi/Admin/Runtime/Cache/07c84b38c5813f225311e844865d4a22.php 第 73 行.
NOTIC: [8] Undefined index: id /data/home/bxu2442590746/htdocs/dongqiudi/Admin/Runtime/Cache/07c84b38c5813f225311e844865d4a22.php 第 97 行.
NOTIC: [8] Use of undefined constant league_round - assumed 'league_round' /data/home/bxu2442590746/htdocs/dongqiudi/Admin/Runtime/Cache/07c84b38c5813f225311e844865d4a22.php 第 73 行.
NOTIC: [8] Undefined index: id /data/home/bxu2442590746/htdocs/dongqiudi/Admin/Runtime/Cache/07c84b38c5813f225311e844865d4a22.php 第 97 行.
NOTIC: [8] Use of undefined constant league_round - assumed 'league_round' /data/home/bxu2442590746/htdocs/dongqiudi/Admin/Runtime/Cache/07c84b38c5813f225311e844865d4a22.php 第 73 行.
NOTIC: [8] Use of undefined constant 直播中 - assumed '直播中' /data/home/bxu2442590746/htdocs/dongqiudi/Admin/Runtime/Cache/07c84b38c5813f225311e844865d4a22.php 第 81 行.
NOTIC: [8] Undefined index: id /data/home/bxu2442590746/htdocs/dongqiudi/Admin/Runtime/Cache/07c84b38c5813f225311e844865d4a22.php 第 97 行.
NOTIC: [8] Use of undefined constant league_round - assumed 'league_round' /data/home/bxu2442590746/htdocs/dongqiudi/Admin/Runtime/Cache/07c84b38c5813f225311e844865d4a22.php 第 73 行.
NOTIC: [8] Use of undefined constant 直播中 - assumed '直播中' /data/home/bxu2442590746/htdocs/dongqiudi/Admin/Runtime/Cache/07c84b38c5813f225311e844865d4a22.php 第 81 行.
NOTIC: [8] Undefined index: id /data/home/bxu2442590746/htdocs/dongqiudi/Admin/Runtime/Cache/07c84b38c5813f225311e844865d4a22.php 第 97 行.
NOTIC: [8] Use of undefined constant league_round - assumed 'league_round' /data/home/bxu2442590746/htdocs/dongqiudi/Admin/Runtime/Cache/07c84b38c5813f225311e844865d4a22.php 第 73 行.
NOTIC: [8] Use of undefined constant 直播中 - assumed '直播中' /data/home/bxu2442590746/htdocs/dongqiudi/Admin/Runtime/Cache/07c84b38c5813f225311e844865d4a22.php 第 81 行.
NOTIC: [8] Undefined index: id /data/home/bxu2442590746/htdocs/dongqiudi/Admin/Runtime/Cache/07c84b38c5813f225311e844865d4a22.php 第 97 行.
NOTIC: [8] Use of undefined constant league_round - assumed 'league_round' /data/home/bxu2442590746/htdocs/dongqiudi/Admin/Runtime/Cache/07c84b38c5813f225311e844865d4a22.php 第 73 行.
NOTIC: [8] Use of undefined constant 直播中 - assumed '直播中' /data/home/bxu2442590746/htdocs/dongqiudi/Admin/Runtime/Cache/07c84b38c5813f225311e844865d4a22.php 第 81 行.
NOTIC: [8] Undefined index: id /data/home/bxu2442590746/htdocs/dongqiudi/Admin/Runtime/Cache/07c84b38c5813f225311e844865d4a22.php 第 97 行.
NOTIC: [8] Use of undefined constant league_round - assumed 'league_round' /data/home/bxu2442590746/htdocs/dongqiudi/Admin/Runtime/Cache/07c84b38c5813f225311e844865d4a22.php 第 73 行.
NOTIC: [8] Use of undefined constant 直播中 - assumed '直播中' /data/home/bxu2442590746/htdocs/dongqiudi/Admin/Runtime/Cache/07c84b38c5813f225311e844865d4a22.php 第 81 行.
NOTIC: [8] Undefined index: id /data/home/bxu2442590746/htdocs/dongqiudi/Admin/Runtime/Cache/07c84b38c5813f225311e844865d4a22.php 第 97 行.
NOTIC: [8] Use of undefined constant league_round - assumed 'league_round' /data/home/bxu2442590746/htdocs/dongqiudi/Admin/Runtime/Cache/07c84b38c5813f225311e844865d4a22.php 第 73 行.
NOTIC: [8] Use of undefined constant 直播中 - assumed '直播中' /data/home/bxu2442590746/htdocs/dongqiudi/Admin/Runtime/Cache/07c84b38c5813f225311e844865d4a22.php 第 81 行.
NOTIC: [8] Undefined index: id /data/home/bxu2442590746/htdocs/dongqiudi/Admin/Runtime/Cache/07c84b38c5813f225311e844865d4a22.php 第 97 行.
NOTIC: [8] Use of undefined constant league_round - assumed 'league_round' /data/home/bxu2442590746/htdocs/dongqiudi/Admin/Runtime/Cache/07c84b38c5813f225311e844865d4a22.php 第 73 行.
NOTIC: [8] Use of undefined constant 直播中 - assumed '直播中' /data/home/bxu2442590746/htdocs/dongqiudi/Admin/Runtime/Cache/07c84b38c5813f225311e844865d4a22.php 第 81 行.
NOTIC: [8] Undefined index: id /data/home/bxu2442590746/htdocs/dongqiudi/Admin/Runtime/Cache/07c84b38c5813f225311e844865d4a22.php 第 97 行.
NOTIC: [8] Use of undefined constant league_round - assumed 'league_round' /data/home/bxu2442590746/htdocs/dongqiudi/Admin/Runtime/Cache/07c84b38c5813f225311e844865d4a22.php 第 73 行.
NOTIC: [8] Use of undefined constant 直播中 - assumed '直播中' /data/home/bxu2442590746/htdocs/dongqiudi/Admin/Runtime/Cache/07c84b38c5813f225311e844865d4a22.php 第 81 行.
NOTIC: [8] Undefined index: id /data/home/bxu2442590746/htdocs/dongqiudi/Admin/Runtime/Cache/07c84b38c5813f225311e844865d4a22.php 第 97 行.
NOTIC: [8] Use of undefined constant league_round - assumed 'league_round' /data/home/bxu2442590746/htdocs/dongqiudi/Admin/Runtime/Cache/07c84b38c5813f225311e844865d4a22.php 第 73 行.
NOTIC: [8] Use of undefined constant 直播中 - assumed '直播中' /data/home/bxu2442590746/htdocs/dongqiudi/Admin/Runtime/Cache/07c84b38c5813f225311e844865d4a22.php 第 81 行.
NOTIC: [8] Undefined index: id /data/home/bxu2442590746/htdocs/dongqiudi/Admin/Runtime/Cache/07c84b38c5813f225311e844865d4a22.php 第 97 行.
NOTIC: [8] Use of undefined constant league_round - assumed 'league_round' /data/home/bxu2442590746/htdocs/dongqiudi/Admin/Runtime/Cache/07c84b38c5813f225311e844865d4a22.php 第 73 行.
NOTIC: [8] Use of undefined constant 直播中 - assumed '直播中' /data/home/bxu2442590746/htdocs/dongqiudi/Admin/Runtime/Cache/07c84b38c5813f225311e844865d4a22.php 第 81 行.
NOTIC: [8] Undefined index: id /data/home/bxu2442590746/htdocs/dongqiudi/Admin/Runtime/Cache/07c84b38c5813f225311e844865d4a22.php 第 97 行.
NOTIC: [8] Use of undefined constant league_round - assumed 'league_round' /data/home/bxu2442590746/htdocs/dongqiudi/Admin/Runtime/Cache/07c84b38c5813f225311e844865d4a22.php 第 73 行.
NOTIC: [8] Use of undefined constant 直播中 - assumed '直播中' /data/home/bxu2442590746/htdocs/dongqiudi/Admin/Runtime/Cache/07c84b38c5813f225311e844865d4a22.php 第 81 行.
NOTIC: [8] Undefined index: id /data/home/bxu2442590746/htdocs/dongqiudi/Admin/Runtime/Cache/07c84b38c5813f225311e844865d4a22.php 第 97 行.
INFO: Run ParseTemplate Behavior [ RunTime:0.013706s ]
INFO: [ view_parse ] --END-- [ RunTime:0.013750s ]
INFO: [ view_filter ] --START--
INFO: Run ContentReplace Behavior [ RunTime:0.000420s ]
INFO: Run TokenBuild Behavior [ RunTime:0.000290s ]
INFO: Run WriteHtmlCache Behavior [ RunTime:0.000211s ]
INFO: Run ShowRuntime Behavior [ RunTime:0.000326s ]
INFO: [ view_filter ] --END-- [ RunTime:0.001391s ]
INFO: [ view_end ] --START--
INFO: Run ShowPageTrace Behavior [ RunTime:0.000416s ]
INFO: [ view_end ] --END-- [ RunTime:0.000457s ]

[ 2017-05-29T22:32:34+08:00 ] 171.12.11.187 /dongqiudi/admin.php?m=index&a=match_manage
NOTIC: [8192] Directive 'magic_quotes_gpc' is deprecated in PHP 5.3 and greater Unknown 第 0 行.

[ 2017-05-29T22:34:42+08:00 ] 171.12.11.187 /dongqiudi/admin.php?m=index&a=match_manage&p=3
INFO: [ app_begin ] --START--
INFO: Run ReadHtmlCache Behavior [ RunTime:0.000425s ]
INFO: [ app_begin ] --END-- [ RunTime:0.000538s ]
SQL: SHOW COLUMNS FROM `fc_match` [ RunTime:0.001783s ]
SQL: SHOW COLUMNS FROM `fc_team` [ RunTime:0.001692s ]
NOTIC: [8] Undefined index: keywords /data/home/bxu2442590746/htdocs/dongqiudi/Admin/Lib/Action/IndexAction.class.php 第 447 行.
SQL: SELECT * FROM `fc_match` ORDER BY match_id desc LIMIT 30,15   [ RunTime:0.001491s ]
SQL: SELECT * FROM `fc_team` WHERE ( team_id = 3  ) LIMIT 1   [ RunTime:0.001318s ]
SQL: SELECT * FROM `fc_team` WHERE ( team_id = 16 ) LIMIT 1   [ RunTime:0.001314s ]
SQL: SELECT * FROM `fc_team` WHERE ( team_id = 4  ) LIMIT 1   [ RunTime:0.001453s ]
SQL: SELECT * FROM `fc_team` WHERE ( team_id = 15 ) LIMIT 1   [ RunTime:0.001354s ]
SQL: SELECT * FROM `fc_team` WHERE ( team_id = 13  ) LIMIT 1   [ RunTime:0.001339s ]
SQL: SELECT * FROM `fc_team` WHERE ( team_id = 4 ) LIMIT 1   [ RunTime:0.001377s ]
SQL: SELECT * FROM `fc_team` WHERE ( team_id = 1  ) LIMIT 1   [ RunTime:0.001340s ]
SQL: SELECT * FROM `fc_team` WHERE ( team_id = 10 ) LIMIT 1   [ RunTime:0.001450s ]
SQL: SELECT * FROM `fc_team` WHERE ( team_id = 2  ) LIMIT 1   [ RunTime:0.001325s ]
SQL: SELECT * FROM `fc_team` WHERE ( team_id = 5 ) LIMIT 1   [ RunTime:0.001528s ]
SQL: SELECT * FROM `fc_team` WHERE ( team_id = 7  ) LIMIT 1   [ RunTime:0.001470s ]
SQL: SELECT * FROM `fc_team` WHERE ( team_id = 16 ) LIMIT 1   [ RunTime:0.001324s ]
SQL: SELECT * FROM `fc_team` WHERE ( team_id = 3  ) LIMIT 1   [ RunTime:0.001332s ]
SQL: SELECT * FROM `fc_team` WHERE ( team_id = 6 ) LIMIT 1   [ RunTime:0.001389s ]
SQL: SELECT * FROM `fc_team` WHERE ( team_id = 12  ) LIMIT 1   [ RunTime:0.001430s ]
SQL: SELECT * FROM `fc_team` WHERE ( team_id = 15 ) LIMIT 1   [ RunTime:0.001344s ]
SQL: SELECT * FROM `fc_team` WHERE ( team_id = 8  ) LIMIT 1   [ RunTime:0.001433s ]
SQL: SELECT * FROM `fc_team` WHERE ( team_id = 14 ) LIMIT 1   [ RunTime:0.001401s ]
SQL: SELECT * FROM `fc_team` WHERE ( team_id = 9  ) LIMIT 1   [ RunTime:0.001327s ]
SQL: SELECT * FROM `fc_team` WHERE ( team_id = 11 ) LIMIT 1   [ RunTime:0.001342s ]
SQL: SELECT COUNT(*) AS tp_count FROM `fc_match` LIMIT 1   [ RunTime:0.001333s ]
NOTIC: [8] Undefined index: match_id /data/home/bxu2442590746/htdocs/dongqiudi/Admin/Lib/Action/IndexAction.class.php 第 466 行.
NOTIC: [8] Undefined index: match_id /data/home/bxu2442590746/htdocs/dongqiudi/Admin/Lib/Action/IndexAction.class.php 第 484 行.
INFO: [ view_template ] --START--
INFO: Run LocationTemplate Behavior [ RunTime:0.000480s ]
INFO: [ view_template ] --END-- [ RunTime:0.000530s ]
INFO: [ view_parse ] --START--
NOTIC: [8] Undefined index: classification /data/home/bxu2442590746/htdocs/dongqiudi/Admin/Runtime/Cache/07c84b38c5813f225311e844865d4a22.php 第 41 行.
NOTIC: [8] Undefined index: classification /data/home/bxu2442590746/htdocs/dongqiudi/Admin/Runtime/Cache/07c84b38c5813f225311e844865d4a22.php 第 42 行.
NOTIC: [8] Undefined index: keywords /data/home/bxu2442590746/htdocs/dongqiudi/Admin/Runtime/Cache/07c84b38c5813f225311e844865d4a22.php 第 48 行.
NOTIC: [8] Use of undefined constant league_round - assumed 'league_round' /data/home/bxu2442590746/htdocs/dongqiudi/Admin/Runtime/Cache/07c84b38c5813f225311e844865d4a22.php 第 73 行.
NOTIC: [8] Use of undefined constant 直播中 - assumed '直播中' /data/home/bxu2442590746/htdocs/dongqiudi/Admin/Runtime/Cache/07c84b38c5813f225311e844865d4a22.php 第 81 行.
NOTIC: [8] Undefined index: id /data/home/bxu2442590746/htdocs/dongqiudi/Admin/Runtime/Cache/07c84b38c5813f225311e844865d4a22.php 第 97 行.
NOTIC: [8] Use of undefined constant league_round - assumed 'league_round' /data/home/bxu2442590746/htdocs/dongqiudi/Admin/Runtime/Cache/07c84b38c5813f225311e844865d4a22.php 第 73 行.
NOTIC: [8] Use of undefined constant 直播中 - assumed '直播中' /data/home/bxu2442590746/htdocs/dongqiudi/Admin/Runtime/Cache/07c84b38c5813f225311e844865d4a22.php 第 81 行.
NOTIC: [8] Undefined index: id /data/home/bxu2442590746/htdocs/dongqiudi/Admin/Runtime/Cache/07c84b38c5813f225311e844865d4a22.php 第 97 行.
NOTIC: [8] Use of undefined constant league_round - assumed 'league_round' /data/home/bxu2442590746/htdocs/dongqiudi/Admin/Runtime/Cache/07c84b38c5813f225311e844865d4a22.php 第 73 行.
NOTIC: [8] Use of undefined constant 直播中 - assumed '直播中' /data/home/bxu2442590746/htdocs/dongqiudi/Admin/Runtime/Cache/07c84b38c5813f225311e844865d4a22.php 第 81 行.
NOTIC: [8] Undefined index: id /data/home/bxu2442590746/htdocs/dongqiudi/Admin/Runtime/Cache/07c84b38c5813f225311e844865d4a22.php 第 97 行.
NOTIC: [8] Use of undefined constant league_round - assumed 'league_round' /data/home/bxu2442590746/htdocs/dongqiudi/Admin/Runtime/Cache/07c84b38c5813f225311e844865d4a22.php 第 73 行.
NOTIC: [8] Use of undefined constant 直播中 - assumed '直播中' /data/home/bxu2442590746/htdocs/dongqiudi/Admin/Runtime/Cache/07c84b38c5813f225311e844865d4a22.php 第 81 行.
NOTIC: [8] Undefined index: id /data/home/bxu2442590746/htdocs/dongqiudi/Admin/Runtime/Cache/07c84b38c5813f225311e844865d4a22.php 第 97 行.
NOTIC: [8] Use of undefined constant league_round - assumed 'league_round' /data/home/bxu2442590746/htdocs/dongqiudi/Admin/Runtime/Cache/07c84b38c5813f225311e844865d4a22.php 第 73 行.
NOTIC: [8] Use of undefined constant 直播中 - assumed '直播中' /data/home/bxu2442590746/htdocs/dongqiudi/Admin/Runtime/Cache/07c84b38c5813f225311e844865d4a22.php 第 81 行.
NOTIC: [8] Undefined index: id /data/home/bxu2442590746/htdocs/dongqiudi/Admin/Runtime/Cache/07c84b38c5813f225311e844865d4a22.php 第 97 行.
NOTIC: [8] Use of undefined constant league_round - assumed 'league_round' /data/home/bxu2442590746/htdocs/dongqiudi/Admin/Runtime/Cache/07c84b38c5813f225311e844865d4a22.php 第 73 行.
NOTIC: [8] Use of undefined constant 直播中 - assumed '直播中' /data/home/bxu2442590746/htdocs/dongqiudi/Admin/Runtime/Cache/07c84b38c5813f225311e844865d4a22.php 第 81 行.
NOTIC: [8] Undefined index: id /data/home/bxu2442590746/htdocs/dongqiudi/Admin/Runtime/Cache/07c84b38c5813f225311e844865d4a22.php 第 97 行.
NOTIC: [8] Use of undefined constant league_round - assumed 'league_round' /data/home/bxu2442590746/htdocs/dongqiudi/Admin/Runtime/Cache/07c84b38c5813f225311e844865d4a22.php 第 73 行.
NOTIC: [8] Use of undefined constant 直播中 - assumed '直播中' /data/home/bxu2442590746/htdocs/dongqiudi/Admin/Runtime/Cache/07c84b38c5813f225311e844865d4a22.php 第 81 行.
NOTIC: [8] Undefined index: id /data/home/bxu2442590746/htdocs/dongqiudi/Admin/Runtime/Cache/07c84b38c5813f225311e844865d4a22.php 第 97 行.
NOTIC: [8] Use of undefined constant league_round - assumed 'league_round' /data/home/bxu2442590746/htdocs/dongqiudi/Admin/Runtime/Cache/07c84b38c5813f225311e844865d4a22.php 第 73 行.
NOTIC: [8] Use of undefined constant 直播中 - assumed '直播中' /data/home/bxu2442590746/htdocs/dongqiudi/Admin/Runtime/Cache/07c84b38c5813f225311e844865d4a22.php 第 81 行.
NOTIC: [8] Undefined index: id /data/home/bxu2442590746/htdocs/dongqiudi/Admin/Runtime/Cache/07c84b38c5813f225311e844865d4a22.php 第 97 行.
NOTIC: [8] Use of undefined constant league_round - assumed 'league_round' /data/home/bxu2442590746/htdocs/dongqiudi/Admin/Runtime/Cache/07c84b38c5813f225311e844865d4a22.php 第 73 行.
NOTIC: [8] Use of undefined constant 直播中 - assumed '直播中' /data/home/bxu2442590746/htdocs/dongqiudi/Admin/Runtime/Cache/07c84b38c5813f225311e844865d4a22.php 第 81 行.
NOTIC: [8] Undefined index: id /data/home/bxu2442590746/htdocs/dongqiudi/Admin/Runtime/Cache/07c84b38c5813f225311e844865d4a22.php 第 97 行.
NOTIC: [8] Use of undefined constant league_round - assumed 'league_round' /data/home/bxu2442590746/htdocs/dongqiudi/Admin/Runtime/Cache/07c84b38c5813f225311e844865d4a22.php 第 73 行.
NOTIC: [8] Use of undefined constant 直播中 - assumed '直播中' /data/home/bxu2442590746/htdocs/dongqiudi/Admin/Runtime/Cache/07c84b38c5813f225311e844865d4a22.php 第 81 行.
NOTIC: [8] Undefined index: id /data/home/bxu2442590746/htdocs/dongqiudi/Admin/Runtime/Cache/07c84b38c5813f225311e844865d4a22.php 第 97 行.
INFO: Run ParseTemplate Behavior [ RunTime:0.013404s ]
INFO: [ view_parse ] --END-- [ RunTime:0.013456s ]
INFO: [ view_filter ] --START--
INFO: Run ContentReplace Behavior [ RunTime:0.000354s ]
INFO: Run TokenBuild Behavior [ RunTime:0.000287s ]
INFO: Run WriteHtmlCache Behavior [ RunTime:0.000237s ]
INFO: Run ShowRuntime Behavior [ RunTime:0.000339s ]
INFO: [ view_filter ] --END-- [ RunTime:0.001336s ]
INFO: [ view_end ] --START--
INFO: Run ShowPageTrace Behavior [ RunTime:0.000446s ]
INFO: [ view_end ] --END-- [ RunTime:0.000487s ]

[ 2017-05-29T22:34:42+08:00 ] 171.12.11.187 /dongqiudi/admin.php?m=index&a=match_manage&p=3
NOTIC: [8192] Directive 'magic_quotes_gpc' is deprecated in PHP 5.3 and greater Unknown 第 0 行.

