[ 2017-06-28T09:29:57+08:00 ] 207.46.13.76 /dongqiudi/admin.php
INFO: [ app_begin ] --START--
INFO: Run ReadHtmlCache Behavior [ RunTime:0.000484s ]
INFO: [ app_begin ] --END-- [ RunTime:0.000588s ]
INFO: [ view_template ] --START--
INFO: Run LocationTemplate Behavior [ RunTime:0.000510s ]
INFO: [ view_template ] --END-- [ RunTime:0.000562s ]
INFO: [ view_parse ] --START--
INFO: Run ParseTemplate Behavior [ RunTime:0.085667s ]
INFO: [ view_parse ] --END-- [ RunTime:0.085723s ]
INFO: [ view_filter ] --START--
INFO: Run ContentReplace Behavior [ RunTime:0.000358s ]
INFO: Run TokenBuild Behavior [ RunTime:0.000342s ]
INFO: Run WriteHtmlCache Behavior [ RunTime:0.000276s ]
INFO: Run ShowRuntime Behavior [ RunTime:0.000410s ]
INFO: [ view_filter ] --END-- [ RunTime:0.001512s ]
INFO: [ view_end ] --START--
INFO: Run ShowPageTrace Behavior [ RunTime:0.000516s ]
INFO: [ view_end ] --END-- [ RunTime:0.000560s ]
NOTIC: [8192] Directive 'magic_quotes_gpc' is deprecated in PHP 5.3 and greater Unknown 第 0 行.

