[ 2017-06-01T08:18:16+08:00 ] 171.12.11.187 /dongqiudi/admin.php
INFO: [ app_begin ] --START--
INFO: Run ReadHtmlCache Behavior [ RunTime:0.000492s ]
INFO: [ app_begin ] --END-- [ RunTime:0.000627s ]
INFO: [ view_template ] --START--
INFO: Run LocationTemplate Behavior [ RunTime:0.000490s ]
INFO: [ view_template ] --END-- [ RunTime:0.000546s ]
INFO: [ view_parse ] --START--
NOTIC: [8] Undefined index: category /data/home/bxu2442590746/htdocs/dongqiudi/Admin/Runtime/Cache/20eabf8d43f497715f3e1a7ec1a2f00f.php 第 31 行.
NOTIC: [8] Undefined index: category /data/home/bxu2442590746/htdocs/dongqiudi/Admin/Runtime/Cache/20eabf8d43f497715f3e1a7ec1a2f00f.php 第 31 行.
NOTIC: [8] Undefined index: category /data/home/bxu2442590746/htdocs/dongqiudi/Admin/Runtime/Cache/20eabf8d43f497715f3e1a7ec1a2f00f.php 第 31 行.
NOTIC: [8] Undefined index: category /data/home/bxu2442590746/htdocs/dongqiudi/Admin/Runtime/Cache/20eabf8d43f497715f3e1a7ec1a2f00f.php 第 31 行.
NOTIC: [8] Undefined index: category /data/home/bxu2442590746/htdocs/dongqiudi/Admin/Runtime/Cache/20eabf8d43f497715f3e1a7ec1a2f00f.php 第 31 行.
NOTIC: [8] Undefined index: category /data/home/bxu2442590746/htdocs/dongqiudi/Admin/Runtime/Cache/20eabf8d43f497715f3e1a7ec1a2f00f.php 第 31 行.
NOTIC: [8] Undefined index: category /data/home/bxu2442590746/htdocs/dongqiudi/Admin/Runtime/Cache/20eabf8d43f497715f3e1a7ec1a2f00f.php 第 31 行.
NOTIC: [8] Undefined index: category /data/home/bxu2442590746/htdocs/dongqiudi/Admin/Runtime/Cache/20eabf8d43f497715f3e1a7ec1a2f00f.php 第 41 行.
INFO: Run ParseTemplate Behavior [ RunTime:0.033434s ]
INFO: [ view_parse ] --END-- [ RunTime:0.033483s ]
INFO: [ view_filter ] --START--
INFO: Run ContentReplace Behavior [ RunTime:0.000344s ]
INFO: Run TokenBuild Behavior [ RunTime:0.000377s ]
INFO: Run WriteHtmlCache Behavior [ RunTime:0.000391s ]
INFO: Run ShowRuntime Behavior [ RunTime:0.000375s ]
INFO: [ view_filter ] --END-- [ RunTime:0.001624s ]
INFO: [ view_end ] --START--
INFO: Run ShowPageTrace Behavior [ RunTime:0.000520s ]
INFO: [ view_end ] --END-- [ RunTime:0.000565s ]

[ 2017-06-01T08:18:16+08:00 ] 171.12.11.187 /dongqiudi/admin.php
NOTIC: [8192] Directive 'magic_quotes_gpc' is deprecated in PHP 5.3 and greater Unknown 第 0 行.

[ 2017-06-01T08:18:16+08:00 ] 171.12.11.187 /dongqiudi/admin.php?m=index&a=pass
INFO: [ app_begin ] --START--
INFO: Run ReadHtmlCache Behavior [ RunTime:0.000459s ]
INFO: [ app_begin ] --END-- [ RunTime:0.000574s ]
INFO: [ view_template ] --START--
INFO: Run LocationTemplate Behavior [ RunTime:0.000407s ]
INFO: [ view_template ] --END-- [ RunTime:0.000461s ]
INFO: [ view_parse ] --START--
INFO: Run ParseTemplate Behavior [ RunTime:0.006446s ]
INFO: [ view_parse ] --END-- [ RunTime:0.006497s ]
INFO: [ view_filter ] --START--
INFO: Run ContentReplace Behavior [ RunTime:0.000336s ]
INFO: Run TokenBuild Behavior [ RunTime:0.000346s ]
INFO: Run WriteHtmlCache Behavior [ RunTime:0.000282s ]
INFO: Run ShowRuntime Behavior [ RunTime:0.000375s ]
INFO: [ view_filter ] --END-- [ RunTime:0.001465s ]
INFO: [ view_end ] --START--
INFO: Run ShowPageTrace Behavior [ RunTime:0.000503s ]
INFO: [ view_end ] --END-- [ RunTime:0.000548s ]

[ 2017-06-01T08:18:16+08:00 ] 171.12.11.187 /dongqiudi/admin.php?m=index&a=pass
NOTIC: [8192] Directive 'magic_quotes_gpc' is deprecated in PHP 5.3 and greater Unknown 第 0 行.

[ 2017-06-01T08:18:24+08:00 ] 171.12.11.187 /dongqiudi/admin.php?m=index&a=add_match
INFO: [ app_begin ] --START--
INFO: Run ReadHtmlCache Behavior [ RunTime:0.000487s ]
INFO: [ app_begin ] --END-- [ RunTime:0.000584s ]
SQL: SHOW COLUMNS FROM `fc_match` [ RunTime:0.001553s ]
SQL: SHOW COLUMNS FROM `fc_team` [ RunTime:0.001474s ]
SQL: SELECT * FROM `fc_team` WHERE ( league = "中超" )  [ RunTime:0.001225s ]
SQL: SELECT * FROM `fc_team` WHERE ( league = "英超" )  [ RunTime:0.001195s ]
SQL: SELECT * FROM `fc_team` WHERE ( league = "西甲" )  [ RunTime:0.001210s ]
SQL: SELECT * FROM `fc_team` WHERE ( league = "德甲" )  [ RunTime:0.001202s ]
SQL: SELECT * FROM `fc_team` WHERE ( league = "意甲" )  [ RunTime:0.001162s ]
SQL: SELECT * FROM `fc_team` WHERE ( league = "法甲" )  [ RunTime:0.001191s ]
INFO: [ view_template ] --START--
INFO: Run LocationTemplate Behavior [ RunTime:0.000494s ]
INFO: [ view_template ] --END-- [ RunTime:0.000540s ]
INFO: [ view_parse ] --START--
NOTIC: [8] Undefined index: category /data/home/bxu2442590746/htdocs/dongqiudi/Admin/Runtime/Cache/b3fe654e479a53a9140b3a15bb61a5e9.php 第 64 行.
NOTIC: [8] Undefined index: category /data/home/bxu2442590746/htdocs/dongqiudi/Admin/Runtime/Cache/b3fe654e479a53a9140b3a15bb61a5e9.php 第 64 行.
NOTIC: [8] Undefined index: category /data/home/bxu2442590746/htdocs/dongqiudi/Admin/Runtime/Cache/b3fe654e479a53a9140b3a15bb61a5e9.php 第 109 行.
NOTIC: [8] Undefined index: category /data/home/bxu2442590746/htdocs/dongqiudi/Admin/Runtime/Cache/b3fe654e479a53a9140b3a15bb61a5e9.php 第 109 行.
NOTIC: [8] Undefined variable: page /data/home/bxu2442590746/htdocs/dongqiudi/Admin/Runtime/Cache/b3fe654e479a53a9140b3a15bb61a5e9.php 第 158 行.
INFO: Run ParseTemplate Behavior [ RunTime:0.011254s ]
INFO: [ view_parse ] --END-- [ RunTime:0.011308s ]
INFO: [ view_filter ] --START--
INFO: Run ContentReplace Behavior [ RunTime:0.000374s ]
INFO: Run TokenBuild Behavior [ RunTime:0.000356s ]
INFO: Run WriteHtmlCache Behavior [ RunTime:0.000286s ]
INFO: Run ShowRuntime Behavior [ RunTime:0.000440s ]
INFO: [ view_filter ] --END-- [ RunTime:0.001574s ]
INFO: [ view_end ] --START--
INFO: Run ShowPageTrace Behavior [ RunTime:0.001560s ]
INFO: [ view_end ] --END-- [ RunTime:0.001621s ]

[ 2017-06-01T08:18:24+08:00 ] 171.12.11.187 /dongqiudi/admin.php?m=index&a=add_match
NOTIC: [8192] Directive 'magic_quotes_gpc' is deprecated in PHP 5.3 and greater Unknown 第 0 行.

[ 2017-06-01T08:18:27+08:00 ] 171.12.11.187 /dongqiudi/admin.php?m=index&a=add_match
INFO: [ app_begin ] --START--
INFO: Run ReadHtmlCache Behavior [ RunTime:0.000475s ]
INFO: [ app_begin ] --END-- [ RunTime:0.000570s ]
SQL: SHOW COLUMNS FROM `fc_match` [ RunTime:0.001782s ]
SQL: SHOW COLUMNS FROM `fc_team` [ RunTime:0.001790s ]
SQL: SELECT * FROM `fc_team` WHERE ( league = "中超" )  [ RunTime:0.001314s ]
SQL: SELECT * FROM `fc_team` WHERE ( league = "英超" )  [ RunTime:0.001264s ]
SQL: SELECT * FROM `fc_team` WHERE ( league = "西甲" )  [ RunTime:0.001211s ]
SQL: SELECT * FROM `fc_team` WHERE ( league = "德甲" )  [ RunTime:0.001337s ]
SQL: SELECT * FROM `fc_team` WHERE ( league = "意甲" )  [ RunTime:0.001219s ]
SQL: SELECT * FROM `fc_team` WHERE ( league = "法甲" )  [ RunTime:0.001273s ]
INFO: [ view_template ] --START--
INFO: Run LocationTemplate Behavior [ RunTime:0.000493s ]
INFO: [ view_template ] --END-- [ RunTime:0.000541s ]
INFO: [ view_parse ] --START--
NOTIC: [8] Undefined index: category /data/home/bxu2442590746/htdocs/dongqiudi/Admin/Runtime/Cache/b3fe654e479a53a9140b3a15bb61a5e9.php 第 64 行.
NOTIC: [8] Undefined index: category /data/home/bxu2442590746/htdocs/dongqiudi/Admin/Runtime/Cache/b3fe654e479a53a9140b3a15bb61a5e9.php 第 64 行.
NOTIC: [8] Undefined index: category /data/home/bxu2442590746/htdocs/dongqiudi/Admin/Runtime/Cache/b3fe654e479a53a9140b3a15bb61a5e9.php 第 109 行.
NOTIC: [8] Undefined index: category /data/home/bxu2442590746/htdocs/dongqiudi/Admin/Runtime/Cache/b3fe654e479a53a9140b3a15bb61a5e9.php 第 109 行.
NOTIC: [8] Undefined variable: page /data/home/bxu2442590746/htdocs/dongqiudi/Admin/Runtime/Cache/b3fe654e479a53a9140b3a15bb61a5e9.php 第 158 行.
INFO: Run ParseTemplate Behavior [ RunTime:0.011054s ]
INFO: [ view_parse ] --END-- [ RunTime:0.011103s ]
INFO: [ view_filter ] --START--
INFO: Run ContentReplace Behavior [ RunTime:0.000346s ]
INFO: Run TokenBuild Behavior [ RunTime:0.000337s ]
INFO: Run WriteHtmlCache Behavior [ RunTime:0.000269s ]
INFO: Run ShowRuntime Behavior [ RunTime:0.000433s ]
INFO: [ view_filter ] --END-- [ RunTime:0.001534s ]
INFO: [ view_end ] --START--
INFO: Run ShowPageTrace Behavior [ RunTime:0.000445s ]
INFO: [ view_end ] --END-- [ RunTime:0.000484s ]

[ 2017-06-01T08:18:27+08:00 ] 171.12.11.187 /dongqiudi/admin.php?m=index&a=add_match
NOTIC: [8192] Directive 'magic_quotes_gpc' is deprecated in PHP 5.3 and greater Unknown 第 0 行.

[ 2017-06-01T08:18:31+08:00 ] 171.12.11.187 /dongqiudi/admin.php?m=user&a=logout
INFO: [ app_begin ] --START--
INFO: Run ReadHtmlCache Behavior [ RunTime:0.000498s ]
INFO: [ app_begin ] --END-- [ RunTime:0.000598s ]
INFO: [ view_template ] --START--
INFO: Run LocationTemplate Behavior [ RunTime:0.000528s ]
INFO: [ view_template ] --END-- [ RunTime:0.000580s ]
INFO: [ view_parse ] --START--
INFO: Run ParseTemplate Behavior [ RunTime:0.005659s ]
INFO: [ view_parse ] --END-- [ RunTime:0.005719s ]
INFO: [ view_filter ] --START--
INFO: Run ContentReplace Behavior [ RunTime:0.000328s ]
INFO: Run TokenBuild Behavior [ RunTime:0.000430s ]
INFO: Run WriteHtmlCache Behavior [ RunTime:0.000281s ]
INFO: Run ShowRuntime Behavior [ RunTime:0.000400s ]
INFO: [ view_filter ] --END-- [ RunTime:0.001587s ]
INFO: [ view_end ] --START--
INFO: Run ShowPageTrace Behavior [ RunTime:0.000494s ]
INFO: [ view_end ] --END-- [ RunTime:0.000541s ]

[ 2017-06-01T08:18:31+08:00 ] 171.12.11.187 /dongqiudi/admin.php?m=user&a=logout
NOTIC: [8192] Directive 'magic_quotes_gpc' is deprecated in PHP 5.3 and greater Unknown 第 0 行.

[ 2017-06-01T08:18:32+08:00 ] 171.12.11.187 /dongqiudi/admin.php?m=user&a=login
INFO: [ app_begin ] --START--
INFO: Run ReadHtmlCache Behavior [ RunTime:0.000448s ]
INFO: [ app_begin ] --END-- [ RunTime:0.000542s ]
SQL: SHOW COLUMNS FROM `fc_user` [ RunTime:0.001811s ]
INFO: [ view_template ] --START--
INFO: Run LocationTemplate Behavior [ RunTime:0.002626s ]
INFO: [ view_template ] --END-- [ RunTime:0.002683s ]
INFO: [ view_parse ] --START--
INFO: Run ParseTemplate Behavior [ RunTime:0.005347s ]
INFO: [ view_parse ] --END-- [ RunTime:0.005402s ]
INFO: [ view_filter ] --START--
INFO: Run ContentReplace Behavior [ RunTime:0.000330s ]
INFO: Run TokenBuild Behavior [ RunTime:0.000358s ]
INFO: Run WriteHtmlCache Behavior [ RunTime:0.000267s ]
INFO: Run ShowRuntime Behavior [ RunTime:0.000385s ]
INFO: [ view_filter ] --END-- [ RunTime:0.001470s ]
INFO: [ view_end ] --START--
INFO: Run ShowPageTrace Behavior [ RunTime:0.001352s ]
INFO: [ view_end ] --END-- [ RunTime:0.001406s ]

[ 2017-06-01T08:18:32+08:00 ] 171.12.11.187 /dongqiudi/admin.php?m=user&a=login
NOTIC: [8192] Directive 'magic_quotes_gpc' is deprecated in PHP 5.3 and greater Unknown 第 0 行.

[ 2017-06-01T08:18:32+08:00 ] 171.12.11.187 /dongqiudi/admin.php?m=user&a=login
INFO: [ app_begin ] --START--
INFO: Run ReadHtmlCache Behavior [ RunTime:0.000444s ]
INFO: [ app_begin ] --END-- [ RunTime:0.000591s ]
SQL: SHOW COLUMNS FROM `fc_user` [ RunTime:0.001785s ]
INFO: [ view_template ] --START--
INFO: Run LocationTemplate Behavior [ RunTime:0.000438s ]
INFO: [ view_template ] --END-- [ RunTime:0.000490s ]
INFO: [ view_parse ] --START--
INFO: Run ParseTemplate Behavior [ RunTime:0.005440s ]
INFO: [ view_parse ] --END-- [ RunTime:0.005495s ]
INFO: [ view_filter ] --START--
INFO: Run ContentReplace Behavior [ RunTime:0.000323s ]
INFO: Run TokenBuild Behavior [ RunTime:0.000352s ]
INFO: Run WriteHtmlCache Behavior [ RunTime:0.000263s ]
INFO: Run ShowRuntime Behavior [ RunTime:0.000436s ]
INFO: [ view_filter ] --END-- [ RunTime:0.001501s ]
INFO: [ view_end ] --START--
INFO: Run ShowPageTrace Behavior [ RunTime:0.000498s ]
INFO: [ view_end ] --END-- [ RunTime:0.000544s ]

[ 2017-06-01T08:18:32+08:00 ] 171.12.11.187 /dongqiudi/admin.php?m=user&a=login
NOTIC: [8192] Directive 'magic_quotes_gpc' is deprecated in PHP 5.3 and greater Unknown 第 0 行.

[ 2017-06-01T08:18:32+08:00 ] 171.12.11.187 /dongqiudi/admin.php/Public/verify/
INFO: [ route_check ] --START--
INFO: Run CheckRoute Behavior [ RunTime:0.000629s ]
INFO: [ route_check ] --END-- [ RunTime:0.000731s ]
INFO: [ app_begin ] --START--
INFO: Run ReadHtmlCache Behavior [ RunTime:0.000447s ]
INFO: [ app_begin ] --END-- [ RunTime:0.000500s ]

[ 2017-06-01T08:18:32+08:00 ] 171.12.11.187 /dongqiudi/admin.php/Public/verify/
NOTIC: [8192] Directive 'magic_quotes_gpc' is deprecated in PHP 5.3 and greater Unknown 第 0 行.

[ 2017-06-01T08:18:37+08:00 ] 171.12.11.187 /dongqiudi/admin.php?m=user&a=login
INFO: [ app_begin ] --START--
INFO: Run ReadHtmlCache Behavior [ RunTime:0.000533s ]
INFO: [ app_begin ] --END-- [ RunTime:0.000639s ]
SQL: SHOW COLUMNS FROM `fc_user` [ RunTime:0.001676s ]
SQL: SELECT * FROM `fc_user` WHERE ( username = "admin" ) LIMIT 1   [ RunTime:0.001202s ]
INFO: [ view_template ] --START--
INFO: Run LocationTemplate Behavior [ RunTime:0.000569s ]
INFO: [ view_template ] --END-- [ RunTime:0.000620s ]
INFO: [ view_parse ] --START--
INFO: Run ParseTemplate Behavior [ RunTime:0.005876s ]
INFO: [ view_parse ] --END-- [ RunTime:0.005931s ]
INFO: [ view_filter ] --START--
INFO: Run ContentReplace Behavior [ RunTime:0.000323s ]
INFO: Run TokenBuild Behavior [ RunTime:0.000427s ]
INFO: Run WriteHtmlCache Behavior [ RunTime:0.000418s ]
INFO: Run ShowRuntime Behavior [ RunTime:0.000430s ]
INFO: [ view_filter ] --END-- [ RunTime:0.001724s ]
INFO: [ view_end ] --START--
INFO: Run ShowPageTrace Behavior [ RunTime:0.000595s ]
INFO: [ view_end ] --END-- [ RunTime:0.000658s ]
NOTIC: [8192] Directive 'magic_quotes_gpc' is deprecated in PHP 5.3 and greater Unknown 第 0 行.

[ 2017-06-01T08:18:39+08:00 ] 171.12.11.187 /dongqiudi/admin.php?m=user&a=login
INFO: [ app_begin ] --START--
INFO: Run ReadHtmlCache Behavior [ RunTime:0.000489s ]
INFO: [ app_begin ] --END-- [ RunTime:0.000587s ]
SQL: SHOW COLUMNS FROM `fc_user` [ RunTime:0.001696s ]
INFO: [ view_template ] --START--
INFO: Run LocationTemplate Behavior [ RunTime:0.000478s ]
INFO: [ view_template ] --END-- [ RunTime:0.000531s ]
INFO: [ view_parse ] --START--
INFO: Run ParseTemplate Behavior [ RunTime:0.005404s ]
INFO: [ view_parse ] --END-- [ RunTime:0.005481s ]
INFO: [ view_filter ] --START--
INFO: Run ContentReplace Behavior [ RunTime:0.000413s ]
INFO: Run TokenBuild Behavior [ RunTime:0.000341s ]
INFO: Run WriteHtmlCache Behavior [ RunTime:0.000324s ]
INFO: Run ShowRuntime Behavior [ RunTime:0.000391s ]
INFO: [ view_filter ] --END-- [ RunTime:0.001608s ]
INFO: [ view_end ] --START--
INFO: Run ShowPageTrace Behavior [ RunTime:0.000530s ]
INFO: [ view_end ] --END-- [ RunTime:0.000574s ]

[ 2017-06-01T08:18:39+08:00 ] 171.12.11.187 /dongqiudi/admin.php?m=user&a=login
NOTIC: [8192] Directive 'magic_quotes_gpc' is deprecated in PHP 5.3 and greater Unknown 第 0 行.

[ 2017-06-01T08:18:44+08:00 ] 171.12.11.187 /dongqiudi/admin.php?m=user&a=login
INFO: [ app_begin ] --START--
INFO: Run ReadHtmlCache Behavior [ RunTime:0.000453s ]
INFO: [ app_begin ] --END-- [ RunTime:0.000547s ]
SQL: SHOW COLUMNS FROM `fc_user` [ RunTime:0.001699s ]
SQL: SELECT * FROM `fc_user` WHERE ( username = "admin" ) LIMIT 1   [ RunTime:0.001328s ]
INFO: [ view_template ] --START--
INFO: Run LocationTemplate Behavior [ RunTime:0.000850s ]
INFO: [ view_template ] --END-- [ RunTime:0.000930s ]
INFO: [ view_parse ] --START--
INFO: Run ParseTemplate Behavior [ RunTime:0.006219s ]
INFO: [ view_parse ] --END-- [ RunTime:0.006286s ]
INFO: [ view_filter ] --START--
INFO: Run ContentReplace Behavior [ RunTime:0.000318s ]
INFO: Run TokenBuild Behavior [ RunTime:0.000383s ]
INFO: Run WriteHtmlCache Behavior [ RunTime:0.000261s ]
INFO: Run ShowRuntime Behavior [ RunTime:0.000382s ]
INFO: [ view_filter ] --END-- [ RunTime:0.001467s ]
INFO: [ view_end ] --START--
INFO: Run ShowPageTrace Behavior [ RunTime:0.000484s ]
INFO: [ view_end ] --END-- [ RunTime:0.000531s ]
NOTIC: [8192] Directive 'magic_quotes_gpc' is deprecated in PHP 5.3 and greater Unknown 第 0 行.

[ 2017-06-01T08:18:45+08:00 ] 171.12.11.187 /dongqiudi/admin.php?m=index&a=index
INFO: [ app_begin ] --START--
INFO: Run ReadHtmlCache Behavior [ RunTime:0.000447s ]
INFO: [ app_begin ] --END-- [ RunTime:0.000551s ]
INFO: [ view_template ] --START--
INFO: Run LocationTemplate Behavior [ RunTime:0.000408s ]
INFO: [ view_template ] --END-- [ RunTime:0.000460s ]
INFO: [ view_parse ] --START--
INFO: Run ParseTemplate Behavior [ RunTime:0.009397s ]
INFO: [ view_parse ] --END-- [ RunTime:0.009474s ]
INFO: [ view_filter ] --START--
INFO: Run ContentReplace Behavior [ RunTime:0.000350s ]
INFO: Run TokenBuild Behavior [ RunTime:0.000352s ]
INFO: Run WriteHtmlCache Behavior [ RunTime:0.000281s ]
INFO: Run ShowRuntime Behavior [ RunTime:0.000413s ]
INFO: [ view_filter ] --END-- [ RunTime:0.001558s ]
INFO: [ view_end ] --START--
INFO: Run ShowPageTrace Behavior [ RunTime:0.000487s ]
INFO: [ view_end ] --END-- [ RunTime:0.000530s ]

[ 2017-06-01T08:18:45+08:00 ] 171.12.11.187 /dongqiudi/admin.php?m=index&a=index
NOTIC: [8192] Directive 'magic_quotes_gpc' is deprecated in PHP 5.3 and greater Unknown 第 0 行.

[ 2017-06-01T08:18:46+08:00 ] 171.12.11.187 /dongqiudi/admin.php?m=index&a=pass
INFO: [ app_begin ] --START--
INFO: Run ReadHtmlCache Behavior [ RunTime:0.000449s ]
INFO: [ app_begin ] --END-- [ RunTime:0.000544s ]
INFO: [ view_template ] --START--
INFO: Run LocationTemplate Behavior [ RunTime:0.000401s ]
INFO: [ view_template ] --END-- [ RunTime:0.000454s ]
INFO: [ view_parse ] --START--
INFO: Run ParseTemplate Behavior [ RunTime:0.006320s ]
INFO: [ view_parse ] --END-- [ RunTime:0.006373s ]
INFO: [ view_filter ] --START--
INFO: Run ContentReplace Behavior [ RunTime:0.000333s ]
INFO: Run TokenBuild Behavior [ RunTime:0.000356s ]
INFO: Run WriteHtmlCache Behavior [ RunTime:0.000262s ]
INFO: Run ShowRuntime Behavior [ RunTime:0.000395s ]
INFO: [ view_filter ] --END-- [ RunTime:0.001470s ]
INFO: [ view_end ] --START--
INFO: Run ShowPageTrace Behavior [ RunTime:0.000476s ]
INFO: [ view_end ] --END-- [ RunTime:0.000521s ]

[ 2017-06-01T08:18:46+08:00 ] 171.12.11.187 /dongqiudi/admin.php?m=index&a=pass
NOTIC: [8192] Directive 'magic_quotes_gpc' is deprecated in PHP 5.3 and greater Unknown 第 0 行.

[ 2017-06-01T08:18:49+08:00 ] 171.12.11.187 /dongqiudi/admin.php?m=index&a=add_match
INFO: [ app_begin ] --START--
INFO: Run ReadHtmlCache Behavior [ RunTime:0.000448s ]
INFO: [ app_begin ] --END-- [ RunTime:0.000542s ]
SQL: SHOW COLUMNS FROM `fc_match` [ RunTime:0.003099s ]
SQL: SHOW COLUMNS FROM `fc_team` [ RunTime:0.001749s ]
SQL: SELECT * FROM `fc_team` WHERE ( league = "中超" )  [ RunTime:0.001350s ]
SQL: SELECT * FROM `fc_team` WHERE ( league = "英超" )  [ RunTime:0.001379s ]
SQL: SELECT * FROM `fc_team` WHERE ( league = "西甲" )  [ RunTime:0.001316s ]
SQL: SELECT * FROM `fc_team` WHERE ( league = "德甲" )  [ RunTime:0.001323s ]
SQL: SELECT * FROM `fc_team` WHERE ( league = "意甲" )  [ RunTime:0.001329s ]
SQL: SELECT * FROM `fc_team` WHERE ( league = "法甲" )  [ RunTime:0.001331s ]
INFO: [ view_template ] --START--
INFO: Run LocationTemplate Behavior [ RunTime:0.000494s ]
INFO: [ view_template ] --END-- [ RunTime:0.000542s ]
INFO: [ view_parse ] --START--
NOTIC: [8] Undefined variable: result /data/home/bxu2442590746/htdocs/dongqiudi/Admin/Runtime/Cache/b3fe654e479a53a9140b3a15bb61a5e9.php 第 97 行.
NOTIC: [8] Undefined variable: result /data/home/bxu2442590746/htdocs/dongqiudi/Admin/Runtime/Cache/b3fe654e479a53a9140b3a15bb61a5e9.php 第 100 行.
NOTIC: [8] Undefined variable: result /data/home/bxu2442590746/htdocs/dongqiudi/Admin/Runtime/Cache/b3fe654e479a53a9140b3a15bb61a5e9.php 第 141 行.
NOTIC: [8] Undefined variable: result /data/home/bxu2442590746/htdocs/dongqiudi/Admin/Runtime/Cache/b3fe654e479a53a9140b3a15bb61a5e9.php 第 144 行.
NOTIC: [8] Undefined variable: page /data/home/bxu2442590746/htdocs/dongqiudi/Admin/Runtime/Cache/b3fe654e479a53a9140b3a15bb61a5e9.php 第 158 行.
INFO: Run ParseTemplate Behavior [ RunTime:0.011394s ]
INFO: [ view_parse ] --END-- [ RunTime:0.011442s ]
INFO: [ view_filter ] --START--
INFO: Run ContentReplace Behavior [ RunTime:0.000419s ]
INFO: Run TokenBuild Behavior [ RunTime:0.000330s ]
INFO: Run WriteHtmlCache Behavior [ RunTime:0.000276s ]
INFO: Run ShowRuntime Behavior [ RunTime:0.000403s ]
INFO: [ view_filter ] --END-- [ RunTime:0.001559s ]
INFO: [ view_end ] --START--
INFO: Run ShowPageTrace Behavior [ RunTime:0.000430s ]
INFO: [ view_end ] --END-- [ RunTime:0.000469s ]

[ 2017-06-01T08:18:49+08:00 ] 171.12.11.187 /dongqiudi/admin.php?m=index&a=add_match
NOTIC: [8192] Directive 'magic_quotes_gpc' is deprecated in PHP 5.3 and greater Unknown 第 0 行.

[ 2017-06-01T08:20:40+08:00 ] 171.12.11.187 /dongqiudi/admin.php?m=index&a=add_match
INFO: [ app_begin ] --START--
INFO: Run ReadHtmlCache Behavior [ RunTime:0.000480s ]
INFO: [ app_begin ] --END-- [ RunTime:0.000576s ]
SQL: SHOW COLUMNS FROM `fc_match` [ RunTime:0.001517s ]
SQL: SHOW COLUMNS FROM `fc_team` [ RunTime:0.001615s ]
NOTIC: [8] Undefined index: user_id /data/home/bxu2442590746/htdocs/dongqiudi/Admin/Lib/Action/IndexAction.class.php 第 426 行.
SQL: INSERT INTO `fc_match` (`league_round`,`hometeam_id`,`vsitingteam_id`,`video_url`,`lick_name`,`position`,`level`,`start_time`) VALUES (2,12,2,'http://v.pptv.com/show/064NiaicNZyQdq6FA.html','PPTV',3,'中超',1496316900) [ RunTime:0.001267s ]
INFO: [ view_template ] --START--
INFO: Run LocationTemplate Behavior [ RunTime:0.000545s ]
INFO: [ view_template ] --END-- [ RunTime:0.000594s ]
INFO: [ view_parse ] --START--
INFO: Run ParseTemplate Behavior [ RunTime:0.005435s ]
INFO: [ view_parse ] --END-- [ RunTime:0.005489s ]
INFO: [ view_filter ] --START--
INFO: Run ContentReplace Behavior [ RunTime:0.000349s ]
INFO: Run TokenBuild Behavior [ RunTime:0.000335s ]
INFO: Run WriteHtmlCache Behavior [ RunTime:0.000266s ]
INFO: Run ShowRuntime Behavior [ RunTime:0.000432s ]
INFO: [ view_filter ] --END-- [ RunTime:0.001511s ]
INFO: [ view_end ] --START--
INFO: Run ShowPageTrace Behavior [ RunTime:0.000491s ]
INFO: [ view_end ] --END-- [ RunTime:0.000534s ]
NOTIC: [8192] Directive 'magic_quotes_gpc' is deprecated in PHP 5.3 and greater Unknown 第 0 行.

[ 2017-06-01T08:20:42+08:00 ] 171.12.11.187 /dongqiudi/admin.php?m=index&a=add_match
INFO: [ app_begin ] --START--
INFO: Run ReadHtmlCache Behavior [ RunTime:0.000488s ]
INFO: [ app_begin ] --END-- [ RunTime:0.000582s ]
SQL: SHOW COLUMNS FROM `fc_match` [ RunTime:0.001618s ]
SQL: SHOW COLUMNS FROM `fc_team` [ RunTime:0.001415s ]
SQL: SELECT * FROM `fc_team` WHERE ( league = "中超" )  [ RunTime:0.001134s ]
SQL: SELECT * FROM `fc_team` WHERE ( league = "英超" )  [ RunTime:0.001103s ]
SQL: SELECT * FROM `fc_team` WHERE ( league = "西甲" )  [ RunTime:0.001093s ]
SQL: SELECT * FROM `fc_team` WHERE ( league = "德甲" )  [ RunTime:0.001101s ]
SQL: SELECT * FROM `fc_team` WHERE ( league = "意甲" )  [ RunTime:0.001095s ]
SQL: SELECT * FROM `fc_team` WHERE ( league = "法甲" )  [ RunTime:0.001203s ]
INFO: [ view_template ] --START--
INFO: Run LocationTemplate Behavior [ RunTime:0.000447s ]
INFO: [ view_template ] --END-- [ RunTime:0.000493s ]
INFO: [ view_parse ] --START--
NOTIC: [8] Undefined variable: result /data/home/bxu2442590746/htdocs/dongqiudi/Admin/Runtime/Cache/b3fe654e479a53a9140b3a15bb61a5e9.php 第 97 行.
NOTIC: [8] Undefined variable: result /data/home/bxu2442590746/htdocs/dongqiudi/Admin/Runtime/Cache/b3fe654e479a53a9140b3a15bb61a5e9.php 第 100 行.
NOTIC: [8] Undefined variable: result /data/home/bxu2442590746/htdocs/dongqiudi/Admin/Runtime/Cache/b3fe654e479a53a9140b3a15bb61a5e9.php 第 141 行.
NOTIC: [8] Undefined variable: result /data/home/bxu2442590746/htdocs/dongqiudi/Admin/Runtime/Cache/b3fe654e479a53a9140b3a15bb61a5e9.php 第 144 行.
NOTIC: [8] Undefined variable: page /data/home/bxu2442590746/htdocs/dongqiudi/Admin/Runtime/Cache/b3fe654e479a53a9140b3a15bb61a5e9.php 第 158 行.
INFO: Run ParseTemplate Behavior [ RunTime:0.011143s ]
INFO: [ view_parse ] --END-- [ RunTime:0.011191s ]
INFO: [ view_filter ] --START--
INFO: Run ContentReplace Behavior [ RunTime:0.000385s ]
INFO: Run TokenBuild Behavior [ RunTime:0.000336s ]
INFO: Run WriteHtmlCache Behavior [ RunTime:0.000267s ]
INFO: Run ShowRuntime Behavior [ RunTime:0.000464s ]
INFO: [ view_filter ] --END-- [ RunTime:0.001593s ]
INFO: [ view_end ] --START--
INFO: Run ShowPageTrace Behavior [ RunTime:0.000457s ]
INFO: [ view_end ] --END-- [ RunTime:0.000499s ]

[ 2017-06-01T08:20:42+08:00 ] 171.12.11.187 /dongqiudi/admin.php?m=index&a=add_match
NOTIC: [8192] Directive 'magic_quotes_gpc' is deprecated in PHP 5.3 and greater Unknown 第 0 行.

[ 2017-06-01T08:21:17+08:00 ] 171.12.11.187 /dongqiudi/admin.php?m=index&a=add_match
INFO: [ app_begin ] --START--
INFO: Run ReadHtmlCache Behavior [ RunTime:0.000484s ]
INFO: [ app_begin ] --END-- [ RunTime:0.000580s ]
SQL: SHOW COLUMNS FROM `fc_match` [ RunTime:0.001705s ]
SQL: SHOW COLUMNS FROM `fc_team` [ RunTime:0.001533s ]
NOTIC: [8] Undefined index: user_id /data/home/bxu2442590746/htdocs/dongqiudi/Admin/Lib/Action/IndexAction.class.php 第 426 行.
SQL: INSERT INTO `fc_match` (`league_round`,`hometeam_id`,`vsitingteam_id`,`position`,`level`,`start_time`) VALUES (2,9,5,3,'中超',1496403300) [ RunTime:0.001229s ]
INFO: [ view_template ] --START--
INFO: Run LocationTemplate Behavior [ RunTime:0.000498s ]
INFO: [ view_template ] --END-- [ RunTime:0.000545s ]
INFO: [ view_parse ] --START--
INFO: Run ParseTemplate Behavior [ RunTime:0.005444s ]
INFO: [ view_parse ] --END-- [ RunTime:0.005508s ]
INFO: [ view_filter ] --START--
INFO: Run ContentReplace Behavior [ RunTime:0.000326s ]
INFO: Run TokenBuild Behavior [ RunTime:0.000357s ]
INFO: Run WriteHtmlCache Behavior [ RunTime:0.000264s ]
INFO: Run ShowRuntime Behavior [ RunTime:0.000441s ]
INFO: [ view_filter ] --END-- [ RunTime:0.001516s ]
INFO: [ view_end ] --START--
INFO: Run ShowPageTrace Behavior [ RunTime:0.000513s ]
INFO: [ view_end ] --END-- [ RunTime:0.000556s ]
NOTIC: [8192] Directive 'magic_quotes_gpc' is deprecated in PHP 5.3 and greater Unknown 第 0 行.

[ 2017-06-01T08:21:18+08:00 ] 171.12.11.187 /dongqiudi/admin.php?m=index&a=add_match
INFO: [ app_begin ] --START--
INFO: Run ReadHtmlCache Behavior [ RunTime:0.000457s ]
INFO: [ app_begin ] --END-- [ RunTime:0.000554s ]
SQL: SHOW COLUMNS FROM `fc_match` [ RunTime:0.001559s ]
SQL: SHOW COLUMNS FROM `fc_team` [ RunTime:0.001544s ]
SQL: SELECT * FROM `fc_team` WHERE ( league = "中超" )  [ RunTime:0.001245s ]
SQL: SELECT * FROM `fc_team` WHERE ( league = "英超" )  [ RunTime:0.001240s ]
SQL: SELECT * FROM `fc_team` WHERE ( league = "西甲" )  [ RunTime:0.001208s ]
SQL: SELECT * FROM `fc_team` WHERE ( league = "德甲" )  [ RunTime:0.001204s ]
SQL: SELECT * FROM `fc_team` WHERE ( league = "意甲" )  [ RunTime:0.001215s ]
SQL: SELECT * FROM `fc_team` WHERE ( league = "法甲" )  [ RunTime:0.001229s ]
INFO: [ view_template ] --START--
INFO: Run LocationTemplate Behavior [ RunTime:0.000447s ]
INFO: [ view_template ] --END-- [ RunTime:0.000493s ]
INFO: [ view_parse ] --START--
NOTIC: [8] Undefined variable: result /data/home/bxu2442590746/htdocs/dongqiudi/Admin/Runtime/Cache/b3fe654e479a53a9140b3a15bb61a5e9.php 第 97 行.
NOTIC: [8] Undefined variable: result /data/home/bxu2442590746/htdocs/dongqiudi/Admin/Runtime/Cache/b3fe654e479a53a9140b3a15bb61a5e9.php 第 100 行.
NOTIC: [8] Undefined variable: result /data/home/bxu2442590746/htdocs/dongqiudi/Admin/Runtime/Cache/b3fe654e479a53a9140b3a15bb61a5e9.php 第 141 行.
NOTIC: [8] Undefined variable: result /data/home/bxu2442590746/htdocs/dongqiudi/Admin/Runtime/Cache/b3fe654e479a53a9140b3a15bb61a5e9.php 第 144 行.
NOTIC: [8] Undefined variable: page /data/home/bxu2442590746/htdocs/dongqiudi/Admin/Runtime/Cache/b3fe654e479a53a9140b3a15bb61a5e9.php 第 158 行.
INFO: Run ParseTemplate Behavior [ RunTime:0.011045s ]
INFO: [ view_parse ] --END-- [ RunTime:0.011133s ]
INFO: [ view_filter ] --START--
INFO: Run ContentReplace Behavior [ RunTime:0.000362s ]
INFO: Run TokenBuild Behavior [ RunTime:0.000333s ]
INFO: Run WriteHtmlCache Behavior [ RunTime:0.000285s ]
INFO: Run ShowRuntime Behavior [ RunTime:0.000406s ]
INFO: [ view_filter ] --END-- [ RunTime:0.001507s ]
INFO: [ view_end ] --START--
INFO: Run ShowPageTrace Behavior [ RunTime:0.000456s ]
INFO: [ view_end ] --END-- [ RunTime:0.000497s ]

[ 2017-06-01T08:21:18+08:00 ] 171.12.11.187 /dongqiudi/admin.php?m=index&a=add_match
NOTIC: [8192] Directive 'magic_quotes_gpc' is deprecated in PHP 5.3 and greater Unknown 第 0 行.

[ 2017-06-01T08:21:50+08:00 ] 171.12.11.187 /dongqiudi/admin.php?m=index&a=add_match
INFO: [ app_begin ] --START--
INFO: Run ReadHtmlCache Behavior [ RunTime:0.000443s ]
INFO: [ app_begin ] --END-- [ RunTime:0.000538s ]
SQL: SHOW COLUMNS FROM `fc_match` [ RunTime:0.001437s ]
SQL: SHOW COLUMNS FROM `fc_team` [ RunTime:0.001297s ]
NOTIC: [8] Undefined index: user_id /data/home/bxu2442590746/htdocs/dongqiudi/Admin/Lib/Action/IndexAction.class.php 第 426 行.
SQL: INSERT INTO `fc_match` (`league_round`,`hometeam_id`,`vsitingteam_id`,`video_url`,`lick_name`,`position`,`level`,`start_time`) VALUES (2,7,10,'http://v.pptv.com/show/064NiaicNZyQdq6FA.html','PPTV',3,'中超',1496489700) [ RunTime:0.001110s ]
INFO: [ view_template ] --START--
INFO: Run LocationTemplate Behavior [ RunTime:0.000532s ]
INFO: [ view_template ] --END-- [ RunTime:0.000581s ]
INFO: [ view_parse ] --START--
INFO: Run ParseTemplate Behavior [ RunTime:0.005397s ]
INFO: [ view_parse ] --END-- [ RunTime:0.005450s ]
INFO: [ view_filter ] --START--
INFO: Run ContentReplace Behavior [ RunTime:0.000338s ]
INFO: Run TokenBuild Behavior [ RunTime:0.000331s ]
INFO: Run WriteHtmlCache Behavior [ RunTime:0.000259s ]
INFO: Run ShowRuntime Behavior [ RunTime:0.000396s ]
INFO: [ view_filter ] --END-- [ RunTime:0.001448s ]
INFO: [ view_end ] --START--
INFO: Run ShowPageTrace Behavior [ RunTime:0.000507s ]
INFO: [ view_end ] --END-- [ RunTime:0.000551s ]
NOTIC: [8192] Directive 'magic_quotes_gpc' is deprecated in PHP 5.3 and greater Unknown 第 0 行.

[ 2017-06-01T08:21:51+08:00 ] 171.12.11.187 /dongqiudi/admin.php?m=index&a=add_match
INFO: [ app_begin ] --START--
INFO: Run ReadHtmlCache Behavior [ RunTime:0.000480s ]
INFO: [ app_begin ] --END-- [ RunTime:0.000572s ]
SQL: SHOW COLUMNS FROM `fc_match` [ RunTime:0.001555s ]
SQL: SHOW COLUMNS FROM `fc_team` [ RunTime:0.001439s ]
SQL: SELECT * FROM `fc_team` WHERE ( league = "中超" )  [ RunTime:0.001095s ]
SQL: SELECT * FROM `fc_team` WHERE ( league = "英超" )  [ RunTime:0.001105s ]
SQL: SELECT * FROM `fc_team` WHERE ( league = "西甲" )  [ RunTime:0.001141s ]
SQL: SELECT * FROM `fc_team` WHERE ( league = "德甲" )  [ RunTime:0.001102s ]
SQL: SELECT * FROM `fc_team` WHERE ( league = "意甲" )  [ RunTime:0.001084s ]
SQL: SELECT * FROM `fc_team` WHERE ( league = "法甲" )  [ RunTime:0.001070s ]
INFO: [ view_template ] --START--
INFO: Run LocationTemplate Behavior [ RunTime:0.000543s ]
INFO: [ view_template ] --END-- [ RunTime:0.000593s ]
INFO: [ view_parse ] --START--
NOTIC: [8] Undefined variable: result /data/home/bxu2442590746/htdocs/dongqiudi/Admin/Runtime/Cache/b3fe654e479a53a9140b3a15bb61a5e9.php 第 97 行.
NOTIC: [8] Undefined variable: result /data/home/bxu2442590746/htdocs/dongqiudi/Admin/Runtime/Cache/b3fe654e479a53a9140b3a15bb61a5e9.php 第 100 行.
NOTIC: [8] Undefined variable: result /data/home/bxu2442590746/htdocs/dongqiudi/Admin/Runtime/Cache/b3fe654e479a53a9140b3a15bb61a5e9.php 第 141 行.
NOTIC: [8] Undefined variable: result /data/home/bxu2442590746/htdocs/dongqiudi/Admin/Runtime/Cache/b3fe654e479a53a9140b3a15bb61a5e9.php 第 144 行.
NOTIC: [8] Undefined variable: page /data/home/bxu2442590746/htdocs/dongqiudi/Admin/Runtime/Cache/b3fe654e479a53a9140b3a15bb61a5e9.php 第 158 行.
INFO: Run ParseTemplate Behavior [ RunTime:0.011218s ]
INFO: [ view_parse ] --END-- [ RunTime:0.011268s ]
INFO: [ view_filter ] --START--
INFO: Run ContentReplace Behavior [ RunTime:0.000378s ]
INFO: Run TokenBuild Behavior [ RunTime:0.000345s ]
INFO: Run WriteHtmlCache Behavior [ RunTime:0.000290s ]
INFO: Run ShowRuntime Behavior [ RunTime:0.000395s ]
INFO: [ view_filter ] --END-- [ RunTime:0.001531s ]
INFO: [ view_end ] --START--
INFO: Run ShowPageTrace Behavior [ RunTime:0.000439s ]
INFO: [ view_end ] --END-- [ RunTime:0.000480s ]

[ 2017-06-01T08:21:51+08:00 ] 171.12.11.187 /dongqiudi/admin.php?m=index&a=add_match
NOTIC: [8192] Directive 'magic_quotes_gpc' is deprecated in PHP 5.3 and greater Unknown 第 0 行.

[ 2017-06-01T16:49:10+08:00 ] 171.12.11.187 /dongqiudi/admin.php?m=index&a=index
INFO: [ app_begin ] --START--
INFO: Run ReadHtmlCache Behavior [ RunTime:0.000462s ]
INFO: [ app_begin ] --END-- [ RunTime:0.000555s ]
INFO: [ view_template ] --START--
INFO: Run LocationTemplate Behavior [ RunTime:0.000464s ]
INFO: [ view_template ] --END-- [ RunTime:0.000519s ]
INFO: [ view_parse ] --START--
INFO: Run ParseTemplate Behavior [ RunTime:0.008841s ]
INFO: [ view_parse ] --END-- [ RunTime:0.008901s ]
INFO: [ view_filter ] --START--
INFO: Run ContentReplace Behavior [ RunTime:0.000384s ]
INFO: Run TokenBuild Behavior [ RunTime:0.000353s ]
INFO: Run WriteHtmlCache Behavior [ RunTime:0.000313s ]
INFO: Run ShowRuntime Behavior [ RunTime:0.000395s ]
INFO: [ view_filter ] --END-- [ RunTime:0.001573s ]
INFO: [ view_end ] --START--
INFO: Run ShowPageTrace Behavior [ RunTime:0.000492s ]
INFO: [ view_end ] --END-- [ RunTime:0.000537s ]

[ 2017-06-01T16:49:10+08:00 ] 171.12.11.187 /dongqiudi/admin.php?m=index&a=index
NOTIC: [8192] Directive 'magic_quotes_gpc' is deprecated in PHP 5.3 and greater Unknown 第 0 行.

[ 2017-06-01T16:49:11+08:00 ] 171.12.11.187 /dongqiudi/admin.php?m=index&a=add_match
INFO: [ app_begin ] --START--
INFO: Run ReadHtmlCache Behavior [ RunTime:0.000478s ]
INFO: [ app_begin ] --END-- [ RunTime:0.000577s ]
SQL: SHOW COLUMNS FROM `fc_match` [ RunTime:0.001861s ]
SQL: SHOW COLUMNS FROM `fc_team` [ RunTime:0.002051s ]
SQL: SELECT * FROM `fc_team` WHERE ( league = "中超" )  [ RunTime:0.001472s ]
SQL: SELECT * FROM `fc_team` WHERE ( league = "英超" )  [ RunTime:0.001649s ]
SQL: SELECT * FROM `fc_team` WHERE ( league = "西甲" )  [ RunTime:0.001368s ]
SQL: SELECT * FROM `fc_team` WHERE ( league = "德甲" )  [ RunTime:0.001482s ]
SQL: SELECT * FROM `fc_team` WHERE ( league = "意甲" )  [ RunTime:0.001318s ]
SQL: SELECT * FROM `fc_team` WHERE ( league = "法甲" )  [ RunTime:0.001317s ]
INFO: [ view_template ] --START--
INFO: Run LocationTemplate Behavior [ RunTime:0.000515s ]
INFO: [ view_template ] --END-- [ RunTime:0.000566s ]
INFO: [ view_parse ] --START--
NOTIC: [8] Undefined variable: result /data/home/bxu2442590746/htdocs/dongqiudi/Admin/Runtime/Cache/b3fe654e479a53a9140b3a15bb61a5e9.php 第 97 行.
NOTIC: [8] Undefined variable: result /data/home/bxu2442590746/htdocs/dongqiudi/Admin/Runtime/Cache/b3fe654e479a53a9140b3a15bb61a5e9.php 第 100 行.
NOTIC: [8] Undefined variable: result /data/home/bxu2442590746/htdocs/dongqiudi/Admin/Runtime/Cache/b3fe654e479a53a9140b3a15bb61a5e9.php 第 141 行.
NOTIC: [8] Undefined variable: result /data/home/bxu2442590746/htdocs/dongqiudi/Admin/Runtime/Cache/b3fe654e479a53a9140b3a15bb61a5e9.php 第 144 行.
NOTIC: [8] Undefined variable: page /data/home/bxu2442590746/htdocs/dongqiudi/Admin/Runtime/Cache/b3fe654e479a53a9140b3a15bb61a5e9.php 第 158 行.
INFO: Run ParseTemplate Behavior [ RunTime:0.011447s ]
INFO: [ view_parse ] --END-- [ RunTime:0.011540s ]
INFO: [ view_filter ] --START--
INFO: Run ContentReplace Behavior [ RunTime:0.000383s ]
INFO: Run TokenBuild Behavior [ RunTime:0.000374s ]
INFO: Run WriteHtmlCache Behavior [ RunTime:0.000287s ]
INFO: Run ShowRuntime Behavior [ RunTime:0.000445s ]
INFO: [ view_filter ] --END-- [ RunTime:0.001610s ]
INFO: [ view_end ] --START--
INFO: Run ShowPageTrace Behavior [ RunTime:0.000453s ]
INFO: [ view_end ] --END-- [ RunTime:0.000494s ]

[ 2017-06-01T16:49:11+08:00 ] 171.12.11.187 /dongqiudi/admin.php?m=index&a=add_match
NOTIC: [8192] Directive 'magic_quotes_gpc' is deprecated in PHP 5.3 and greater Unknown 第 0 行.

