[ 2017-03-19T00:42:53+08:00 ] 158.69.225.33 /dongqiudi/admin.php
INFO: [ app_begin ] --START--
INFO: Run ReadHtmlCache Behavior [ RunTime:0.000485s ]
INFO: [ app_begin ] --END-- [ RunTime:0.000580s ]
INFO: [ view_template ] --START--
INFO: Run LocationTemplate Behavior [ RunTime:0.000507s ]
INFO: [ view_template ] --END-- [ RunTime:0.000556s ]
INFO: [ view_parse ] --START--
INFO: Run ParseTemplate Behavior [ RunTime:0.005506s ]
INFO: [ view_parse ] --END-- [ RunTime:0.005564s ]
INFO: [ view_filter ] --START--
INFO: Run ContentReplace Behavior [ RunTime:0.000338s ]
INFO: Run TokenBuild Behavior [ RunTime:0.000370s ]
INFO: Run WriteHtmlCache Behavior [ RunTime:0.000279s ]
INFO: Run ShowRuntime Behavior [ RunTime:0.000403s ]
INFO: [ view_filter ] --END-- [ RunTime:0.001518s ]
INFO: [ view_end ] --START--
INFO: Run ShowPageTrace Behavior [ RunTime:0.000485s ]
INFO: [ view_end ] --END-- [ RunTime:0.000530s ]
NOTIC: [8192] Directive 'magic_quotes_gpc' is deprecated in PHP 5.3 and greater Unknown 第 0 行.

[ 2017-03-19T00:42:56+08:00 ] 158.69.225.33 /dongqiudi/admin.php?m=user&a=login
INFO: [ app_begin ] --START--
INFO: Run ReadHtmlCache Behavior [ RunTime:0.000568s ]
INFO: [ app_begin ] --END-- [ RunTime:0.000665s ]
SQL: SHOW COLUMNS FROM `fc_user` [ RunTime:0.002910s ]
INFO: [ view_template ] --START--
INFO: Run LocationTemplate Behavior [ RunTime:0.016178s ]
INFO: [ view_template ] --END-- [ RunTime:0.016241s ]
INFO: [ view_parse ] --START--
INFO: Run ParseTemplate Behavior [ RunTime:0.005461s ]
INFO: [ view_parse ] --END-- [ RunTime:0.005516s ]
INFO: [ view_filter ] --START--
INFO: Run ContentReplace Behavior [ RunTime:0.000362s ]
INFO: Run TokenBuild Behavior [ RunTime:0.000349s ]
INFO: Run WriteHtmlCache Behavior [ RunTime:0.000273s ]
INFO: Run ShowRuntime Behavior [ RunTime:0.000430s ]
INFO: [ view_filter ] --END-- [ RunTime:0.001543s ]
INFO: [ view_end ] --START--
INFO: Run ShowPageTrace Behavior [ RunTime:0.000497s ]
INFO: [ view_end ] --END-- [ RunTime:0.000541s ]

[ 2017-03-19T00:42:56+08:00 ] 158.69.225.33 /dongqiudi/admin.php?m=user&a=login
NOTIC: [8192] Directive 'magic_quotes_gpc' is deprecated in PHP 5.3 and greater Unknown 第 0 行.

[ 2017-03-19T22:27:12+08:00 ] 183.204.250.117 /dongqiudi/admin.php
INFO: [ app_begin ] --START--
INFO: Run ReadHtmlCache Behavior [ RunTime:0.000479s ]
INFO: [ app_begin ] --END-- [ RunTime:0.000573s ]
INFO: [ view_template ] --START--
INFO: Run LocationTemplate Behavior [ RunTime:0.000436s ]
INFO: [ view_template ] --END-- [ RunTime:0.000488s ]
INFO: [ view_parse ] --START--
INFO: Run ParseTemplate Behavior [ RunTime:0.007537s ]
INFO: [ view_parse ] --END-- [ RunTime:0.007589s ]
INFO: [ view_filter ] --START--
INFO: Run ContentReplace Behavior [ RunTime:0.000372s ]
INFO: Run TokenBuild Behavior [ RunTime:0.000342s ]
INFO: Run WriteHtmlCache Behavior [ RunTime:0.000280s ]
INFO: Run ShowRuntime Behavior [ RunTime:0.000406s ]
INFO: [ view_filter ] --END-- [ RunTime:0.001533s ]
INFO: [ view_end ] --START--
INFO: Run ShowPageTrace Behavior [ RunTime:0.000475s ]
INFO: [ view_end ] --END-- [ RunTime:0.000520s ]

[ 2017-03-19T22:27:12+08:00 ] 183.204.250.117 /dongqiudi/admin.php
NOTIC: [8192] Directive 'magic_quotes_gpc' is deprecated in PHP 5.3 and greater Unknown 第 0 行.

[ 2017-03-19T22:27:12+08:00 ] 183.204.250.117 /dongqiudi/admin.php?m=index&a=info
INFO: [ app_begin ] --START--
INFO: Run ReadHtmlCache Behavior [ RunTime:0.000480s ]
INFO: [ app_begin ] --END-- [ RunTime:0.000574s ]
INFO: [ view_template ] --START--
INFO: Run LocationTemplate Behavior [ RunTime:0.000441s ]
INFO: [ view_template ] --END-- [ RunTime:0.000491s ]
INFO: [ view_parse ] --START--
INFO: Run ParseTemplate Behavior [ RunTime:0.007265s ]
INFO: [ view_parse ] --END-- [ RunTime:0.007319s ]
INFO: [ view_filter ] --START--
INFO: Run ContentReplace Behavior [ RunTime:0.000363s ]
INFO: Run TokenBuild Behavior [ RunTime:0.000339s ]
INFO: Run WriteHtmlCache Behavior [ RunTime:0.000292s ]
INFO: Run ShowRuntime Behavior [ RunTime:0.000401s ]
INFO: [ view_filter ] --END-- [ RunTime:0.001546s ]
INFO: [ view_end ] --START--
INFO: Run ShowPageTrace Behavior [ RunTime:0.000489s ]
INFO: [ view_end ] --END-- [ RunTime:0.000556s ]

[ 2017-03-19T22:27:12+08:00 ] 183.204.250.117 /dongqiudi/admin.php?m=index&a=info
NOTIC: [8192] Directive 'magic_quotes_gpc' is deprecated in PHP 5.3 and greater Unknown 第 0 行.

[ 2017-03-19T22:27:17+08:00 ] 183.204.250.117 /dongqiudi/admin.php?m=index&a=lists
INFO: [ app_begin ] --START--
INFO: Run ReadHtmlCache Behavior [ RunTime:0.000474s ]
INFO: [ app_begin ] --END-- [ RunTime:0.000570s ]
SQL: SHOW COLUMNS FROM `fc_news` [ RunTime:0.001488s ]
NOTIC: [8] Undefined index: keywords /data/home/bxu2442590746/htdocs/dongqiudi/Admin/Lib/Action/IndexAction.class.php 第 41 行.
NOTIC: [8] Undefined variable: where /data/home/bxu2442590746/htdocs/dongqiudi/Admin/Lib/Action/IndexAction.class.php 第 47 行.
SQL: SELECT * FROM fc_news n LEFT JOIN fc_news_data as d on n.id = d.id ORDER BY n.id desc LIMIT 0,7   [ RunTime:0.004804s ]
NOTIC: [8] Undefined variable: where /data/home/bxu2442590746/htdocs/dongqiudi/Admin/Lib/Action/IndexAction.class.php 第 48 行.
SQL: SELECT COUNT(*) AS tp_count FROM `fc_news` LIMIT 1   [ RunTime:0.000951s ]
INFO: [ view_template ] --START--
INFO: Run LocationTemplate Behavior [ RunTime:0.000448s ]
INFO: [ view_template ] --END-- [ RunTime:0.000501s ]
INFO: [ view_parse ] --START--
NOTIC: [8] Undefined variable: iscid /data/home/bxu2442590746/htdocs/dongqiudi/Admin/Runtime/Cache/871f10e51db62a7f91fe5ff8c3a3e859.php 第 52 行.
NOTIC: [8] Undefined index: keywords /data/home/bxu2442590746/htdocs/dongqiudi/Admin/Runtime/Cache/871f10e51db62a7f91fe5ff8c3a3e859.php 第 64 行.
INFO: Run ParseTemplate Behavior [ RunTime:0.009986s ]
INFO: [ view_parse ] --END-- [ RunTime:0.010035s ]
INFO: [ view_filter ] --START--
INFO: Run ContentReplace Behavior [ RunTime:0.000395s ]
INFO: Run TokenBuild Behavior [ RunTime:0.000394s ]
INFO: Run WriteHtmlCache Behavior [ RunTime:0.000269s ]
INFO: Run ShowRuntime Behavior [ RunTime:0.000375s ]
INFO: [ view_filter ] --END-- [ RunTime:0.001563s ]
INFO: [ view_end ] --START--
INFO: Run ShowPageTrace Behavior [ RunTime:0.000488s ]
INFO: [ view_end ] --END-- [ RunTime:0.000534s ]

[ 2017-03-19T22:27:17+08:00 ] 183.204.250.117 /dongqiudi/admin.php?m=index&a=lists
NOTIC: [8192] Directive 'magic_quotes_gpc' is deprecated in PHP 5.3 and greater Unknown 第 0 行.

[ 2017-03-19T22:27:19+08:00 ] 183.204.250.117 /dongqiudi/admin.php?m=index&a=team_manage
INFO: [ app_begin ] --START--
INFO: Run ReadHtmlCache Behavior [ RunTime:0.000467s ]
INFO: [ app_begin ] --END-- [ RunTime:0.000562s ]
SQL: SHOW COLUMNS FROM `fc_team` [ RunTime:0.003256s ]
NOTIC: [8] Undefined index: classification /data/home/bxu2442590746/htdocs/dongqiudi/Admin/Lib/Action/IndexAction.class.php 第 300 行.
NOTIC: [8] Undefined index: name /data/home/bxu2442590746/htdocs/dongqiudi/Admin/Lib/Action/IndexAction.class.php 第 305 行.
SQL: SELECT * FROM `fc_team` WHERE ( `name` LIKE '%%' ) ORDER BY team_id desc LIMIT 0,7   [ RunTime:0.001525s ]
SQL: SELECT COUNT(*) AS tp_count FROM `fc_team` WHERE ( `name` LIKE '%%' ) LIMIT 1   [ RunTime:0.001242s ]
INFO: [ view_template ] --START--
INFO: Run LocationTemplate Behavior [ RunTime:0.000436s ]
INFO: [ view_template ] --END-- [ RunTime:0.000485s ]
INFO: [ view_parse ] --START--
NOTIC: [8] Undefined index: classification /data/home/bxu2442590746/htdocs/dongqiudi/Admin/Runtime/Cache/267b242d9475193a906cfe4ce28716ed.php 第 37 行.
NOTIC: [8] Undefined index: classification /data/home/bxu2442590746/htdocs/dongqiudi/Admin/Runtime/Cache/267b242d9475193a906cfe4ce28716ed.php 第 38 行.
NOTIC: [8] Undefined index: classification /data/home/bxu2442590746/htdocs/dongqiudi/Admin/Runtime/Cache/267b242d9475193a906cfe4ce28716ed.php 第 39 行.
NOTIC: [8] Undefined index: classification /data/home/bxu2442590746/htdocs/dongqiudi/Admin/Runtime/Cache/267b242d9475193a906cfe4ce28716ed.php 第 42 行.
NOTIC: [8] Undefined index: classification /data/home/bxu2442590746/htdocs/dongqiudi/Admin/Runtime/Cache/267b242d9475193a906cfe4ce28716ed.php 第 43 行.
NOTIC: [8] Undefined index: classification /data/home/bxu2442590746/htdocs/dongqiudi/Admin/Runtime/Cache/267b242d9475193a906cfe4ce28716ed.php 第 44 行.
NOTIC: [8] Undefined index: name /data/home/bxu2442590746/htdocs/dongqiudi/Admin/Runtime/Cache/267b242d9475193a906cfe4ce28716ed.php 第 50 行.
INFO: Run ParseTemplate Behavior [ RunTime:0.025476s ]
INFO: [ view_parse ] --END-- [ RunTime:0.025523s ]
INFO: [ view_filter ] --START--
INFO: Run ContentReplace Behavior [ RunTime:0.000378s ]
INFO: Run TokenBuild Behavior [ RunTime:0.000386s ]
INFO: Run WriteHtmlCache Behavior [ RunTime:0.000270s ]
INFO: Run ShowRuntime Behavior [ RunTime:0.000396s ]
INFO: [ view_filter ] --END-- [ RunTime:0.001553s ]
INFO: [ view_end ] --START--
INFO: Run ShowPageTrace Behavior [ RunTime:0.000466s ]
INFO: [ view_end ] --END-- [ RunTime:0.000507s ]

[ 2017-03-19T22:27:19+08:00 ] 183.204.250.117 /dongqiudi/admin.php?m=index&a=team_manage
NOTIC: [8192] Directive 'magic_quotes_gpc' is deprecated in PHP 5.3 and greater Unknown 第 0 行.

[ 2017-03-19T22:27:24+08:00 ] 183.204.250.117 /dongqiudi/admin.php?m=index&a=team_manage&p=4
INFO: [ app_begin ] --START--
INFO: Run ReadHtmlCache Behavior [ RunTime:0.000475s ]
INFO: [ app_begin ] --END-- [ RunTime:0.000568s ]
SQL: SHOW COLUMNS FROM `fc_team` [ RunTime:0.001737s ]
NOTIC: [8] Undefined index: classification /data/home/bxu2442590746/htdocs/dongqiudi/Admin/Lib/Action/IndexAction.class.php 第 300 行.
NOTIC: [8] Undefined index: name /data/home/bxu2442590746/htdocs/dongqiudi/Admin/Lib/Action/IndexAction.class.php 第 305 行.
SQL: SELECT * FROM `fc_team` WHERE ( `name` LIKE '%%' ) ORDER BY team_id desc LIMIT 21,7   [ RunTime:0.001395s ]
SQL: SELECT COUNT(*) AS tp_count FROM `fc_team` WHERE ( `name` LIKE '%%' ) LIMIT 1   [ RunTime:0.001086s ]
INFO: [ view_template ] --START--
INFO: Run LocationTemplate Behavior [ RunTime:0.000424s ]
INFO: [ view_template ] --END-- [ RunTime:0.000481s ]
INFO: [ view_parse ] --START--
NOTIC: [8] Undefined index: classification /data/home/bxu2442590746/htdocs/dongqiudi/Admin/Runtime/Cache/267b242d9475193a906cfe4ce28716ed.php 第 37 行.
NOTIC: [8] Undefined index: classification /data/home/bxu2442590746/htdocs/dongqiudi/Admin/Runtime/Cache/267b242d9475193a906cfe4ce28716ed.php 第 38 行.
NOTIC: [8] Undefined index: classification /data/home/bxu2442590746/htdocs/dongqiudi/Admin/Runtime/Cache/267b242d9475193a906cfe4ce28716ed.php 第 39 行.
NOTIC: [8] Undefined index: classification /data/home/bxu2442590746/htdocs/dongqiudi/Admin/Runtime/Cache/267b242d9475193a906cfe4ce28716ed.php 第 42 行.
NOTIC: [8] Undefined index: classification /data/home/bxu2442590746/htdocs/dongqiudi/Admin/Runtime/Cache/267b242d9475193a906cfe4ce28716ed.php 第 43 行.
NOTIC: [8] Undefined index: classification /data/home/bxu2442590746/htdocs/dongqiudi/Admin/Runtime/Cache/267b242d9475193a906cfe4ce28716ed.php 第 44 行.
NOTIC: [8] Undefined index: name /data/home/bxu2442590746/htdocs/dongqiudi/Admin/Runtime/Cache/267b242d9475193a906cfe4ce28716ed.php 第 50 行.
INFO: Run ParseTemplate Behavior [ RunTime:0.010782s ]
INFO: [ view_parse ] --END-- [ RunTime:0.010827s ]
INFO: [ view_filter ] --START--
INFO: Run ContentReplace Behavior [ RunTime:0.000398s ]
INFO: Run TokenBuild Behavior [ RunTime:0.000341s ]
INFO: Run WriteHtmlCache Behavior [ RunTime:0.000265s ]
INFO: Run ShowRuntime Behavior [ RunTime:0.000394s ]
INFO: [ view_filter ] --END-- [ RunTime:0.001517s ]
INFO: [ view_end ] --START--
INFO: Run ShowPageTrace Behavior [ RunTime:0.000497s ]
INFO: [ view_end ] --END-- [ RunTime:0.000539s ]

[ 2017-03-19T22:27:24+08:00 ] 183.204.250.117 /dongqiudi/admin.php?m=index&a=team_manage&p=4
NOTIC: [8192] Directive 'magic_quotes_gpc' is deprecated in PHP 5.3 and greater Unknown 第 0 行.

[ 2017-03-19T22:27:29+08:00 ] 183.204.250.117 /dongqiudi/admin.php?m=index&a=team_manage&p=5
INFO: [ app_begin ] --START--
INFO: Run ReadHtmlCache Behavior [ RunTime:0.000481s ]
INFO: [ app_begin ] --END-- [ RunTime:0.000576s ]
SQL: SHOW COLUMNS FROM `fc_team` [ RunTime:0.001909s ]
NOTIC: [8] Undefined index: classification /data/home/bxu2442590746/htdocs/dongqiudi/Admin/Lib/Action/IndexAction.class.php 第 300 行.
NOTIC: [8] Undefined index: name /data/home/bxu2442590746/htdocs/dongqiudi/Admin/Lib/Action/IndexAction.class.php 第 305 行.
SQL: SELECT * FROM `fc_team` WHERE ( `name` LIKE '%%' ) ORDER BY team_id desc LIMIT 28,7   [ RunTime:0.001424s ]
SQL: SELECT COUNT(*) AS tp_count FROM `fc_team` WHERE ( `name` LIKE '%%' ) LIMIT 1   [ RunTime:0.001142s ]
INFO: [ view_template ] --START--
INFO: Run LocationTemplate Behavior [ RunTime:0.000448s ]
INFO: [ view_template ] --END-- [ RunTime:0.000499s ]
INFO: [ view_parse ] --START--
NOTIC: [8] Undefined index: classification /data/home/bxu2442590746/htdocs/dongqiudi/Admin/Runtime/Cache/267b242d9475193a906cfe4ce28716ed.php 第 37 行.
NOTIC: [8] Undefined index: classification /data/home/bxu2442590746/htdocs/dongqiudi/Admin/Runtime/Cache/267b242d9475193a906cfe4ce28716ed.php 第 38 行.
NOTIC: [8] Undefined index: classification /data/home/bxu2442590746/htdocs/dongqiudi/Admin/Runtime/Cache/267b242d9475193a906cfe4ce28716ed.php 第 39 行.
NOTIC: [8] Undefined index: classification /data/home/bxu2442590746/htdocs/dongqiudi/Admin/Runtime/Cache/267b242d9475193a906cfe4ce28716ed.php 第 42 行.
NOTIC: [8] Undefined index: classification /data/home/bxu2442590746/htdocs/dongqiudi/Admin/Runtime/Cache/267b242d9475193a906cfe4ce28716ed.php 第 43 行.
NOTIC: [8] Undefined index: classification /data/home/bxu2442590746/htdocs/dongqiudi/Admin/Runtime/Cache/267b242d9475193a906cfe4ce28716ed.php 第 44 行.
NOTIC: [8] Undefined index: name /data/home/bxu2442590746/htdocs/dongqiudi/Admin/Runtime/Cache/267b242d9475193a906cfe4ce28716ed.php 第 50 行.
INFO: Run ParseTemplate Behavior [ RunTime:0.010922s ]
INFO: [ view_parse ] --END-- [ RunTime:0.010967s ]
INFO: [ view_filter ] --START--
INFO: Run ContentReplace Behavior [ RunTime:0.000380s ]
INFO: Run TokenBuild Behavior [ RunTime:0.000361s ]
INFO: Run WriteHtmlCache Behavior [ RunTime:0.000265s ]
INFO: Run ShowRuntime Behavior [ RunTime:0.000407s ]
INFO: [ view_filter ] --END-- [ RunTime:0.001533s ]
INFO: [ view_end ] --START--
INFO: Run ShowPageTrace Behavior [ RunTime:0.000486s ]
INFO: [ view_end ] --END-- [ RunTime:0.000527s ]

[ 2017-03-19T22:27:29+08:00 ] 183.204.250.117 /dongqiudi/admin.php?m=index&a=team_manage&p=5
NOTIC: [8192] Directive 'magic_quotes_gpc' is deprecated in PHP 5.3 and greater Unknown 第 0 行.

[ 2017-03-19T22:27:32+08:00 ] 183.204.250.117 /dongqiudi/admin.php?m=index&a=team_manage&p=6
INFO: [ app_begin ] --START--
INFO: Run ReadHtmlCache Behavior [ RunTime:0.000493s ]
INFO: [ app_begin ] --END-- [ RunTime:0.000605s ]
SQL: SHOW COLUMNS FROM `fc_team` [ RunTime:0.001657s ]
NOTIC: [8] Undefined index: classification /data/home/bxu2442590746/htdocs/dongqiudi/Admin/Lib/Action/IndexAction.class.php 第 300 行.
NOTIC: [8] Undefined index: name /data/home/bxu2442590746/htdocs/dongqiudi/Admin/Lib/Action/IndexAction.class.php 第 305 行.
SQL: SELECT * FROM `fc_team` WHERE ( `name` LIKE '%%' ) ORDER BY team_id desc LIMIT 35,7   [ RunTime:0.001308s ]
SQL: SELECT COUNT(*) AS tp_count FROM `fc_team` WHERE ( `name` LIKE '%%' ) LIMIT 1   [ RunTime:0.001041s ]
INFO: [ view_template ] --START--
INFO: Run LocationTemplate Behavior [ RunTime:0.000436s ]
INFO: [ view_template ] --END-- [ RunTime:0.000486s ]
INFO: [ view_parse ] --START--
NOTIC: [8] Undefined index: classification /data/home/bxu2442590746/htdocs/dongqiudi/Admin/Runtime/Cache/267b242d9475193a906cfe4ce28716ed.php 第 37 行.
NOTIC: [8] Undefined index: classification /data/home/bxu2442590746/htdocs/dongqiudi/Admin/Runtime/Cache/267b242d9475193a906cfe4ce28716ed.php 第 38 行.
NOTIC: [8] Undefined index: classification /data/home/bxu2442590746/htdocs/dongqiudi/Admin/Runtime/Cache/267b242d9475193a906cfe4ce28716ed.php 第 39 行.
NOTIC: [8] Undefined index: classification /data/home/bxu2442590746/htdocs/dongqiudi/Admin/Runtime/Cache/267b242d9475193a906cfe4ce28716ed.php 第 42 行.
NOTIC: [8] Undefined index: classification /data/home/bxu2442590746/htdocs/dongqiudi/Admin/Runtime/Cache/267b242d9475193a906cfe4ce28716ed.php 第 43 行.
NOTIC: [8] Undefined index: classification /data/home/bxu2442590746/htdocs/dongqiudi/Admin/Runtime/Cache/267b242d9475193a906cfe4ce28716ed.php 第 44 行.
NOTIC: [8] Undefined index: name /data/home/bxu2442590746/htdocs/dongqiudi/Admin/Runtime/Cache/267b242d9475193a906cfe4ce28716ed.php 第 50 行.
INFO: Run ParseTemplate Behavior [ RunTime:0.010603s ]
INFO: [ view_parse ] --END-- [ RunTime:0.010653s ]
INFO: [ view_filter ] --START--
INFO: Run ContentReplace Behavior [ RunTime:0.000340s ]
INFO: Run TokenBuild Behavior [ RunTime:0.000357s ]
INFO: Run WriteHtmlCache Behavior [ RunTime:0.001075s ]
INFO: Run ShowRuntime Behavior [ RunTime:0.000410s ]
INFO: [ view_filter ] --END-- [ RunTime:0.002320s ]
INFO: [ view_end ] --START--
INFO: Run ShowPageTrace Behavior [ RunTime:0.000510s ]
INFO: [ view_end ] --END-- [ RunTime:0.000553s ]

[ 2017-03-19T22:27:32+08:00 ] 183.204.250.117 /dongqiudi/admin.php?m=index&a=team_manage&p=6
NOTIC: [8192] Directive 'magic_quotes_gpc' is deprecated in PHP 5.3 and greater Unknown 第 0 行.

[ 2017-03-19T22:27:37+08:00 ] 183.204.250.117 /dongqiudi/admin.php?m=index&a=add_team
INFO: [ app_begin ] --START--
INFO: Run ReadHtmlCache Behavior [ RunTime:0.000549s ]
INFO: [ app_begin ] --END-- [ RunTime:0.000645s ]
SQL: SHOW COLUMNS FROM `fc_team` [ RunTime:0.001564s ]
NOTIC: [8] Undefined index: team_id /data/home/bxu2442590746/htdocs/dongqiudi/Admin/Lib/Action/IndexAction.class.php 第 231 行.
SQL: SELECT * FROM `fc_team` WHERE ( team_id = %d ) LIMIT 1   [ RunTime:0.001039s ]
ERR: You have an error in your SQL syntax; check the manual that corresponds to your MySQL server version for the right syntax to use near '%d ) LIMIT 1' at line 1
 [ SQL语句 ] : SELECT * FROM `fc_team` WHERE ( team_id = %d ) LIMIT 1  
INFO: [ view_template ] --START--
INFO: Run LocationTemplate Behavior [ RunTime:0.000426s ]
INFO: [ view_template ] --END-- [ RunTime:0.000479s ]
INFO: [ view_parse ] --START--
NOTIC: [8] Undefined index: user_id /data/home/bxu2442590746/htdocs/dongqiudi/Admin/Runtime/Cache/31e620e4439e863131d9ffe5ed920ecf.php 第 25 行.
INFO: Run ParseTemplate Behavior [ RunTime:0.008697s ]
INFO: [ view_parse ] --END-- [ RunTime:0.008747s ]
INFO: [ view_filter ] --START--
INFO: Run ContentReplace Behavior [ RunTime:0.000379s ]
INFO: Run TokenBuild Behavior [ RunTime:0.000340s ]
INFO: Run WriteHtmlCache Behavior [ RunTime:0.000265s ]
INFO: Run ShowRuntime Behavior [ RunTime:0.000430s ]
INFO: [ view_filter ] --END-- [ RunTime:0.001542s ]
INFO: [ view_end ] --START--
INFO: Run ShowPageTrace Behavior [ RunTime:0.000456s ]
INFO: [ view_end ] --END-- [ RunTime:0.000500s ]

[ 2017-03-19T22:27:37+08:00 ] 183.204.250.117 /dongqiudi/admin.php?m=index&a=add_team
NOTIC: [8192] Directive 'magic_quotes_gpc' is deprecated in PHP 5.3 and greater Unknown 第 0 行.

[ 2017-03-19T22:27:40+08:00 ] 183.204.250.117 /dongqiudi/admin.php?m=index&a=match_manage
INFO: [ app_begin ] --START--
INFO: Run ReadHtmlCache Behavior [ RunTime:0.000455s ]
INFO: [ app_begin ] --END-- [ RunTime:0.000553s ]
SQL: SHOW COLUMNS FROM `fc_match` [ RunTime:0.001783s ]
SQL: SHOW COLUMNS FROM `fc_team` [ RunTime:0.001606s ]
NOTIC: [8] Undefined index: keywords /data/home/bxu2442590746/htdocs/dongqiudi/Admin/Lib/Action/IndexAction.class.php 第 415 行.
SQL: SELECT * FROM `fc_match` ORDER BY match_id desc LIMIT 0,15   [ RunTime:0.001363s ]
SQL: SELECT * FROM `fc_team` WHERE ( team_id = 5  ) LIMIT 1   [ RunTime:0.001244s ]
SQL: SELECT * FROM `fc_team` WHERE ( team_id = 13 ) LIMIT 1   [ RunTime:0.001189s ]
SQL: SELECT * FROM `fc_team` WHERE ( team_id = 15  ) LIMIT 1   [ RunTime:0.001245s ]
SQL: SELECT * FROM `fc_team` WHERE ( team_id = 7 ) LIMIT 1   [ RunTime:0.001175s ]
SQL: SELECT * FROM `fc_team` WHERE ( team_id = 6  ) LIMIT 1   [ RunTime:0.001254s ]
SQL: SELECT * FROM `fc_team` WHERE ( team_id = 12 ) LIMIT 1   [ RunTime:0.001185s ]
SQL: SELECT * FROM `fc_team` WHERE ( team_id = 11  ) LIMIT 1   [ RunTime:0.001244s ]
SQL: SELECT * FROM `fc_team` WHERE ( team_id = 4 ) LIMIT 1   [ RunTime:0.001180s ]
SQL: SELECT * FROM `fc_team` WHERE ( team_id = 2  ) LIMIT 1   [ RunTime:0.001310s ]
SQL: SELECT * FROM `fc_team` WHERE ( team_id = 3 ) LIMIT 1   [ RunTime:0.001229s ]
SQL: SELECT * FROM `fc_team` WHERE ( team_id = 14  ) LIMIT 1   [ RunTime:0.001229s ]
SQL: SELECT * FROM `fc_team` WHERE ( team_id = 1 ) LIMIT 1   [ RunTime:0.001166s ]
SQL: SELECT * FROM `fc_team` WHERE ( team_id = 10  ) LIMIT 1   [ RunTime:0.001250s ]
SQL: SELECT * FROM `fc_team` WHERE ( team_id = 9 ) LIMIT 1   [ RunTime:0.001175s ]
SQL: SELECT * FROM `fc_team` WHERE ( team_id = 16  ) LIMIT 1   [ RunTime:0.001433s ]
SQL: SELECT * FROM `fc_team` WHERE ( team_id = 8 ) LIMIT 1   [ RunTime:0.001207s ]
SQL: SELECT * FROM `fc_team` WHERE ( team_id = 1  ) LIMIT 1   [ RunTime:0.001266s ]
SQL: SELECT * FROM `fc_team` WHERE ( team_id = 11 ) LIMIT 1   [ RunTime:0.001176s ]
SQL: SELECT * FROM `fc_team` WHERE ( team_id = 8  ) LIMIT 1   [ RunTime:0.001240s ]
SQL: SELECT * FROM `fc_team` WHERE ( team_id = 6 ) LIMIT 1   [ RunTime:0.001177s ]
SQL: SELECT * FROM `fc_team` WHERE ( team_id = 13  ) LIMIT 1   [ RunTime:0.001343s ]
SQL: SELECT * FROM `fc_team` WHERE ( team_id = 14 ) LIMIT 1   [ RunTime:0.001166s ]
SQL: SELECT * FROM `fc_team` WHERE ( team_id = 7  ) LIMIT 1   [ RunTime:0.001262s ]
SQL: SELECT * FROM `fc_team` WHERE ( team_id = 10 ) LIMIT 1   [ RunTime:0.001169s ]
SQL: SELECT * FROM `fc_team` WHERE ( team_id = 9  ) LIMIT 1   [ RunTime:0.001232s ]
SQL: SELECT * FROM `fc_team` WHERE ( team_id = 5 ) LIMIT 1   [ RunTime:0.001163s ]
SQL: SELECT * FROM `fc_team` WHERE ( team_id = 12  ) LIMIT 1   [ RunTime:0.001251s ]
SQL: SELECT * FROM `fc_team` WHERE ( team_id = 2 ) LIMIT 1   [ RunTime:0.001211s ]
SQL: SELECT * FROM `fc_team` WHERE ( team_id = 3  ) LIMIT 1   [ RunTime:0.001231s ]
SQL: SELECT * FROM `fc_team` WHERE ( team_id = 16 ) LIMIT 1   [ RunTime:0.001173s ]
SQL: SELECT COUNT(*) AS tp_count FROM `fc_match` LIMIT 1   [ RunTime:0.001208s ]
NOTIC: [8] Undefined index: match_id /data/home/bxu2442590746/htdocs/dongqiudi/Admin/Lib/Action/IndexAction.class.php 第 434 行.
NOTIC: [8] Undefined index: match_id /data/home/bxu2442590746/htdocs/dongqiudi/Admin/Lib/Action/IndexAction.class.php 第 452 行.
INFO: [ view_template ] --START--
INFO: Run LocationTemplate Behavior [ RunTime:0.000422s ]
INFO: [ view_template ] --END-- [ RunTime:0.000473s ]
INFO: [ view_parse ] --START--
NOTIC: [8] Undefined index: classification /data/home/bxu2442590746/htdocs/dongqiudi/Admin/Runtime/Cache/07c84b38c5813f225311e844865d4a22.php 第 39 行.
NOTIC: [8] Undefined index: classification /data/home/bxu2442590746/htdocs/dongqiudi/Admin/Runtime/Cache/07c84b38c5813f225311e844865d4a22.php 第 40 行.
NOTIC: [8] Undefined index: keywords /data/home/bxu2442590746/htdocs/dongqiudi/Admin/Runtime/Cache/07c84b38c5813f225311e844865d4a22.php 第 46 行.
NOTIC: [8] Use of undefined constant league_round - assumed 'league_round' /data/home/bxu2442590746/htdocs/dongqiudi/Admin/Runtime/Cache/07c84b38c5813f225311e844865d4a22.php 第 71 行.
NOTIC: [8] Use of undefined constant 直播中 - assumed '直播中' /data/home/bxu2442590746/htdocs/dongqiudi/Admin/Runtime/Cache/07c84b38c5813f225311e844865d4a22.php 第 79 行.
NOTIC: [8] Undefined index: id /data/home/bxu2442590746/htdocs/dongqiudi/Admin/Runtime/Cache/07c84b38c5813f225311e844865d4a22.php 第 95 行.
NOTIC: [8] Undefined variable: live /data/home/bxu2442590746/htdocs/dongqiudi/Admin/Runtime/Cache/07c84b38c5813f225311e844865d4a22.php 第 97 行.
NOTIC: [8] Undefined variable: live /data/home/bxu2442590746/htdocs/dongqiudi/Admin/Runtime/Cache/07c84b38c5813f225311e844865d4a22.php 第 98 行.
NOTIC: [8] Use of undefined constant league_round - assumed 'league_round' /data/home/bxu2442590746/htdocs/dongqiudi/Admin/Runtime/Cache/07c84b38c5813f225311e844865d4a22.php 第 71 行.
NOTIC: [8] Use of undefined constant 直播中 - assumed '直播中' /data/home/bxu2442590746/htdocs/dongqiudi/Admin/Runtime/Cache/07c84b38c5813f225311e844865d4a22.php 第 79 行.
NOTIC: [8] Undefined index: id /data/home/bxu2442590746/htdocs/dongqiudi/Admin/Runtime/Cache/07c84b38c5813f225311e844865d4a22.php 第 95 行.
NOTIC: [8] Undefined variable: live /data/home/bxu2442590746/htdocs/dongqiudi/Admin/Runtime/Cache/07c84b38c5813f225311e844865d4a22.php 第 97 行.
NOTIC: [8] Undefined variable: live /data/home/bxu2442590746/htdocs/dongqiudi/Admin/Runtime/Cache/07c84b38c5813f225311e844865d4a22.php 第 98 行.
NOTIC: [8] Use of undefined constant league_round - assumed 'league_round' /data/home/bxu2442590746/htdocs/dongqiudi/Admin/Runtime/Cache/07c84b38c5813f225311e844865d4a22.php 第 71 行.
NOTIC: [8] Use of undefined constant 直播中 - assumed '直播中' /data/home/bxu2442590746/htdocs/dongqiudi/Admin/Runtime/Cache/07c84b38c5813f225311e844865d4a22.php 第 79 行.
NOTIC: [8] Undefined index: id /data/home/bxu2442590746/htdocs/dongqiudi/Admin/Runtime/Cache/07c84b38c5813f225311e844865d4a22.php 第 95 行.
NOTIC: [8] Undefined variable: live /data/home/bxu2442590746/htdocs/dongqiudi/Admin/Runtime/Cache/07c84b38c5813f225311e844865d4a22.php 第 97 行.
NOTIC: [8] Undefined variable: live /data/home/bxu2442590746/htdocs/dongqiudi/Admin/Runtime/Cache/07c84b38c5813f225311e844865d4a22.php 第 98 行.
NOTIC: [8] Use of undefined constant league_round - assumed 'league_round' /data/home/bxu2442590746/htdocs/dongqiudi/Admin/Runtime/Cache/07c84b38c5813f225311e844865d4a22.php 第 71 行.
NOTIC: [8] Use of undefined constant 直播中 - assumed '直播中' /data/home/bxu2442590746/htdocs/dongqiudi/Admin/Runtime/Cache/07c84b38c5813f225311e844865d4a22.php 第 79 行.
NOTIC: [8] Undefined index: id /data/home/bxu2442590746/htdocs/dongqiudi/Admin/Runtime/Cache/07c84b38c5813f225311e844865d4a22.php 第 95 行.
NOTIC: [8] Undefined variable: live /data/home/bxu2442590746/htdocs/dongqiudi/Admin/Runtime/Cache/07c84b38c5813f225311e844865d4a22.php 第 97 行.
NOTIC: [8] Undefined variable: live /data/home/bxu2442590746/htdocs/dongqiudi/Admin/Runtime/Cache/07c84b38c5813f225311e844865d4a22.php 第 98 行.
NOTIC: [8] Use of undefined constant league_round - assumed 'league_round' /data/home/bxu2442590746/htdocs/dongqiudi/Admin/Runtime/Cache/07c84b38c5813f225311e844865d4a22.php 第 71 行.
NOTIC: [8] Use of undefined constant 直播中 - assumed '直播中' /data/home/bxu2442590746/htdocs/dongqiudi/Admin/Runtime/Cache/07c84b38c5813f225311e844865d4a22.php 第 79 行.
NOTIC: [8] Undefined index: id /data/home/bxu2442590746/htdocs/dongqiudi/Admin/Runtime/Cache/07c84b38c5813f225311e844865d4a22.php 第 95 行.
NOTIC: [8] Undefined variable: live /data/home/bxu2442590746/htdocs/dongqiudi/Admin/Runtime/Cache/07c84b38c5813f225311e844865d4a22.php 第 97 行.
NOTIC: [8] Undefined variable: live /data/home/bxu2442590746/htdocs/dongqiudi/Admin/Runtime/Cache/07c84b38c5813f225311e844865d4a22.php 第 98 行.
NOTIC: [8] Use of undefined constant league_round - assumed 'league_round' /data/home/bxu2442590746/htdocs/dongqiudi/Admin/Runtime/Cache/07c84b38c5813f225311e844865d4a22.php 第 71 行.
NOTIC: [8] Use of undefined constant 直播中 - assumed '直播中' /data/home/bxu2442590746/htdocs/dongqiudi/Admin/Runtime/Cache/07c84b38c5813f225311e844865d4a22.php 第 79 行.
NOTIC: [8] Undefined index: id /data/home/bxu2442590746/htdocs/dongqiudi/Admin/Runtime/Cache/07c84b38c5813f225311e844865d4a22.php 第 95 行.
NOTIC: [8] Undefined variable: live /data/home/bxu2442590746/htdocs/dongqiudi/Admin/Runtime/Cache/07c84b38c5813f225311e844865d4a22.php 第 97 行.
NOTIC: [8] Undefined variable: live /data/home/bxu2442590746/htdocs/dongqiudi/Admin/Runtime/Cache/07c84b38c5813f225311e844865d4a22.php 第 98 行.
NOTIC: [8] Use of undefined constant league_round - assumed 'league_round' /data/home/bxu2442590746/htdocs/dongqiudi/Admin/Runtime/Cache/07c84b38c5813f225311e844865d4a22.php 第 71 行.
NOTIC: [8] Use of undefined constant 直播中 - assumed '直播中' /data/home/bxu2442590746/htdocs/dongqiudi/Admin/Runtime/Cache/07c84b38c5813f225311e844865d4a22.php 第 79 行.
NOTIC: [8] Undefined index: id /data/home/bxu2442590746/htdocs/dongqiudi/Admin/Runtime/Cache/07c84b38c5813f225311e844865d4a22.php 第 95 行.
NOTIC: [8] Undefined variable: live /data/home/bxu2442590746/htdocs/dongqiudi/Admin/Runtime/Cache/07c84b38c5813f225311e844865d4a22.php 第 97 行.
NOTIC: [8] Undefined variable: live /data/home/bxu2442590746/htdocs/dongqiudi/Admin/Runtime/Cache/07c84b38c5813f225311e844865d4a22.php 第 98 行.
NOTIC: [8] Use of undefined constant league_round - assumed 'league_round' /data/home/bxu2442590746/htdocs/dongqiudi/Admin/Runtime/Cache/07c84b38c5813f225311e844865d4a22.php 第 71 行.
NOTIC: [8] Use of undefined constant 直播中 - assumed '直播中' /data/home/bxu2442590746/htdocs/dongqiudi/Admin/Runtime/Cache/07c84b38c5813f225311e844865d4a22.php 第 79 行.
NOTIC: [8] Undefined index: id /data/home/bxu2442590746/htdocs/dongqiudi/Admin/Runtime/Cache/07c84b38c5813f225311e844865d4a22.php 第 95 行.
NOTIC: [8] Undefined variable: live /data/home/bxu2442590746/htdocs/dongqiudi/Admin/Runtime/Cache/07c84b38c5813f225311e844865d4a22.php 第 97 行.
NOTIC: [8] Undefined variable: live /data/home/bxu2442590746/htdocs/dongqiudi/Admin/Runtime/Cache/07c84b38c5813f225311e844865d4a22.php 第 98 行.
NOTIC: [8] Use of undefined constant league_round - assumed 'league_round' /data/home/bxu2442590746/htdocs/dongqiudi/Admin/Runtime/Cache/07c84b38c5813f225311e844865d4a22.php 第 71 行.
NOTIC: [8] Use of undefined constant 直播中 - assumed '直播中' /data/home/bxu2442590746/htdocs/dongqiudi/Admin/Runtime/Cache/07c84b38c5813f225311e844865d4a22.php 第 79 行.
NOTIC: [8] Undefined index: id /data/home/bxu2442590746/htdocs/dongqiudi/Admin/Runtime/Cache/07c84b38c5813f225311e844865d4a22.php 第 95 行.
NOTIC: [8] Use of undefined constant league_round - assumed 'league_round' /data/home/bxu2442590746/htdocs/dongqiudi/Admin/Runtime/Cache/07c84b38c5813f225311e844865d4a22.php 第 71 行.
NOTIC: [8] Use of undefined constant 直播中 - assumed '直播中' /data/home/bxu2442590746/htdocs/dongqiudi/Admin/Runtime/Cache/07c84b38c5813f225311e844865d4a22.php 第 79 行.
NOTIC: [8] Undefined index: id /data/home/bxu2442590746/htdocs/dongqiudi/Admin/Runtime/Cache/07c84b38c5813f225311e844865d4a22.php 第 95 行.
NOTIC: [8] Use of undefined constant league_round - assumed 'league_round' /data/home/bxu2442590746/htdocs/dongqiudi/Admin/Runtime/Cache/07c84b38c5813f225311e844865d4a22.php 第 71 行.
NOTIC: [8] Use of undefined constant 直播中 - assumed '直播中' /data/home/bxu2442590746/htdocs/dongqiudi/Admin/Runtime/Cache/07c84b38c5813f225311e844865d4a22.php 第 79 行.
NOTIC: [8] Undefined index: id /data/home/bxu2442590746/htdocs/dongqiudi/Admin/Runtime/Cache/07c84b38c5813f225311e844865d4a22.php 第 95 行.
NOTIC: [8] Use of undefined constant league_round - assumed 'league_round' /data/home/bxu2442590746/htdocs/dongqiudi/Admin/Runtime/Cache/07c84b38c5813f225311e844865d4a22.php 第 71 行.
NOTIC: [8] Use of undefined constant 直播中 - assumed '直播中' /data/home/bxu2442590746/htdocs/dongqiudi/Admin/Runtime/Cache/07c84b38c5813f225311e844865d4a22.php 第 79 行.
NOTIC: [8] Undefined index: id /data/home/bxu2442590746/htdocs/dongqiudi/Admin/Runtime/Cache/07c84b38c5813f225311e844865d4a22.php 第 95 行.
NOTIC: [8] Use of undefined constant league_round - assumed 'league_round' /data/home/bxu2442590746/htdocs/dongqiudi/Admin/Runtime/Cache/07c84b38c5813f225311e844865d4a22.php 第 71 行.
NOTIC: [8] Use of undefined constant 直播中 - assumed '直播中' /data/home/bxu2442590746/htdocs/dongqiudi/Admin/Runtime/Cache/07c84b38c5813f225311e844865d4a22.php 第 79 行.
NOTIC: [8] Undefined index: id /data/home/bxu2442590746/htdocs/dongqiudi/Admin/Runtime/Cache/07c84b38c5813f225311e844865d4a22.php 第 95 行.
NOTIC: [8] Use of undefined constant league_round - assumed 'league_round' /data/home/bxu2442590746/htdocs/dongqiudi/Admin/Runtime/Cache/07c84b38c5813f225311e844865d4a22.php 第 71 行.
NOTIC: [8] Use of undefined constant 直播中 - assumed '直播中' /data/home/bxu2442590746/htdocs/dongqiudi/Admin/Runtime/Cache/07c84b38c5813f225311e844865d4a22.php 第 79 行.
NOTIC: [8] Undefined index: id /data/home/bxu2442590746/htdocs/dongqiudi/Admin/Runtime/Cache/07c84b38c5813f225311e844865d4a22.php 第 95 行.
NOTIC: [8] Use of undefined constant league_round - assumed 'league_round' /data/home/bxu2442590746/htdocs/dongqiudi/Admin/Runtime/Cache/07c84b38c5813f225311e844865d4a22.php 第 71 行.
NOTIC: [8] Use of undefined constant 直播中 - assumed '直播中' /data/home/bxu2442590746/htdocs/dongqiudi/Admin/Runtime/Cache/07c84b38c5813f225311e844865d4a22.php 第 79 行.
NOTIC: [8] Undefined index: id /data/home/bxu2442590746/htdocs/dongqiudi/Admin/Runtime/Cache/07c84b38c5813f225311e844865d4a22.php 第 95 行.
INFO: Run ParseTemplate Behavior [ RunTime:0.093473s ]
INFO: [ view_parse ] --END-- [ RunTime:0.093519s ]
INFO: [ view_filter ] --START--
INFO: Run ContentReplace Behavior [ RunTime:0.000417s ]
INFO: Run TokenBuild Behavior [ RunTime:0.000351s ]
INFO: Run WriteHtmlCache Behavior [ RunTime:0.000291s ]
INFO: Run ShowRuntime Behavior [ RunTime:0.000385s ]
INFO: [ view_filter ] --END-- [ RunTime:0.001565s ]
INFO: [ view_end ] --START--
INFO: Run ShowPageTrace Behavior [ RunTime:0.000475s ]
INFO: [ view_end ] --END-- [ RunTime:0.000517s ]

[ 2017-03-19T22:27:40+08:00 ] 183.204.250.117 /dongqiudi/admin.php?m=index&a=match_manage
NOTIC: [8192] Directive 'magic_quotes_gpc' is deprecated in PHP 5.3 and greater Unknown 第 0 行.

[ 2017-03-19T22:27:42+08:00 ] 183.204.250.117 /dongqiudi/admin.php?m=index&a=add_team
INFO: [ app_begin ] --START--
INFO: Run ReadHtmlCache Behavior [ RunTime:0.000453s ]
INFO: [ app_begin ] --END-- [ RunTime:0.000548s ]
SQL: SHOW COLUMNS FROM `fc_team` [ RunTime:0.001744s ]
NOTIC: [8] Undefined index: team_id /data/home/bxu2442590746/htdocs/dongqiudi/Admin/Lib/Action/IndexAction.class.php 第 231 行.
SQL: SELECT * FROM `fc_team` WHERE ( team_id = %d ) LIMIT 1   [ RunTime:0.001067s ]
ERR: You have an error in your SQL syntax; check the manual that corresponds to your MySQL server version for the right syntax to use near '%d ) LIMIT 1' at line 1
 [ SQL语句 ] : SELECT * FROM `fc_team` WHERE ( team_id = %d ) LIMIT 1  
INFO: [ view_template ] --START--
INFO: Run LocationTemplate Behavior [ RunTime:0.000449s ]
INFO: [ view_template ] --END-- [ RunTime:0.000500s ]
INFO: [ view_parse ] --START--
NOTIC: [8] Undefined index: user_id /data/home/bxu2442590746/htdocs/dongqiudi/Admin/Runtime/Cache/31e620e4439e863131d9ffe5ed920ecf.php 第 25 行.
INFO: Run ParseTemplate Behavior [ RunTime:0.008653s ]
INFO: [ view_parse ] --END-- [ RunTime:0.008704s ]
INFO: [ view_filter ] --START--
INFO: Run ContentReplace Behavior [ RunTime:0.000365s ]
INFO: Run TokenBuild Behavior [ RunTime:0.000336s ]
INFO: Run WriteHtmlCache Behavior [ RunTime:0.000290s ]
INFO: Run ShowRuntime Behavior [ RunTime:0.000410s ]
INFO: [ view_filter ] --END-- [ RunTime:0.001526s ]
INFO: [ view_end ] --START--
INFO: Run ShowPageTrace Behavior [ RunTime:0.000485s ]
INFO: [ view_end ] --END-- [ RunTime:0.000530s ]

[ 2017-03-19T22:27:42+08:00 ] 183.204.250.117 /dongqiudi/admin.php?m=index&a=add_team
NOTIC: [8192] Directive 'magic_quotes_gpc' is deprecated in PHP 5.3 and greater Unknown 第 0 行.

[ 2017-03-19T22:27:43+08:00 ] 183.204.250.117 /dongqiudi/admin.php?m=index&a=add
INFO: [ app_begin ] --START--
INFO: Run ReadHtmlCache Behavior [ RunTime:0.000503s ]
INFO: [ app_begin ] --END-- [ RunTime:0.000624s ]
SQL: SHOW COLUMNS FROM `fc_news` [ RunTime:0.001657s ]
SQL: SHOW COLUMNS FROM `fc_news_data` [ RunTime:0.001365s ]
NOTIC: [8] Undefined index: id /data/home/bxu2442590746/htdocs/dongqiudi/Admin/Lib/Action/IndexAction.class.php 第 79 行.
SQL: SELECT * FROM fc_news n LEFT JOIN fc_news_data as d on n.id = d.id WHERE ( n.id = %d ) LIMIT 1   [ RunTime:0.001150s ]
ERR: You have an error in your SQL syntax; check the manual that corresponds to your MySQL server version for the right syntax to use near '%d ) LIMIT 1' at line 1
 [ SQL语句 ] : SELECT * FROM fc_news n LEFT JOIN fc_news_data as d on n.id = d.id WHERE ( n.id = %d ) LIMIT 1  
INFO: [ view_template ] --START--
INFO: Run LocationTemplate Behavior [ RunTime:0.000473s ]
INFO: [ view_template ] --END-- [ RunTime:0.000528s ]
INFO: [ view_parse ] --START--
NOTIC: [8] Undefined index: user_id /data/home/bxu2442590746/htdocs/dongqiudi/Admin/Runtime/Cache/cbcf4388101292f27eb9b214ccec63b6.php 第 23 行.
NOTIC: [8] Undefined variable: jis /data/home/bxu2442590746/htdocs/dongqiudi/Admin/Runtime/Cache/cbcf4388101292f27eb9b214ccec63b6.php 第 104 行.
INFO: Run ParseTemplate Behavior [ RunTime:0.010488s ]
INFO: [ view_parse ] --END-- [ RunTime:0.010536s ]
INFO: [ view_filter ] --START--
INFO: Run ContentReplace Behavior [ RunTime:0.000365s ]
INFO: Run TokenBuild Behavior [ RunTime:0.000355s ]
INFO: Run WriteHtmlCache Behavior [ RunTime:0.000300s ]
INFO: Run ShowRuntime Behavior [ RunTime:0.000432s ]
INFO: [ view_filter ] --END-- [ RunTime:0.001575s ]
INFO: [ view_end ] --START--
INFO: Run ShowPageTrace Behavior [ RunTime:0.000532s ]
INFO: [ view_end ] --END-- [ RunTime:0.000574s ]

[ 2017-03-19T22:27:43+08:00 ] 183.204.250.117 /dongqiudi/admin.php?m=index&a=add
NOTIC: [8192] Directive 'magic_quotes_gpc' is deprecated in PHP 5.3 and greater Unknown 第 0 行.

[ 2017-03-19T22:27:49+08:00 ] 183.204.250.117 /dongqiudi/admin.php?m=index&a=add_match
INFO: [ app_begin ] --START--
INFO: Run ReadHtmlCache Behavior [ RunTime:0.000434s ]
INFO: [ app_begin ] --END-- [ RunTime:0.000546s ]
SQL: SHOW COLUMNS FROM `fc_match` [ RunTime:0.001857s ]
SQL: SHOW COLUMNS FROM `fc_team` [ RunTime:0.001601s ]
SQL: SELECT * FROM `fc_team` WHERE ( league = "中超" )  [ RunTime:0.001358s ]
SQL: SELECT * FROM `fc_team` WHERE ( league = "英超" )  [ RunTime:0.001329s ]
SQL: SELECT * FROM `fc_team` WHERE ( league = "西甲" )  [ RunTime:0.001299s ]
SQL: SELECT * FROM `fc_team` WHERE ( league = "德甲" )  [ RunTime:0.001264s ]
SQL: SELECT * FROM `fc_team` WHERE ( league = "意甲" )  [ RunTime:0.001244s ]
SQL: SELECT * FROM `fc_team` WHERE ( league = "法甲" )  [ RunTime:0.001249s ]
INFO: [ view_template ] --START--
INFO: Run LocationTemplate Behavior [ RunTime:0.000426s ]
INFO: [ view_template ] --END-- [ RunTime:0.000471s ]
INFO: [ view_parse ] --START--
NOTIC: [8] Undefined variable: result /data/home/bxu2442590746/htdocs/dongqiudi/Admin/Runtime/Cache/b3fe654e479a53a9140b3a15bb61a5e9.php 第 95 行.
NOTIC: [8] Undefined variable: result /data/home/bxu2442590746/htdocs/dongqiudi/Admin/Runtime/Cache/b3fe654e479a53a9140b3a15bb61a5e9.php 第 98 行.
NOTIC: [8] Undefined variable: result /data/home/bxu2442590746/htdocs/dongqiudi/Admin/Runtime/Cache/b3fe654e479a53a9140b3a15bb61a5e9.php 第 140 行.
NOTIC: [8] Undefined variable: result /data/home/bxu2442590746/htdocs/dongqiudi/Admin/Runtime/Cache/b3fe654e479a53a9140b3a15bb61a5e9.php 第 143 行.
NOTIC: [8] Undefined variable: page /data/home/bxu2442590746/htdocs/dongqiudi/Admin/Runtime/Cache/b3fe654e479a53a9140b3a15bb61a5e9.php 第 157 行.
INFO: Run ParseTemplate Behavior [ RunTime:0.072855s ]
INFO: [ view_parse ] --END-- [ RunTime:0.072900s ]
INFO: [ view_filter ] --START--
INFO: Run ContentReplace Behavior [ RunTime:0.000355s ]
INFO: Run TokenBuild Behavior [ RunTime:0.000330s ]
INFO: Run WriteHtmlCache Behavior [ RunTime:0.000260s ]
INFO: Run ShowRuntime Behavior [ RunTime:0.000383s ]
INFO: [ view_filter ] --END-- [ RunTime:0.001464s ]
INFO: [ view_end ] --START--
INFO: Run ShowPageTrace Behavior [ RunTime:0.000459s ]
INFO: [ view_end ] --END-- [ RunTime:0.000499s ]

[ 2017-03-19T22:27:49+08:00 ] 183.204.250.117 /dongqiudi/admin.php?m=index&a=add_match
NOTIC: [8192] Directive 'magic_quotes_gpc' is deprecated in PHP 5.3 and greater Unknown 第 0 行.

[ 2017-03-19T22:27:51+08:00 ] 183.204.250.117 /dongqiudi/admin.php?m=index&a=cate
INFO: [ app_begin ] --START--
INFO: Run ReadHtmlCache Behavior [ RunTime:0.000470s ]
INFO: [ app_begin ] --END-- [ RunTime:0.000570s ]
INFO: [ view_template ] --START--
INFO: Run LocationTemplate Behavior [ RunTime:0.000420s ]
INFO: [ view_template ] --END-- [ RunTime:0.000492s ]
INFO: [ view_parse ] --START--
INFO: Run ParseTemplate Behavior [ RunTime:0.050998s ]
INFO: [ view_parse ] --END-- [ RunTime:0.051059s ]
INFO: [ view_filter ] --START--
INFO: Run ContentReplace Behavior [ RunTime:0.000375s ]
INFO: Run TokenBuild Behavior [ RunTime:0.000341s ]
INFO: Run WriteHtmlCache Behavior [ RunTime:0.000308s ]
INFO: Run ShowRuntime Behavior [ RunTime:0.000681s ]
INFO: [ view_filter ] --END-- [ RunTime:0.001951s ]
INFO: [ view_end ] --START--
INFO: Run ShowPageTrace Behavior [ RunTime:0.000481s ]
INFO: [ view_end ] --END-- [ RunTime:0.000525s ]

[ 2017-03-19T22:27:51+08:00 ] 183.204.250.117 /dongqiudi/admin.php?m=index&a=cate
NOTIC: [8192] Directive 'magic_quotes_gpc' is deprecated in PHP 5.3 and greater Unknown 第 0 行.

