[ 2017-04-15T22:31:00+08:00 ] 171.12.11.187 /dongqiudi/admin.php
INFO: [ app_begin ] --START--
INFO: Run ReadHtmlCache Behavior [ RunTime:0.000492s ]
INFO: [ app_begin ] --END-- [ RunTime:0.000585s ]
INFO: [ view_template ] --START--
INFO: Run LocationTemplate Behavior [ RunTime:0.000521s ]
INFO: [ view_template ] --END-- [ RunTime:0.000579s ]
INFO: [ view_parse ] --START--
INFO: Run ParseTemplate Behavior [ RunTime:0.005562s ]
INFO: [ view_parse ] --END-- [ RunTime:0.005619s ]
INFO: [ view_filter ] --START--
INFO: Run ContentReplace Behavior [ RunTime:0.000341s ]
INFO: Run TokenBuild Behavior [ RunTime:0.000384s ]
INFO: Run WriteHtmlCache Behavior [ RunTime:0.000289s ]
INFO: Run ShowRuntime Behavior [ RunTime:0.000433s ]
INFO: [ view_filter ] --END-- [ RunTime:0.001569s ]
INFO: [ view_end ] --START--
INFO: Run ShowPageTrace Behavior [ RunTime:0.000535s ]
INFO: [ view_end ] --END-- [ RunTime:0.000579s ]
NOTIC: [8192] Directive 'magic_quotes_gpc' is deprecated in PHP 5.3 and greater Unknown 第 0 行.

[ 2017-04-15T22:31:02+08:00 ] 171.12.11.187 /dongqiudi/admin.php?m=user&a=login
INFO: [ app_begin ] --START--
INFO: Run ReadHtmlCache Behavior [ RunTime:0.000520s ]
INFO: [ app_begin ] --END-- [ RunTime:0.000632s ]
SQL: SHOW COLUMNS FROM `fc_user` [ RunTime:0.001651s ]
INFO: [ view_template ] --START--
INFO: Run LocationTemplate Behavior [ RunTime:0.000559s ]
INFO: [ view_template ] --END-- [ RunTime:0.000615s ]
INFO: [ view_parse ] --START--
INFO: Run ParseTemplate Behavior [ RunTime:0.005785s ]
INFO: [ view_parse ] --END-- [ RunTime:0.005840s ]
INFO: [ view_filter ] --START--
INFO: Run ContentReplace Behavior [ RunTime:0.000374s ]
INFO: Run TokenBuild Behavior [ RunTime:0.000408s ]
INFO: Run WriteHtmlCache Behavior [ RunTime:0.000309s ]
INFO: Run ShowRuntime Behavior [ RunTime:0.000422s ]
INFO: [ view_filter ] --END-- [ RunTime:0.001668s ]
INFO: [ view_end ] --START--
INFO: Run ShowPageTrace Behavior [ RunTime:0.000690s ]
INFO: [ view_end ] --END-- [ RunTime:0.000736s ]

[ 2017-04-15T22:31:02+08:00 ] 171.12.11.187 /dongqiudi/admin.php?m=user&a=login
NOTIC: [8192] Directive 'magic_quotes_gpc' is deprecated in PHP 5.3 and greater Unknown 第 0 行.

[ 2017-04-15T22:31:02+08:00 ] 171.12.11.187 /dongqiudi/admin.php/Public/verify/
INFO: [ route_check ] --START--
INFO: Run CheckRoute Behavior [ RunTime:0.000646s ]
INFO: [ route_check ] --END-- [ RunTime:0.000747s ]
INFO: [ app_begin ] --START--
INFO: Run ReadHtmlCache Behavior [ RunTime:0.000468s ]
INFO: [ app_begin ] --END-- [ RunTime:0.000520s ]

[ 2017-04-15T22:31:02+08:00 ] 171.12.11.187 /dongqiudi/admin.php/Public/verify/
NOTIC: [8192] Directive 'magic_quotes_gpc' is deprecated in PHP 5.3 and greater Unknown 第 0 行.

[ 2017-04-15T22:31:10+08:00 ] 171.12.11.187 /dongqiudi/admin.php?m=user&a=login
INFO: [ app_begin ] --START--
INFO: Run ReadHtmlCache Behavior [ RunTime:0.000482s ]
INFO: [ app_begin ] --END-- [ RunTime:0.000581s ]
SQL: SHOW COLUMNS FROM `fc_user` [ RunTime:0.001683s ]
SQL: SELECT * FROM `fc_user` WHERE ( username = "admin" ) LIMIT 1   [ RunTime:0.001641s ]
INFO: [ view_template ] --START--
INFO: Run LocationTemplate Behavior [ RunTime:0.000522s ]
INFO: [ view_template ] --END-- [ RunTime:0.000569s ]
INFO: [ view_parse ] --START--
INFO: Run ParseTemplate Behavior [ RunTime:0.006411s ]
INFO: [ view_parse ] --END-- [ RunTime:0.006486s ]
INFO: [ view_filter ] --START--
INFO: Run ContentReplace Behavior [ RunTime:0.000336s ]
INFO: Run TokenBuild Behavior [ RunTime:0.000377s ]
INFO: Run WriteHtmlCache Behavior [ RunTime:0.000276s ]
INFO: Run ShowRuntime Behavior [ RunTime:0.000424s ]
INFO: [ view_filter ] --END-- [ RunTime:0.001551s ]
INFO: [ view_end ] --START--
INFO: Run ShowPageTrace Behavior [ RunTime:0.000520s ]
INFO: [ view_end ] --END-- [ RunTime:0.000565s ]
NOTIC: [8192] Directive 'magic_quotes_gpc' is deprecated in PHP 5.3 and greater Unknown 第 0 行.

[ 2017-04-15T22:31:12+08:00 ] 171.12.11.187 /dongqiudi/admin.php?m=index&a=index
INFO: [ app_begin ] --START--
INFO: Run ReadHtmlCache Behavior [ RunTime:0.000527s ]
INFO: [ app_begin ] --END-- [ RunTime:0.000624s ]
INFO: [ view_template ] --START--
INFO: Run LocationTemplate Behavior [ RunTime:0.000462s ]
INFO: [ view_template ] --END-- [ RunTime:0.000514s ]
INFO: [ view_parse ] --START--
INFO: Run ParseTemplate Behavior [ RunTime:0.009061s ]
INFO: [ view_parse ] --END-- [ RunTime:0.009111s ]
INFO: [ view_filter ] --START--
INFO: Run ContentReplace Behavior [ RunTime:0.000357s ]
INFO: Run TokenBuild Behavior [ RunTime:0.000391s ]
INFO: Run WriteHtmlCache Behavior [ RunTime:0.000282s ]
INFO: Run ShowRuntime Behavior [ RunTime:0.000424s ]
INFO: [ view_filter ] --END-- [ RunTime:0.001590s ]
INFO: [ view_end ] --START--
INFO: Run ShowPageTrace Behavior [ RunTime:0.000488s ]
INFO: [ view_end ] --END-- [ RunTime:0.000533s ]

[ 2017-04-15T22:31:12+08:00 ] 171.12.11.187 /dongqiudi/admin.php?m=index&a=index
NOTIC: [8192] Directive 'magic_quotes_gpc' is deprecated in PHP 5.3 and greater Unknown 第 0 行.

[ 2017-04-15T22:31:13+08:00 ] 171.12.11.187 /dongqiudi/admin.php?m=index&a=pass
INFO: [ app_begin ] --START--
INFO: Run ReadHtmlCache Behavior [ RunTime:0.000486s ]
INFO: [ app_begin ] --END-- [ RunTime:0.000578s ]
INFO: [ view_template ] --START--
INFO: Run LocationTemplate Behavior [ RunTime:0.000419s ]
INFO: [ view_template ] --END-- [ RunTime:0.000472s ]
INFO: [ view_parse ] --START--
INFO: Run ParseTemplate Behavior [ RunTime:0.006276s ]
INFO: [ view_parse ] --END-- [ RunTime:0.006332s ]
INFO: [ view_filter ] --START--
INFO: Run ContentReplace Behavior [ RunTime:0.000352s ]
INFO: Run TokenBuild Behavior [ RunTime:0.000339s ]
INFO: Run WriteHtmlCache Behavior [ RunTime:0.000304s ]
INFO: Run ShowRuntime Behavior [ RunTime:0.000395s ]
INFO: [ view_filter ] --END-- [ RunTime:0.001515s ]
INFO: [ view_end ] --START--
INFO: Run ShowPageTrace Behavior [ RunTime:0.000503s ]
INFO: [ view_end ] --END-- [ RunTime:0.000548s ]

[ 2017-04-15T22:31:13+08:00 ] 171.12.11.187 /dongqiudi/admin.php?m=index&a=pass
NOTIC: [8192] Directive 'magic_quotes_gpc' is deprecated in PHP 5.3 and greater Unknown 第 0 行.

[ 2017-04-15T22:31:16+08:00 ] 171.12.11.187 /dongqiudi/admin.php?m=index&a=match_manage
INFO: [ app_begin ] --START--
INFO: Run ReadHtmlCache Behavior [ RunTime:0.000486s ]
INFO: [ app_begin ] --END-- [ RunTime:0.000579s ]
SQL: SHOW COLUMNS FROM `fc_match` [ RunTime:0.001957s ]
SQL: SHOW COLUMNS FROM `fc_team` [ RunTime:0.001700s ]
NOTIC: [8] Undefined index: keywords /data/home/bxu2442590746/htdocs/dongqiudi/Admin/Lib/Action/IndexAction.class.php 第 445 行.
SQL: SELECT * FROM `fc_match` ORDER BY match_id desc LIMIT 0,15   [ RunTime:0.001358s ]
SQL: SELECT * FROM `fc_team` WHERE ( team_id = 1  ) LIMIT 1   [ RunTime:0.001253s ]
SQL: SELECT * FROM `fc_team` WHERE ( team_id = 4 ) LIMIT 1   [ RunTime:0.001319s ]
SQL: SELECT * FROM `fc_team` WHERE ( team_id = 6  ) LIMIT 1   [ RunTime:0.001296s ]
SQL: SELECT * FROM `fc_team` WHERE ( team_id = 13 ) LIMIT 1   [ RunTime:0.001245s ]
SQL: SELECT * FROM `fc_team` WHERE ( team_id = 7  ) LIMIT 1   [ RunTime:0.001261s ]
SQL: SELECT * FROM `fc_team` WHERE ( team_id = 9 ) LIMIT 1   [ RunTime:0.001242s ]
SQL: SELECT * FROM `fc_team` WHERE ( team_id = 14  ) LIMIT 1   [ RunTime:0.001295s ]
SQL: SELECT * FROM `fc_team` WHERE ( team_id = 16 ) LIMIT 1   [ RunTime:0.001241s ]
SQL: SELECT * FROM `fc_team` WHERE ( team_id = 6  ) LIMIT 1   [ RunTime:0.001206s ]
SQL: SELECT * FROM `fc_team` WHERE ( team_id = 11 ) LIMIT 1   [ RunTime:0.001266s ]
SQL: SELECT * FROM `fc_team` WHERE ( team_id = 10  ) LIMIT 1   [ RunTime:0.001246s ]
SQL: SELECT * FROM `fc_team` WHERE ( team_id = 13 ) LIMIT 1   [ RunTime:0.001186s ]
SQL: SELECT * FROM `fc_team` WHERE ( team_id = 2  ) LIMIT 1   [ RunTime:0.001240s ]
SQL: SELECT * FROM `fc_team` WHERE ( team_id = 8 ) LIMIT 1   [ RunTime:0.001267s ]
SQL: SELECT * FROM `fc_team` WHERE ( team_id = 9  ) LIMIT 1   [ RunTime:0.001286s ]
SQL: SELECT * FROM `fc_team` WHERE ( team_id = 15 ) LIMIT 1   [ RunTime:0.001318s ]
SQL: SELECT * FROM `fc_team` WHERE ( team_id = 3  ) LIMIT 1   [ RunTime:0.001375s ]
SQL: SELECT * FROM `fc_team` WHERE ( team_id = 12 ) LIMIT 1   [ RunTime:0.001275s ]
SQL: SELECT * FROM `fc_team` WHERE ( team_id = 5  ) LIMIT 1   [ RunTime:0.001301s ]
SQL: SELECT * FROM `fc_team` WHERE ( team_id = 1 ) LIMIT 1   [ RunTime:0.001281s ]
SQL: SELECT * FROM `fc_team` WHERE ( team_id = 4  ) LIMIT 1   [ RunTime:0.001271s ]
SQL: SELECT * FROM `fc_team` WHERE ( team_id = 7 ) LIMIT 1   [ RunTime:0.001266s ]
SQL: SELECT * FROM `fc_team` WHERE ( team_id = 5  ) LIMIT 1   [ RunTime:0.001174s ]
SQL: SELECT * FROM `fc_team` WHERE ( team_id = 13 ) LIMIT 1   [ RunTime:0.001216s ]
SQL: SELECT * FROM `fc_team` WHERE ( team_id = 15  ) LIMIT 1   [ RunTime:0.001287s ]
SQL: SELECT * FROM `fc_team` WHERE ( team_id = 7 ) LIMIT 1   [ RunTime:0.001177s ]
SQL: SELECT * FROM `fc_team` WHERE ( team_id = 6  ) LIMIT 1   [ RunTime:0.001195s ]
SQL: SELECT * FROM `fc_team` WHERE ( team_id = 12 ) LIMIT 1   [ RunTime:0.001203s ]
SQL: SELECT * FROM `fc_team` WHERE ( team_id = 11  ) LIMIT 1   [ RunTime:0.001315s ]
SQL: SELECT * FROM `fc_team` WHERE ( team_id = 4 ) LIMIT 1   [ RunTime:0.001180s ]
SQL: SELECT COUNT(*) AS tp_count FROM `fc_match` LIMIT 1   [ RunTime:0.001202s ]
NOTIC: [8] Undefined index: match_id /data/home/bxu2442590746/htdocs/dongqiudi/Admin/Lib/Action/IndexAction.class.php 第 464 行.
NOTIC: [8] Undefined index: match_id /data/home/bxu2442590746/htdocs/dongqiudi/Admin/Lib/Action/IndexAction.class.php 第 482 行.
INFO: [ view_template ] --START--
INFO: Run LocationTemplate Behavior [ RunTime:0.000447s ]
INFO: [ view_template ] --END-- [ RunTime:0.000490s ]
INFO: [ view_parse ] --START--
NOTIC: [8] Undefined index: classification /data/home/bxu2442590746/htdocs/dongqiudi/Admin/Runtime/Cache/07c84b38c5813f225311e844865d4a22.php 第 41 行.
NOTIC: [8] Undefined index: classification /data/home/bxu2442590746/htdocs/dongqiudi/Admin/Runtime/Cache/07c84b38c5813f225311e844865d4a22.php 第 42 行.
NOTIC: [8] Undefined index: keywords /data/home/bxu2442590746/htdocs/dongqiudi/Admin/Runtime/Cache/07c84b38c5813f225311e844865d4a22.php 第 48 行.
NOTIC: [8] Use of undefined constant league_round - assumed 'league_round' /data/home/bxu2442590746/htdocs/dongqiudi/Admin/Runtime/Cache/07c84b38c5813f225311e844865d4a22.php 第 73 行.
NOTIC: [8] Undefined index: id /data/home/bxu2442590746/htdocs/dongqiudi/Admin/Runtime/Cache/07c84b38c5813f225311e844865d4a22.php 第 97 行.
NOTIC: [8] Use of undefined constant league_round - assumed 'league_round' /data/home/bxu2442590746/htdocs/dongqiudi/Admin/Runtime/Cache/07c84b38c5813f225311e844865d4a22.php 第 73 行.
NOTIC: [8] Undefined index: id /data/home/bxu2442590746/htdocs/dongqiudi/Admin/Runtime/Cache/07c84b38c5813f225311e844865d4a22.php 第 97 行.
NOTIC: [8] Use of undefined constant league_round - assumed 'league_round' /data/home/bxu2442590746/htdocs/dongqiudi/Admin/Runtime/Cache/07c84b38c5813f225311e844865d4a22.php 第 73 行.
NOTIC: [8] Undefined index: id /data/home/bxu2442590746/htdocs/dongqiudi/Admin/Runtime/Cache/07c84b38c5813f225311e844865d4a22.php 第 97 行.
NOTIC: [8] Use of undefined constant league_round - assumed 'league_round' /data/home/bxu2442590746/htdocs/dongqiudi/Admin/Runtime/Cache/07c84b38c5813f225311e844865d4a22.php 第 73 行.
NOTIC: [8] Use of undefined constant 直播中 - assumed '直播中' /data/home/bxu2442590746/htdocs/dongqiudi/Admin/Runtime/Cache/07c84b38c5813f225311e844865d4a22.php 第 81 行.
NOTIC: [8] Undefined index: id /data/home/bxu2442590746/htdocs/dongqiudi/Admin/Runtime/Cache/07c84b38c5813f225311e844865d4a22.php 第 97 行.
NOTIC: [8] Use of undefined constant league_round - assumed 'league_round' /data/home/bxu2442590746/htdocs/dongqiudi/Admin/Runtime/Cache/07c84b38c5813f225311e844865d4a22.php 第 73 行.
NOTIC: [8] Use of undefined constant 直播中 - assumed '直播中' /data/home/bxu2442590746/htdocs/dongqiudi/Admin/Runtime/Cache/07c84b38c5813f225311e844865d4a22.php 第 81 行.
NOTIC: [8] Undefined index: id /data/home/bxu2442590746/htdocs/dongqiudi/Admin/Runtime/Cache/07c84b38c5813f225311e844865d4a22.php 第 97 行.
NOTIC: [8] Use of undefined constant league_round - assumed 'league_round' /data/home/bxu2442590746/htdocs/dongqiudi/Admin/Runtime/Cache/07c84b38c5813f225311e844865d4a22.php 第 73 行.
NOTIC: [8] Use of undefined constant 直播中 - assumed '直播中' /data/home/bxu2442590746/htdocs/dongqiudi/Admin/Runtime/Cache/07c84b38c5813f225311e844865d4a22.php 第 81 行.
NOTIC: [8] Undefined index: id /data/home/bxu2442590746/htdocs/dongqiudi/Admin/Runtime/Cache/07c84b38c5813f225311e844865d4a22.php 第 97 行.
NOTIC: [8] Use of undefined constant league_round - assumed 'league_round' /data/home/bxu2442590746/htdocs/dongqiudi/Admin/Runtime/Cache/07c84b38c5813f225311e844865d4a22.php 第 73 行.
NOTIC: [8] Use of undefined constant 直播中 - assumed '直播中' /data/home/bxu2442590746/htdocs/dongqiudi/Admin/Runtime/Cache/07c84b38c5813f225311e844865d4a22.php 第 81 行.
NOTIC: [8] Undefined index: id /data/home/bxu2442590746/htdocs/dongqiudi/Admin/Runtime/Cache/07c84b38c5813f225311e844865d4a22.php 第 97 行.
NOTIC: [8] Use of undefined constant league_round - assumed 'league_round' /data/home/bxu2442590746/htdocs/dongqiudi/Admin/Runtime/Cache/07c84b38c5813f225311e844865d4a22.php 第 73 行.
NOTIC: [8] Use of undefined constant 直播中 - assumed '直播中' /data/home/bxu2442590746/htdocs/dongqiudi/Admin/Runtime/Cache/07c84b38c5813f225311e844865d4a22.php 第 81 行.
NOTIC: [8] Undefined index: id /data/home/bxu2442590746/htdocs/dongqiudi/Admin/Runtime/Cache/07c84b38c5813f225311e844865d4a22.php 第 97 行.
NOTIC: [8] Use of undefined constant league_round - assumed 'league_round' /data/home/bxu2442590746/htdocs/dongqiudi/Admin/Runtime/Cache/07c84b38c5813f225311e844865d4a22.php 第 73 行.
NOTIC: [8] Use of undefined constant 直播中 - assumed '直播中' /data/home/bxu2442590746/htdocs/dongqiudi/Admin/Runtime/Cache/07c84b38c5813f225311e844865d4a22.php 第 81 行.
NOTIC: [8] Undefined index: id /data/home/bxu2442590746/htdocs/dongqiudi/Admin/Runtime/Cache/07c84b38c5813f225311e844865d4a22.php 第 97 行.
NOTIC: [8] Use of undefined constant league_round - assumed 'league_round' /data/home/bxu2442590746/htdocs/dongqiudi/Admin/Runtime/Cache/07c84b38c5813f225311e844865d4a22.php 第 73 行.
NOTIC: [8] Use of undefined constant 直播中 - assumed '直播中' /data/home/bxu2442590746/htdocs/dongqiudi/Admin/Runtime/Cache/07c84b38c5813f225311e844865d4a22.php 第 81 行.
NOTIC: [8] Undefined index: id /data/home/bxu2442590746/htdocs/dongqiudi/Admin/Runtime/Cache/07c84b38c5813f225311e844865d4a22.php 第 97 行.
NOTIC: [8] Use of undefined constant league_round - assumed 'league_round' /data/home/bxu2442590746/htdocs/dongqiudi/Admin/Runtime/Cache/07c84b38c5813f225311e844865d4a22.php 第 73 行.
NOTIC: [8] Use of undefined constant 直播中 - assumed '直播中' /data/home/bxu2442590746/htdocs/dongqiudi/Admin/Runtime/Cache/07c84b38c5813f225311e844865d4a22.php 第 81 行.
NOTIC: [8] Undefined index: id /data/home/bxu2442590746/htdocs/dongqiudi/Admin/Runtime/Cache/07c84b38c5813f225311e844865d4a22.php 第 97 行.
NOTIC: [8] Use of undefined constant league_round - assumed 'league_round' /data/home/bxu2442590746/htdocs/dongqiudi/Admin/Runtime/Cache/07c84b38c5813f225311e844865d4a22.php 第 73 行.
NOTIC: [8] Use of undefined constant 直播中 - assumed '直播中' /data/home/bxu2442590746/htdocs/dongqiudi/Admin/Runtime/Cache/07c84b38c5813f225311e844865d4a22.php 第 81 行.
NOTIC: [8] Undefined index: id /data/home/bxu2442590746/htdocs/dongqiudi/Admin/Runtime/Cache/07c84b38c5813f225311e844865d4a22.php 第 97 行.
NOTIC: [8] Use of undefined constant league_round - assumed 'league_round' /data/home/bxu2442590746/htdocs/dongqiudi/Admin/Runtime/Cache/07c84b38c5813f225311e844865d4a22.php 第 73 行.
NOTIC: [8] Use of undefined constant 直播中 - assumed '直播中' /data/home/bxu2442590746/htdocs/dongqiudi/Admin/Runtime/Cache/07c84b38c5813f225311e844865d4a22.php 第 81 行.
NOTIC: [8] Undefined index: id /data/home/bxu2442590746/htdocs/dongqiudi/Admin/Runtime/Cache/07c84b38c5813f225311e844865d4a22.php 第 97 行.
NOTIC: [8] Use of undefined constant league_round - assumed 'league_round' /data/home/bxu2442590746/htdocs/dongqiudi/Admin/Runtime/Cache/07c84b38c5813f225311e844865d4a22.php 第 73 行.
NOTIC: [8] Use of undefined constant 直播中 - assumed '直播中' /data/home/bxu2442590746/htdocs/dongqiudi/Admin/Runtime/Cache/07c84b38c5813f225311e844865d4a22.php 第 81 行.
NOTIC: [8] Undefined index: id /data/home/bxu2442590746/htdocs/dongqiudi/Admin/Runtime/Cache/07c84b38c5813f225311e844865d4a22.php 第 97 行.
NOTIC: [8] Use of undefined constant league_round - assumed 'league_round' /data/home/bxu2442590746/htdocs/dongqiudi/Admin/Runtime/Cache/07c84b38c5813f225311e844865d4a22.php 第 73 行.
NOTIC: [8] Use of undefined constant 直播中 - assumed '直播中' /data/home/bxu2442590746/htdocs/dongqiudi/Admin/Runtime/Cache/07c84b38c5813f225311e844865d4a22.php 第 81 行.
NOTIC: [8] Undefined index: id /data/home/bxu2442590746/htdocs/dongqiudi/Admin/Runtime/Cache/07c84b38c5813f225311e844865d4a22.php 第 97 行.
INFO: Run ParseTemplate Behavior [ RunTime:0.014114s ]
INFO: [ view_parse ] --END-- [ RunTime:0.014159s ]
INFO: [ view_filter ] --START--
INFO: Run ContentReplace Behavior [ RunTime:0.000436s ]
INFO: Run TokenBuild Behavior [ RunTime:0.000351s ]
INFO: Run WriteHtmlCache Behavior [ RunTime:0.000299s ]
INFO: Run ShowRuntime Behavior [ RunTime:0.000397s ]
INFO: [ view_filter ] --END-- [ RunTime:0.001626s ]
INFO: [ view_end ] --START--
INFO: Run ShowPageTrace Behavior [ RunTime:0.000474s ]
INFO: [ view_end ] --END-- [ RunTime:0.000518s ]

[ 2017-04-15T22:31:16+08:00 ] 171.12.11.187 /dongqiudi/admin.php?m=index&a=match_manage
NOTIC: [8192] Directive 'magic_quotes_gpc' is deprecated in PHP 5.3 and greater Unknown 第 0 行.

[ 2017-04-15T22:31:36+08:00 ] 171.12.11.187 /dongqiudi/admin.php?m=index&a=match_delete&match_id=102
INFO: [ app_begin ] --START--
INFO: Run ReadHtmlCache Behavior [ RunTime:0.000492s ]
INFO: [ app_begin ] --END-- [ RunTime:0.000626s ]
SQL: SHOW COLUMNS FROM `fc_match` [ RunTime:0.007213s ]
SQL: DELETE FROM `fc_match` WHERE ( match_id = 102 ) [ RunTime:0.001154s ]
INFO: [ view_template ] --START--
INFO: Run LocationTemplate Behavior [ RunTime:0.000575s ]
INFO: [ view_template ] --END-- [ RunTime:0.000638s ]
INFO: [ view_parse ] --START--
INFO: Run ParseTemplate Behavior [ RunTime:0.005596s ]
INFO: [ view_parse ] --END-- [ RunTime:0.005651s ]
INFO: [ view_filter ] --START--
INFO: Run ContentReplace Behavior [ RunTime:0.000357s ]
INFO: Run TokenBuild Behavior [ RunTime:0.000381s ]
INFO: Run WriteHtmlCache Behavior [ RunTime:0.000284s ]
INFO: Run ShowRuntime Behavior [ RunTime:0.000422s ]
INFO: [ view_filter ] --END-- [ RunTime:0.001573s ]
INFO: [ view_end ] --START--
INFO: Run ShowPageTrace Behavior [ RunTime:0.000533s ]
INFO: [ view_end ] --END-- [ RunTime:0.000578s ]
NOTIC: [8192] Directive 'magic_quotes_gpc' is deprecated in PHP 5.3 and greater Unknown 第 0 行.

[ 2017-04-15T22:31:37+08:00 ] 171.12.11.187 /dongqiudi/admin.php?m=index&a=match_manage
INFO: [ app_begin ] --START--
INFO: Run ReadHtmlCache Behavior [ RunTime:0.000498s ]
INFO: [ app_begin ] --END-- [ RunTime:0.000593s ]
SQL: SHOW COLUMNS FROM `fc_match` [ RunTime:0.001844s ]
SQL: SHOW COLUMNS FROM `fc_team` [ RunTime:0.001554s ]
NOTIC: [8] Undefined index: keywords /data/home/bxu2442590746/htdocs/dongqiudi/Admin/Lib/Action/IndexAction.class.php 第 445 行.
SQL: SELECT * FROM `fc_match` ORDER BY match_id desc LIMIT 0,15   [ RunTime:0.001446s ]
SQL: SELECT * FROM `fc_team` WHERE ( team_id = 6  ) LIMIT 1   [ RunTime:0.001296s ]
SQL: SELECT * FROM `fc_team` WHERE ( team_id = 13 ) LIMIT 1   [ RunTime:0.001294s ]
SQL: SELECT * FROM `fc_team` WHERE ( team_id = 7  ) LIMIT 1   [ RunTime:0.001290s ]
SQL: SELECT * FROM `fc_team` WHERE ( team_id = 9 ) LIMIT 1   [ RunTime:0.001329s ]
SQL: SELECT * FROM `fc_team` WHERE ( team_id = 14  ) LIMIT 1   [ RunTime:0.001332s ]
SQL: SELECT * FROM `fc_team` WHERE ( team_id = 16 ) LIMIT 1   [ RunTime:0.001398s ]
SQL: SELECT * FROM `fc_team` WHERE ( team_id = 6  ) LIMIT 1   [ RunTime:0.001299s ]
SQL: SELECT * FROM `fc_team` WHERE ( team_id = 11 ) LIMIT 1   [ RunTime:0.001275s ]
SQL: SELECT * FROM `fc_team` WHERE ( team_id = 10  ) LIMIT 1   [ RunTime:0.001259s ]
SQL: SELECT * FROM `fc_team` WHERE ( team_id = 13 ) LIMIT 1   [ RunTime:0.001305s ]
SQL: SELECT * FROM `fc_team` WHERE ( team_id = 2  ) LIMIT 1   [ RunTime:0.001274s ]
SQL: SELECT * FROM `fc_team` WHERE ( team_id = 8 ) LIMIT 1   [ RunTime:0.001294s ]
SQL: SELECT * FROM `fc_team` WHERE ( team_id = 9  ) LIMIT 1   [ RunTime:0.001293s ]
SQL: SELECT * FROM `fc_team` WHERE ( team_id = 15 ) LIMIT 1   [ RunTime:0.001284s ]
SQL: SELECT * FROM `fc_team` WHERE ( team_id = 3  ) LIMIT 1   [ RunTime:0.001301s ]
SQL: SELECT * FROM `fc_team` WHERE ( team_id = 12 ) LIMIT 1   [ RunTime:0.001297s ]
SQL: SELECT * FROM `fc_team` WHERE ( team_id = 5  ) LIMIT 1   [ RunTime:0.002138s ]
SQL: SELECT * FROM `fc_team` WHERE ( team_id = 1 ) LIMIT 1   [ RunTime:0.001689s ]
SQL: SELECT * FROM `fc_team` WHERE ( team_id = 4  ) LIMIT 1   [ RunTime:0.001296s ]
SQL: SELECT * FROM `fc_team` WHERE ( team_id = 7 ) LIMIT 1   [ RunTime:0.003343s ]
SQL: SELECT * FROM `fc_team` WHERE ( team_id = 5  ) LIMIT 1   [ RunTime:0.001287s ]
SQL: SELECT * FROM `fc_team` WHERE ( team_id = 13 ) LIMIT 1   [ RunTime:0.001287s ]
SQL: SELECT * FROM `fc_team` WHERE ( team_id = 15  ) LIMIT 1   [ RunTime:0.001277s ]
SQL: SELECT * FROM `fc_team` WHERE ( team_id = 7 ) LIMIT 1   [ RunTime:0.001250s ]
SQL: SELECT * FROM `fc_team` WHERE ( team_id = 6  ) LIMIT 1   [ RunTime:0.001293s ]
SQL: SELECT * FROM `fc_team` WHERE ( team_id = 12 ) LIMIT 1   [ RunTime:0.001315s ]
SQL: SELECT * FROM `fc_team` WHERE ( team_id = 11  ) LIMIT 1   [ RunTime:0.001280s ]
SQL: SELECT * FROM `fc_team` WHERE ( team_id = 4 ) LIMIT 1   [ RunTime:0.001275s ]
SQL: SELECT * FROM `fc_team` WHERE ( team_id = 2  ) LIMIT 1   [ RunTime:0.001306s ]
SQL: SELECT * FROM `fc_team` WHERE ( team_id = 3 ) LIMIT 1   [ RunTime:0.001393s ]
SQL: SELECT COUNT(*) AS tp_count FROM `fc_match` LIMIT 1   [ RunTime:0.001297s ]
NOTIC: [8] Undefined index: match_id /data/home/bxu2442590746/htdocs/dongqiudi/Admin/Lib/Action/IndexAction.class.php 第 464 行.
NOTIC: [8] Undefined index: match_id /data/home/bxu2442590746/htdocs/dongqiudi/Admin/Lib/Action/IndexAction.class.php 第 482 行.
INFO: [ view_template ] --START--
INFO: Run LocationTemplate Behavior [ RunTime:0.000556s ]
INFO: [ view_template ] --END-- [ RunTime:0.000604s ]
INFO: [ view_parse ] --START--
NOTIC: [8] Undefined index: classification /data/home/bxu2442590746/htdocs/dongqiudi/Admin/Runtime/Cache/07c84b38c5813f225311e844865d4a22.php 第 41 行.
NOTIC: [8] Undefined index: classification /data/home/bxu2442590746/htdocs/dongqiudi/Admin/Runtime/Cache/07c84b38c5813f225311e844865d4a22.php 第 42 行.
NOTIC: [8] Undefined index: keywords /data/home/bxu2442590746/htdocs/dongqiudi/Admin/Runtime/Cache/07c84b38c5813f225311e844865d4a22.php 第 48 行.
NOTIC: [8] Use of undefined constant league_round - assumed 'league_round' /data/home/bxu2442590746/htdocs/dongqiudi/Admin/Runtime/Cache/07c84b38c5813f225311e844865d4a22.php 第 73 行.
NOTIC: [8] Undefined index: id /data/home/bxu2442590746/htdocs/dongqiudi/Admin/Runtime/Cache/07c84b38c5813f225311e844865d4a22.php 第 97 行.
NOTIC: [8] Use of undefined constant league_round - assumed 'league_round' /data/home/bxu2442590746/htdocs/dongqiudi/Admin/Runtime/Cache/07c84b38c5813f225311e844865d4a22.php 第 73 行.
NOTIC: [8] Undefined index: id /data/home/bxu2442590746/htdocs/dongqiudi/Admin/Runtime/Cache/07c84b38c5813f225311e844865d4a22.php 第 97 行.
NOTIC: [8] Use of undefined constant league_round - assumed 'league_round' /data/home/bxu2442590746/htdocs/dongqiudi/Admin/Runtime/Cache/07c84b38c5813f225311e844865d4a22.php 第 73 行.
NOTIC: [8] Use of undefined constant 直播中 - assumed '直播中' /data/home/bxu2442590746/htdocs/dongqiudi/Admin/Runtime/Cache/07c84b38c5813f225311e844865d4a22.php 第 81 行.
NOTIC: [8] Undefined index: id /data/home/bxu2442590746/htdocs/dongqiudi/Admin/Runtime/Cache/07c84b38c5813f225311e844865d4a22.php 第 97 行.
NOTIC: [8] Use of undefined constant league_round - assumed 'league_round' /data/home/bxu2442590746/htdocs/dongqiudi/Admin/Runtime/Cache/07c84b38c5813f225311e844865d4a22.php 第 73 行.
NOTIC: [8] Use of undefined constant 直播中 - assumed '直播中' /data/home/bxu2442590746/htdocs/dongqiudi/Admin/Runtime/Cache/07c84b38c5813f225311e844865d4a22.php 第 81 行.
NOTIC: [8] Undefined index: id /data/home/bxu2442590746/htdocs/dongqiudi/Admin/Runtime/Cache/07c84b38c5813f225311e844865d4a22.php 第 97 行.
NOTIC: [8] Use of undefined constant league_round - assumed 'league_round' /data/home/bxu2442590746/htdocs/dongqiudi/Admin/Runtime/Cache/07c84b38c5813f225311e844865d4a22.php 第 73 行.
NOTIC: [8] Use of undefined constant 直播中 - assumed '直播中' /data/home/bxu2442590746/htdocs/dongqiudi/Admin/Runtime/Cache/07c84b38c5813f225311e844865d4a22.php 第 81 行.
NOTIC: [8] Undefined index: id /data/home/bxu2442590746/htdocs/dongqiudi/Admin/Runtime/Cache/07c84b38c5813f225311e844865d4a22.php 第 97 行.
NOTIC: [8] Use of undefined constant league_round - assumed 'league_round' /data/home/bxu2442590746/htdocs/dongqiudi/Admin/Runtime/Cache/07c84b38c5813f225311e844865d4a22.php 第 73 行.
NOTIC: [8] Use of undefined constant 直播中 - assumed '直播中' /data/home/bxu2442590746/htdocs/dongqiudi/Admin/Runtime/Cache/07c84b38c5813f225311e844865d4a22.php 第 81 行.
NOTIC: [8] Undefined index: id /data/home/bxu2442590746/htdocs/dongqiudi/Admin/Runtime/Cache/07c84b38c5813f225311e844865d4a22.php 第 97 行.
NOTIC: [8] Use of undefined constant league_round - assumed 'league_round' /data/home/bxu2442590746/htdocs/dongqiudi/Admin/Runtime/Cache/07c84b38c5813f225311e844865d4a22.php 第 73 行.
NOTIC: [8] Use of undefined constant 直播中 - assumed '直播中' /data/home/bxu2442590746/htdocs/dongqiudi/Admin/Runtime/Cache/07c84b38c5813f225311e844865d4a22.php 第 81 行.
NOTIC: [8] Undefined index: id /data/home/bxu2442590746/htdocs/dongqiudi/Admin/Runtime/Cache/07c84b38c5813f225311e844865d4a22.php 第 97 行.
NOTIC: [8] Use of undefined constant league_round - assumed 'league_round' /data/home/bxu2442590746/htdocs/dongqiudi/Admin/Runtime/Cache/07c84b38c5813f225311e844865d4a22.php 第 73 行.
NOTIC: [8] Use of undefined constant 直播中 - assumed '直播中' /data/home/bxu2442590746/htdocs/dongqiudi/Admin/Runtime/Cache/07c84b38c5813f225311e844865d4a22.php 第 81 行.
NOTIC: [8] Undefined index: id /data/home/bxu2442590746/htdocs/dongqiudi/Admin/Runtime/Cache/07c84b38c5813f225311e844865d4a22.php 第 97 行.
NOTIC: [8] Use of undefined constant league_round - assumed 'league_round' /data/home/bxu2442590746/htdocs/dongqiudi/Admin/Runtime/Cache/07c84b38c5813f225311e844865d4a22.php 第 73 行.
NOTIC: [8] Use of undefined constant 直播中 - assumed '直播中' /data/home/bxu2442590746/htdocs/dongqiudi/Admin/Runtime/Cache/07c84b38c5813f225311e844865d4a22.php 第 81 行.
NOTIC: [8] Undefined index: id /data/home/bxu2442590746/htdocs/dongqiudi/Admin/Runtime/Cache/07c84b38c5813f225311e844865d4a22.php 第 97 行.
NOTIC: [8] Use of undefined constant league_round - assumed 'league_round' /data/home/bxu2442590746/htdocs/dongqiudi/Admin/Runtime/Cache/07c84b38c5813f225311e844865d4a22.php 第 73 行.
NOTIC: [8] Use of undefined constant 直播中 - assumed '直播中' /data/home/bxu2442590746/htdocs/dongqiudi/Admin/Runtime/Cache/07c84b38c5813f225311e844865d4a22.php 第 81 行.
NOTIC: [8] Undefined index: id /data/home/bxu2442590746/htdocs/dongqiudi/Admin/Runtime/Cache/07c84b38c5813f225311e844865d4a22.php 第 97 行.
NOTIC: [8] Use of undefined constant league_round - assumed 'league_round' /data/home/bxu2442590746/htdocs/dongqiudi/Admin/Runtime/Cache/07c84b38c5813f225311e844865d4a22.php 第 73 行.
NOTIC: [8] Use of undefined constant 直播中 - assumed '直播中' /data/home/bxu2442590746/htdocs/dongqiudi/Admin/Runtime/Cache/07c84b38c5813f225311e844865d4a22.php 第 81 行.
NOTIC: [8] Undefined index: id /data/home/bxu2442590746/htdocs/dongqiudi/Admin/Runtime/Cache/07c84b38c5813f225311e844865d4a22.php 第 97 行.
NOTIC: [8] Use of undefined constant league_round - assumed 'league_round' /data/home/bxu2442590746/htdocs/dongqiudi/Admin/Runtime/Cache/07c84b38c5813f225311e844865d4a22.php 第 73 行.
NOTIC: [8] Use of undefined constant 直播中 - assumed '直播中' /data/home/bxu2442590746/htdocs/dongqiudi/Admin/Runtime/Cache/07c84b38c5813f225311e844865d4a22.php 第 81 行.
NOTIC: [8] Undefined index: id /data/home/bxu2442590746/htdocs/dongqiudi/Admin/Runtime/Cache/07c84b38c5813f225311e844865d4a22.php 第 97 行.
NOTIC: [8] Use of undefined constant league_round - assumed 'league_round' /data/home/bxu2442590746/htdocs/dongqiudi/Admin/Runtime/Cache/07c84b38c5813f225311e844865d4a22.php 第 73 行.
NOTIC: [8] Use of undefined constant 直播中 - assumed '直播中' /data/home/bxu2442590746/htdocs/dongqiudi/Admin/Runtime/Cache/07c84b38c5813f225311e844865d4a22.php 第 81 行.
NOTIC: [8] Undefined index: id /data/home/bxu2442590746/htdocs/dongqiudi/Admin/Runtime/Cache/07c84b38c5813f225311e844865d4a22.php 第 97 行.
NOTIC: [8] Use of undefined constant league_round - assumed 'league_round' /data/home/bxu2442590746/htdocs/dongqiudi/Admin/Runtime/Cache/07c84b38c5813f225311e844865d4a22.php 第 73 行.
NOTIC: [8] Use of undefined constant 直播中 - assumed '直播中' /data/home/bxu2442590746/htdocs/dongqiudi/Admin/Runtime/Cache/07c84b38c5813f225311e844865d4a22.php 第 81 行.
NOTIC: [8] Undefined index: id /data/home/bxu2442590746/htdocs/dongqiudi/Admin/Runtime/Cache/07c84b38c5813f225311e844865d4a22.php 第 97 行.
NOTIC: [8] Use of undefined constant league_round - assumed 'league_round' /data/home/bxu2442590746/htdocs/dongqiudi/Admin/Runtime/Cache/07c84b38c5813f225311e844865d4a22.php 第 73 行.
NOTIC: [8] Use of undefined constant 直播中 - assumed '直播中' /data/home/bxu2442590746/htdocs/dongqiudi/Admin/Runtime/Cache/07c84b38c5813f225311e844865d4a22.php 第 81 行.
NOTIC: [8] Undefined index: id /data/home/bxu2442590746/htdocs/dongqiudi/Admin/Runtime/Cache/07c84b38c5813f225311e844865d4a22.php 第 97 行.
INFO: Run ParseTemplate Behavior [ RunTime:0.015171s ]
INFO: [ view_parse ] --END-- [ RunTime:0.015222s ]
INFO: [ view_filter ] --START--
INFO: Run ContentReplace Behavior [ RunTime:0.000476s ]
INFO: Run TokenBuild Behavior [ RunTime:0.000398s ]
INFO: Run WriteHtmlCache Behavior [ RunTime:0.000305s ]
INFO: Run ShowRuntime Behavior [ RunTime:0.000418s ]
INFO: [ view_filter ] --END-- [ RunTime:0.001725s ]
INFO: [ view_end ] --START--
INFO: Run ShowPageTrace Behavior [ RunTime:0.000482s ]
INFO: [ view_end ] --END-- [ RunTime:0.000524s ]

[ 2017-04-15T22:31:37+08:00 ] 171.12.11.187 /dongqiudi/admin.php?m=index&a=match_manage
NOTIC: [8192] Directive 'magic_quotes_gpc' is deprecated in PHP 5.3 and greater Unknown 第 0 行.

[ 2017-04-15T22:31:37+08:00 ] 171.12.11.187 /dongqiudi/admin.php?m=index&a=match_manage
INFO: [ app_begin ] --START--
INFO: Run ReadHtmlCache Behavior [ RunTime:0.000471s ]
INFO: [ app_begin ] --END-- [ RunTime:0.000565s ]
SQL: SHOW COLUMNS FROM `fc_match` [ RunTime:0.001781s ]
SQL: SHOW COLUMNS FROM `fc_team` [ RunTime:0.002039s ]
NOTIC: [8] Undefined index: keywords /data/home/bxu2442590746/htdocs/dongqiudi/Admin/Lib/Action/IndexAction.class.php 第 445 行.
SQL: SELECT * FROM `fc_match` ORDER BY match_id desc LIMIT 0,15   [ RunTime:0.001215s ]
SQL: SELECT * FROM `fc_team` WHERE ( team_id = 6  ) LIMIT 1   [ RunTime:0.001175s ]
SQL: SELECT * FROM `fc_team` WHERE ( team_id = 13 ) LIMIT 1   [ RunTime:0.001210s ]
SQL: SELECT * FROM `fc_team` WHERE ( team_id = 7  ) LIMIT 1   [ RunTime:0.001191s ]
SQL: SELECT * FROM `fc_team` WHERE ( team_id = 9 ) LIMIT 1   [ RunTime:0.001810s ]
SQL: SELECT * FROM `fc_team` WHERE ( team_id = 14  ) LIMIT 1   [ RunTime:0.001216s ]
SQL: SELECT * FROM `fc_team` WHERE ( team_id = 16 ) LIMIT 1   [ RunTime:0.001192s ]
SQL: SELECT * FROM `fc_team` WHERE ( team_id = 6  ) LIMIT 1   [ RunTime:0.001189s ]
SQL: SELECT * FROM `fc_team` WHERE ( team_id = 11 ) LIMIT 1   [ RunTime:0.005233s ]
SQL: SELECT * FROM `fc_team` WHERE ( team_id = 10  ) LIMIT 1   [ RunTime:0.001243s ]
SQL: SELECT * FROM `fc_team` WHERE ( team_id = 13 ) LIMIT 1   [ RunTime:0.001201s ]
SQL: SELECT * FROM `fc_team` WHERE ( team_id = 2  ) LIMIT 1   [ RunTime:0.001189s ]
SQL: SELECT * FROM `fc_team` WHERE ( team_id = 8 ) LIMIT 1   [ RunTime:0.001189s ]
SQL: SELECT * FROM `fc_team` WHERE ( team_id = 9  ) LIMIT 1   [ RunTime:0.001337s ]
SQL: SELECT * FROM `fc_team` WHERE ( team_id = 15 ) LIMIT 1   [ RunTime:0.001197s ]
SQL: SELECT * FROM `fc_team` WHERE ( team_id = 3  ) LIMIT 1   [ RunTime:0.001196s ]
SQL: SELECT * FROM `fc_team` WHERE ( team_id = 12 ) LIMIT 1   [ RunTime:0.001206s ]
SQL: SELECT * FROM `fc_team` WHERE ( team_id = 5  ) LIMIT 1   [ RunTime:0.001344s ]
SQL: SELECT * FROM `fc_team` WHERE ( team_id = 1 ) LIMIT 1   [ RunTime:0.001158s ]
SQL: SELECT * FROM `fc_team` WHERE ( team_id = 4  ) LIMIT 1   [ RunTime:0.001175s ]
SQL: SELECT * FROM `fc_team` WHERE ( team_id = 7 ) LIMIT 1   [ RunTime:0.001274s ]
SQL: SELECT * FROM `fc_team` WHERE ( team_id = 5  ) LIMIT 1   [ RunTime:0.001303s ]
SQL: SELECT * FROM `fc_team` WHERE ( team_id = 13 ) LIMIT 1   [ RunTime:0.001159s ]
SQL: SELECT * FROM `fc_team` WHERE ( team_id = 15  ) LIMIT 1   [ RunTime:0.001205s ]
SQL: SELECT * FROM `fc_team` WHERE ( team_id = 7 ) LIMIT 1   [ RunTime:0.001185s ]
SQL: SELECT * FROM `fc_team` WHERE ( team_id = 6  ) LIMIT 1   [ RunTime:0.002170s ]
SQL: SELECT * FROM `fc_team` WHERE ( team_id = 12 ) LIMIT 1   [ RunTime:0.001195s ]
SQL: SELECT * FROM `fc_team` WHERE ( team_id = 11  ) LIMIT 1   [ RunTime:0.001180s ]
SQL: SELECT * FROM `fc_team` WHERE ( team_id = 4 ) LIMIT 1   [ RunTime:0.001188s ]
SQL: SELECT * FROM `fc_team` WHERE ( team_id = 2  ) LIMIT 1   [ RunTime:0.001217s ]
SQL: SELECT * FROM `fc_team` WHERE ( team_id = 3 ) LIMIT 1   [ RunTime:0.001214s ]
SQL: SELECT COUNT(*) AS tp_count FROM `fc_match` LIMIT 1   [ RunTime:0.001190s ]
NOTIC: [8] Undefined index: match_id /data/home/bxu2442590746/htdocs/dongqiudi/Admin/Lib/Action/IndexAction.class.php 第 464 行.
NOTIC: [8] Undefined index: match_id /data/home/bxu2442590746/htdocs/dongqiudi/Admin/Lib/Action/IndexAction.class.php 第 482 行.
INFO: [ view_template ] --START--
INFO: Run LocationTemplate Behavior [ RunTime:0.000605s ]
INFO: [ view_template ] --END-- [ RunTime:0.000657s ]
INFO: [ view_parse ] --START--
NOTIC: [8] Undefined index: classification /data/home/bxu2442590746/htdocs/dongqiudi/Admin/Runtime/Cache/07c84b38c5813f225311e844865d4a22.php 第 41 行.
NOTIC: [8] Undefined index: classification /data/home/bxu2442590746/htdocs/dongqiudi/Admin/Runtime/Cache/07c84b38c5813f225311e844865d4a22.php 第 42 行.
NOTIC: [8] Undefined index: keywords /data/home/bxu2442590746/htdocs/dongqiudi/Admin/Runtime/Cache/07c84b38c5813f225311e844865d4a22.php 第 48 行.
NOTIC: [8] Use of undefined constant league_round - assumed 'league_round' /data/home/bxu2442590746/htdocs/dongqiudi/Admin/Runtime/Cache/07c84b38c5813f225311e844865d4a22.php 第 73 行.
NOTIC: [8] Undefined index: id /data/home/bxu2442590746/htdocs/dongqiudi/Admin/Runtime/Cache/07c84b38c5813f225311e844865d4a22.php 第 97 行.
NOTIC: [8] Use of undefined constant league_round - assumed 'league_round' /data/home/bxu2442590746/htdocs/dongqiudi/Admin/Runtime/Cache/07c84b38c5813f225311e844865d4a22.php 第 73 行.
NOTIC: [8] Undefined index: id /data/home/bxu2442590746/htdocs/dongqiudi/Admin/Runtime/Cache/07c84b38c5813f225311e844865d4a22.php 第 97 行.
NOTIC: [8] Use of undefined constant league_round - assumed 'league_round' /data/home/bxu2442590746/htdocs/dongqiudi/Admin/Runtime/Cache/07c84b38c5813f225311e844865d4a22.php 第 73 行.
NOTIC: [8] Use of undefined constant 直播中 - assumed '直播中' /data/home/bxu2442590746/htdocs/dongqiudi/Admin/Runtime/Cache/07c84b38c5813f225311e844865d4a22.php 第 81 行.
NOTIC: [8] Undefined index: id /data/home/bxu2442590746/htdocs/dongqiudi/Admin/Runtime/Cache/07c84b38c5813f225311e844865d4a22.php 第 97 行.
NOTIC: [8] Use of undefined constant league_round - assumed 'league_round' /data/home/bxu2442590746/htdocs/dongqiudi/Admin/Runtime/Cache/07c84b38c5813f225311e844865d4a22.php 第 73 行.
NOTIC: [8] Use of undefined constant 直播中 - assumed '直播中' /data/home/bxu2442590746/htdocs/dongqiudi/Admin/Runtime/Cache/07c84b38c5813f225311e844865d4a22.php 第 81 行.
NOTIC: [8] Undefined index: id /data/home/bxu2442590746/htdocs/dongqiudi/Admin/Runtime/Cache/07c84b38c5813f225311e844865d4a22.php 第 97 行.
NOTIC: [8] Use of undefined constant league_round - assumed 'league_round' /data/home/bxu2442590746/htdocs/dongqiudi/Admin/Runtime/Cache/07c84b38c5813f225311e844865d4a22.php 第 73 行.
NOTIC: [8] Use of undefined constant 直播中 - assumed '直播中' /data/home/bxu2442590746/htdocs/dongqiudi/Admin/Runtime/Cache/07c84b38c5813f225311e844865d4a22.php 第 81 行.
NOTIC: [8] Undefined index: id /data/home/bxu2442590746/htdocs/dongqiudi/Admin/Runtime/Cache/07c84b38c5813f225311e844865d4a22.php 第 97 行.
NOTIC: [8] Use of undefined constant league_round - assumed 'league_round' /data/home/bxu2442590746/htdocs/dongqiudi/Admin/Runtime/Cache/07c84b38c5813f225311e844865d4a22.php 第 73 行.
NOTIC: [8] Use of undefined constant 直播中 - assumed '直播中' /data/home/bxu2442590746/htdocs/dongqiudi/Admin/Runtime/Cache/07c84b38c5813f225311e844865d4a22.php 第 81 行.
NOTIC: [8] Undefined index: id /data/home/bxu2442590746/htdocs/dongqiudi/Admin/Runtime/Cache/07c84b38c5813f225311e844865d4a22.php 第 97 行.
NOTIC: [8] Use of undefined constant league_round - assumed 'league_round' /data/home/bxu2442590746/htdocs/dongqiudi/Admin/Runtime/Cache/07c84b38c5813f225311e844865d4a22.php 第 73 行.
NOTIC: [8] Use of undefined constant 直播中 - assumed '直播中' /data/home/bxu2442590746/htdocs/dongqiudi/Admin/Runtime/Cache/07c84b38c5813f225311e844865d4a22.php 第 81 行.
NOTIC: [8] Undefined index: id /data/home/bxu2442590746/htdocs/dongqiudi/Admin/Runtime/Cache/07c84b38c5813f225311e844865d4a22.php 第 97 行.
NOTIC: [8] Use of undefined constant league_round - assumed 'league_round' /data/home/bxu2442590746/htdocs/dongqiudi/Admin/Runtime/Cache/07c84b38c5813f225311e844865d4a22.php 第 73 行.
NOTIC: [8] Use of undefined constant 直播中 - assumed '直播中' /data/home/bxu2442590746/htdocs/dongqiudi/Admin/Runtime/Cache/07c84b38c5813f225311e844865d4a22.php 第 81 行.
NOTIC: [8] Undefined index: id /data/home/bxu2442590746/htdocs/dongqiudi/Admin/Runtime/Cache/07c84b38c5813f225311e844865d4a22.php 第 97 行.
NOTIC: [8] Use of undefined constant league_round - assumed 'league_round' /data/home/bxu2442590746/htdocs/dongqiudi/Admin/Runtime/Cache/07c84b38c5813f225311e844865d4a22.php 第 73 行.
NOTIC: [8] Use of undefined constant 直播中 - assumed '直播中' /data/home/bxu2442590746/htdocs/dongqiudi/Admin/Runtime/Cache/07c84b38c5813f225311e844865d4a22.php 第 81 行.
NOTIC: [8] Undefined index: id /data/home/bxu2442590746/htdocs/dongqiudi/Admin/Runtime/Cache/07c84b38c5813f225311e844865d4a22.php 第 97 行.
NOTIC: [8] Use of undefined constant league_round - assumed 'league_round' /data/home/bxu2442590746/htdocs/dongqiudi/Admin/Runtime/Cache/07c84b38c5813f225311e844865d4a22.php 第 73 行.
NOTIC: [8] Use of undefined constant 直播中 - assumed '直播中' /data/home/bxu2442590746/htdocs/dongqiudi/Admin/Runtime/Cache/07c84b38c5813f225311e844865d4a22.php 第 81 行.
NOTIC: [8] Undefined index: id /data/home/bxu2442590746/htdocs/dongqiudi/Admin/Runtime/Cache/07c84b38c5813f225311e844865d4a22.php 第 97 行.
NOTIC: [8] Use of undefined constant league_round - assumed 'league_round' /data/home/bxu2442590746/htdocs/dongqiudi/Admin/Runtime/Cache/07c84b38c5813f225311e844865d4a22.php 第 73 行.
NOTIC: [8] Use of undefined constant 直播中 - assumed '直播中' /data/home/bxu2442590746/htdocs/dongqiudi/Admin/Runtime/Cache/07c84b38c5813f225311e844865d4a22.php 第 81 行.
NOTIC: [8] Undefined index: id /data/home/bxu2442590746/htdocs/dongqiudi/Admin/Runtime/Cache/07c84b38c5813f225311e844865d4a22.php 第 97 行.
NOTIC: [8] Use of undefined constant league_round - assumed 'league_round' /data/home/bxu2442590746/htdocs/dongqiudi/Admin/Runtime/Cache/07c84b38c5813f225311e844865d4a22.php 第 73 行.
NOTIC: [8] Use of undefined constant 直播中 - assumed '直播中' /data/home/bxu2442590746/htdocs/dongqiudi/Admin/Runtime/Cache/07c84b38c5813f225311e844865d4a22.php 第 81 行.
NOTIC: [8] Undefined index: id /data/home/bxu2442590746/htdocs/dongqiudi/Admin/Runtime/Cache/07c84b38c5813f225311e844865d4a22.php 第 97 行.
NOTIC: [8] Use of undefined constant league_round - assumed 'league_round' /data/home/bxu2442590746/htdocs/dongqiudi/Admin/Runtime/Cache/07c84b38c5813f225311e844865d4a22.php 第 73 行.
NOTIC: [8] Use of undefined constant 直播中 - assumed '直播中' /data/home/bxu2442590746/htdocs/dongqiudi/Admin/Runtime/Cache/07c84b38c5813f225311e844865d4a22.php 第 81 行.
NOTIC: [8] Undefined index: id /data/home/bxu2442590746/htdocs/dongqiudi/Admin/Runtime/Cache/07c84b38c5813f225311e844865d4a22.php 第 97 行.
NOTIC: [8] Use of undefined constant league_round - assumed 'league_round' /data/home/bxu2442590746/htdocs/dongqiudi/Admin/Runtime/Cache/07c84b38c5813f225311e844865d4a22.php 第 73 行.
NOTIC: [8] Use of undefined constant 直播中 - assumed '直播中' /data/home/bxu2442590746/htdocs/dongqiudi/Admin/Runtime/Cache/07c84b38c5813f225311e844865d4a22.php 第 81 行.
NOTIC: [8] Undefined index: id /data/home/bxu2442590746/htdocs/dongqiudi/Admin/Runtime/Cache/07c84b38c5813f225311e844865d4a22.php 第 97 行.
NOTIC: [8] Use of undefined constant league_round - assumed 'league_round' /data/home/bxu2442590746/htdocs/dongqiudi/Admin/Runtime/Cache/07c84b38c5813f225311e844865d4a22.php 第 73 行.
NOTIC: [8] Use of undefined constant 直播中 - assumed '直播中' /data/home/bxu2442590746/htdocs/dongqiudi/Admin/Runtime/Cache/07c84b38c5813f225311e844865d4a22.php 第 81 行.
NOTIC: [8] Undefined index: id /data/home/bxu2442590746/htdocs/dongqiudi/Admin/Runtime/Cache/07c84b38c5813f225311e844865d4a22.php 第 97 行.
INFO: Run ParseTemplate Behavior [ RunTime:0.014368s ]
INFO: [ view_parse ] --END-- [ RunTime:0.014412s ]
INFO: [ view_filter ] --START--
INFO: Run ContentReplace Behavior [ RunTime:0.000439s ]
INFO: Run TokenBuild Behavior [ RunTime:0.000377s ]
INFO: Run WriteHtmlCache Behavior [ RunTime:0.000287s ]
INFO: Run ShowRuntime Behavior [ RunTime:0.000401s ]
INFO: [ view_filter ] --END-- [ RunTime:0.001628s ]
INFO: [ view_end ] --START--
INFO: Run ShowPageTrace Behavior [ RunTime:0.000697s ]
INFO: [ view_end ] --END-- [ RunTime:0.000739s ]

[ 2017-04-15T22:31:37+08:00 ] 171.12.11.187 /dongqiudi/admin.php?m=index&a=match_manage
NOTIC: [8192] Directive 'magic_quotes_gpc' is deprecated in PHP 5.3 and greater Unknown 第 0 行.

[ 2017-04-15T22:31:41+08:00 ] 171.12.11.187 /dongqiudi/admin.php?m=index&a=match_delete&match_id=101
INFO: [ app_begin ] --START--
INFO: Run ReadHtmlCache Behavior [ RunTime:0.000475s ]
INFO: [ app_begin ] --END-- [ RunTime:0.000569s ]
SQL: SHOW COLUMNS FROM `fc_match` [ RunTime:0.001743s ]
SQL: DELETE FROM `fc_match` WHERE ( match_id = 101 ) [ RunTime:0.001348s ]
INFO: [ view_template ] --START--
INFO: Run LocationTemplate Behavior [ RunTime:0.000566s ]
INFO: [ view_template ] --END-- [ RunTime:0.000615s ]
INFO: [ view_parse ] --START--
INFO: Run ParseTemplate Behavior [ RunTime:0.005505s ]
INFO: [ view_parse ] --END-- [ RunTime:0.005569s ]
INFO: [ view_filter ] --START--
INFO: Run ContentReplace Behavior [ RunTime:0.000367s ]
INFO: Run TokenBuild Behavior [ RunTime:0.000356s ]
INFO: Run WriteHtmlCache Behavior [ RunTime:0.000304s ]
INFO: Run ShowRuntime Behavior [ RunTime:0.000399s ]
INFO: [ view_filter ] --END-- [ RunTime:0.001554s ]
INFO: [ view_end ] --START--
INFO: Run ShowPageTrace Behavior [ RunTime:0.000522s ]
INFO: [ view_end ] --END-- [ RunTime:0.000596s ]
NOTIC: [8192] Directive 'magic_quotes_gpc' is deprecated in PHP 5.3 and greater Unknown 第 0 行.

[ 2017-04-15T22:31:42+08:00 ] 171.12.11.187 /dongqiudi/admin.php?m=index&a=match_manage
INFO: [ app_begin ] --START--
INFO: Run ReadHtmlCache Behavior [ RunTime:0.000523s ]
INFO: [ app_begin ] --END-- [ RunTime:0.000618s ]
SQL: SHOW COLUMNS FROM `fc_match` [ RunTime:0.001709s ]
SQL: SHOW COLUMNS FROM `fc_team` [ RunTime:0.001589s ]
NOTIC: [8] Undefined index: keywords /data/home/bxu2442590746/htdocs/dongqiudi/Admin/Lib/Action/IndexAction.class.php 第 445 行.
SQL: SELECT * FROM `fc_match` ORDER BY match_id desc LIMIT 0,15   [ RunTime:0.001695s ]
SQL: SELECT * FROM `fc_team` WHERE ( team_id = 7  ) LIMIT 1   [ RunTime:0.001176s ]
SQL: SELECT * FROM `fc_team` WHERE ( team_id = 9 ) LIMIT 1   [ RunTime:0.001170s ]
SQL: SELECT * FROM `fc_team` WHERE ( team_id = 14  ) LIMIT 1   [ RunTime:0.001176s ]
SQL: SELECT * FROM `fc_team` WHERE ( team_id = 16 ) LIMIT 1   [ RunTime:0.001221s ]
SQL: SELECT * FROM `fc_team` WHERE ( team_id = 6  ) LIMIT 1   [ RunTime:0.001361s ]
SQL: SELECT * FROM `fc_team` WHERE ( team_id = 11 ) LIMIT 1   [ RunTime:0.001201s ]
SQL: SELECT * FROM `fc_team` WHERE ( team_id = 10  ) LIMIT 1   [ RunTime:0.001230s ]
SQL: SELECT * FROM `fc_team` WHERE ( team_id = 13 ) LIMIT 1   [ RunTime:0.001217s ]
SQL: SELECT * FROM `fc_team` WHERE ( team_id = 2  ) LIMIT 1   [ RunTime:0.001237s ]
SQL: SELECT * FROM `fc_team` WHERE ( team_id = 8 ) LIMIT 1   [ RunTime:0.001176s ]
SQL: SELECT * FROM `fc_team` WHERE ( team_id = 9  ) LIMIT 1   [ RunTime:0.001175s ]
SQL: SELECT * FROM `fc_team` WHERE ( team_id = 15 ) LIMIT 1   [ RunTime:0.001199s ]
SQL: SELECT * FROM `fc_team` WHERE ( team_id = 3  ) LIMIT 1   [ RunTime:0.001206s ]
SQL: SELECT * FROM `fc_team` WHERE ( team_id = 12 ) LIMIT 1   [ RunTime:0.001176s ]
SQL: SELECT * FROM `fc_team` WHERE ( team_id = 5  ) LIMIT 1   [ RunTime:0.001232s ]
SQL: SELECT * FROM `fc_team` WHERE ( team_id = 1 ) LIMIT 1   [ RunTime:0.001181s ]
SQL: SELECT * FROM `fc_team` WHERE ( team_id = 4  ) LIMIT 1   [ RunTime:0.001223s ]
SQL: SELECT * FROM `fc_team` WHERE ( team_id = 7 ) LIMIT 1   [ RunTime:0.001190s ]
SQL: SELECT * FROM `fc_team` WHERE ( team_id = 5  ) LIMIT 1   [ RunTime:0.001188s ]
SQL: SELECT * FROM `fc_team` WHERE ( team_id = 13 ) LIMIT 1   [ RunTime:0.001178s ]
SQL: SELECT * FROM `fc_team` WHERE ( team_id = 15  ) LIMIT 1   [ RunTime:0.001183s ]
SQL: SELECT * FROM `fc_team` WHERE ( team_id = 7 ) LIMIT 1   [ RunTime:0.001197s ]
SQL: SELECT * FROM `fc_team` WHERE ( team_id = 6  ) LIMIT 1   [ RunTime:0.001191s ]
SQL: SELECT * FROM `fc_team` WHERE ( team_id = 12 ) LIMIT 1   [ RunTime:0.001184s ]
SQL: SELECT * FROM `fc_team` WHERE ( team_id = 11  ) LIMIT 1   [ RunTime:0.001172s ]
SQL: SELECT * FROM `fc_team` WHERE ( team_id = 4 ) LIMIT 1   [ RunTime:0.001206s ]
SQL: SELECT * FROM `fc_team` WHERE ( team_id = 2  ) LIMIT 1   [ RunTime:0.001209s ]
SQL: SELECT * FROM `fc_team` WHERE ( team_id = 3 ) LIMIT 1   [ RunTime:0.001183s ]
SQL: SELECT * FROM `fc_team` WHERE ( team_id = 14  ) LIMIT 1   [ RunTime:0.001187s ]
SQL: SELECT * FROM `fc_team` WHERE ( team_id = 1 ) LIMIT 1   [ RunTime:0.001178s ]
SQL: SELECT COUNT(*) AS tp_count FROM `fc_match` LIMIT 1   [ RunTime:0.001273s ]
NOTIC: [8] Undefined index: match_id /data/home/bxu2442590746/htdocs/dongqiudi/Admin/Lib/Action/IndexAction.class.php 第 464 行.
NOTIC: [8] Undefined index: match_id /data/home/bxu2442590746/htdocs/dongqiudi/Admin/Lib/Action/IndexAction.class.php 第 482 行.
INFO: [ view_template ] --START--
INFO: Run LocationTemplate Behavior [ RunTime:0.000477s ]
INFO: [ view_template ] --END-- [ RunTime:0.000540s ]
INFO: [ view_parse ] --START--
NOTIC: [8] Undefined index: classification /data/home/bxu2442590746/htdocs/dongqiudi/Admin/Runtime/Cache/07c84b38c5813f225311e844865d4a22.php 第 41 行.
NOTIC: [8] Undefined index: classification /data/home/bxu2442590746/htdocs/dongqiudi/Admin/Runtime/Cache/07c84b38c5813f225311e844865d4a22.php 第 42 行.
NOTIC: [8] Undefined index: keywords /data/home/bxu2442590746/htdocs/dongqiudi/Admin/Runtime/Cache/07c84b38c5813f225311e844865d4a22.php 第 48 行.
NOTIC: [8] Use of undefined constant league_round - assumed 'league_round' /data/home/bxu2442590746/htdocs/dongqiudi/Admin/Runtime/Cache/07c84b38c5813f225311e844865d4a22.php 第 73 行.
NOTIC: [8] Undefined index: id /data/home/bxu2442590746/htdocs/dongqiudi/Admin/Runtime/Cache/07c84b38c5813f225311e844865d4a22.php 第 97 行.
NOTIC: [8] Use of undefined constant league_round - assumed 'league_round' /data/home/bxu2442590746/htdocs/dongqiudi/Admin/Runtime/Cache/07c84b38c5813f225311e844865d4a22.php 第 73 行.
NOTIC: [8] Use of undefined constant 直播中 - assumed '直播中' /data/home/bxu2442590746/htdocs/dongqiudi/Admin/Runtime/Cache/07c84b38c5813f225311e844865d4a22.php 第 81 行.
NOTIC: [8] Undefined index: id /data/home/bxu2442590746/htdocs/dongqiudi/Admin/Runtime/Cache/07c84b38c5813f225311e844865d4a22.php 第 97 行.
NOTIC: [8] Use of undefined constant league_round - assumed 'league_round' /data/home/bxu2442590746/htdocs/dongqiudi/Admin/Runtime/Cache/07c84b38c5813f225311e844865d4a22.php 第 73 行.
NOTIC: [8] Use of undefined constant 直播中 - assumed '直播中' /data/home/bxu2442590746/htdocs/dongqiudi/Admin/Runtime/Cache/07c84b38c5813f225311e844865d4a22.php 第 81 行.
NOTIC: [8] Undefined index: id /data/home/bxu2442590746/htdocs/dongqiudi/Admin/Runtime/Cache/07c84b38c5813f225311e844865d4a22.php 第 97 行.
NOTIC: [8] Use of undefined constant league_round - assumed 'league_round' /data/home/bxu2442590746/htdocs/dongqiudi/Admin/Runtime/Cache/07c84b38c5813f225311e844865d4a22.php 第 73 行.
NOTIC: [8] Use of undefined constant 直播中 - assumed '直播中' /data/home/bxu2442590746/htdocs/dongqiudi/Admin/Runtime/Cache/07c84b38c5813f225311e844865d4a22.php 第 81 行.
NOTIC: [8] Undefined index: id /data/home/bxu2442590746/htdocs/dongqiudi/Admin/Runtime/Cache/07c84b38c5813f225311e844865d4a22.php 第 97 行.
NOTIC: [8] Use of undefined constant league_round - assumed 'league_round' /data/home/bxu2442590746/htdocs/dongqiudi/Admin/Runtime/Cache/07c84b38c5813f225311e844865d4a22.php 第 73 行.
NOTIC: [8] Use of undefined constant 直播中 - assumed '直播中' /data/home/bxu2442590746/htdocs/dongqiudi/Admin/Runtime/Cache/07c84b38c5813f225311e844865d4a22.php 第 81 行.
NOTIC: [8] Undefined index: id /data/home/bxu2442590746/htdocs/dongqiudi/Admin/Runtime/Cache/07c84b38c5813f225311e844865d4a22.php 第 97 行.
NOTIC: [8] Use of undefined constant league_round - assumed 'league_round' /data/home/bxu2442590746/htdocs/dongqiudi/Admin/Runtime/Cache/07c84b38c5813f225311e844865d4a22.php 第 73 行.
NOTIC: [8] Use of undefined constant 直播中 - assumed '直播中' /data/home/bxu2442590746/htdocs/dongqiudi/Admin/Runtime/Cache/07c84b38c5813f225311e844865d4a22.php 第 81 行.
NOTIC: [8] Undefined index: id /data/home/bxu2442590746/htdocs/dongqiudi/Admin/Runtime/Cache/07c84b38c5813f225311e844865d4a22.php 第 97 行.
NOTIC: [8] Use of undefined constant league_round - assumed 'league_round' /data/home/bxu2442590746/htdocs/dongqiudi/Admin/Runtime/Cache/07c84b38c5813f225311e844865d4a22.php 第 73 行.
NOTIC: [8] Use of undefined constant 直播中 - assumed '直播中' /data/home/bxu2442590746/htdocs/dongqiudi/Admin/Runtime/Cache/07c84b38c5813f225311e844865d4a22.php 第 81 行.
NOTIC: [8] Undefined index: id /data/home/bxu2442590746/htdocs/dongqiudi/Admin/Runtime/Cache/07c84b38c5813f225311e844865d4a22.php 第 97 行.
NOTIC: [8] Use of undefined constant league_round - assumed 'league_round' /data/home/bxu2442590746/htdocs/dongqiudi/Admin/Runtime/Cache/07c84b38c5813f225311e844865d4a22.php 第 73 行.
NOTIC: [8] Use of undefined constant 直播中 - assumed '直播中' /data/home/bxu2442590746/htdocs/dongqiudi/Admin/Runtime/Cache/07c84b38c5813f225311e844865d4a22.php 第 81 行.
NOTIC: [8] Undefined index: id /data/home/bxu2442590746/htdocs/dongqiudi/Admin/Runtime/Cache/07c84b38c5813f225311e844865d4a22.php 第 97 行.
NOTIC: [8] Use of undefined constant league_round - assumed 'league_round' /data/home/bxu2442590746/htdocs/dongqiudi/Admin/Runtime/Cache/07c84b38c5813f225311e844865d4a22.php 第 73 行.
NOTIC: [8] Use of undefined constant 直播中 - assumed '直播中' /data/home/bxu2442590746/htdocs/dongqiudi/Admin/Runtime/Cache/07c84b38c5813f225311e844865d4a22.php 第 81 行.
NOTIC: [8] Undefined index: id /data/home/bxu2442590746/htdocs/dongqiudi/Admin/Runtime/Cache/07c84b38c5813f225311e844865d4a22.php 第 97 行.
NOTIC: [8] Use of undefined constant league_round - assumed 'league_round' /data/home/bxu2442590746/htdocs/dongqiudi/Admin/Runtime/Cache/07c84b38c5813f225311e844865d4a22.php 第 73 行.
NOTIC: [8] Use of undefined constant 直播中 - assumed '直播中' /data/home/bxu2442590746/htdocs/dongqiudi/Admin/Runtime/Cache/07c84b38c5813f225311e844865d4a22.php 第 81 行.
NOTIC: [8] Undefined index: id /data/home/bxu2442590746/htdocs/dongqiudi/Admin/Runtime/Cache/07c84b38c5813f225311e844865d4a22.php 第 97 行.
NOTIC: [8] Use of undefined constant league_round - assumed 'league_round' /data/home/bxu2442590746/htdocs/dongqiudi/Admin/Runtime/Cache/07c84b38c5813f225311e844865d4a22.php 第 73 行.
NOTIC: [8] Use of undefined constant 直播中 - assumed '直播中' /data/home/bxu2442590746/htdocs/dongqiudi/Admin/Runtime/Cache/07c84b38c5813f225311e844865d4a22.php 第 81 行.
NOTIC: [8] Undefined index: id /data/home/bxu2442590746/htdocs/dongqiudi/Admin/Runtime/Cache/07c84b38c5813f225311e844865d4a22.php 第 97 行.
NOTIC: [8] Use of undefined constant league_round - assumed 'league_round' /data/home/bxu2442590746/htdocs/dongqiudi/Admin/Runtime/Cache/07c84b38c5813f225311e844865d4a22.php 第 73 行.
NOTIC: [8] Use of undefined constant 直播中 - assumed '直播中' /data/home/bxu2442590746/htdocs/dongqiudi/Admin/Runtime/Cache/07c84b38c5813f225311e844865d4a22.php 第 81 行.
NOTIC: [8] Undefined index: id /data/home/bxu2442590746/htdocs/dongqiudi/Admin/Runtime/Cache/07c84b38c5813f225311e844865d4a22.php 第 97 行.
NOTIC: [8] Use of undefined constant league_round - assumed 'league_round' /data/home/bxu2442590746/htdocs/dongqiudi/Admin/Runtime/Cache/07c84b38c5813f225311e844865d4a22.php 第 73 行.
NOTIC: [8] Use of undefined constant 直播中 - assumed '直播中' /data/home/bxu2442590746/htdocs/dongqiudi/Admin/Runtime/Cache/07c84b38c5813f225311e844865d4a22.php 第 81 行.
NOTIC: [8] Undefined index: id /data/home/bxu2442590746/htdocs/dongqiudi/Admin/Runtime/Cache/07c84b38c5813f225311e844865d4a22.php 第 97 行.
NOTIC: [8] Use of undefined constant league_round - assumed 'league_round' /data/home/bxu2442590746/htdocs/dongqiudi/Admin/Runtime/Cache/07c84b38c5813f225311e844865d4a22.php 第 73 行.
NOTIC: [8] Use of undefined constant 直播中 - assumed '直播中' /data/home/bxu2442590746/htdocs/dongqiudi/Admin/Runtime/Cache/07c84b38c5813f225311e844865d4a22.php 第 81 行.
NOTIC: [8] Undefined index: id /data/home/bxu2442590746/htdocs/dongqiudi/Admin/Runtime/Cache/07c84b38c5813f225311e844865d4a22.php 第 97 行.
NOTIC: [8] Use of undefined constant league_round - assumed 'league_round' /data/home/bxu2442590746/htdocs/dongqiudi/Admin/Runtime/Cache/07c84b38c5813f225311e844865d4a22.php 第 73 行.
NOTIC: [8] Use of undefined constant 直播中 - assumed '直播中' /data/home/bxu2442590746/htdocs/dongqiudi/Admin/Runtime/Cache/07c84b38c5813f225311e844865d4a22.php 第 81 行.
NOTIC: [8] Undefined index: id /data/home/bxu2442590746/htdocs/dongqiudi/Admin/Runtime/Cache/07c84b38c5813f225311e844865d4a22.php 第 97 行.
INFO: Run ParseTemplate Behavior [ RunTime:0.014810s ]
INFO: [ view_parse ] --END-- [ RunTime:0.014855s ]
INFO: [ view_filter ] --START--
INFO: Run ContentReplace Behavior [ RunTime:0.000446s ]
INFO: Run TokenBuild Behavior [ RunTime:0.002831s ]
INFO: Run WriteHtmlCache Behavior [ RunTime:0.000332s ]
INFO: Run ShowRuntime Behavior [ RunTime:0.000436s ]
INFO: [ view_filter ] --END-- [ RunTime:0.004181s ]
INFO: [ view_end ] --START--
INFO: Run ShowPageTrace Behavior [ RunTime:0.000475s ]
INFO: [ view_end ] --END-- [ RunTime:0.000517s ]

[ 2017-04-15T22:31:42+08:00 ] 171.12.11.187 /dongqiudi/admin.php?m=index&a=match_manage
NOTIC: [8192] Directive 'magic_quotes_gpc' is deprecated in PHP 5.3 and greater Unknown 第 0 行.

[ 2017-04-15T22:31:46+08:00 ] 171.12.11.187 /dongqiudi/admin.php?m=index&a=match_delete&match_id=100
INFO: [ app_begin ] --START--
INFO: Run ReadHtmlCache Behavior [ RunTime:0.000481s ]
INFO: [ app_begin ] --END-- [ RunTime:0.000579s ]
SQL: SHOW COLUMNS FROM `fc_match` [ RunTime:0.001769s ]
SQL: DELETE FROM `fc_match` WHERE ( match_id = 100 ) [ RunTime:0.001344s ]
INFO: [ view_template ] --START--
INFO: Run LocationTemplate Behavior [ RunTime:0.000571s ]
INFO: [ view_template ] --END-- [ RunTime:0.000620s ]
INFO: [ view_parse ] --START--
INFO: Run ParseTemplate Behavior [ RunTime:0.005553s ]
INFO: [ view_parse ] --END-- [ RunTime:0.005609s ]
INFO: [ view_filter ] --START--
INFO: Run ContentReplace Behavior [ RunTime:0.000372s ]
INFO: Run TokenBuild Behavior [ RunTime:0.000362s ]
INFO: Run WriteHtmlCache Behavior [ RunTime:0.000286s ]
INFO: Run ShowRuntime Behavior [ RunTime:0.000421s ]
INFO: [ view_filter ] --END-- [ RunTime:0.001569s ]
INFO: [ view_end ] --START--
INFO: Run ShowPageTrace Behavior [ RunTime:0.000514s ]
INFO: [ view_end ] --END-- [ RunTime:0.000586s ]
NOTIC: [8192] Directive 'magic_quotes_gpc' is deprecated in PHP 5.3 and greater Unknown 第 0 行.

[ 2017-04-15T22:31:47+08:00 ] 171.12.11.187 /dongqiudi/admin.php?m=index&a=match_manage
INFO: [ app_begin ] --START--
INFO: Run ReadHtmlCache Behavior [ RunTime:0.000469s ]
INFO: [ app_begin ] --END-- [ RunTime:0.000572s ]
SQL: SHOW COLUMNS FROM `fc_match` [ RunTime:0.001651s ]
SQL: SHOW COLUMNS FROM `fc_team` [ RunTime:0.001549s ]
NOTIC: [8] Undefined index: keywords /data/home/bxu2442590746/htdocs/dongqiudi/Admin/Lib/Action/IndexAction.class.php 第 445 行.
SQL: SELECT * FROM `fc_match` ORDER BY match_id desc LIMIT 0,15   [ RunTime:0.001327s ]
SQL: SELECT * FROM `fc_team` WHERE ( team_id = 14  ) LIMIT 1   [ RunTime:0.001157s ]
SQL: SELECT * FROM `fc_team` WHERE ( team_id = 16 ) LIMIT 1   [ RunTime:0.001173s ]
SQL: SELECT * FROM `fc_team` WHERE ( team_id = 6  ) LIMIT 1   [ RunTime:0.001180s ]
SQL: SELECT * FROM `fc_team` WHERE ( team_id = 11 ) LIMIT 1   [ RunTime:0.001163s ]
SQL: SELECT * FROM `fc_team` WHERE ( team_id = 10  ) LIMIT 1   [ RunTime:0.001173s ]
SQL: SELECT * FROM `fc_team` WHERE ( team_id = 13 ) LIMIT 1   [ RunTime:0.001179s ]
SQL: SELECT * FROM `fc_team` WHERE ( team_id = 2  ) LIMIT 1   [ RunTime:0.001177s ]
SQL: SELECT * FROM `fc_team` WHERE ( team_id = 8 ) LIMIT 1   [ RunTime:0.001171s ]
SQL: SELECT * FROM `fc_team` WHERE ( team_id = 9  ) LIMIT 1   [ RunTime:0.001162s ]
SQL: SELECT * FROM `fc_team` WHERE ( team_id = 15 ) LIMIT 1   [ RunTime:0.001166s ]
SQL: SELECT * FROM `fc_team` WHERE ( team_id = 3  ) LIMIT 1   [ RunTime:0.001162s ]
SQL: SELECT * FROM `fc_team` WHERE ( team_id = 12 ) LIMIT 1   [ RunTime:0.001177s ]
SQL: SELECT * FROM `fc_team` WHERE ( team_id = 5  ) LIMIT 1   [ RunTime:0.001174s ]
SQL: SELECT * FROM `fc_team` WHERE ( team_id = 1 ) LIMIT 1   [ RunTime:0.001163s ]
SQL: SELECT * FROM `fc_team` WHERE ( team_id = 4  ) LIMIT 1   [ RunTime:0.001176s ]
SQL: SELECT * FROM `fc_team` WHERE ( team_id = 7 ) LIMIT 1   [ RunTime:0.001169s ]
SQL: SELECT * FROM `fc_team` WHERE ( team_id = 5  ) LIMIT 1   [ RunTime:0.001174s ]
SQL: SELECT * FROM `fc_team` WHERE ( team_id = 13 ) LIMIT 1   [ RunTime:0.001181s ]
SQL: SELECT * FROM `fc_team` WHERE ( team_id = 15  ) LIMIT 1   [ RunTime:0.001174s ]
SQL: SELECT * FROM `fc_team` WHERE ( team_id = 7 ) LIMIT 1   [ RunTime:0.001157s ]
SQL: SELECT * FROM `fc_team` WHERE ( team_id = 6  ) LIMIT 1   [ RunTime:0.001168s ]
SQL: SELECT * FROM `fc_team` WHERE ( team_id = 12 ) LIMIT 1   [ RunTime:0.001174s ]
SQL: SELECT * FROM `fc_team` WHERE ( team_id = 11  ) LIMIT 1   [ RunTime:0.001196s ]
SQL: SELECT * FROM `fc_team` WHERE ( team_id = 4 ) LIMIT 1   [ RunTime:0.001165s ]
SQL: SELECT * FROM `fc_team` WHERE ( team_id = 2  ) LIMIT 1   [ RunTime:0.001184s ]
SQL: SELECT * FROM `fc_team` WHERE ( team_id = 3 ) LIMIT 1   [ RunTime:0.001178s ]
SQL: SELECT * FROM `fc_team` WHERE ( team_id = 14  ) LIMIT 1   [ RunTime:0.001177s ]
SQL: SELECT * FROM `fc_team` WHERE ( team_id = 1 ) LIMIT 1   [ RunTime:0.001177s ]
SQL: SELECT * FROM `fc_team` WHERE ( team_id = 10  ) LIMIT 1   [ RunTime:0.001169s ]
SQL: SELECT * FROM `fc_team` WHERE ( team_id = 9 ) LIMIT 1   [ RunTime:0.001166s ]
SQL: SELECT COUNT(*) AS tp_count FROM `fc_match` LIMIT 1   [ RunTime:0.001236s ]
NOTIC: [8] Undefined index: match_id /data/home/bxu2442590746/htdocs/dongqiudi/Admin/Lib/Action/IndexAction.class.php 第 464 行.
NOTIC: [8] Undefined index: match_id /data/home/bxu2442590746/htdocs/dongqiudi/Admin/Lib/Action/IndexAction.class.php 第 482 行.
INFO: [ view_template ] --START--
INFO: Run LocationTemplate Behavior [ RunTime:0.000478s ]
INFO: [ view_template ] --END-- [ RunTime:0.000522s ]
INFO: [ view_parse ] --START--
NOTIC: [8] Undefined index: classification /data/home/bxu2442590746/htdocs/dongqiudi/Admin/Runtime/Cache/07c84b38c5813f225311e844865d4a22.php 第 41 行.
NOTIC: [8] Undefined index: classification /data/home/bxu2442590746/htdocs/dongqiudi/Admin/Runtime/Cache/07c84b38c5813f225311e844865d4a22.php 第 42 行.
NOTIC: [8] Undefined index: keywords /data/home/bxu2442590746/htdocs/dongqiudi/Admin/Runtime/Cache/07c84b38c5813f225311e844865d4a22.php 第 48 行.
NOTIC: [8] Use of undefined constant league_round - assumed 'league_round' /data/home/bxu2442590746/htdocs/dongqiudi/Admin/Runtime/Cache/07c84b38c5813f225311e844865d4a22.php 第 73 行.
NOTIC: [8] Use of undefined constant 直播中 - assumed '直播中' /data/home/bxu2442590746/htdocs/dongqiudi/Admin/Runtime/Cache/07c84b38c5813f225311e844865d4a22.php 第 81 行.
NOTIC: [8] Undefined index: id /data/home/bxu2442590746/htdocs/dongqiudi/Admin/Runtime/Cache/07c84b38c5813f225311e844865d4a22.php 第 97 行.
NOTIC: [8] Use of undefined constant league_round - assumed 'league_round' /data/home/bxu2442590746/htdocs/dongqiudi/Admin/Runtime/Cache/07c84b38c5813f225311e844865d4a22.php 第 73 行.
NOTIC: [8] Use of undefined constant 直播中 - assumed '直播中' /data/home/bxu2442590746/htdocs/dongqiudi/Admin/Runtime/Cache/07c84b38c5813f225311e844865d4a22.php 第 81 行.
NOTIC: [8] Undefined index: id /data/home/bxu2442590746/htdocs/dongqiudi/Admin/Runtime/Cache/07c84b38c5813f225311e844865d4a22.php 第 97 行.
NOTIC: [8] Use of undefined constant league_round - assumed 'league_round' /data/home/bxu2442590746/htdocs/dongqiudi/Admin/Runtime/Cache/07c84b38c5813f225311e844865d4a22.php 第 73 行.
NOTIC: [8] Use of undefined constant 直播中 - assumed '直播中' /data/home/bxu2442590746/htdocs/dongqiudi/Admin/Runtime/Cache/07c84b38c5813f225311e844865d4a22.php 第 81 行.
NOTIC: [8] Undefined index: id /data/home/bxu2442590746/htdocs/dongqiudi/Admin/Runtime/Cache/07c84b38c5813f225311e844865d4a22.php 第 97 行.
NOTIC: [8] Use of undefined constant league_round - assumed 'league_round' /data/home/bxu2442590746/htdocs/dongqiudi/Admin/Runtime/Cache/07c84b38c5813f225311e844865d4a22.php 第 73 行.
NOTIC: [8] Use of undefined constant 直播中 - assumed '直播中' /data/home/bxu2442590746/htdocs/dongqiudi/Admin/Runtime/Cache/07c84b38c5813f225311e844865d4a22.php 第 81 行.
NOTIC: [8] Undefined index: id /data/home/bxu2442590746/htdocs/dongqiudi/Admin/Runtime/Cache/07c84b38c5813f225311e844865d4a22.php 第 97 行.
NOTIC: [8] Use of undefined constant league_round - assumed 'league_round' /data/home/bxu2442590746/htdocs/dongqiudi/Admin/Runtime/Cache/07c84b38c5813f225311e844865d4a22.php 第 73 行.
NOTIC: [8] Use of undefined constant 直播中 - assumed '直播中' /data/home/bxu2442590746/htdocs/dongqiudi/Admin/Runtime/Cache/07c84b38c5813f225311e844865d4a22.php 第 81 行.
NOTIC: [8] Undefined index: id /data/home/bxu2442590746/htdocs/dongqiudi/Admin/Runtime/Cache/07c84b38c5813f225311e844865d4a22.php 第 97 行.
NOTIC: [8] Use of undefined constant league_round - assumed 'league_round' /data/home/bxu2442590746/htdocs/dongqiudi/Admin/Runtime/Cache/07c84b38c5813f225311e844865d4a22.php 第 73 行.
NOTIC: [8] Use of undefined constant 直播中 - assumed '直播中' /data/home/bxu2442590746/htdocs/dongqiudi/Admin/Runtime/Cache/07c84b38c5813f225311e844865d4a22.php 第 81 行.
NOTIC: [8] Undefined index: id /data/home/bxu2442590746/htdocs/dongqiudi/Admin/Runtime/Cache/07c84b38c5813f225311e844865d4a22.php 第 97 行.
NOTIC: [8] Use of undefined constant league_round - assumed 'league_round' /data/home/bxu2442590746/htdocs/dongqiudi/Admin/Runtime/Cache/07c84b38c5813f225311e844865d4a22.php 第 73 行.
NOTIC: [8] Use of undefined constant 直播中 - assumed '直播中' /data/home/bxu2442590746/htdocs/dongqiudi/Admin/Runtime/Cache/07c84b38c5813f225311e844865d4a22.php 第 81 行.
NOTIC: [8] Undefined index: id /data/home/bxu2442590746/htdocs/dongqiudi/Admin/Runtime/Cache/07c84b38c5813f225311e844865d4a22.php 第 97 行.
NOTIC: [8] Use of undefined constant league_round - assumed 'league_round' /data/home/bxu2442590746/htdocs/dongqiudi/Admin/Runtime/Cache/07c84b38c5813f225311e844865d4a22.php 第 73 行.
NOTIC: [8] Use of undefined constant 直播中 - assumed '直播中' /data/home/bxu2442590746/htdocs/dongqiudi/Admin/Runtime/Cache/07c84b38c5813f225311e844865d4a22.php 第 81 行.
NOTIC: [8] Undefined index: id /data/home/bxu2442590746/htdocs/dongqiudi/Admin/Runtime/Cache/07c84b38c5813f225311e844865d4a22.php 第 97 行.
NOTIC: [8] Use of undefined constant league_round - assumed 'league_round' /data/home/bxu2442590746/htdocs/dongqiudi/Admin/Runtime/Cache/07c84b38c5813f225311e844865d4a22.php 第 73 行.
NOTIC: [8] Use of undefined constant 直播中 - assumed '直播中' /data/home/bxu2442590746/htdocs/dongqiudi/Admin/Runtime/Cache/07c84b38c5813f225311e844865d4a22.php 第 81 行.
NOTIC: [8] Undefined index: id /data/home/bxu2442590746/htdocs/dongqiudi/Admin/Runtime/Cache/07c84b38c5813f225311e844865d4a22.php 第 97 行.
NOTIC: [8] Use of undefined constant league_round - assumed 'league_round' /data/home/bxu2442590746/htdocs/dongqiudi/Admin/Runtime/Cache/07c84b38c5813f225311e844865d4a22.php 第 73 行.
NOTIC: [8] Use of undefined constant 直播中 - assumed '直播中' /data/home/bxu2442590746/htdocs/dongqiudi/Admin/Runtime/Cache/07c84b38c5813f225311e844865d4a22.php 第 81 行.
NOTIC: [8] Undefined index: id /data/home/bxu2442590746/htdocs/dongqiudi/Admin/Runtime/Cache/07c84b38c5813f225311e844865d4a22.php 第 97 行.
NOTIC: [8] Use of undefined constant league_round - assumed 'league_round' /data/home/bxu2442590746/htdocs/dongqiudi/Admin/Runtime/Cache/07c84b38c5813f225311e844865d4a22.php 第 73 行.
NOTIC: [8] Use of undefined constant 直播中 - assumed '直播中' /data/home/bxu2442590746/htdocs/dongqiudi/Admin/Runtime/Cache/07c84b38c5813f225311e844865d4a22.php 第 81 行.
NOTIC: [8] Undefined index: id /data/home/bxu2442590746/htdocs/dongqiudi/Admin/Runtime/Cache/07c84b38c5813f225311e844865d4a22.php 第 97 行.
NOTIC: [8] Use of undefined constant league_round - assumed 'league_round' /data/home/bxu2442590746/htdocs/dongqiudi/Admin/Runtime/Cache/07c84b38c5813f225311e844865d4a22.php 第 73 行.
NOTIC: [8] Use of undefined constant 直播中 - assumed '直播中' /data/home/bxu2442590746/htdocs/dongqiudi/Admin/Runtime/Cache/07c84b38c5813f225311e844865d4a22.php 第 81 行.
NOTIC: [8] Undefined index: id /data/home/bxu2442590746/htdocs/dongqiudi/Admin/Runtime/Cache/07c84b38c5813f225311e844865d4a22.php 第 97 行.
NOTIC: [8] Use of undefined constant league_round - assumed 'league_round' /data/home/bxu2442590746/htdocs/dongqiudi/Admin/Runtime/Cache/07c84b38c5813f225311e844865d4a22.php 第 73 行.
NOTIC: [8] Use of undefined constant 直播中 - assumed '直播中' /data/home/bxu2442590746/htdocs/dongqiudi/Admin/Runtime/Cache/07c84b38c5813f225311e844865d4a22.php 第 81 行.
NOTIC: [8] Undefined index: id /data/home/bxu2442590746/htdocs/dongqiudi/Admin/Runtime/Cache/07c84b38c5813f225311e844865d4a22.php 第 97 行.
NOTIC: [8] Use of undefined constant league_round - assumed 'league_round' /data/home/bxu2442590746/htdocs/dongqiudi/Admin/Runtime/Cache/07c84b38c5813f225311e844865d4a22.php 第 73 行.
NOTIC: [8] Use of undefined constant 直播中 - assumed '直播中' /data/home/bxu2442590746/htdocs/dongqiudi/Admin/Runtime/Cache/07c84b38c5813f225311e844865d4a22.php 第 81 行.
NOTIC: [8] Undefined index: id /data/home/bxu2442590746/htdocs/dongqiudi/Admin/Runtime/Cache/07c84b38c5813f225311e844865d4a22.php 第 97 行.
NOTIC: [8] Use of undefined constant league_round - assumed 'league_round' /data/home/bxu2442590746/htdocs/dongqiudi/Admin/Runtime/Cache/07c84b38c5813f225311e844865d4a22.php 第 73 行.
NOTIC: [8] Use of undefined constant 直播中 - assumed '直播中' /data/home/bxu2442590746/htdocs/dongqiudi/Admin/Runtime/Cache/07c84b38c5813f225311e844865d4a22.php 第 81 行.
NOTIC: [8] Undefined index: id /data/home/bxu2442590746/htdocs/dongqiudi/Admin/Runtime/Cache/07c84b38c5813f225311e844865d4a22.php 第 97 行.
INFO: Run ParseTemplate Behavior [ RunTime:0.014219s ]
INFO: [ view_parse ] --END-- [ RunTime:0.014264s ]
INFO: [ view_filter ] --START--
INFO: Run ContentReplace Behavior [ RunTime:0.000454s ]
INFO: Run TokenBuild Behavior [ RunTime:0.000373s ]
INFO: Run WriteHtmlCache Behavior [ RunTime:0.000290s ]
INFO: Run ShowRuntime Behavior [ RunTime:0.000418s ]
INFO: [ view_filter ] --END-- [ RunTime:0.001698s ]
INFO: [ view_end ] --START--
INFO: Run ShowPageTrace Behavior [ RunTime:0.000477s ]
INFO: [ view_end ] --END-- [ RunTime:0.000522s ]

[ 2017-04-15T22:31:47+08:00 ] 171.12.11.187 /dongqiudi/admin.php?m=index&a=match_manage
NOTIC: [8192] Directive 'magic_quotes_gpc' is deprecated in PHP 5.3 and greater Unknown 第 0 行.

