[ 2017-05-17T21:39:49+08:00 ] 123.14.238.249 /dongqiudi/admin.php
INFO: [ app_begin ] --START--
INFO: Run ReadHtmlCache Behavior [ RunTime:0.000495s ]
INFO: [ app_begin ] --END-- [ RunTime:0.000603s ]
INFO: [ view_template ] --START--
INFO: Run LocationTemplate Behavior [ RunTime:0.026394s ]
INFO: [ view_template ] --END-- [ RunTime:0.026500s ]
INFO: [ view_parse ] --START--
INFO: Run ParseTemplate Behavior [ RunTime:0.008407s ]
INFO: [ view_parse ] --END-- [ RunTime:0.008480s ]
INFO: [ view_filter ] --START--
INFO: Run ContentReplace Behavior [ RunTime:0.000350s ]
INFO: Run TokenBuild Behavior [ RunTime:0.000393s ]
INFO: Run WriteHtmlCache Behavior [ RunTime:0.000317s ]
INFO: Run ShowRuntime Behavior [ RunTime:0.000440s ]
INFO: [ view_filter ] --END-- [ RunTime:0.001629s ]
INFO: [ view_end ] --START--
INFO: Run ShowPageTrace Behavior [ RunTime:0.000522s ]
INFO: [ view_end ] --END-- [ RunTime:0.000568s ]
NOTIC: [8192] Directive 'magic_quotes_gpc' is deprecated in PHP 5.3 and greater Unknown 第 0 行.

[ 2017-05-17T21:39:52+08:00 ] 123.14.238.249 /dongqiudi/admin.php?m=user&a=login
INFO: [ app_begin ] --START--
INFO: Run ReadHtmlCache Behavior [ RunTime:0.000493s ]
INFO: [ app_begin ] --END-- [ RunTime:0.000601s ]
SQL: SHOW COLUMNS FROM `fc_user` [ RunTime:0.001486s ]
INFO: [ view_template ] --START--
INFO: Run LocationTemplate Behavior [ RunTime:0.001917s ]
INFO: [ view_template ] --END-- [ RunTime:0.001974s ]
INFO: [ view_parse ] --START--
INFO: Run ParseTemplate Behavior [ RunTime:0.005797s ]
INFO: [ view_parse ] --END-- [ RunTime:0.005872s ]
INFO: [ view_filter ] --START--
INFO: Run ContentReplace Behavior [ RunTime:0.000392s ]
INFO: Run TokenBuild Behavior [ RunTime:0.000411s ]
INFO: Run WriteHtmlCache Behavior [ RunTime:0.000320s ]
INFO: Run ShowRuntime Behavior [ RunTime:0.000418s ]
INFO: [ view_filter ] --END-- [ RunTime:0.001673s ]
INFO: [ view_end ] --START--
INFO: Run ShowPageTrace Behavior [ RunTime:0.000528s ]
INFO: [ view_end ] --END-- [ RunTime:0.000573s ]

[ 2017-05-17T21:39:52+08:00 ] 123.14.238.249 /dongqiudi/admin.php?m=user&a=login
NOTIC: [8192] Directive 'magic_quotes_gpc' is deprecated in PHP 5.3 and greater Unknown 第 0 行.

[ 2017-05-17T21:39:53+08:00 ] 123.14.238.249 /dongqiudi/admin.php/Public/verify/
INFO: [ route_check ] --START--
INFO: Run CheckRoute Behavior [ RunTime:0.023411s ]
INFO: [ route_check ] --END-- [ RunTime:0.023529s ]
INFO: [ app_begin ] --START--
INFO: Run ReadHtmlCache Behavior [ RunTime:0.000440s ]
INFO: [ app_begin ] --END-- [ RunTime:0.000492s ]

[ 2017-05-17T21:39:53+08:00 ] 123.14.238.249 /dongqiudi/admin.php/Public/verify/
NOTIC: [8192] Directive 'magic_quotes_gpc' is deprecated in PHP 5.3 and greater Unknown 第 0 行.

[ 2017-05-17T21:40:00+08:00 ] 123.14.238.249 /dongqiudi/admin.php?m=user&a=login
INFO: [ app_begin ] --START--
INFO: Run ReadHtmlCache Behavior [ RunTime:0.000489s ]
INFO: [ app_begin ] --END-- [ RunTime:0.000598s ]
SQL: SHOW COLUMNS FROM `fc_user` [ RunTime:0.001645s ]
SQL: SELECT * FROM `fc_user` WHERE ( username = "admin" ) LIMIT 1   [ RunTime:0.001293s ]
INFO: [ view_template ] --START--
INFO: Run LocationTemplate Behavior [ RunTime:0.000550s ]
INFO: [ view_template ] --END-- [ RunTime:0.000599s ]
INFO: [ view_parse ] --START--
INFO: Run ParseTemplate Behavior [ RunTime:0.005515s ]
INFO: [ view_parse ] --END-- [ RunTime:0.005572s ]
INFO: [ view_filter ] --START--
INFO: Run ContentReplace Behavior [ RunTime:0.000335s ]
INFO: Run TokenBuild Behavior [ RunTime:0.000346s ]
INFO: Run WriteHtmlCache Behavior [ RunTime:0.000301s ]
INFO: Run ShowRuntime Behavior [ RunTime:0.000389s ]
INFO: [ view_filter ] --END-- [ RunTime:0.001496s ]
INFO: [ view_end ] --START--
INFO: Run ShowPageTrace Behavior [ RunTime:0.000529s ]
INFO: [ view_end ] --END-- [ RunTime:0.000572s ]
NOTIC: [8192] Directive 'magic_quotes_gpc' is deprecated in PHP 5.3 and greater Unknown 第 0 行.

[ 2017-05-17T21:40:01+08:00 ] 123.14.238.249 /dongqiudi/admin.php?m=user&a=login
INFO: [ app_begin ] --START--
INFO: Run ReadHtmlCache Behavior [ RunTime:0.000478s ]
INFO: [ app_begin ] --END-- [ RunTime:0.000571s ]
SQL: SHOW COLUMNS FROM `fc_user` [ RunTime:0.001419s ]
INFO: [ view_template ] --START--
INFO: Run LocationTemplate Behavior [ RunTime:0.000443s ]
INFO: [ view_template ] --END-- [ RunTime:0.000497s ]
INFO: [ view_parse ] --START--
INFO: Run ParseTemplate Behavior [ RunTime:0.005463s ]
INFO: [ view_parse ] --END-- [ RunTime:0.005517s ]
INFO: [ view_filter ] --START--
INFO: Run ContentReplace Behavior [ RunTime:0.000341s ]
INFO: Run TokenBuild Behavior [ RunTime:0.000365s ]
INFO: Run WriteHtmlCache Behavior [ RunTime:0.000283s ]
INFO: Run ShowRuntime Behavior [ RunTime:0.000399s ]
INFO: [ view_filter ] --END-- [ RunTime:0.001526s ]
INFO: [ view_end ] --START--
INFO: Run ShowPageTrace Behavior [ RunTime:0.000512s ]
INFO: [ view_end ] --END-- [ RunTime:0.000555s ]

[ 2017-05-17T21:40:01+08:00 ] 123.14.238.249 /dongqiudi/admin.php?m=user&a=login
NOTIC: [8192] Directive 'magic_quotes_gpc' is deprecated in PHP 5.3 and greater Unknown 第 0 行.

[ 2017-05-17T21:40:06+08:00 ] 123.14.238.249 /dongqiudi/admin.php?m=user&a=login
INFO: [ app_begin ] --START--
INFO: Run ReadHtmlCache Behavior [ RunTime:0.000462s ]
INFO: [ app_begin ] --END-- [ RunTime:0.000581s ]
SQL: SHOW COLUMNS FROM `fc_user` [ RunTime:0.001538s ]
SQL: SELECT * FROM `fc_user` WHERE ( username = "admin" ) LIMIT 1   [ RunTime:0.001097s ]
INFO: [ view_template ] --START--
INFO: Run LocationTemplate Behavior [ RunTime:0.000520s ]
INFO: [ view_template ] --END-- [ RunTime:0.000570s ]
INFO: [ view_parse ] --START--
INFO: Run ParseTemplate Behavior [ RunTime:0.005490s ]
INFO: [ view_parse ] --END-- [ RunTime:0.005544s ]
INFO: [ view_filter ] --START--
INFO: Run ContentReplace Behavior [ RunTime:0.000332s ]
INFO: Run TokenBuild Behavior [ RunTime:0.000400s ]
INFO: Run WriteHtmlCache Behavior [ RunTime:0.000293s ]
INFO: Run ShowRuntime Behavior [ RunTime:0.000462s ]
INFO: [ view_filter ] --END-- [ RunTime:0.002178s ]
INFO: [ view_end ] --START--
INFO: Run ShowPageTrace Behavior [ RunTime:0.000552s ]
INFO: [ view_end ] --END-- [ RunTime:0.000600s ]
NOTIC: [8192] Directive 'magic_quotes_gpc' is deprecated in PHP 5.3 and greater Unknown 第 0 行.

[ 2017-05-17T21:40:07+08:00 ] 123.14.238.249 /dongqiudi/admin.php?m=index&a=index
INFO: [ app_begin ] --START--
INFO: Run ReadHtmlCache Behavior [ RunTime:0.000466s ]
INFO: [ app_begin ] --END-- [ RunTime:0.000561s ]
INFO: [ view_template ] --START--
INFO: Run LocationTemplate Behavior [ RunTime:0.013945s ]
INFO: [ view_template ] --END-- [ RunTime:0.014002s ]
INFO: [ view_parse ] --START--
INFO: Run ParseTemplate Behavior [ RunTime:0.037587s ]
INFO: [ view_parse ] --END-- [ RunTime:0.037636s ]
INFO: [ view_filter ] --START--
INFO: Run ContentReplace Behavior [ RunTime:0.000342s ]
INFO: Run TokenBuild Behavior [ RunTime:0.000363s ]
INFO: Run WriteHtmlCache Behavior [ RunTime:0.000303s ]
INFO: Run ShowRuntime Behavior [ RunTime:0.000384s ]
INFO: [ view_filter ] --END-- [ RunTime:0.001528s ]
INFO: [ view_end ] --START--
INFO: Run ShowPageTrace Behavior [ RunTime:0.000488s ]
INFO: [ view_end ] --END-- [ RunTime:0.000554s ]

[ 2017-05-17T21:40:07+08:00 ] 123.14.238.249 /dongqiudi/admin.php?m=index&a=index
NOTIC: [8192] Directive 'magic_quotes_gpc' is deprecated in PHP 5.3 and greater Unknown 第 0 行.

[ 2017-05-17T21:40:08+08:00 ] 123.14.238.249 /dongqiudi/admin.php?m=index&a=pass
INFO: [ app_begin ] --START--
INFO: Run ReadHtmlCache Behavior [ RunTime:0.000489s ]
INFO: [ app_begin ] --END-- [ RunTime:0.000605s ]
INFO: [ view_template ] --START--
INFO: Run LocationTemplate Behavior [ RunTime:0.000445s ]
INFO: [ view_template ] --END-- [ RunTime:0.000499s ]
INFO: [ view_parse ] --START--
INFO: Run ParseTemplate Behavior [ RunTime:0.006471s ]
INFO: [ view_parse ] --END-- [ RunTime:0.006529s ]
INFO: [ view_filter ] --START--
INFO: Run ContentReplace Behavior [ RunTime:0.000346s ]
INFO: Run TokenBuild Behavior [ RunTime:0.000397s ]
INFO: Run WriteHtmlCache Behavior [ RunTime:0.000281s ]
INFO: Run ShowRuntime Behavior [ RunTime:0.000417s ]
INFO: [ view_filter ] --END-- [ RunTime:0.001567s ]
INFO: [ view_end ] --START--
INFO: Run ShowPageTrace Behavior [ RunTime:0.000517s ]
INFO: [ view_end ] --END-- [ RunTime:0.000562s ]

[ 2017-05-17T21:40:08+08:00 ] 123.14.238.249 /dongqiudi/admin.php?m=index&a=pass
NOTIC: [8192] Directive 'magic_quotes_gpc' is deprecated in PHP 5.3 and greater Unknown 第 0 行.

[ 2017-05-17T21:40:25+08:00 ] 123.14.238.249 /dongqiudi/admin.php?m=index&a=lists
INFO: [ app_begin ] --START--
INFO: Run ReadHtmlCache Behavior [ RunTime:0.000462s ]
INFO: [ app_begin ] --END-- [ RunTime:0.000580s ]
SQL: SHOW COLUMNS FROM `fc_news` [ RunTime:0.001410s ]
NOTIC: [8] Undefined index: keywords /data/home/bxu2442590746/htdocs/dongqiudi/Admin/Lib/Action/IndexAction.class.php 第 57 行.
NOTIC: [8] Undefined variable: where /data/home/bxu2442590746/htdocs/dongqiudi/Admin/Lib/Action/IndexAction.class.php 第 63 行.
SQL: SELECT * FROM fc_news n LEFT JOIN fc_news_data as d on n.id = d.id ORDER BY n.id desc LIMIT 0,7   [ RunTime:0.002380s ]
NOTIC: [8] Undefined variable: where /data/home/bxu2442590746/htdocs/dongqiudi/Admin/Lib/Action/IndexAction.class.php 第 65 行.
SQL: SELECT COUNT(*) AS tp_count FROM `fc_news` LIMIT 1   [ RunTime:0.001003s ]
INFO: [ view_template ] --START--
INFO: Run LocationTemplate Behavior [ RunTime:0.000447s ]
INFO: [ view_template ] --END-- [ RunTime:0.000500s ]
INFO: [ view_parse ] --START--
NOTIC: [8] Undefined variable: iscid /data/home/bxu2442590746/htdocs/dongqiudi/Admin/Runtime/Cache/871f10e51db62a7f91fe5ff8c3a3e859.php 第 54 行.
NOTIC: [8] Undefined index: keywords /data/home/bxu2442590746/htdocs/dongqiudi/Admin/Runtime/Cache/871f10e51db62a7f91fe5ff8c3a3e859.php 第 66 行.
INFO: Run ParseTemplate Behavior [ RunTime:0.010077s ]
INFO: [ view_parse ] --END-- [ RunTime:0.010126s ]
INFO: [ view_filter ] --START--
INFO: Run ContentReplace Behavior [ RunTime:0.000422s ]
INFO: Run TokenBuild Behavior [ RunTime:0.000341s ]
INFO: Run WriteHtmlCache Behavior [ RunTime:0.000318s ]
INFO: Run ShowRuntime Behavior [ RunTime:0.000375s ]
INFO: [ view_filter ] --END-- [ RunTime:0.001577s ]
INFO: [ view_end ] --START--
INFO: Run ShowPageTrace Behavior [ RunTime:0.000497s ]
INFO: [ view_end ] --END-- [ RunTime:0.000538s ]

[ 2017-05-17T21:40:25+08:00 ] 123.14.238.249 /dongqiudi/admin.php?m=index&a=lists
NOTIC: [8192] Directive 'magic_quotes_gpc' is deprecated in PHP 5.3 and greater Unknown 第 0 行.

[ 2017-05-17T21:40:29+08:00 ] 123.14.238.249 /dongqiudi/admin.php?m=index&a=team_manage
INFO: [ app_begin ] --START--
INFO: Run ReadHtmlCache Behavior [ RunTime:0.000474s ]
INFO: [ app_begin ] --END-- [ RunTime:0.000568s ]
SQL: SHOW COLUMNS FROM `fc_team` [ RunTime:0.001734s ]
NOTIC: [8] Undefined index: classification /data/home/bxu2442590746/htdocs/dongqiudi/Admin/Lib/Action/IndexAction.class.php 第 332 行.
NOTIC: [8] Undefined index: name /data/home/bxu2442590746/htdocs/dongqiudi/Admin/Lib/Action/IndexAction.class.php 第 337 行.
SQL: SELECT * FROM `fc_team` WHERE ( `name` LIKE '%%' ) ORDER BY team_id desc LIMIT 0,7   [ RunTime:0.001398s ]
SQL: SELECT COUNT(*) AS tp_count FROM `fc_team` WHERE ( `name` LIKE '%%' ) LIMIT 1   [ RunTime:0.001236s ]
INFO: [ view_template ] --START--
INFO: Run LocationTemplate Behavior [ RunTime:0.000464s ]
INFO: [ view_template ] --END-- [ RunTime:0.000514s ]
INFO: [ view_parse ] --START--
NOTIC: [8] Undefined index: classification /data/home/bxu2442590746/htdocs/dongqiudi/Admin/Runtime/Cache/267b242d9475193a906cfe4ce28716ed.php 第 39 行.
NOTIC: [8] Undefined index: classification /data/home/bxu2442590746/htdocs/dongqiudi/Admin/Runtime/Cache/267b242d9475193a906cfe4ce28716ed.php 第 40 行.
NOTIC: [8] Undefined index: classification /data/home/bxu2442590746/htdocs/dongqiudi/Admin/Runtime/Cache/267b242d9475193a906cfe4ce28716ed.php 第 41 行.
NOTIC: [8] Undefined index: classification /data/home/bxu2442590746/htdocs/dongqiudi/Admin/Runtime/Cache/267b242d9475193a906cfe4ce28716ed.php 第 44 行.
NOTIC: [8] Undefined index: classification /data/home/bxu2442590746/htdocs/dongqiudi/Admin/Runtime/Cache/267b242d9475193a906cfe4ce28716ed.php 第 45 行.
NOTIC: [8] Undefined index: classification /data/home/bxu2442590746/htdocs/dongqiudi/Admin/Runtime/Cache/267b242d9475193a906cfe4ce28716ed.php 第 46 行.
NOTIC: [8] Undefined index: name /data/home/bxu2442590746/htdocs/dongqiudi/Admin/Runtime/Cache/267b242d9475193a906cfe4ce28716ed.php 第 52 行.
INFO: Run ParseTemplate Behavior [ RunTime:0.061396s ]
INFO: [ view_parse ] --END-- [ RunTime:0.061443s ]
INFO: [ view_filter ] --START--
INFO: Run ContentReplace Behavior [ RunTime:0.000411s ]
INFO: Run TokenBuild Behavior [ RunTime:0.000339s ]
INFO: Run WriteHtmlCache Behavior [ RunTime:0.000298s ]
INFO: Run ShowRuntime Behavior [ RunTime:0.000406s ]
INFO: [ view_filter ] --END-- [ RunTime:0.001578s ]
INFO: [ view_end ] --START--
INFO: Run ShowPageTrace Behavior [ RunTime:0.000456s ]
INFO: [ view_end ] --END-- [ RunTime:0.000499s ]

[ 2017-05-17T21:40:29+08:00 ] 123.14.238.249 /dongqiudi/admin.php?m=index&a=team_manage
NOTIC: [8192] Directive 'magic_quotes_gpc' is deprecated in PHP 5.3 and greater Unknown 第 0 行.

[ 2017-05-17T21:40:31+08:00 ] 123.14.238.249 /dongqiudi/admin.php?m=index&a=match_manage
INFO: [ app_begin ] --START--
INFO: Run ReadHtmlCache Behavior [ RunTime:0.000463s ]
INFO: [ app_begin ] --END-- [ RunTime:0.000607s ]
SQL: SHOW COLUMNS FROM `fc_match` [ RunTime:0.001648s ]
SQL: SHOW COLUMNS FROM `fc_team` [ RunTime:0.001518s ]
NOTIC: [8] Undefined index: keywords /data/home/bxu2442590746/htdocs/dongqiudi/Admin/Lib/Action/IndexAction.class.php 第 447 行.
SQL: SELECT * FROM `fc_match` ORDER BY match_id desc LIMIT 0,15   [ RunTime:0.001348s ]
SQL: SELECT * FROM `fc_team` WHERE ( team_id = 13  ) LIMIT 1   [ RunTime:0.001339s ]
SQL: SELECT * FROM `fc_team` WHERE ( team_id = 1 ) LIMIT 1   [ RunTime:0.001193s ]
SQL: SELECT * FROM `fc_team` WHERE ( team_id = 1  ) LIMIT 1   [ RunTime:0.001296s ]
SQL: SELECT * FROM `fc_team` WHERE ( team_id = 4 ) LIMIT 1   [ RunTime:0.001306s ]
SQL: SELECT * FROM `fc_team` WHERE ( team_id = 29  ) LIMIT 1   [ RunTime:0.001259s ]
SQL: SELECT * FROM `fc_team` WHERE ( team_id = 30 ) LIMIT 1   [ RunTime:0.001192s ]
SQL: SELECT * FROM `fc_team` WHERE ( team_id = 35  ) LIMIT 1   [ RunTime:0.001306s ]
SQL: SELECT * FROM `fc_team` WHERE ( team_id = 23 ) LIMIT 1   [ RunTime:0.001275s ]
SQL: SELECT * FROM `fc_team` WHERE ( team_id = 31  ) LIMIT 1   [ RunTime:0.001250s ]
SQL: SELECT * FROM `fc_team` WHERE ( team_id = 33 ) LIMIT 1   [ RunTime:0.001277s ]
SQL: SELECT * FROM `fc_team` WHERE ( team_id = 27  ) LIMIT 1   [ RunTime:0.001267s ]
SQL: SELECT * FROM `fc_team` WHERE ( team_id = 28 ) LIMIT 1   [ RunTime:0.001269s ]
SQL: SELECT * FROM `fc_team` WHERE ( team_id = 26  ) LIMIT 1   [ RunTime:0.001279s ]
SQL: SELECT * FROM `fc_team` WHERE ( team_id = 25 ) LIMIT 1   [ RunTime:0.001195s ]
SQL: SELECT * FROM `fc_team` WHERE ( team_id = 21  ) LIMIT 1   [ RunTime:0.001321s ]
SQL: SELECT * FROM `fc_team` WHERE ( team_id = 22 ) LIMIT 1   [ RunTime:0.001200s ]
SQL: SELECT * FROM `fc_team` WHERE ( team_id = 14  ) LIMIT 1   [ RunTime:0.001291s ]
SQL: SELECT * FROM `fc_team` WHERE ( team_id = 16 ) LIMIT 1   [ RunTime:0.001338s ]
SQL: SELECT * FROM `fc_team` WHERE ( team_id = 6  ) LIMIT 1   [ RunTime:0.001394s ]
SQL: SELECT * FROM `fc_team` WHERE ( team_id = 11 ) LIMIT 1   [ RunTime:0.001309s ]
SQL: SELECT * FROM `fc_team` WHERE ( team_id = 10  ) LIMIT 1   [ RunTime:0.001265s ]
SQL: SELECT * FROM `fc_team` WHERE ( team_id = 13 ) LIMIT 1   [ RunTime:0.001205s ]
SQL: SELECT * FROM `fc_team` WHERE ( team_id = 2  ) LIMIT 1   [ RunTime:0.001289s ]
SQL: SELECT * FROM `fc_team` WHERE ( team_id = 8 ) LIMIT 1   [ RunTime:0.001291s ]
SQL: SELECT * FROM `fc_team` WHERE ( team_id = 9  ) LIMIT 1   [ RunTime:0.001293s ]
SQL: SELECT * FROM `fc_team` WHERE ( team_id = 15 ) LIMIT 1   [ RunTime:0.001252s ]
SQL: SELECT * FROM `fc_team` WHERE ( team_id = 3  ) LIMIT 1   [ RunTime:0.001287s ]
SQL: SELECT * FROM `fc_team` WHERE ( team_id = 12 ) LIMIT 1   [ RunTime:0.001227s ]
SQL: SELECT * FROM `fc_team` WHERE ( team_id = 5  ) LIMIT 1   [ RunTime:0.001296s ]
SQL: SELECT * FROM `fc_team` WHERE ( team_id = 1 ) LIMIT 1   [ RunTime:0.001188s ]
SQL: SELECT COUNT(*) AS tp_count FROM `fc_match` LIMIT 1   [ RunTime:0.001230s ]
NOTIC: [8] Undefined index: match_id /data/home/bxu2442590746/htdocs/dongqiudi/Admin/Lib/Action/IndexAction.class.php 第 466 行.
NOTIC: [8] Undefined index: match_id /data/home/bxu2442590746/htdocs/dongqiudi/Admin/Lib/Action/IndexAction.class.php 第 484 行.
INFO: [ view_template ] --START--
INFO: Run LocationTemplate Behavior [ RunTime:0.000478s ]
INFO: [ view_template ] --END-- [ RunTime:0.000522s ]
INFO: [ view_parse ] --START--
NOTIC: [8] Undefined index: classification /data/home/bxu2442590746/htdocs/dongqiudi/Admin/Runtime/Cache/07c84b38c5813f225311e844865d4a22.php 第 41 行.
NOTIC: [8] Undefined index: classification /data/home/bxu2442590746/htdocs/dongqiudi/Admin/Runtime/Cache/07c84b38c5813f225311e844865d4a22.php 第 42 行.
NOTIC: [8] Undefined index: keywords /data/home/bxu2442590746/htdocs/dongqiudi/Admin/Runtime/Cache/07c84b38c5813f225311e844865d4a22.php 第 48 行.
NOTIC: [8] Use of undefined constant league_round - assumed 'league_round' /data/home/bxu2442590746/htdocs/dongqiudi/Admin/Runtime/Cache/07c84b38c5813f225311e844865d4a22.php 第 73 行.
NOTIC: [8] Undefined index: id /data/home/bxu2442590746/htdocs/dongqiudi/Admin/Runtime/Cache/07c84b38c5813f225311e844865d4a22.php 第 97 行.
NOTIC: [8] Use of undefined constant league_round - assumed 'league_round' /data/home/bxu2442590746/htdocs/dongqiudi/Admin/Runtime/Cache/07c84b38c5813f225311e844865d4a22.php 第 73 行.
NOTIC: [8] Undefined index: id /data/home/bxu2442590746/htdocs/dongqiudi/Admin/Runtime/Cache/07c84b38c5813f225311e844865d4a22.php 第 97 行.
NOTIC: [8] Use of undefined constant league_round - assumed 'league_round' /data/home/bxu2442590746/htdocs/dongqiudi/Admin/Runtime/Cache/07c84b38c5813f225311e844865d4a22.php 第 73 行.
NOTIC: [8] Undefined index: id /data/home/bxu2442590746/htdocs/dongqiudi/Admin/Runtime/Cache/07c84b38c5813f225311e844865d4a22.php 第 97 行.
NOTIC: [8] Use of undefined constant league_round - assumed 'league_round' /data/home/bxu2442590746/htdocs/dongqiudi/Admin/Runtime/Cache/07c84b38c5813f225311e844865d4a22.php 第 73 行.
NOTIC: [8] Undefined index: id /data/home/bxu2442590746/htdocs/dongqiudi/Admin/Runtime/Cache/07c84b38c5813f225311e844865d4a22.php 第 97 行.
NOTIC: [8] Use of undefined constant league_round - assumed 'league_round' /data/home/bxu2442590746/htdocs/dongqiudi/Admin/Runtime/Cache/07c84b38c5813f225311e844865d4a22.php 第 73 行.
NOTIC: [8] Use of undefined constant 直播中 - assumed '直播中' /data/home/bxu2442590746/htdocs/dongqiudi/Admin/Runtime/Cache/07c84b38c5813f225311e844865d4a22.php 第 81 行.
NOTIC: [8] Undefined index: id /data/home/bxu2442590746/htdocs/dongqiudi/Admin/Runtime/Cache/07c84b38c5813f225311e844865d4a22.php 第 97 行.
NOTIC: [8] Use of undefined constant league_round - assumed 'league_round' /data/home/bxu2442590746/htdocs/dongqiudi/Admin/Runtime/Cache/07c84b38c5813f225311e844865d4a22.php 第 73 行.
NOTIC: [8] Use of undefined constant 直播中 - assumed '直播中' /data/home/bxu2442590746/htdocs/dongqiudi/Admin/Runtime/Cache/07c84b38c5813f225311e844865d4a22.php 第 81 行.
NOTIC: [8] Undefined index: id /data/home/bxu2442590746/htdocs/dongqiudi/Admin/Runtime/Cache/07c84b38c5813f225311e844865d4a22.php 第 97 行.
NOTIC: [8] Use of undefined constant league_round - assumed 'league_round' /data/home/bxu2442590746/htdocs/dongqiudi/Admin/Runtime/Cache/07c84b38c5813f225311e844865d4a22.php 第 73 行.
NOTIC: [8] Use of undefined constant 直播中 - assumed '直播中' /data/home/bxu2442590746/htdocs/dongqiudi/Admin/Runtime/Cache/07c84b38c5813f225311e844865d4a22.php 第 81 行.
NOTIC: [8] Undefined index: id /data/home/bxu2442590746/htdocs/dongqiudi/Admin/Runtime/Cache/07c84b38c5813f225311e844865d4a22.php 第 97 行.
NOTIC: [8] Use of undefined constant league_round - assumed 'league_round' /data/home/bxu2442590746/htdocs/dongqiudi/Admin/Runtime/Cache/07c84b38c5813f225311e844865d4a22.php 第 73 行.
NOTIC: [8] Use of undefined constant 直播中 - assumed '直播中' /data/home/bxu2442590746/htdocs/dongqiudi/Admin/Runtime/Cache/07c84b38c5813f225311e844865d4a22.php 第 81 行.
NOTIC: [8] Undefined index: id /data/home/bxu2442590746/htdocs/dongqiudi/Admin/Runtime/Cache/07c84b38c5813f225311e844865d4a22.php 第 97 行.
NOTIC: [8] Use of undefined constant league_round - assumed 'league_round' /data/home/bxu2442590746/htdocs/dongqiudi/Admin/Runtime/Cache/07c84b38c5813f225311e844865d4a22.php 第 73 行.
NOTIC: [8] Use of undefined constant 直播中 - assumed '直播中' /data/home/bxu2442590746/htdocs/dongqiudi/Admin/Runtime/Cache/07c84b38c5813f225311e844865d4a22.php 第 81 行.
NOTIC: [8] Undefined index: id /data/home/bxu2442590746/htdocs/dongqiudi/Admin/Runtime/Cache/07c84b38c5813f225311e844865d4a22.php 第 97 行.
NOTIC: [8] Use of undefined constant league_round - assumed 'league_round' /data/home/bxu2442590746/htdocs/dongqiudi/Admin/Runtime/Cache/07c84b38c5813f225311e844865d4a22.php 第 73 行.
NOTIC: [8] Use of undefined constant 直播中 - assumed '直播中' /data/home/bxu2442590746/htdocs/dongqiudi/Admin/Runtime/Cache/07c84b38c5813f225311e844865d4a22.php 第 81 行.
NOTIC: [8] Undefined index: id /data/home/bxu2442590746/htdocs/dongqiudi/Admin/Runtime/Cache/07c84b38c5813f225311e844865d4a22.php 第 97 行.
NOTIC: [8] Use of undefined constant league_round - assumed 'league_round' /data/home/bxu2442590746/htdocs/dongqiudi/Admin/Runtime/Cache/07c84b38c5813f225311e844865d4a22.php 第 73 行.
NOTIC: [8] Use of undefined constant 直播中 - assumed '直播中' /data/home/bxu2442590746/htdocs/dongqiudi/Admin/Runtime/Cache/07c84b38c5813f225311e844865d4a22.php 第 81 行.
NOTIC: [8] Undefined index: id /data/home/bxu2442590746/htdocs/dongqiudi/Admin/Runtime/Cache/07c84b38c5813f225311e844865d4a22.php 第 97 行.
NOTIC: [8] Use of undefined constant league_round - assumed 'league_round' /data/home/bxu2442590746/htdocs/dongqiudi/Admin/Runtime/Cache/07c84b38c5813f225311e844865d4a22.php 第 73 行.
NOTIC: [8] Use of undefined constant 直播中 - assumed '直播中' /data/home/bxu2442590746/htdocs/dongqiudi/Admin/Runtime/Cache/07c84b38c5813f225311e844865d4a22.php 第 81 行.
NOTIC: [8] Undefined index: id /data/home/bxu2442590746/htdocs/dongqiudi/Admin/Runtime/Cache/07c84b38c5813f225311e844865d4a22.php 第 97 行.
NOTIC: [8] Use of undefined constant league_round - assumed 'league_round' /data/home/bxu2442590746/htdocs/dongqiudi/Admin/Runtime/Cache/07c84b38c5813f225311e844865d4a22.php 第 73 行.
NOTIC: [8] Use of undefined constant 直播中 - assumed '直播中' /data/home/bxu2442590746/htdocs/dongqiudi/Admin/Runtime/Cache/07c84b38c5813f225311e844865d4a22.php 第 81 行.
NOTIC: [8] Undefined index: id /data/home/bxu2442590746/htdocs/dongqiudi/Admin/Runtime/Cache/07c84b38c5813f225311e844865d4a22.php 第 97 行.
NOTIC: [8] Use of undefined constant league_round - assumed 'league_round' /data/home/bxu2442590746/htdocs/dongqiudi/Admin/Runtime/Cache/07c84b38c5813f225311e844865d4a22.php 第 73 行.
NOTIC: [8] Use of undefined constant 直播中 - assumed '直播中' /data/home/bxu2442590746/htdocs/dongqiudi/Admin/Runtime/Cache/07c84b38c5813f225311e844865d4a22.php 第 81 行.
NOTIC: [8] Undefined index: id /data/home/bxu2442590746/htdocs/dongqiudi/Admin/Runtime/Cache/07c84b38c5813f225311e844865d4a22.php 第 97 行.
NOTIC: [8] Use of undefined constant league_round - assumed 'league_round' /data/home/bxu2442590746/htdocs/dongqiudi/Admin/Runtime/Cache/07c84b38c5813f225311e844865d4a22.php 第 73 行.
NOTIC: [8] Use of undefined constant 直播中 - assumed '直播中' /data/home/bxu2442590746/htdocs/dongqiudi/Admin/Runtime/Cache/07c84b38c5813f225311e844865d4a22.php 第 81 行.
NOTIC: [8] Undefined index: id /data/home/bxu2442590746/htdocs/dongqiudi/Admin/Runtime/Cache/07c84b38c5813f225311e844865d4a22.php 第 97 行.
INFO: Run ParseTemplate Behavior [ RunTime:0.041829s ]
INFO: [ view_parse ] --END-- [ RunTime:0.041876s ]
INFO: [ view_filter ] --START--
INFO: Run ContentReplace Behavior [ RunTime:0.000454s ]
INFO: Run TokenBuild Behavior [ RunTime:0.000373s ]
INFO: Run WriteHtmlCache Behavior [ RunTime:0.000278s ]
INFO: Run ShowRuntime Behavior [ RunTime:0.000392s ]
INFO: [ view_filter ] --END-- [ RunTime:0.001617s ]
INFO: [ view_end ] --START--
INFO: Run ShowPageTrace Behavior [ RunTime:0.000454s ]
INFO: [ view_end ] --END-- [ RunTime:0.000496s ]

[ 2017-05-17T21:40:31+08:00 ] 123.14.238.249 /dongqiudi/admin.php?m=index&a=match_manage
NOTIC: [8192] Directive 'magic_quotes_gpc' is deprecated in PHP 5.3 and greater Unknown 第 0 行.

[ 2017-05-17T21:40:32+08:00 ] 123.14.238.249 /dongqiudi/admin.php?m=index&a=add
INFO: [ app_begin ] --START--
INFO: Run ReadHtmlCache Behavior [ RunTime:0.000452s ]
INFO: [ app_begin ] --END-- [ RunTime:0.000549s ]
SQL: SHOW COLUMNS FROM `fc_news` [ RunTime:0.002961s ]
SQL: SHOW COLUMNS FROM `fc_news_data` [ RunTime:0.001354s ]
NOTIC: [8] Undefined index: id /data/home/bxu2442590746/htdocs/dongqiudi/Admin/Lib/Action/IndexAction.class.php 第 96 行.
SQL: SELECT * FROM fc_news n LEFT JOIN fc_news_data as d on n.id = d.id WHERE ( n.id = %d ) LIMIT 1   [ RunTime:0.001140s ]
ERR: You have an error in your SQL syntax; check the manual that corresponds to your MySQL server version for the right syntax to use near '%d ) LIMIT 1' at line 1
 [ SQL语句 ] : SELECT * FROM fc_news n LEFT JOIN fc_news_data as d on n.id = d.id WHERE ( n.id = %d ) LIMIT 1  
INFO: [ view_template ] --START--
INFO: Run LocationTemplate Behavior [ RunTime:0.000487s ]
INFO: [ view_template ] --END-- [ RunTime:0.000541s ]
INFO: [ view_parse ] --START--
NOTIC: [8] Undefined variable: jis /data/home/bxu2442590746/htdocs/dongqiudi/Admin/Runtime/Cache/cbcf4388101292f27eb9b214ccec63b6.php 第 120 行.
INFO: Run ParseTemplate Behavior [ RunTime:0.067110s ]
INFO: [ view_parse ] --END-- [ RunTime:0.067175s ]
INFO: [ view_filter ] --START--
INFO: Run ContentReplace Behavior [ RunTime:0.000446s ]
INFO: Run TokenBuild Behavior [ RunTime:0.000414s ]
INFO: Run WriteHtmlCache Behavior [ RunTime:0.000324s ]
INFO: Run ShowRuntime Behavior [ RunTime:0.000433s ]
INFO: [ view_filter ] --END-- [ RunTime:0.001753s ]
INFO: [ view_end ] --START--
INFO: Run ShowPageTrace Behavior [ RunTime:0.000542s ]
INFO: [ view_end ] --END-- [ RunTime:0.000583s ]

[ 2017-05-17T21:40:32+08:00 ] 123.14.238.249 /dongqiudi/admin.php?m=index&a=add
NOTIC: [8192] Directive 'magic_quotes_gpc' is deprecated in PHP 5.3 and greater Unknown 第 0 行.

[ 2017-05-17T21:40:34+08:00 ] 123.14.238.249 /dongqiudi/admin.php?m=index&a=match_manage
INFO: [ app_begin ] --START--
INFO: Run ReadHtmlCache Behavior [ RunTime:0.000461s ]
INFO: [ app_begin ] --END-- [ RunTime:0.000555s ]
SQL: SHOW COLUMNS FROM `fc_match` [ RunTime:0.001584s ]
SQL: SHOW COLUMNS FROM `fc_team` [ RunTime:0.001412s ]
NOTIC: [8] Undefined index: keywords /data/home/bxu2442590746/htdocs/dongqiudi/Admin/Lib/Action/IndexAction.class.php 第 447 行.
SQL: SELECT * FROM `fc_match` ORDER BY match_id desc LIMIT 0,15   [ RunTime:0.001147s ]
SQL: SELECT * FROM `fc_team` WHERE ( team_id = 13  ) LIMIT 1   [ RunTime:0.001193s ]
SQL: SELECT * FROM `fc_team` WHERE ( team_id = 1 ) LIMIT 1   [ RunTime:0.001196s ]
SQL: SELECT * FROM `fc_team` WHERE ( team_id = 1  ) LIMIT 1   [ RunTime:0.001209s ]
SQL: SELECT * FROM `fc_team` WHERE ( team_id = 4 ) LIMIT 1   [ RunTime:0.001151s ]
SQL: SELECT * FROM `fc_team` WHERE ( team_id = 29  ) LIMIT 1   [ RunTime:0.001117s ]
SQL: SELECT * FROM `fc_team` WHERE ( team_id = 30 ) LIMIT 1   [ RunTime:0.001113s ]
SQL: SELECT * FROM `fc_team` WHERE ( team_id = 35  ) LIMIT 1   [ RunTime:0.001174s ]
SQL: SELECT * FROM `fc_team` WHERE ( team_id = 23 ) LIMIT 1   [ RunTime:0.001104s ]
SQL: SELECT * FROM `fc_team` WHERE ( team_id = 31  ) LIMIT 1   [ RunTime:0.001097s ]
SQL: SELECT * FROM `fc_team` WHERE ( team_id = 33 ) LIMIT 1   [ RunTime:0.001197s ]
SQL: SELECT * FROM `fc_team` WHERE ( team_id = 27  ) LIMIT 1   [ RunTime:0.001143s ]
SQL: SELECT * FROM `fc_team` WHERE ( team_id = 28 ) LIMIT 1   [ RunTime:0.001130s ]
SQL: SELECT * FROM `fc_team` WHERE ( team_id = 26  ) LIMIT 1   [ RunTime:0.001125s ]
SQL: SELECT * FROM `fc_team` WHERE ( team_id = 25 ) LIMIT 1   [ RunTime:0.001083s ]
SQL: SELECT * FROM `fc_team` WHERE ( team_id = 21  ) LIMIT 1   [ RunTime:0.001121s ]
SQL: SELECT * FROM `fc_team` WHERE ( team_id = 22 ) LIMIT 1   [ RunTime:0.001141s ]
SQL: SELECT * FROM `fc_team` WHERE ( team_id = 14  ) LIMIT 1   [ RunTime:0.001234s ]
SQL: SELECT * FROM `fc_team` WHERE ( team_id = 16 ) LIMIT 1   [ RunTime:0.001204s ]
SQL: SELECT * FROM `fc_team` WHERE ( team_id = 6  ) LIMIT 1   [ RunTime:0.001199s ]
SQL: SELECT * FROM `fc_team` WHERE ( team_id = 11 ) LIMIT 1   [ RunTime:0.001205s ]
SQL: SELECT * FROM `fc_team` WHERE ( team_id = 10  ) LIMIT 1   [ RunTime:0.001200s ]
SQL: SELECT * FROM `fc_team` WHERE ( team_id = 13 ) LIMIT 1   [ RunTime:0.001427s ]
SQL: SELECT * FROM `fc_team` WHERE ( team_id = 2  ) LIMIT 1   [ RunTime:0.001090s ]
SQL: SELECT * FROM `fc_team` WHERE ( team_id = 8 ) LIMIT 1   [ RunTime:0.001107s ]
SQL: SELECT * FROM `fc_team` WHERE ( team_id = 9  ) LIMIT 1   [ RunTime:0.001138s ]
SQL: SELECT * FROM `fc_team` WHERE ( team_id = 15 ) LIMIT 1   [ RunTime:0.001103s ]
SQL: SELECT * FROM `fc_team` WHERE ( team_id = 3  ) LIMIT 1   [ RunTime:0.001123s ]
SQL: SELECT * FROM `fc_team` WHERE ( team_id = 12 ) LIMIT 1   [ RunTime:0.001200s ]
SQL: SELECT * FROM `fc_team` WHERE ( team_id = 5  ) LIMIT 1   [ RunTime:0.001208s ]
SQL: SELECT * FROM `fc_team` WHERE ( team_id = 1 ) LIMIT 1   [ RunTime:0.001185s ]
SQL: SELECT COUNT(*) AS tp_count FROM `fc_match` LIMIT 1   [ RunTime:0.001176s ]
NOTIC: [8] Undefined index: match_id /data/home/bxu2442590746/htdocs/dongqiudi/Admin/Lib/Action/IndexAction.class.php 第 466 行.
NOTIC: [8] Undefined index: match_id /data/home/bxu2442590746/htdocs/dongqiudi/Admin/Lib/Action/IndexAction.class.php 第 484 行.
INFO: [ view_template ] --START--
INFO: Run LocationTemplate Behavior [ RunTime:0.000516s ]
INFO: [ view_template ] --END-- [ RunTime:0.000563s ]
INFO: [ view_parse ] --START--
NOTIC: [8] Undefined index: classification /data/home/bxu2442590746/htdocs/dongqiudi/Admin/Runtime/Cache/07c84b38c5813f225311e844865d4a22.php 第 41 行.
NOTIC: [8] Undefined index: classification /data/home/bxu2442590746/htdocs/dongqiudi/Admin/Runtime/Cache/07c84b38c5813f225311e844865d4a22.php 第 42 行.
NOTIC: [8] Undefined index: keywords /data/home/bxu2442590746/htdocs/dongqiudi/Admin/Runtime/Cache/07c84b38c5813f225311e844865d4a22.php 第 48 行.
NOTIC: [8] Use of undefined constant league_round - assumed 'league_round' /data/home/bxu2442590746/htdocs/dongqiudi/Admin/Runtime/Cache/07c84b38c5813f225311e844865d4a22.php 第 73 行.
NOTIC: [8] Undefined index: id /data/home/bxu2442590746/htdocs/dongqiudi/Admin/Runtime/Cache/07c84b38c5813f225311e844865d4a22.php 第 97 行.
NOTIC: [8] Use of undefined constant league_round - assumed 'league_round' /data/home/bxu2442590746/htdocs/dongqiudi/Admin/Runtime/Cache/07c84b38c5813f225311e844865d4a22.php 第 73 行.
NOTIC: [8] Undefined index: id /data/home/bxu2442590746/htdocs/dongqiudi/Admin/Runtime/Cache/07c84b38c5813f225311e844865d4a22.php 第 97 行.
NOTIC: [8] Use of undefined constant league_round - assumed 'league_round' /data/home/bxu2442590746/htdocs/dongqiudi/Admin/Runtime/Cache/07c84b38c5813f225311e844865d4a22.php 第 73 行.
NOTIC: [8] Undefined index: id /data/home/bxu2442590746/htdocs/dongqiudi/Admin/Runtime/Cache/07c84b38c5813f225311e844865d4a22.php 第 97 行.
NOTIC: [8] Use of undefined constant league_round - assumed 'league_round' /data/home/bxu2442590746/htdocs/dongqiudi/Admin/Runtime/Cache/07c84b38c5813f225311e844865d4a22.php 第 73 行.
NOTIC: [8] Undefined index: id /data/home/bxu2442590746/htdocs/dongqiudi/Admin/Runtime/Cache/07c84b38c5813f225311e844865d4a22.php 第 97 行.
NOTIC: [8] Use of undefined constant league_round - assumed 'league_round' /data/home/bxu2442590746/htdocs/dongqiudi/Admin/Runtime/Cache/07c84b38c5813f225311e844865d4a22.php 第 73 行.
NOTIC: [8] Use of undefined constant 直播中 - assumed '直播中' /data/home/bxu2442590746/htdocs/dongqiudi/Admin/Runtime/Cache/07c84b38c5813f225311e844865d4a22.php 第 81 行.
NOTIC: [8] Undefined index: id /data/home/bxu2442590746/htdocs/dongqiudi/Admin/Runtime/Cache/07c84b38c5813f225311e844865d4a22.php 第 97 行.
NOTIC: [8] Use of undefined constant league_round - assumed 'league_round' /data/home/bxu2442590746/htdocs/dongqiudi/Admin/Runtime/Cache/07c84b38c5813f225311e844865d4a22.php 第 73 行.
NOTIC: [8] Use of undefined constant 直播中 - assumed '直播中' /data/home/bxu2442590746/htdocs/dongqiudi/Admin/Runtime/Cache/07c84b38c5813f225311e844865d4a22.php 第 81 行.
NOTIC: [8] Undefined index: id /data/home/bxu2442590746/htdocs/dongqiudi/Admin/Runtime/Cache/07c84b38c5813f225311e844865d4a22.php 第 97 行.
NOTIC: [8] Use of undefined constant league_round - assumed 'league_round' /data/home/bxu2442590746/htdocs/dongqiudi/Admin/Runtime/Cache/07c84b38c5813f225311e844865d4a22.php 第 73 行.
NOTIC: [8] Use of undefined constant 直播中 - assumed '直播中' /data/home/bxu2442590746/htdocs/dongqiudi/Admin/Runtime/Cache/07c84b38c5813f225311e844865d4a22.php 第 81 行.
NOTIC: [8] Undefined index: id /data/home/bxu2442590746/htdocs/dongqiudi/Admin/Runtime/Cache/07c84b38c5813f225311e844865d4a22.php 第 97 行.
NOTIC: [8] Use of undefined constant league_round - assumed 'league_round' /data/home/bxu2442590746/htdocs/dongqiudi/Admin/Runtime/Cache/07c84b38c5813f225311e844865d4a22.php 第 73 行.
NOTIC: [8] Use of undefined constant 直播中 - assumed '直播中' /data/home/bxu2442590746/htdocs/dongqiudi/Admin/Runtime/Cache/07c84b38c5813f225311e844865d4a22.php 第 81 行.
NOTIC: [8] Undefined index: id /data/home/bxu2442590746/htdocs/dongqiudi/Admin/Runtime/Cache/07c84b38c5813f225311e844865d4a22.php 第 97 行.
NOTIC: [8] Use of undefined constant league_round - assumed 'league_round' /data/home/bxu2442590746/htdocs/dongqiudi/Admin/Runtime/Cache/07c84b38c5813f225311e844865d4a22.php 第 73 行.
NOTIC: [8] Use of undefined constant 直播中 - assumed '直播中' /data/home/bxu2442590746/htdocs/dongqiudi/Admin/Runtime/Cache/07c84b38c5813f225311e844865d4a22.php 第 81 行.
NOTIC: [8] Undefined index: id /data/home/bxu2442590746/htdocs/dongqiudi/Admin/Runtime/Cache/07c84b38c5813f225311e844865d4a22.php 第 97 行.
NOTIC: [8] Use of undefined constant league_round - assumed 'league_round' /data/home/bxu2442590746/htdocs/dongqiudi/Admin/Runtime/Cache/07c84b38c5813f225311e844865d4a22.php 第 73 行.
NOTIC: [8] Use of undefined constant 直播中 - assumed '直播中' /data/home/bxu2442590746/htdocs/dongqiudi/Admin/Runtime/Cache/07c84b38c5813f225311e844865d4a22.php 第 81 行.
NOTIC: [8] Undefined index: id /data/home/bxu2442590746/htdocs/dongqiudi/Admin/Runtime/Cache/07c84b38c5813f225311e844865d4a22.php 第 97 行.
NOTIC: [8] Use of undefined constant league_round - assumed 'league_round' /data/home/bxu2442590746/htdocs/dongqiudi/Admin/Runtime/Cache/07c84b38c5813f225311e844865d4a22.php 第 73 行.
NOTIC: [8] Use of undefined constant 直播中 - assumed '直播中' /data/home/bxu2442590746/htdocs/dongqiudi/Admin/Runtime/Cache/07c84b38c5813f225311e844865d4a22.php 第 81 行.
NOTIC: [8] Undefined index: id /data/home/bxu2442590746/htdocs/dongqiudi/Admin/Runtime/Cache/07c84b38c5813f225311e844865d4a22.php 第 97 行.
NOTIC: [8] Use of undefined constant league_round - assumed 'league_round' /data/home/bxu2442590746/htdocs/dongqiudi/Admin/Runtime/Cache/07c84b38c5813f225311e844865d4a22.php 第 73 行.
NOTIC: [8] Use of undefined constant 直播中 - assumed '直播中' /data/home/bxu2442590746/htdocs/dongqiudi/Admin/Runtime/Cache/07c84b38c5813f225311e844865d4a22.php 第 81 行.
NOTIC: [8] Undefined index: id /data/home/bxu2442590746/htdocs/dongqiudi/Admin/Runtime/Cache/07c84b38c5813f225311e844865d4a22.php 第 97 行.
NOTIC: [8] Use of undefined constant league_round - assumed 'league_round' /data/home/bxu2442590746/htdocs/dongqiudi/Admin/Runtime/Cache/07c84b38c5813f225311e844865d4a22.php 第 73 行.
NOTIC: [8] Use of undefined constant 直播中 - assumed '直播中' /data/home/bxu2442590746/htdocs/dongqiudi/Admin/Runtime/Cache/07c84b38c5813f225311e844865d4a22.php 第 81 行.
NOTIC: [8] Undefined index: id /data/home/bxu2442590746/htdocs/dongqiudi/Admin/Runtime/Cache/07c84b38c5813f225311e844865d4a22.php 第 97 行.
NOTIC: [8] Use of undefined constant league_round - assumed 'league_round' /data/home/bxu2442590746/htdocs/dongqiudi/Admin/Runtime/Cache/07c84b38c5813f225311e844865d4a22.php 第 73 行.
NOTIC: [8] Use of undefined constant 直播中 - assumed '直播中' /data/home/bxu2442590746/htdocs/dongqiudi/Admin/Runtime/Cache/07c84b38c5813f225311e844865d4a22.php 第 81 行.
NOTIC: [8] Undefined index: id /data/home/bxu2442590746/htdocs/dongqiudi/Admin/Runtime/Cache/07c84b38c5813f225311e844865d4a22.php 第 97 行.
NOTIC: [8] Use of undefined constant league_round - assumed 'league_round' /data/home/bxu2442590746/htdocs/dongqiudi/Admin/Runtime/Cache/07c84b38c5813f225311e844865d4a22.php 第 73 行.
NOTIC: [8] Use of undefined constant 直播中 - assumed '直播中' /data/home/bxu2442590746/htdocs/dongqiudi/Admin/Runtime/Cache/07c84b38c5813f225311e844865d4a22.php 第 81 行.
NOTIC: [8] Undefined index: id /data/home/bxu2442590746/htdocs/dongqiudi/Admin/Runtime/Cache/07c84b38c5813f225311e844865d4a22.php 第 97 行.
INFO: Run ParseTemplate Behavior [ RunTime:0.015810s ]
INFO: [ view_parse ] --END-- [ RunTime:0.015862s ]
INFO: [ view_filter ] --START--
INFO: Run ContentReplace Behavior [ RunTime:0.000470s ]
INFO: Run TokenBuild Behavior [ RunTime:0.000419s ]
INFO: Run WriteHtmlCache Behavior [ RunTime:0.000321s ]
INFO: Run ShowRuntime Behavior [ RunTime:0.000416s ]
INFO: [ view_filter ] --END-- [ RunTime:0.001751s ]
INFO: [ view_end ] --START--
INFO: Run ShowPageTrace Behavior [ RunTime:0.000456s ]
INFO: [ view_end ] --END-- [ RunTime:0.000497s ]

[ 2017-05-17T21:40:34+08:00 ] 123.14.238.249 /dongqiudi/admin.php?m=index&a=match_manage
NOTIC: [8192] Directive 'magic_quotes_gpc' is deprecated in PHP 5.3 and greater Unknown 第 0 行.

