[ 2017-05-25T11:20:19+08:00 ] 171.12.11.187 /dongqiudi/admin.php
INFO: [ app_begin ] --START--
INFO: Run ReadHtmlCache Behavior [ RunTime:0.000440s ]
INFO: [ app_begin ] --END-- [ RunTime:0.000536s ]
INFO: [ view_template ] --START--
INFO: Run LocationTemplate Behavior [ RunTime:0.000477s ]
INFO: [ view_template ] --END-- [ RunTime:0.000532s ]
INFO: [ view_parse ] --START--
INFO: Run ParseTemplate Behavior [ RunTime:0.005439s ]
INFO: [ view_parse ] --END-- [ RunTime:0.005498s ]
INFO: [ view_filter ] --START--
INFO: Run ContentReplace Behavior [ RunTime:0.000327s ]
INFO: Run TokenBuild Behavior [ RunTime:0.000328s ]
INFO: Run WriteHtmlCache Behavior [ RunTime:0.000246s ]
INFO: Run ShowRuntime Behavior [ RunTime:0.000421s ]
INFO: [ view_filter ] --END-- [ RunTime:0.001460s ]
INFO: [ view_end ] --START--
INFO: Run ShowPageTrace Behavior [ RunTime:0.001635s ]
INFO: [ view_end ] --END-- [ RunTime:0.001686s ]
NOTIC: [8192] Directive 'magic_quotes_gpc' is deprecated in PHP 5.3 and greater Unknown 第 0 行.

[ 2017-05-25T11:20:20+08:00 ] 171.12.11.187 /dongqiudi/admin.php?m=user&a=login
INFO: [ app_begin ] --START--
INFO: Run ReadHtmlCache Behavior [ RunTime:0.000475s ]
INFO: [ app_begin ] --END-- [ RunTime:0.000571s ]
SQL: SHOW COLUMNS FROM `fc_user` [ RunTime:0.001804s ]
INFO: [ view_template ] --START--
INFO: Run LocationTemplate Behavior [ RunTime:0.000449s ]
INFO: [ view_template ] --END-- [ RunTime:0.000503s ]
INFO: [ view_parse ] --START--
INFO: Run ParseTemplate Behavior [ RunTime:0.005424s ]
INFO: [ view_parse ] --END-- [ RunTime:0.005485s ]
INFO: [ view_filter ] --START--
INFO: Run ContentReplace Behavior [ RunTime:0.000329s ]
INFO: Run TokenBuild Behavior [ RunTime:0.000332s ]
INFO: Run WriteHtmlCache Behavior [ RunTime:0.000273s ]
INFO: Run ShowRuntime Behavior [ RunTime:0.000385s ]
INFO: [ view_filter ] --END-- [ RunTime:0.001479s ]
INFO: [ view_end ] --START--
INFO: Run ShowPageTrace Behavior [ RunTime:0.000498s ]
INFO: [ view_end ] --END-- [ RunTime:0.000544s ]

[ 2017-05-25T11:20:20+08:00 ] 171.12.11.187 /dongqiudi/admin.php?m=user&a=login
NOTIC: [8192] Directive 'magic_quotes_gpc' is deprecated in PHP 5.3 and greater Unknown 第 0 行.

[ 2017-05-25T11:20:21+08:00 ] 171.12.11.187 /dongqiudi/admin.php/Public/verify/
INFO: [ route_check ] --START--
INFO: Run CheckRoute Behavior [ RunTime:0.000625s ]
INFO: [ route_check ] --END-- [ RunTime:0.000725s ]
INFO: [ app_begin ] --START--
INFO: Run ReadHtmlCache Behavior [ RunTime:0.000447s ]
INFO: [ app_begin ] --END-- [ RunTime:0.000500s ]

[ 2017-05-25T11:20:21+08:00 ] 171.12.11.187 /dongqiudi/admin.php/Public/verify/
NOTIC: [8192] Directive 'magic_quotes_gpc' is deprecated in PHP 5.3 and greater Unknown 第 0 行.

