[ 2017-05-14T02:07:28+08:00 ] 104.192.74.12 /dongqiudi/admin.php
INFO: [ app_begin ] --START--
INFO: Run ReadHtmlCache Behavior [ RunTime:0.000451s ]
INFO: [ app_begin ] --END-- [ RunTime:0.000546s ]
INFO: [ view_template ] --START--
INFO: Run LocationTemplate Behavior [ RunTime:0.000476s ]
INFO: [ view_template ] --END-- [ RunTime:0.000528s ]
INFO: [ view_parse ] --START--
INFO: Run ParseTemplate Behavior [ RunTime:0.005439s ]
INFO: [ view_parse ] --END-- [ RunTime:0.005500s ]
INFO: [ view_filter ] --START--
INFO: Run ContentReplace Behavior [ RunTime:0.000330s ]
INFO: Run TokenBuild Behavior [ RunTime:0.000366s ]
INFO: Run WriteHtmlCache Behavior [ RunTime:0.000265s ]
INFO: Run ShowRuntime Behavior [ RunTime:0.000375s ]
INFO: [ view_filter ] --END-- [ RunTime:0.001481s ]
INFO: [ view_end ] --START--
INFO: Run ShowPageTrace Behavior [ RunTime:0.000480s ]
INFO: [ view_end ] --END-- [ RunTime:0.000526s ]
NOTIC: [8192] Directive 'magic_quotes_gpc' is deprecated in PHP 5.3 and greater Unknown 第 0 行.

[ 2017-05-14T02:07:28+08:00 ] 104.192.74.12 /dongqiudi/admin.php
INFO: [ app_begin ] --START--
INFO: Run ReadHtmlCache Behavior [ RunTime:0.000489s ]
INFO: [ app_begin ] --END-- [ RunTime:0.000578s ]
INFO: [ view_template ] --START--
INFO: Run LocationTemplate Behavior [ RunTime:0.000533s ]
INFO: [ view_template ] --END-- [ RunTime:0.000588s ]
INFO: [ view_parse ] --START--
INFO: Run ParseTemplate Behavior [ RunTime:0.005615s ]
INFO: [ view_parse ] --END-- [ RunTime:0.005716s ]
INFO: [ view_filter ] --START--
INFO: Run ContentReplace Behavior [ RunTime:0.000340s ]
INFO: Run TokenBuild Behavior [ RunTime:0.000366s ]
INFO: Run WriteHtmlCache Behavior [ RunTime:0.000293s ]
INFO: Run ShowRuntime Behavior [ RunTime:0.000448s ]
INFO: [ view_filter ] --END-- [ RunTime:0.001579s ]
INFO: [ view_end ] --START--
INFO: Run ShowPageTrace Behavior [ RunTime:0.000496s ]
INFO: [ view_end ] --END-- [ RunTime:0.000541s ]
NOTIC: [8192] Directive 'magic_quotes_gpc' is deprecated in PHP 5.3 and greater Unknown 第 0 行.

[ 2017-05-14T02:07:29+08:00 ] 104.192.74.12 /dongqiudi/admin.php?m=user&a=login
INFO: [ app_begin ] --START--
INFO: Run ReadHtmlCache Behavior [ RunTime:0.000510s ]
INFO: [ app_begin ] --END-- [ RunTime:0.000648s ]
SQL: SHOW COLUMNS FROM `fc_user` [ RunTime:0.001509s ]
INFO: [ view_template ] --START--
INFO: Run LocationTemplate Behavior [ RunTime:0.000469s ]
INFO: [ view_template ] --END-- [ RunTime:0.000526s ]
INFO: [ view_parse ] --START--
INFO: Run ParseTemplate Behavior [ RunTime:0.035923s ]
INFO: [ view_parse ] --END-- [ RunTime:0.035998s ]
INFO: [ view_filter ] --START--
INFO: Run ContentReplace Behavior [ RunTime:0.000341s ]
INFO: Run TokenBuild Behavior [ RunTime:0.000342s ]
INFO: Run WriteHtmlCache Behavior [ RunTime:0.000280s ]
INFO: Run ShowRuntime Behavior [ RunTime:0.000427s ]
INFO: [ view_filter ] --END-- [ RunTime:0.001523s ]
INFO: [ view_end ] --START--
INFO: Run ShowPageTrace Behavior [ RunTime:0.000513s ]
INFO: [ view_end ] --END-- [ RunTime:0.000558s ]

[ 2017-05-14T02:07:29+08:00 ] 104.192.74.12 /dongqiudi/admin.php?m=user&a=login
NOTIC: [8192] Directive 'magic_quotes_gpc' is deprecated in PHP 5.3 and greater Unknown 第 0 行.

[ 2017-05-14T02:07:29+08:00 ] 104.192.74.12 /dongqiudi/admin.php?m=user&a=login
INFO: [ app_begin ] --START--
INFO: Run ReadHtmlCache Behavior [ RunTime:0.000480s ]
INFO: [ app_begin ] --END-- [ RunTime:0.000564s ]
SQL: SHOW COLUMNS FROM `fc_user` [ RunTime:0.001547s ]
INFO: [ view_template ] --START--
INFO: Run LocationTemplate Behavior [ RunTime:0.000460s ]
INFO: [ view_template ] --END-- [ RunTime:0.000513s ]
INFO: [ view_parse ] --START--
INFO: Run ParseTemplate Behavior [ RunTime:0.005427s ]
INFO: [ view_parse ] --END-- [ RunTime:0.005481s ]
INFO: [ view_filter ] --START--
INFO: Run ContentReplace Behavior [ RunTime:0.000349s ]
INFO: Run TokenBuild Behavior [ RunTime:0.000380s ]
INFO: Run WriteHtmlCache Behavior [ RunTime:0.000279s ]
INFO: Run ShowRuntime Behavior [ RunTime:0.000397s ]
INFO: [ view_filter ] --END-- [ RunTime:0.001530s ]
INFO: [ view_end ] --START--
INFO: Run ShowPageTrace Behavior [ RunTime:0.000514s ]
INFO: [ view_end ] --END-- [ RunTime:0.000580s ]

[ 2017-05-14T02:07:29+08:00 ] 104.192.74.12 /dongqiudi/admin.php?m=user&a=login
NOTIC: [8192] Directive 'magic_quotes_gpc' is deprecated in PHP 5.3 and greater Unknown 第 0 行.

