[ 2017-04-17T14:28:59+08:00 ] 194.138.202.50 /dongqiudi/admin.php
INFO: [ app_begin ] --START--
INFO: Run ReadHtmlCache Behavior [ RunTime:0.000407s ]
INFO: [ app_begin ] --END-- [ RunTime:0.000503s ]
INFO: [ view_template ] --START--
INFO: Run LocationTemplate Behavior [ RunTime:0.027746s ]
INFO: [ view_template ] --END-- [ RunTime:0.027802s ]
INFO: [ view_parse ] --START--
INFO: Run ParseTemplate Behavior [ RunTime:0.015352s ]
INFO: [ view_parse ] --END-- [ RunTime:0.015411s ]
INFO: [ view_filter ] --START--
INFO: Run ContentReplace Behavior [ RunTime:0.000274s ]
INFO: Run TokenBuild Behavior [ RunTime:0.000288s ]
INFO: Run WriteHtmlCache Behavior [ RunTime:0.000217s ]
INFO: Run ShowRuntime Behavior [ RunTime:0.000358s ]
INFO: [ view_filter ] --END-- [ RunTime:0.001281s ]
INFO: [ view_end ] --START--
INFO: Run ShowPageTrace Behavior [ RunTime:0.000438s ]
INFO: [ view_end ] --END-- [ RunTime:0.000482s ]
NOTIC: [8192] Directive 'magic_quotes_gpc' is deprecated in PHP 5.3 and greater Unknown Á¨¨ 0 Ë°å.

[ 2017-04-17T14:29:03+08:00 ] 194.138.202.50 /dongqiudi/admin.php?m=user&a=login
INFO: [ app_begin ] --START--
INFO: Run ReadHtmlCache Behavior [ RunTime:0.000428s ]
INFO: [ app_begin ] --END-- [ RunTime:0.000523s ]
SQL: SHOW COLUMNS FROM `fc_user` [ RunTime:0.001641s ]
INFO: [ view_template ] --START--
INFO: Run LocationTemplate Behavior [ RunTime:0.016050s ]
INFO: [ view_template ] --END-- [ RunTime:0.016106s ]
INFO: [ view_parse ] --START--
INFO: Run ParseTemplate Behavior [ RunTime:0.016186s ]
INFO: [ view_parse ] --END-- [ RunTime:0.016240s ]
INFO: [ view_filter ] --START--
INFO: Run ContentReplace Behavior [ RunTime:0.000280s ]
INFO: Run TokenBuild Behavior [ RunTime:0.000285s ]
INFO: Run WriteHtmlCache Behavior [ RunTime:0.000240s ]
INFO: Run ShowRuntime Behavior [ RunTime:0.000342s ]
INFO: [ view_filter ] --END-- [ RunTime:0.001275s ]
INFO: [ view_end ] --START--
INFO: Run ShowPageTrace Behavior [ RunTime:0.000452s ]
INFO: [ view_end ] --END-- [ RunTime:0.000497s ]

[ 2017-04-17T14:29:03+08:00 ] 194.138.202.50 /dongqiudi/admin.php?m=user&a=login
NOTIC: [8192] Directive 'magic_quotes_gpc' is deprecated in PHP 5.3 and greater Unknown Á¨¨ 0 Ë°å.

[ 2017-04-17T14:29:03+08:00 ] 194.138.202.50 /dongqiudi/admin.php/Public/verify/
INFO: [ route_check ] --START--
INFO: Run CheckRoute Behavior [ RunTime:0.018692s ]
INFO: [ route_check ] --END-- [ RunTime:0.018800s ]
INFO: [ app_begin ] --START--
INFO: Run ReadHtmlCache Behavior [ RunTime:0.000441s ]
INFO: [ app_begin ] --END-- [ RunTime:0.000495s ]

[ 2017-04-17T14:29:03+08:00 ] 194.138.202.50 /dongqiudi/admin.php/Public/verify/
NOTIC: [8192] Directive 'magic_quotes_gpc' is deprecated in PHP 5.3 and greater Unknown Á¨¨ 0 Ë°å.

[ 2017-04-17T14:29:52+08:00 ] 194.138.202.50 /dongqiudi/admin.php?m=user&a=login
INFO: [ app_begin ] --START--
INFO: Run ReadHtmlCache Behavior [ RunTime:0.000483s ]
INFO: [ app_begin ] --END-- [ RunTime:0.000587s ]
SQL: SHOW COLUMNS FROM `fc_user` [ RunTime:0.001613s ]
INFO: [ view_template ] --START--
INFO: Run LocationTemplate Behavior [ RunTime:0.000375s ]
INFO: [ view_template ] --END-- [ RunTime:0.000427s ]
INFO: [ view_parse ] --START--
INFO: Run ParseTemplate Behavior [ RunTime:0.005150s ]
INFO: [ view_parse ] --END-- [ RunTime:0.005203s ]
INFO: [ view_filter ] --START--
INFO: Run ContentReplace Behavior [ RunTime:0.000313s ]
INFO: Run TokenBuild Behavior [ RunTime:0.000303s ]
INFO: Run WriteHtmlCache Behavior [ RunTime:0.000227s ]
INFO: Run ShowRuntime Behavior [ RunTime:0.000364s ]
INFO: [ view_filter ] --END-- [ RunTime:0.001335s ]
INFO: [ view_end ] --START--
INFO: Run ShowPageTrace Behavior [ RunTime:0.000468s ]
INFO: [ view_end ] --END-- [ RunTime:0.000513s ]

[ 2017-04-17T14:29:52+08:00 ] 194.138.202.50 /dongqiudi/admin.php?m=user&a=login
NOTIC: [8192] Directive 'magic_quotes_gpc' is deprecated in PHP 5.3 and greater Unknown Á¨¨ 0 Ë°å.

[ 2017-04-17T14:29:53+08:00 ] 194.138.202.50 /dongqiudi/admin.php/Public/verify/
INFO: [ route_check ] --START--
INFO: Run CheckRoute Behavior [ RunTime:0.000568s ]
INFO: [ route_check ] --END-- [ RunTime:0.000692s ]
INFO: [ app_begin ] --START--
INFO: Run ReadHtmlCache Behavior [ RunTime:0.000384s ]
INFO: [ app_begin ] --END-- [ RunTime:0.000434s ]

[ 2017-04-17T14:29:53+08:00 ] 194.138.202.50 /dongqiudi/admin.php/Public/verify/
NOTIC: [8192] Directive 'magic_quotes_gpc' is deprecated in PHP 5.3 and greater Unknown Á¨¨ 0 Ë°å.

[ 2017-04-17T14:29:57+08:00 ] 194.138.202.50 /dongqiudi/admin.php
INFO: [ app_begin ] --START--
INFO: Run ReadHtmlCache Behavior [ RunTime:0.000423s ]
INFO: [ app_begin ] --END-- [ RunTime:0.000517s ]
INFO: [ view_template ] --START--
INFO: Run LocationTemplate Behavior [ RunTime:0.000428s ]
INFO: [ view_template ] --END-- [ RunTime:0.000481s ]
INFO: [ view_parse ] --START--
INFO: Run ParseTemplate Behavior [ RunTime:0.005086s ]
INFO: [ view_parse ] --END-- [ RunTime:0.005145s ]
INFO: [ view_filter ] --START--
INFO: Run ContentReplace Behavior [ RunTime:0.000271s ]
INFO: Run TokenBuild Behavior [ RunTime:0.000303s ]
INFO: Run WriteHtmlCache Behavior [ RunTime:0.000212s ]
INFO: Run ShowRuntime Behavior [ RunTime:0.000335s ]
INFO: [ view_filter ] --END-- [ RunTime:0.001247s ]
INFO: [ view_end ] --START--
INFO: Run ShowPageTrace Behavior [ RunTime:0.000445s ]
INFO: [ view_end ] --END-- [ RunTime:0.000489s ]
NOTIC: [8192] Directive 'magic_quotes_gpc' is deprecated in PHP 5.3 and greater Unknown Á¨¨ 0 Ë°å.

[ 2017-04-17T14:29:59+08:00 ] 194.138.202.50 /dongqiudi/admin.php?m=user&a=login
INFO: [ app_begin ] --START--
INFO: Run ReadHtmlCache Behavior [ RunTime:0.000422s ]
INFO: [ app_begin ] --END-- [ RunTime:0.000540s ]
SQL: SHOW COLUMNS FROM `fc_user` [ RunTime:0.001476s ]
INFO: [ view_template ] --START--
INFO: Run LocationTemplate Behavior [ RunTime:0.000366s ]
INFO: [ view_template ] --END-- [ RunTime:0.000420s ]
INFO: [ view_parse ] --START--
INFO: Run ParseTemplate Behavior [ RunTime:0.005221s ]
INFO: [ view_parse ] --END-- [ RunTime:0.005276s ]
INFO: [ view_filter ] --START--
INFO: Run ContentReplace Behavior [ RunTime:0.000308s ]
INFO: Run TokenBuild Behavior [ RunTime:0.000295s ]
INFO: Run WriteHtmlCache Behavior [ RunTime:0.000237s ]
INFO: Run ShowRuntime Behavior [ RunTime:0.000368s ]
INFO: [ view_filter ] --END-- [ RunTime:0.001336s ]
INFO: [ view_end ] --START--
INFO: Run ShowPageTrace Behavior [ RunTime:0.000457s ]
INFO: [ view_end ] --END-- [ RunTime:0.000502s ]

[ 2017-04-17T14:29:59+08:00 ] 194.138.202.50 /dongqiudi/admin.php?m=user&a=login
NOTIC: [8192] Directive 'magic_quotes_gpc' is deprecated in PHP 5.3 and greater Unknown Á¨¨ 0 Ë°å.

[ 2017-04-17T14:29:59+08:00 ] 194.138.202.50 /dongqiudi/admin.php/Public/verify/
INFO: [ route_check ] --START--
INFO: Run CheckRoute Behavior [ RunTime:0.000554s ]
INFO: [ route_check ] --END-- [ RunTime:0.000659s ]
INFO: [ app_begin ] --START--
INFO: Run ReadHtmlCache Behavior [ RunTime:0.000381s ]
INFO: [ app_begin ] --END-- [ RunTime:0.000434s ]

[ 2017-04-17T14:29:59+08:00 ] 194.138.202.50 /dongqiudi/admin.php/Public/verify/
NOTIC: [8192] Directive 'magic_quotes_gpc' is deprecated in PHP 5.3 and greater Unknown Á¨¨ 0 Ë°å.

[ 2017-04-17T14:30:02+08:00 ] 194.138.202.50 /dongqiudi/admin.php?m=user
INFO: [ app_begin ] --START--
INFO: Run ReadHtmlCache Behavior [ RunTime:0.000408s ]
INFO: [ app_begin ] --END-- [ RunTime:0.000502s ]
INFO: [ view_template ] --START--
INFO: Run LocationTemplate Behavior [ RunTime:0.000383s ]
INFO: [ view_template ] --END-- [ RunTime:0.000436s ]
INFO: [ view_parse ] --START--
INFO: Run ParseTemplate Behavior [ RunTime:0.005146s ]
INFO: [ view_parse ] --END-- [ RunTime:0.005206s ]
INFO: [ view_filter ] --START--
INFO: Run ContentReplace Behavior [ RunTime:0.000272s ]
INFO: Run TokenBuild Behavior [ RunTime:0.000288s ]
INFO: Run WriteHtmlCache Behavior [ RunTime:0.000235s ]
INFO: Run ShowRuntime Behavior [ RunTime:0.000325s ]
INFO: [ view_filter ] --END-- [ RunTime:0.001250s ]
INFO: [ view_end ] --START--
INFO: Run ShowPageTrace Behavior [ RunTime:0.000433s ]
INFO: [ view_end ] --END-- [ RunTime:0.000478s ]
NOTIC: [8192] Directive 'magic_quotes_gpc' is deprecated in PHP 5.3 and greater Unknown Á¨¨ 0 Ë°å.

[ 2017-04-17T14:30:05+08:00 ] 194.138.202.50 /dongqiudi/admin.php?m=user&a=login
INFO: [ app_begin ] --START--
INFO: Run ReadHtmlCache Behavior [ RunTime:0.000403s ]
INFO: [ app_begin ] --END-- [ RunTime:0.000498s ]
SQL: SHOW COLUMNS FROM `fc_user` [ RunTime:0.001391s ]
INFO: [ view_template ] --START--
INFO: Run LocationTemplate Behavior [ RunTime:0.000367s ]
INFO: [ view_template ] --END-- [ RunTime:0.000452s ]
INFO: [ view_parse ] --START--
INFO: Run ParseTemplate Behavior [ RunTime:0.005293s ]
INFO: [ view_parse ] --END-- [ RunTime:0.005349s ]
INFO: [ view_filter ] --START--
INFO: Run ContentReplace Behavior [ RunTime:0.000665s ]
INFO: Run TokenBuild Behavior [ RunTime:0.000290s ]
INFO: Run WriteHtmlCache Behavior [ RunTime:0.000241s ]
INFO: Run ShowRuntime Behavior [ RunTime:0.000366s ]
INFO: [ view_filter ] --END-- [ RunTime:0.001692s ]
INFO: [ view_end ] --START--
INFO: Run ShowPageTrace Behavior [ RunTime:0.000454s ]
INFO: [ view_end ] --END-- [ RunTime:0.000499s ]

[ 2017-04-17T14:30:05+08:00 ] 194.138.202.50 /dongqiudi/admin.php?m=user&a=login
NOTIC: [8192] Directive 'magic_quotes_gpc' is deprecated in PHP 5.3 and greater Unknown Á¨¨ 0 Ë°å.

[ 2017-04-17T14:30:05+08:00 ] 194.138.202.50 /dongqiudi/admin.php/Public/verify/
INFO: [ route_check ] --START--
INFO: Run CheckRoute Behavior [ RunTime:0.000568s ]
INFO: [ route_check ] --END-- [ RunTime:0.000668s ]
INFO: [ app_begin ] --START--
INFO: Run ReadHtmlCache Behavior [ RunTime:0.000373s ]
INFO: [ app_begin ] --END-- [ RunTime:0.000425s ]

[ 2017-04-17T14:30:05+08:00 ] 194.138.202.50 /dongqiudi/admin.php/Public/verify/
NOTIC: [8192] Directive 'magic_quotes_gpc' is deprecated in PHP 5.3 and greater Unknown Á¨¨ 0 Ë°å.

[ 2017-04-17T14:30:08+08:00 ] ERR: (ThinkException) ÈùûÊ≥ïÊìç‰Ωú:login
[ 2017-04-17T14:30:08+08:00 ] 194.138.202.50 /dongqiudi/admin.php?a=login
INFO: [ app_begin ] --START--
INFO: Run ReadHtmlCache Behavior [ RunTime:0.000399s ]
INFO: [ app_begin ] --END-- [ RunTime:0.000493s ]
NOTIC: [8] Undefined index: class /data/home/bxu2442590746/htdocs/dongqiudi/ThinkPHP/Lib/Core/ThinkException.class.php Á¨¨ 63 Ë°å.
NOTIC: [8] Undefined index: type /data/home/bxu2442590746/htdocs/dongqiudi/ThinkPHP/Lib/Core/ThinkException.class.php Á¨¨ 63 Ë°å.
NOTIC: [8] Undefined index: file /data/home/bxu2442590746/htdocs/dongqiudi/ThinkPHP/Lib/Core/ThinkException.class.php Á¨¨ 62 Ë°å.
NOTIC: [8] Undefined index: line /data/home/bxu2442590746/htdocs/dongqiudi/ThinkPHP/Lib/Core/ThinkException.class.php Á¨¨ 62 Ë°å.
NOTIC: [4096] Object of class IndexAction could not be converted to string /data/home/bxu2442590746/htdocs/dongqiudi/ThinkPHP/Lib/Core/ThinkException.class.php Á¨¨ 64 Ë°å.
NOTIC: [8] Array to string conversion /data/home/bxu2442590746/htdocs/dongqiudi/ThinkPHP/Lib/Core/ThinkException.class.php Á¨¨ 64 Ë°å.
NOTIC: [8] Undefined index: class /data/home/bxu2442590746/htdocs/dongqiudi/ThinkPHP/Lib/Core/ThinkException.class.php Á¨¨ 63 Ë°å.
NOTIC: [8] Undefined index: type /data/home/bxu2442590746/htdocs/dongqiudi/ThinkPHP/Lib/Core/ThinkException.class.php Á¨¨ 63 Ë°å.
NOTIC: [8] Undefined index: class /data/home/bxu2442590746/htdocs/dongqiudi/ThinkPHP/Lib/Core/ThinkException.class.php Á¨¨ 63 Ë°å.
NOTIC: [8] Undefined index: type /data/home/bxu2442590746/htdocs/dongqiudi/ThinkPHP/Lib/Core/ThinkException.class.php Á¨¨ 63 Ë°å.
NOTIC: [8192] Directive 'magic_quotes_gpc' is deprecated in PHP 5.3 and greater Unknown Á¨¨ 0 Ë°å.

[ 2017-04-17T16:13:44+08:00 ] 171.12.11.187 /dongqiudi/admin.php
INFO: [ app_begin ] --START--
INFO: Run ReadHtmlCache Behavior [ RunTime:0.000403s ]
INFO: [ app_begin ] --END-- [ RunTime:0.000501s ]
INFO: [ view_template ] --START--
INFO: Run LocationTemplate Behavior [ RunTime:0.000421s ]
INFO: [ view_template ] --END-- [ RunTime:0.000491s ]
INFO: [ view_parse ] --START--
INFO: Run ParseTemplate Behavior [ RunTime:0.005221s ]
INFO: [ view_parse ] --END-- [ RunTime:0.005283s ]
INFO: [ view_filter ] --START--
INFO: Run ContentReplace Behavior [ RunTime:0.000275s ]
INFO: Run TokenBuild Behavior [ RunTime:0.000289s ]
INFO: Run WriteHtmlCache Behavior [ RunTime:0.000224s ]
INFO: Run ShowRuntime Behavior [ RunTime:0.000368s ]
INFO: [ view_filter ] --END-- [ RunTime:0.001322s ]
INFO: [ view_end ] --START--
INFO: Run ShowPageTrace Behavior [ RunTime:0.000463s ]
INFO: [ view_end ] --END-- [ RunTime:0.000508s ]
NOTIC: [8192] Directive 'magic_quotes_gpc' is deprecated in PHP 5.3 and greater Unknown Á¨¨ 0 Ë°å.

[ 2017-04-17T16:13:48+08:00 ] 171.12.11.187 /dongqiudi/admin.php?m=user&a=login
INFO: [ app_begin ] --START--
INFO: Run ReadHtmlCache Behavior [ RunTime:0.000398s ]
INFO: [ app_begin ] --END-- [ RunTime:0.000492s ]
SQL: SHOW COLUMNS FROM `fc_user` [ RunTime:0.003125s ]
INFO: [ view_template ] --START--
INFO: Run LocationTemplate Behavior [ RunTime:0.000373s ]
INFO: [ view_template ] --END-- [ RunTime:0.000428s ]
INFO: [ view_parse ] --START--
INFO: Run ParseTemplate Behavior [ RunTime:0.005099s ]
INFO: [ view_parse ] --END-- [ RunTime:0.005152s ]
INFO: [ view_filter ] --START--
INFO: Run ContentReplace Behavior [ RunTime:0.000277s ]
INFO: Run TokenBuild Behavior [ RunTime:0.000285s ]
INFO: Run WriteHtmlCache Behavior [ RunTime:0.000239s ]
INFO: Run ShowRuntime Behavior [ RunTime:0.000329s ]
INFO: [ view_filter ] --END-- [ RunTime:0.001255s ]
INFO: [ view_end ] --START--
INFO: Run ShowPageTrace Behavior [ RunTime:0.000481s ]
INFO: [ view_end ] --END-- [ RunTime:0.000526s ]

[ 2017-04-17T16:13:48+08:00 ] 171.12.11.187 /dongqiudi/admin.php?m=user&a=login
NOTIC: [8192] Directive 'magic_quotes_gpc' is deprecated in PHP 5.3 and greater Unknown Á¨¨ 0 Ë°å.

[ 2017-04-17T16:13:48+08:00 ] 171.12.11.187 /dongqiudi/admin.php/Public/verify/
INFO: [ route_check ] --START--
INFO: Run CheckRoute Behavior [ RunTime:0.000550s ]
INFO: [ route_check ] --END-- [ RunTime:0.000665s ]
INFO: [ app_begin ] --START--
INFO: Run ReadHtmlCache Behavior [ RunTime:0.000405s ]
INFO: [ app_begin ] --END-- [ RunTime:0.000461s ]

[ 2017-04-17T16:13:48+08:00 ] 171.12.11.187 /dongqiudi/admin.php/Public/verify/
NOTIC: [8192] Directive 'magic_quotes_gpc' is deprecated in PHP 5.3 and greater Unknown Á¨¨ 0 Ë°å.

[ 2017-04-17T16:13:55+08:00 ] 171.12.11.187 /dongqiudi/admin.php?m=user&a=login
INFO: [ app_begin ] --START--
INFO: Run ReadHtmlCache Behavior [ RunTime:0.000401s ]
INFO: [ app_begin ] --END-- [ RunTime:0.000496s ]
SQL: SHOW COLUMNS FROM `fc_user` [ RunTime:0.001320s ]
SQL: SELECT * FROM `fc_user` WHERE ( username = "admin" ) LIMIT 1   [ RunTime:0.001012s ]
INFO: [ view_template ] --START--
INFO: Run LocationTemplate Behavior [ RunTime:0.000448s ]
INFO: [ view_template ] --END-- [ RunTime:0.000496s ]
INFO: [ view_parse ] --START--
INFO: Run ParseTemplate Behavior [ RunTime:0.005090s ]
INFO: [ view_parse ] --END-- [ RunTime:0.005144s ]
INFO: [ view_filter ] --START--
INFO: Run ContentReplace Behavior [ RunTime:0.000269s ]
INFO: Run TokenBuild Behavior [ RunTime:0.000283s ]
INFO: Run WriteHtmlCache Behavior [ RunTime:0.000232s ]
INFO: Run ShowRuntime Behavior [ RunTime:0.000328s ]
INFO: [ view_filter ] --END-- [ RunTime:0.001240s ]
INFO: [ view_end ] --START--
INFO: Run ShowPageTrace Behavior [ RunTime:0.000468s ]
INFO: [ view_end ] --END-- [ RunTime:0.000513s ]
NOTIC: [8192] Directive 'magic_quotes_gpc' is deprecated in PHP 5.3 and greater Unknown Á¨¨ 0 Ë°å.

[ 2017-04-17T16:13:56+08:00 ] 171.12.11.187 /dongqiudi/admin.php?m=index&a=index
INFO: [ app_begin ] --START--
INFO: Run ReadHtmlCache Behavior [ RunTime:0.000420s ]
INFO: [ app_begin ] --END-- [ RunTime:0.000517s ]
INFO: [ view_template ] --START--
INFO: Run LocationTemplate Behavior [ RunTime:0.000352s ]
INFO: [ view_template ] --END-- [ RunTime:0.000407s ]
INFO: [ view_parse ] --START--
INFO: Run ParseTemplate Behavior [ RunTime:0.099677s ]
INFO: [ view_parse ] --END-- [ RunTime:0.099728s ]
INFO: [ view_filter ] --START--
INFO: Run ContentReplace Behavior [ RunTime:0.000282s ]
INFO: Run TokenBuild Behavior [ RunTime:0.000285s ]
INFO: Run WriteHtmlCache Behavior [ RunTime:0.000256s ]
INFO: Run ShowRuntime Behavior [ RunTime:0.000327s ]
INFO: [ view_filter ] --END-- [ RunTime:0.001283s ]
INFO: [ view_end ] --START--
INFO: Run ShowPageTrace Behavior [ RunTime:0.000433s ]
INFO: [ view_end ] --END-- [ RunTime:0.000478s ]

[ 2017-04-17T16:13:56+08:00 ] 171.12.11.187 /dongqiudi/admin.php?m=index&a=index
NOTIC: [8192] Directive 'magic_quotes_gpc' is deprecated in PHP 5.3 and greater Unknown Á¨¨ 0 Ë°å.

[ 2017-04-17T16:13:57+08:00 ] 171.12.11.187 /dongqiudi/admin.php?m=index&a=pass
INFO: [ app_begin ] --START--
INFO: Run ReadHtmlCache Behavior [ RunTime:0.000398s ]
INFO: [ app_begin ] --END-- [ RunTime:0.000492s ]
INFO: [ view_template ] --START--
INFO: Run LocationTemplate Behavior [ RunTime:0.000318s ]
INFO: [ view_template ] --END-- [ RunTime:0.000376s ]
INFO: [ view_parse ] --START--
INFO: Run ParseTemplate Behavior [ RunTime:0.014805s ]
INFO: [ view_parse ] --END-- [ RunTime:0.014884s ]
INFO: [ view_filter ] --START--
INFO: Run ContentReplace Behavior [ RunTime:0.000287s ]
INFO: Run TokenBuild Behavior [ RunTime:0.000281s ]
INFO: Run WriteHtmlCache Behavior [ RunTime:0.000231s ]
INFO: Run ShowRuntime Behavior [ RunTime:0.000358s ]
INFO: [ view_filter ] --END-- [ RunTime:0.001283s ]
INFO: [ view_end ] --START--
INFO: Run ShowPageTrace Behavior [ RunTime:0.000443s ]
INFO: [ view_end ] --END-- [ RunTime:0.000488s ]

[ 2017-04-17T16:13:57+08:00 ] 171.12.11.187 /dongqiudi/admin.php?m=index&a=pass
NOTIC: [8192] Directive 'magic_quotes_gpc' is deprecated in PHP 5.3 and greater Unknown Á¨¨ 0 Ë°å.

[ 2017-04-17T16:16:17+08:00 ] 171.12.11.187 /dongqiudi/admin.php?m=index&a=user
INFO: [ app_begin ] --START--
INFO: Run ReadHtmlCache Behavior [ RunTime:0.000401s ]
INFO: [ app_begin ] --END-- [ RunTime:0.000495s ]
SQL: SHOW COLUMNS FROM `fc_user` [ RunTime:0.001462s ]
SQL: SELECT * FROM `fc_user` ORDER BY user_id desc  [ RunTime:0.001251s ]
NOTIC: [8] Undefined index: admin_id /data/home/bxu2442590746/htdocs/dongqiudi/Admin/Lib/Action/IndexAction.class.php Á¨¨ 42 Ë°å.
NOTIC: [8] Undefined index: admin_id /data/home/bxu2442590746/htdocs/dongqiudi/Admin/Lib/Action/IndexAction.class.php Á¨¨ 44 Ë°å.
NOTIC: [8] Undefined index: user_id /data/home/bxu2442590746/htdocs/dongqiudi/Admin/Lib/Action/IndexAction.class.php Á¨¨ 45 Ë°å.
INFO: [ view_template ] --START--
INFO: Run LocationTemplate Behavior [ RunTime:0.014460s ]
INFO: [ view_template ] --END-- [ RunTime:0.014517s ]
INFO: [ view_parse ] --START--
INFO: Run ParseTemplate Behavior [ RunTime:0.052064s ]
INFO: [ view_parse ] --END-- [ RunTime:0.052119s ]
INFO: [ view_filter ] --START--
INFO: Run ContentReplace Behavior [ RunTime:0.000530s ]
INFO: Run TokenBuild Behavior [ RunTime:0.000295s ]
INFO: Run WriteHtmlCache Behavior [ RunTime:0.000236s ]
INFO: Run ShowRuntime Behavior [ RunTime:0.000337s ]
INFO: [ view_filter ] --END-- [ RunTime:0.001523s ]
INFO: [ view_end ] --START--
INFO: Run ShowPageTrace Behavior [ RunTime:0.000388s ]
INFO: [ view_end ] --END-- [ RunTime:0.000428s ]

[ 2017-04-17T16:16:17+08:00 ] 171.12.11.187 /dongqiudi/admin.php?m=index&a=user
NOTIC: [8192] Directive 'magic_quotes_gpc' is deprecated in PHP 5.3 and greater Unknown Á¨¨ 0 Ë°å.

[ 2017-04-17T22:42:30+08:00 ] 171.12.11.225 /dongqiudi/admin.php
INFO: [ app_begin ] --START--
INFO: Run ReadHtmlCache Behavior [ RunTime:0.000417s ]
INFO: [ app_begin ] --END-- [ RunTime:0.000511s ]
INFO: [ view_template ] --START--
INFO: Run LocationTemplate Behavior [ RunTime:0.000407s ]
INFO: [ view_template ] --END-- [ RunTime:0.000460s ]
INFO: [ view_parse ] --START--
INFO: Run ParseTemplate Behavior [ RunTime:0.005121s ]
INFO: [ view_parse ] --END-- [ RunTime:0.005180s ]
INFO: [ view_filter ] --START--
INFO: Run ContentReplace Behavior [ RunTime:0.000275s ]
INFO: Run TokenBuild Behavior [ RunTime:0.000334s ]
INFO: Run WriteHtmlCache Behavior [ RunTime:0.000233s ]
INFO: Run ShowRuntime Behavior [ RunTime:0.000333s ]
INFO: [ view_filter ] --END-- [ RunTime:0.001310s ]
INFO: [ view_end ] --START--
INFO: Run ShowPageTrace Behavior [ RunTime:0.000455s ]
INFO: [ view_end ] --END-- [ RunTime:0.000499s ]
NOTIC: [8192] Directive 'magic_quotes_gpc' is deprecated in PHP 5.3 and greater Unknown Á¨¨ 0 Ë°å.

[ 2017-04-17T22:42:31+08:00 ] 171.12.11.225 /dongqiudi/admin.php?m=user&a=login
INFO: [ app_begin ] --START--
INFO: Run ReadHtmlCache Behavior [ RunTime:0.000405s ]
INFO: [ app_begin ] --END-- [ RunTime:0.000508s ]
SQL: SHOW COLUMNS FROM `fc_user` [ RunTime:0.001728s ]
INFO: [ view_template ] --START--
INFO: Run LocationTemplate Behavior [ RunTime:0.000354s ]
INFO: [ view_template ] --END-- [ RunTime:0.000407s ]
INFO: [ view_parse ] --START--
INFO: Run ParseTemplate Behavior [ RunTime:0.005067s ]
INFO: [ view_parse ] --END-- [ RunTime:0.005121s ]
INFO: [ view_filter ] --START--
INFO: Run ContentReplace Behavior [ RunTime:0.000300s ]
INFO: Run TokenBuild Behavior [ RunTime:0.000291s ]
INFO: Run WriteHtmlCache Behavior [ RunTime:0.000217s ]
INFO: Run ShowRuntime Behavior [ RunTime:0.000330s ]
INFO: [ view_filter ] --END-- [ RunTime:0.001288s ]
INFO: [ view_end ] --START--
INFO: Run ShowPageTrace Behavior [ RunTime:0.000465s ]
INFO: [ view_end ] --END-- [ RunTime:0.000510s ]

[ 2017-04-17T22:42:31+08:00 ] 171.12.11.225 /dongqiudi/admin.php?m=user&a=login
NOTIC: [8192] Directive 'magic_quotes_gpc' is deprecated in PHP 5.3 and greater Unknown Á¨¨ 0 Ë°å.

[ 2017-04-17T22:42:32+08:00 ] 171.12.11.225 /dongqiudi/admin.php/Public/verify/
INFO: [ route_check ] --START--
INFO: Run CheckRoute Behavior [ RunTime:0.000640s ]
INFO: [ route_check ] --END-- [ RunTime:0.000747s ]
INFO: [ app_begin ] --START--
INFO: Run ReadHtmlCache Behavior [ RunTime:0.000499s ]
INFO: [ app_begin ] --END-- [ RunTime:0.000556s ]

[ 2017-04-17T22:42:32+08:00 ] 171.12.11.225 /dongqiudi/admin.php/Public/verify/
NOTIC: [8192] Directive 'magic_quotes_gpc' is deprecated in PHP 5.3 and greater Unknown Á¨¨ 0 Ë°å.

[ 2017-04-17T22:42:36+08:00 ] 171.12.11.225 /dongqiudi/admin.php?m=user&a=login
INFO: [ app_begin ] --START--
INFO: Run ReadHtmlCache Behavior [ RunTime:0.000426s ]
INFO: [ app_begin ] --END-- [ RunTime:0.000521s ]
SQL: SHOW COLUMNS FROM `fc_user` [ RunTime:0.001427s ]
SQL: SELECT * FROM `fc_user` WHERE ( username = "admin„Ä\Å" ) LIMIT 1   [ RunTime:0.001143s ]
INFO: [ view_template ] --START--
INFO: Run LocationTemplate Behavior [ RunTime:0.000436s ]
INFO: [ view_template ] --END-- [ RunTime:0.000485s ]
INFO: [ view_parse ] --START--
INFO: Run ParseTemplate Behavior [ RunTime:0.005156s ]
INFO: [ view_parse ] --END-- [ RunTime:0.005210s ]
INFO: [ view_filter ] --START--
INFO: Run ContentReplace Behavior [ RunTime:0.000280s ]
INFO: Run TokenBuild Behavior [ RunTime:0.000312s ]
INFO: Run WriteHtmlCache Behavior [ RunTime:0.000224s ]
INFO: Run ShowRuntime Behavior [ RunTime:0.000333s ]
INFO: [ view_filter ] --END-- [ RunTime:0.001278s ]
INFO: [ view_end ] --START--
INFO: Run ShowPageTrace Behavior [ RunTime:0.000491s ]
INFO: [ view_end ] --END-- [ RunTime:0.000536s ]
NOTIC: [8192] Directive 'magic_quotes_gpc' is deprecated in PHP 5.3 and greater Unknown Á¨¨ 0 Ë°å.

[ 2017-04-17T22:42:39+08:00 ] 171.12.11.225 /dongqiudi/admin.php?m=user&a=login
INFO: [ app_begin ] --START--
INFO: Run ReadHtmlCache Behavior [ RunTime:0.000426s ]
INFO: [ app_begin ] --END-- [ RunTime:0.000530s ]
SQL: SHOW COLUMNS FROM `fc_user` [ RunTime:0.001601s ]
INFO: [ view_template ] --START--
INFO: Run LocationTemplate Behavior [ RunTime:0.000359s ]
INFO: [ view_template ] --END-- [ RunTime:0.000413s ]
INFO: [ view_parse ] --START--
INFO: Run ParseTemplate Behavior [ RunTime:0.005159s ]
INFO: [ view_parse ] --END-- [ RunTime:0.005214s ]
INFO: [ view_filter ] --START--
INFO: Run ContentReplace Behavior [ RunTime:0.000286s ]
INFO: Run TokenBuild Behavior [ RunTime:0.000288s ]
INFO: Run WriteHtmlCache Behavior [ RunTime:0.000220s ]
INFO: Run ShowRuntime Behavior [ RunTime:0.000338s ]
INFO: [ view_filter ] --END-- [ RunTime:0.001280s ]
INFO: [ view_end ] --START--
INFO: Run ShowPageTrace Behavior [ RunTime:0.000434s ]
INFO: [ view_end ] --END-- [ RunTime:0.000478s ]

[ 2017-04-17T22:42:39+08:00 ] 171.12.11.225 /dongqiudi/admin.php?m=user&a=login
NOTIC: [8192] Directive 'magic_quotes_gpc' is deprecated in PHP 5.3 and greater Unknown Á¨¨ 0 Ë°å.

[ 2017-04-17T22:42:39+08:00 ] 112.65.193.15 /dongqiudi/admin.php
INFO: [ app_begin ] --START--
INFO: Run ReadHtmlCache Behavior [ RunTime:0.000407s ]
INFO: [ app_begin ] --END-- [ RunTime:0.000503s ]
INFO: [ view_template ] --START--
INFO: Run LocationTemplate Behavior [ RunTime:0.000400s ]
INFO: [ view_template ] --END-- [ RunTime:0.000475s ]
INFO: [ view_parse ] --START--
INFO: Run ParseTemplate Behavior [ RunTime:0.005118s ]
INFO: [ view_parse ] --END-- [ RunTime:0.005181s ]
INFO: [ view_filter ] --START--
INFO: Run ContentReplace Behavior [ RunTime:0.000277s ]
INFO: Run TokenBuild Behavior [ RunTime:0.000290s ]
INFO: Run WriteHtmlCache Behavior [ RunTime:0.000248s ]
INFO: Run ShowRuntime Behavior [ RunTime:0.000336s ]
INFO: [ view_filter ] --END-- [ RunTime:0.001275s ]
INFO: [ view_end ] --START--
INFO: Run ShowPageTrace Behavior [ RunTime:0.000489s ]
INFO: [ view_end ] --END-- [ RunTime:0.000534s ]
NOTIC: [8192] Directive 'magic_quotes_gpc' is deprecated in PHP 5.3 and greater Unknown Á¨¨ 0 Ë°å.

[ 2017-04-17T22:42:41+08:00 ] 171.12.11.225 /dongqiudi/admin.php?m=user&a=login
INFO: [ app_begin ] --START--
INFO: Run ReadHtmlCache Behavior [ RunTime:0.000406s ]
INFO: [ app_begin ] --END-- [ RunTime:0.000524s ]
SQL: SHOW COLUMNS FROM `fc_user` [ RunTime:0.001321s ]
INFO: [ view_template ] --START--
INFO: Run LocationTemplate Behavior [ RunTime:0.000378s ]
INFO: [ view_template ] --END-- [ RunTime:0.000430s ]
INFO: [ view_parse ] --START--
INFO: Run ParseTemplate Behavior [ RunTime:0.005244s ]
INFO: [ view_parse ] --END-- [ RunTime:0.005303s ]
INFO: [ view_filter ] --START--
INFO: Run ContentReplace Behavior [ RunTime:0.000295s ]
INFO: Run TokenBuild Behavior [ RunTime:0.000303s ]
INFO: Run WriteHtmlCache Behavior [ RunTime:0.000231s ]
INFO: Run ShowRuntime Behavior [ RunTime:0.000373s ]
INFO: [ view_filter ] --END-- [ RunTime:0.001351s ]
INFO: [ view_end ] --START--
INFO: Run ShowPageTrace Behavior [ RunTime:0.000454s ]
INFO: [ view_end ] --END-- [ RunTime:0.000499s ]

[ 2017-04-17T22:42:41+08:00 ] 171.12.11.225 /dongqiudi/admin.php?m=user&a=login
NOTIC: [8192] Directive 'magic_quotes_gpc' is deprecated in PHP 5.3 and greater Unknown Á¨¨ 0 Ë°å.

[ 2017-04-17T22:42:41+08:00 ] 171.12.11.225 /dongqiudi/admin.php/Public/verify/
INFO: [ route_check ] --START--
INFO: Run CheckRoute Behavior [ RunTime:0.000557s ]
INFO: [ route_check ] --END-- [ RunTime:0.000659s ]
INFO: [ app_begin ] --START--
INFO: Run ReadHtmlCache Behavior [ RunTime:0.000385s ]
INFO: [ app_begin ] --END-- [ RunTime:0.000437s ]

[ 2017-04-17T22:42:41+08:00 ] 171.12.11.225 /dongqiudi/admin.php/Public/verify/
NOTIC: [8192] Directive 'magic_quotes_gpc' is deprecated in PHP 5.3 and greater Unknown Á¨¨ 0 Ë°å.

[ 2017-04-17T22:42:52+08:00 ] 171.12.11.225 /dongqiudi/admin.php?m=user&a=login
INFO: [ app_begin ] --START--
INFO: Run ReadHtmlCache Behavior [ RunTime:0.000464s ]
INFO: [ app_begin ] --END-- [ RunTime:0.000563s ]
SQL: SHOW COLUMNS FROM `fc_user` [ RunTime:0.003143s ]
SQL: SELECT * FROM `fc_user` WHERE ( username = "admin" ) LIMIT 1   [ RunTime:0.001244s ]
INFO: [ view_template ] --START--
INFO: Run LocationTemplate Behavior [ RunTime:0.000434s ]
INFO: [ view_template ] --END-- [ RunTime:0.000482s ]
INFO: [ view_parse ] --START--
INFO: Run ParseTemplate Behavior [ RunTime:0.005032s ]
INFO: [ view_parse ] --END-- [ RunTime:0.005085s ]
INFO: [ view_filter ] --START--
INFO: Run ContentReplace Behavior [ RunTime:0.000297s ]
INFO: Run TokenBuild Behavior [ RunTime:0.000290s ]
INFO: Run WriteHtmlCache Behavior [ RunTime:0.000222s ]
INFO: Run ShowRuntime Behavior [ RunTime:0.000377s ]
INFO: [ view_filter ] --END-- [ RunTime:0.001314s ]
INFO: [ view_end ] --START--
INFO: Run ShowPageTrace Behavior [ RunTime:0.000439s ]
INFO: [ view_end ] --END-- [ RunTime:0.000481s ]
NOTIC: [8192] Directive 'magic_quotes_gpc' is deprecated in PHP 5.3 and greater Unknown Á¨¨ 0 Ë°å.

[ 2017-04-17T22:42:53+08:00 ] 171.12.11.225 /dongqiudi/admin.php?m=index&a=index
INFO: [ app_begin ] --START--
INFO: Run ReadHtmlCache Behavior [ RunTime:0.000413s ]
INFO: [ app_begin ] --END-- [ RunTime:0.000511s ]
INFO: [ view_template ] --START--
INFO: Run LocationTemplate Behavior [ RunTime:0.000349s ]
INFO: [ view_template ] --END-- [ RunTime:0.000402s ]
INFO: [ view_parse ] --START--
INFO: Run ParseTemplate Behavior [ RunTime:0.008621s ]
INFO: [ view_parse ] --END-- [ RunTime:0.008670s ]
INFO: [ view_filter ] --START--
INFO: Run ContentReplace Behavior [ RunTime:0.000286s ]
INFO: Run TokenBuild Behavior [ RunTime:0.000313s ]
INFO: Run WriteHtmlCache Behavior [ RunTime:0.000220s ]
INFO: Run ShowRuntime Behavior [ RunTime:0.000329s ]
INFO: [ view_filter ] --END-- [ RunTime:0.001281s ]
INFO: [ view_end ] --START--
INFO: Run ShowPageTrace Behavior [ RunTime:0.000449s ]
INFO: [ view_end ] --END-- [ RunTime:0.000492s ]

[ 2017-04-17T22:42:53+08:00 ] 171.12.11.225 /dongqiudi/admin.php?m=index&a=index
NOTIC: [8192] Directive 'magic_quotes_gpc' is deprecated in PHP 5.3 and greater Unknown Á¨¨ 0 Ë°å.

[ 2017-04-17T22:42:53+08:00 ] 171.12.11.225 /dongqiudi/admin.php?m=index&a=pass
INFO: [ app_begin ] --START--
INFO: Run ReadHtmlCache Behavior [ RunTime:0.000402s ]
INFO: [ app_begin ] --END-- [ RunTime:0.000504s ]
INFO: [ view_template ] --START--
INFO: Run LocationTemplate Behavior [ RunTime:0.000323s ]
INFO: [ view_template ] --END-- [ RunTime:0.000376s ]
INFO: [ view_parse ] --START--
INFO: Run ParseTemplate Behavior [ RunTime:0.005978s ]
INFO: [ view_parse ] --END-- [ RunTime:0.006035s ]
INFO: [ view_filter ] --START--
INFO: Run ContentReplace Behavior [ RunTime:0.000354s ]
INFO: Run TokenBuild Behavior [ RunTime:0.000440s ]
INFO: Run WriteHtmlCache Behavior [ RunTime:0.000367s ]
INFO: Run ShowRuntime Behavior [ RunTime:0.000536s ]
INFO: [ view_filter ] --END-- [ RunTime:0.001889s ]
INFO: [ view_end ] --START--
INFO: Run ShowPageTrace Behavior [ RunTime:0.000693s ]
INFO: [ view_end ] --END-- [ RunTime:0.000769s ]

[ 2017-04-17T22:42:53+08:00 ] 171.12.11.225 /dongqiudi/admin.php?m=index&a=pass
NOTIC: [8192] Directive 'magic_quotes_gpc' is deprecated in PHP 5.3 and greater Unknown Á¨¨ 0 Ë°å.

[ 2017-04-17T22:42:58+08:00 ] 171.12.11.225 /dongqiudi/admin.php?m=index&a=add
INFO: [ app_begin ] --START--
INFO: Run ReadHtmlCache Behavior [ RunTime:0.000430s ]
INFO: [ app_begin ] --END-- [ RunTime:0.000532s ]
SQL: SHOW COLUMNS FROM `fc_news` [ RunTime:0.001682s ]
SQL: SHOW COLUMNS FROM `fc_news_data` [ RunTime:0.001675s ]
NOTIC: [8] Undefined index: id /data/home/bxu2442590746/htdocs/dongqiudi/Admin/Lib/Action/IndexAction.class.php Á¨¨ 96 Ë°å.
SQL: SELECT * FROM fc_news n LEFT JOIN fc_news_data as d on n.id = d.id WHERE ( n.id = %d ) LIMIT 1   [ RunTime:0.001229s ]
ERR: You have an error in your SQL syntax; check the manual that corresponds to your MySQL server version for the right syntax to use near '%d ) LIMIT 1' at line 1
 [ SQLËØ≠Âè• ] : SELECT * FROM fc_news n LEFT JOIN fc_news_data as d on n.id = d.id WHERE ( n.id = %d ) LIMIT 1  
INFO: [ view_template ] --START--
INFO: Run LocationTemplate Behavior [ RunTime:0.000395s ]
INFO: [ view_template ] --END-- [ RunTime:0.000448s ]
INFO: [ view_parse ] --START--
NOTIC: [8] Undefined variable: jis /data/home/bxu2442590746/htdocs/dongqiudi/Admin/Runtime/Cache/cbcf4388101292f27eb9b214ccec63b6.php Á¨¨ 120 Ë°å.
INFO: Run ParseTemplate Behavior [ RunTime:0.065563s ]
INFO: [ view_parse ] --END-- [ RunTime:0.065617s ]
INFO: [ view_filter ] --START--
INFO: Run ContentReplace Behavior [ RunTime:0.000347s ]
INFO: Run TokenBuild Behavior [ RunTime:0.000292s ]
INFO: Run WriteHtmlCache Behavior [ RunTime:0.000218s ]
INFO: Run ShowRuntime Behavior [ RunTime:0.000329s ]
INFO: [ view_filter ] --END-- [ RunTime:0.001331s ]
INFO: [ view_end ] --START--
INFO: Run ShowPageTrace Behavior [ RunTime:0.000434s ]
INFO: [ view_end ] --END-- [ RunTime:0.000475s ]

[ 2017-04-17T22:42:58+08:00 ] 171.12.11.225 /dongqiudi/admin.php?m=index&a=add
NOTIC: [8192] Directive 'magic_quotes_gpc' is deprecated in PHP 5.3 and greater Unknown Á¨¨ 0 Ë°å.

