[ 2017-05-15T04:58:47+08:00 ] 69.58.178.58 /dongqiudi/admin.php
INFO: [ app_begin ] --START--
INFO: Run ReadHtmlCache Behavior [ RunTime:0.000470s ]
INFO: [ app_begin ] --END-- [ RunTime:0.000592s ]
INFO: [ view_template ] --START--
INFO: Run LocationTemplate Behavior [ RunTime:0.000509s ]
INFO: [ view_template ] --END-- [ RunTime:0.000562s ]
INFO: [ view_parse ] --START--
INFO: Run ParseTemplate Behavior [ RunTime:0.005547s ]
INFO: [ view_parse ] --END-- [ RunTime:0.005605s ]
INFO: [ view_filter ] --START--
INFO: Run ContentReplace Behavior [ RunTime:0.000344s ]
INFO: Run TokenBuild Behavior [ RunTime:0.000393s ]
INFO: Run WriteHtmlCache Behavior [ RunTime:0.000290s ]
INFO: Run ShowRuntime Behavior [ RunTime:0.000419s ]
INFO: [ view_filter ] --END-- [ RunTime:0.001571s ]
INFO: [ view_end ] --START--
INFO: Run ShowPageTrace Behavior [ RunTime:0.000500s ]
INFO: [ view_end ] --END-- [ RunTime:0.000545s ]
NOTIC: [8192] Directive 'magic_quotes_gpc' is deprecated in PHP 5.3 and greater Unknown 第 0 行.

[ 2017-05-15T08:11:25+08:00 ] 167.114.172.224 /dongqiudi/admin.php
INFO: [ app_begin ] --START--
INFO: Run ReadHtmlCache Behavior [ RunTime:0.000500s ]
INFO: [ app_begin ] --END-- [ RunTime:0.000599s ]
INFO: [ view_template ] --START--
INFO: Run LocationTemplate Behavior [ RunTime:0.000539s ]
INFO: [ view_template ] --END-- [ RunTime:0.000592s ]
INFO: [ view_parse ] --START--
INFO: Run ParseTemplate Behavior [ RunTime:0.005565s ]
INFO: [ view_parse ] --END-- [ RunTime:0.005623s ]
INFO: [ view_filter ] --START--
INFO: Run ContentReplace Behavior [ RunTime:0.000337s ]
INFO: Run TokenBuild Behavior [ RunTime:0.000353s ]
INFO: Run WriteHtmlCache Behavior [ RunTime:0.000310s ]
INFO: Run ShowRuntime Behavior [ RunTime:0.000432s ]
INFO: [ view_filter ] --END-- [ RunTime:0.001555s ]
INFO: [ view_end ] --START--
INFO: Run ShowPageTrace Behavior [ RunTime:0.000525s ]
INFO: [ view_end ] --END-- [ RunTime:0.000570s ]
NOTIC: [8192] Directive 'magic_quotes_gpc' is deprecated in PHP 5.3 and greater Unknown 第 0 行.

[ 2017-05-15T08:11:28+08:00 ] 167.114.172.224 /dongqiudi/admin.php?m=user&a=login
INFO: [ app_begin ] --START--
INFO: Run ReadHtmlCache Behavior [ RunTime:0.000482s ]
INFO: [ app_begin ] --END-- [ RunTime:0.000577s ]
SQL: SHOW COLUMNS FROM `fc_user` [ RunTime:0.001662s ]
INFO: [ view_template ] --START--
INFO: Run LocationTemplate Behavior [ RunTime:0.000489s ]
INFO: [ view_template ] --END-- [ RunTime:0.000544s ]
INFO: [ view_parse ] --START--
INFO: Run ParseTemplate Behavior [ RunTime:0.006021s ]
INFO: [ view_parse ] --END-- [ RunTime:0.006079s ]
INFO: [ view_filter ] --START--
INFO: Run ContentReplace Behavior [ RunTime:0.000359s ]
INFO: Run TokenBuild Behavior [ RunTime:0.000385s ]
INFO: Run WriteHtmlCache Behavior [ RunTime:0.000323s ]
INFO: Run ShowRuntime Behavior [ RunTime:0.000408s ]
INFO: [ view_filter ] --END-- [ RunTime:0.001606s ]
INFO: [ view_end ] --START--
INFO: Run ShowPageTrace Behavior [ RunTime:0.000532s ]
INFO: [ view_end ] --END-- [ RunTime:0.000579s ]

[ 2017-05-15T08:11:28+08:00 ] 167.114.172.224 /dongqiudi/admin.php?m=user&a=login
NOTIC: [8192] Directive 'magic_quotes_gpc' is deprecated in PHP 5.3 and greater Unknown 第 0 行.

[ 2017-05-15T10:54:57+08:00 ] 123.52.26.156 /dongqiudi/admin.php
INFO: [ app_begin ] --START--
INFO: Run ReadHtmlCache Behavior [ RunTime:0.000469s ]
INFO: [ app_begin ] --END-- [ RunTime:0.000568s ]
INFO: [ view_template ] --START--
INFO: Run LocationTemplate Behavior [ RunTime:0.000541s ]
INFO: [ view_template ] --END-- [ RunTime:0.000594s ]
INFO: [ view_parse ] --START--
INFO: Run ParseTemplate Behavior [ RunTime:0.005816s ]
INFO: [ view_parse ] --END-- [ RunTime:0.005901s ]
INFO: [ view_filter ] --START--
INFO: Run ContentReplace Behavior [ RunTime:0.000410s ]
INFO: Run TokenBuild Behavior [ RunTime:0.000376s ]
INFO: Run WriteHtmlCache Behavior [ RunTime:0.000286s ]
INFO: Run ShowRuntime Behavior [ RunTime:0.000407s ]
INFO: [ view_filter ] --END-- [ RunTime:0.001605s ]
INFO: [ view_end ] --START--
INFO: Run ShowPageTrace Behavior [ RunTime:0.000569s ]
INFO: [ view_end ] --END-- [ RunTime:0.000614s ]
NOTIC: [8192] Directive 'magic_quotes_gpc' is deprecated in PHP 5.3 and greater Unknown 第 0 行.

[ 2017-05-15T10:55:00+08:00 ] 123.52.26.156 /dongqiudi/admin.php?m=user&a=login
INFO: [ app_begin ] --START--
INFO: Run ReadHtmlCache Behavior [ RunTime:0.000475s ]
INFO: [ app_begin ] --END-- [ RunTime:0.000594s ]
SQL: SHOW COLUMNS FROM `fc_user` [ RunTime:0.001683s ]
INFO: [ view_template ] --START--
INFO: Run LocationTemplate Behavior [ RunTime:0.000446s ]
INFO: [ view_template ] --END-- [ RunTime:0.000499s ]
INFO: [ view_parse ] --START--
INFO: Run ParseTemplate Behavior [ RunTime:0.005495s ]
INFO: [ view_parse ] --END-- [ RunTime:0.005553s ]
INFO: [ view_filter ] --START--
INFO: Run ContentReplace Behavior [ RunTime:0.000349s ]
INFO: Run TokenBuild Behavior [ RunTime:0.000375s ]
INFO: Run WriteHtmlCache Behavior [ RunTime:0.000283s ]
INFO: Run ShowRuntime Behavior [ RunTime:0.000452s ]
INFO: [ view_filter ] --END-- [ RunTime:0.001588s ]
INFO: [ view_end ] --START--
INFO: Run ShowPageTrace Behavior [ RunTime:0.000503s ]
INFO: [ view_end ] --END-- [ RunTime:0.000547s ]

[ 2017-05-15T10:55:00+08:00 ] 123.52.26.156 /dongqiudi/admin.php?m=user&a=login
NOTIC: [8192] Directive 'magic_quotes_gpc' is deprecated in PHP 5.3 and greater Unknown 第 0 行.

[ 2017-05-15T10:55:00+08:00 ] 123.52.26.156 /dongqiudi/admin.php/Public/verify/
INFO: [ route_check ] --START--
INFO: Run CheckRoute Behavior [ RunTime:0.017059s ]
INFO: [ route_check ] --END-- [ RunTime:0.017171s ]
INFO: [ app_begin ] --START--
INFO: Run ReadHtmlCache Behavior [ RunTime:0.000467s ]
INFO: [ app_begin ] --END-- [ RunTime:0.000521s ]

[ 2017-05-15T10:55:00+08:00 ] 123.52.26.156 /dongqiudi/admin.php/Public/verify/
NOTIC: [8192] Directive 'magic_quotes_gpc' is deprecated in PHP 5.3 and greater Unknown 第 0 行.

[ 2017-05-15T10:55:19+08:00 ] 123.52.26.156 /dongqiudi/admin.php?m=user&a=login
INFO: [ app_begin ] --START--
INFO: Run ReadHtmlCache Behavior [ RunTime:0.000470s ]
INFO: [ app_begin ] --END-- [ RunTime:0.000566s ]
SQL: SHOW COLUMNS FROM `fc_user` [ RunTime:0.001575s ]
SQL: SELECT * FROM `fc_user` WHERE ( username = "admin" ) LIMIT 1   [ RunTime:0.001247s ]
INFO: [ view_template ] --START--
INFO: Run LocationTemplate Behavior [ RunTime:0.000546s ]
INFO: [ view_template ] --END-- [ RunTime:0.000593s ]
INFO: [ view_parse ] --START--
INFO: Run ParseTemplate Behavior [ RunTime:0.005546s ]
INFO: [ view_parse ] --END-- [ RunTime:0.005621s ]
INFO: [ view_filter ] --START--
INFO: Run ContentReplace Behavior [ RunTime:0.000336s ]
INFO: Run TokenBuild Behavior [ RunTime:0.000351s ]
INFO: Run WriteHtmlCache Behavior [ RunTime:0.000297s ]
INFO: Run ShowRuntime Behavior [ RunTime:0.000425s ]
INFO: [ view_filter ] --END-- [ RunTime:0.001533s ]
INFO: [ view_end ] --START--
INFO: Run ShowPageTrace Behavior [ RunTime:0.000530s ]
INFO: [ view_end ] --END-- [ RunTime:0.000573s ]
NOTIC: [8192] Directive 'magic_quotes_gpc' is deprecated in PHP 5.3 and greater Unknown 第 0 行.

[ 2017-05-15T10:55:21+08:00 ] 123.52.26.156 /dongqiudi/admin.php?m=index&a=index
INFO: [ app_begin ] --START--
INFO: Run ReadHtmlCache Behavior [ RunTime:0.000465s ]
INFO: [ app_begin ] --END-- [ RunTime:0.000558s ]
INFO: [ view_template ] --START--
INFO: Run LocationTemplate Behavior [ RunTime:0.000432s ]
INFO: [ view_template ] --END-- [ RunTime:0.000487s ]
INFO: [ view_parse ] --START--
INFO: Run ParseTemplate Behavior [ RunTime:0.075185s ]
INFO: [ view_parse ] --END-- [ RunTime:0.075250s ]
INFO: [ view_filter ] --START--
INFO: Run ContentReplace Behavior [ RunTime:0.000362s ]
INFO: Run TokenBuild Behavior [ RunTime:0.000387s ]
INFO: Run WriteHtmlCache Behavior [ RunTime:0.000281s ]
INFO: Run ShowRuntime Behavior [ RunTime:0.000396s ]
INFO: [ view_filter ] --END-- [ RunTime:0.001562s ]
INFO: [ view_end ] --START--
INFO: Run ShowPageTrace Behavior [ RunTime:0.000488s ]
INFO: [ view_end ] --END-- [ RunTime:0.000553s ]

[ 2017-05-15T10:55:21+08:00 ] 123.52.26.156 /dongqiudi/admin.php?m=index&a=index
NOTIC: [8192] Directive 'magic_quotes_gpc' is deprecated in PHP 5.3 and greater Unknown 第 0 行.

[ 2017-05-15T10:55:21+08:00 ] 123.52.26.156 /dongqiudi/admin.php?m=index&a=pass
INFO: [ app_begin ] --START--
INFO: Run ReadHtmlCache Behavior [ RunTime:0.000463s ]
INFO: [ app_begin ] --END-- [ RunTime:0.000558s ]
INFO: [ view_template ] --START--
INFO: Run LocationTemplate Behavior [ RunTime:0.000449s ]
INFO: [ view_template ] --END-- [ RunTime:0.000504s ]
INFO: [ view_parse ] --START--
INFO: Run ParseTemplate Behavior [ RunTime:0.011562s ]
INFO: [ view_parse ] --END-- [ RunTime:0.011618s ]
INFO: [ view_filter ] --START--
INFO: Run ContentReplace Behavior [ RunTime:0.000375s ]
INFO: Run TokenBuild Behavior [ RunTime:0.000344s ]
INFO: Run WriteHtmlCache Behavior [ RunTime:0.000290s ]
INFO: Run ShowRuntime Behavior [ RunTime:0.000424s ]
INFO: [ view_filter ] --END-- [ RunTime:0.001558s ]
INFO: [ view_end ] --START--
INFO: Run ShowPageTrace Behavior [ RunTime:0.000486s ]
INFO: [ view_end ] --END-- [ RunTime:0.000530s ]

[ 2017-05-15T10:55:21+08:00 ] 123.52.26.156 /dongqiudi/admin.php?m=index&a=pass
NOTIC: [8192] Directive 'magic_quotes_gpc' is deprecated in PHP 5.3 and greater Unknown 第 0 行.

[ 2017-05-15T10:57:54+08:00 ] 123.52.26.156 /dongqiudi/admin.php?m=index&a=pass
INFO: [ app_begin ] --START--
INFO: Run ReadHtmlCache Behavior [ RunTime:0.000466s ]
INFO: [ app_begin ] --END-- [ RunTime:0.000565s ]
INFO: [ view_template ] --START--
INFO: Run LocationTemplate Behavior [ RunTime:0.000417s ]
INFO: [ view_template ] --END-- [ RunTime:0.000471s ]
INFO: [ view_parse ] --START--
INFO: Run ParseTemplate Behavior [ RunTime:0.006333s ]
INFO: [ view_parse ] --END-- [ RunTime:0.006390s ]
INFO: [ view_filter ] --START--
INFO: Run ContentReplace Behavior [ RunTime:0.000348s ]
INFO: Run TokenBuild Behavior [ RunTime:0.000361s ]
INFO: Run WriteHtmlCache Behavior [ RunTime:0.000291s ]
INFO: Run ShowRuntime Behavior [ RunTime:0.000399s ]
INFO: [ view_filter ] --END-- [ RunTime:0.001522s ]
INFO: [ view_end ] --START--
INFO: Run ShowPageTrace Behavior [ RunTime:0.000485s ]
INFO: [ view_end ] --END-- [ RunTime:0.000528s ]

[ 2017-05-15T10:57:54+08:00 ] 123.52.26.156 /dongqiudi/admin.php?m=index&a=pass
NOTIC: [8192] Directive 'magic_quotes_gpc' is deprecated in PHP 5.3 and greater Unknown 第 0 行.

[ 2017-05-15T10:57:55+08:00 ] 123.52.26.156 /dongqiudi/admin.php?m=index&a=book
INFO: [ app_begin ] --START--
INFO: Run ReadHtmlCache Behavior [ RunTime:0.000679s ]
INFO: [ app_begin ] --END-- [ RunTime:0.000804s ]
INFO: [ view_template ] --START--
INFO: Run LocationTemplate Behavior [ RunTime:0.000441s ]
INFO: [ view_template ] --END-- [ RunTime:0.000496s ]
INFO: [ view_parse ] --START--
INFO: Run ParseTemplate Behavior [ RunTime:0.064505s ]
INFO: [ view_parse ] --END-- [ RunTime:0.064565s ]
INFO: [ view_filter ] --START--
INFO: Run ContentReplace Behavior [ RunTime:0.000365s ]
INFO: Run TokenBuild Behavior [ RunTime:0.000408s ]
INFO: Run WriteHtmlCache Behavior [ RunTime:0.000286s ]
INFO: Run ShowRuntime Behavior [ RunTime:0.000438s ]
INFO: [ view_filter ] --END-- [ RunTime:0.001644s ]
INFO: [ view_end ] --START--
INFO: Run ShowPageTrace Behavior [ RunTime:0.000486s ]
INFO: [ view_end ] --END-- [ RunTime:0.000529s ]

[ 2017-05-15T10:57:55+08:00 ] 123.52.26.156 /dongqiudi/admin.php?m=index&a=book
NOTIC: [8192] Directive 'magic_quotes_gpc' is deprecated in PHP 5.3 and greater Unknown 第 0 行.

[ 2017-05-15T10:57:55+08:00 ] 123.52.26.156 /dongqiudi/admin.php?m=index&a=user
INFO: [ app_begin ] --START--
INFO: Run ReadHtmlCache Behavior [ RunTime:0.000493s ]
INFO: [ app_begin ] --END-- [ RunTime:0.000599s ]
SQL: SHOW COLUMNS FROM `fc_user` [ RunTime:0.001682s ]
SQL: SELECT * FROM `fc_user` ORDER BY user_id desc  [ RunTime:0.001906s ]
NOTIC: [8] Undefined index: admin_id /data/home/bxu2442590746/htdocs/dongqiudi/Admin/Lib/Action/IndexAction.class.php 第 42 行.
NOTIC: [8] Undefined index: admin_id /data/home/bxu2442590746/htdocs/dongqiudi/Admin/Lib/Action/IndexAction.class.php 第 44 行.
NOTIC: [8] Undefined index: user_id /data/home/bxu2442590746/htdocs/dongqiudi/Admin/Lib/Action/IndexAction.class.php 第 45 行.
INFO: [ view_template ] --START--
INFO: Run LocationTemplate Behavior [ RunTime:0.000469s ]
INFO: [ view_template ] --END-- [ RunTime:0.000516s ]
INFO: [ view_parse ] --START--
INFO: Run ParseTemplate Behavior [ RunTime:0.061979s ]
INFO: [ view_parse ] --END-- [ RunTime:0.062032s ]
INFO: [ view_filter ] --START--
INFO: Run ContentReplace Behavior [ RunTime:0.000600s ]
INFO: Run TokenBuild Behavior [ RunTime:0.000362s ]
INFO: Run WriteHtmlCache Behavior [ RunTime:0.000304s ]
INFO: Run ShowRuntime Behavior [ RunTime:0.000417s ]
INFO: [ view_filter ] --END-- [ RunTime:0.001811s ]
INFO: [ view_end ] --START--
INFO: Run ShowPageTrace Behavior [ RunTime:0.000478s ]
INFO: [ view_end ] --END-- [ RunTime:0.000518s ]

[ 2017-05-15T10:57:55+08:00 ] 123.52.26.156 /dongqiudi/admin.php?m=index&a=user
NOTIC: [8192] Directive 'magic_quotes_gpc' is deprecated in PHP 5.3 and greater Unknown 第 0 行.

[ 2017-05-15T10:57:57+08:00 ] 123.52.26.156 /dongqiudi/admin.php?m=index&a=lists
INFO: [ app_begin ] --START--
INFO: Run ReadHtmlCache Behavior [ RunTime:0.000506s ]
INFO: [ app_begin ] --END-- [ RunTime:0.000657s ]
SQL: SHOW COLUMNS FROM `fc_news` [ RunTime:0.001655s ]
NOTIC: [8] Undefined index: keywords /data/home/bxu2442590746/htdocs/dongqiudi/Admin/Lib/Action/IndexAction.class.php 第 57 行.
NOTIC: [8] Undefined variable: where /data/home/bxu2442590746/htdocs/dongqiudi/Admin/Lib/Action/IndexAction.class.php 第 63 行.
SQL: SELECT * FROM fc_news n LEFT JOIN fc_news_data as d on n.id = d.id ORDER BY n.id desc LIMIT 0,7   [ RunTime:0.002643s ]
NOTIC: [8] Undefined variable: where /data/home/bxu2442590746/htdocs/dongqiudi/Admin/Lib/Action/IndexAction.class.php 第 65 行.
SQL: SELECT COUNT(*) AS tp_count FROM `fc_news` LIMIT 1   [ RunTime:0.001092s ]
INFO: [ view_template ] --START--
INFO: Run LocationTemplate Behavior [ RunTime:0.000485s ]
INFO: [ view_template ] --END-- [ RunTime:0.000537s ]
INFO: [ view_parse ] --START--
NOTIC: [8] Undefined variable: iscid /data/home/bxu2442590746/htdocs/dongqiudi/Admin/Runtime/Cache/871f10e51db62a7f91fe5ff8c3a3e859.php 第 54 行.
NOTIC: [8] Undefined index: keywords /data/home/bxu2442590746/htdocs/dongqiudi/Admin/Runtime/Cache/871f10e51db62a7f91fe5ff8c3a3e859.php 第 66 行.
INFO: Run ParseTemplate Behavior [ RunTime:0.046830s ]
INFO: [ view_parse ] --END-- [ RunTime:0.046880s ]
INFO: [ view_filter ] --START--
INFO: Run ContentReplace Behavior [ RunTime:0.000474s ]
INFO: Run TokenBuild Behavior [ RunTime:0.000393s ]
INFO: Run WriteHtmlCache Behavior [ RunTime:0.000320s ]
INFO: Run ShowRuntime Behavior [ RunTime:0.000411s ]
INFO: [ view_filter ] --END-- [ RunTime:0.001720s ]
INFO: [ view_end ] --START--
INFO: Run ShowPageTrace Behavior [ RunTime:0.000531s ]
INFO: [ view_end ] --END-- [ RunTime:0.000573s ]

[ 2017-05-15T10:57:57+08:00 ] 123.52.26.156 /dongqiudi/admin.php?m=index&a=lists
NOTIC: [8192] Directive 'magic_quotes_gpc' is deprecated in PHP 5.3 and greater Unknown 第 0 行.

[ 2017-05-15T10:57:58+08:00 ] 123.52.26.156 /dongqiudi/admin.php?m=index&a=lists
INFO: [ app_begin ] --START--
INFO: Run ReadHtmlCache Behavior [ RunTime:0.000492s ]
INFO: [ app_begin ] --END-- [ RunTime:0.000590s ]
SQL: SHOW COLUMNS FROM `fc_news` [ RunTime:0.001467s ]
NOTIC: [8] Undefined index: keywords /data/home/bxu2442590746/htdocs/dongqiudi/Admin/Lib/Action/IndexAction.class.php 第 57 行.
NOTIC: [8] Undefined variable: where /data/home/bxu2442590746/htdocs/dongqiudi/Admin/Lib/Action/IndexAction.class.php 第 63 行.
SQL: SELECT * FROM fc_news n LEFT JOIN fc_news_data as d on n.id = d.id ORDER BY n.id desc LIMIT 0,7   [ RunTime:0.002376s ]
NOTIC: [8] Undefined variable: where /data/home/bxu2442590746/htdocs/dongqiudi/Admin/Lib/Action/IndexAction.class.php 第 65 行.
SQL: SELECT COUNT(*) AS tp_count FROM `fc_news` LIMIT 1   [ RunTime:0.000965s ]
INFO: [ view_template ] --START--
INFO: Run LocationTemplate Behavior [ RunTime:0.000460s ]
INFO: [ view_template ] --END-- [ RunTime:0.000511s ]
INFO: [ view_parse ] --START--
NOTIC: [8] Undefined variable: iscid /data/home/bxu2442590746/htdocs/dongqiudi/Admin/Runtime/Cache/871f10e51db62a7f91fe5ff8c3a3e859.php 第 54 行.
NOTIC: [8] Undefined index: keywords /data/home/bxu2442590746/htdocs/dongqiudi/Admin/Runtime/Cache/871f10e51db62a7f91fe5ff8c3a3e859.php 第 66 行.
INFO: Run ParseTemplate Behavior [ RunTime:0.010157s ]
INFO: [ view_parse ] --END-- [ RunTime:0.010226s ]
INFO: [ view_filter ] --START--
INFO: Run ContentReplace Behavior [ RunTime:0.000436s ]
INFO: Run TokenBuild Behavior [ RunTime:0.000379s ]
INFO: Run WriteHtmlCache Behavior [ RunTime:0.000282s ]
INFO: Run ShowRuntime Behavior [ RunTime:0.000426s ]
INFO: [ view_filter ] --END-- [ RunTime:0.001643s ]
INFO: [ view_end ] --START--
INFO: Run ShowPageTrace Behavior [ RunTime:0.000508s ]
INFO: [ view_end ] --END-- [ RunTime:0.000549s ]

[ 2017-05-15T10:57:58+08:00 ] 123.52.26.156 /dongqiudi/admin.php?m=index&a=lists
NOTIC: [8192] Directive 'magic_quotes_gpc' is deprecated in PHP 5.3 and greater Unknown 第 0 行.

[ 2017-05-15T12:17:50+08:00 ] 123.52.26.156 /dongqiudi/admin.php?m=index&a=pass
INFO: [ app_begin ] --START--
INFO: Run ReadHtmlCache Behavior [ RunTime:0.000475s ]
INFO: [ app_begin ] --END-- [ RunTime:0.000582s ]
INFO: [ view_template ] --START--
INFO: Run LocationTemplate Behavior [ RunTime:0.000448s ]
INFO: [ view_template ] --END-- [ RunTime:0.000502s ]
INFO: [ view_parse ] --START--
INFO: Run ParseTemplate Behavior [ RunTime:0.006603s ]
INFO: [ view_parse ] --END-- [ RunTime:0.006679s ]
INFO: [ view_filter ] --START--
INFO: Run ContentReplace Behavior [ RunTime:0.000352s ]
INFO: Run TokenBuild Behavior [ RunTime:0.000401s ]
INFO: Run WriteHtmlCache Behavior [ RunTime:0.000338s ]
INFO: Run ShowRuntime Behavior [ RunTime:0.000400s ]
INFO: [ view_filter ] --END-- [ RunTime:0.001619s ]
INFO: [ view_end ] --START--
INFO: Run ShowPageTrace Behavior [ RunTime:0.000525s ]
INFO: [ view_end ] --END-- [ RunTime:0.000570s ]

[ 2017-05-15T12:17:50+08:00 ] 123.52.26.156 /dongqiudi/admin.php?m=index&a=pass
NOTIC: [8192] Directive 'magic_quotes_gpc' is deprecated in PHP 5.3 and greater Unknown 第 0 行.

[ 2017-05-15T12:17:52+08:00 ] 123.52.26.156 /dongqiudi/admin.php?m=index&a=user
INFO: [ app_begin ] --START--
INFO: Run ReadHtmlCache Behavior [ RunTime:0.000461s ]
INFO: [ app_begin ] --END-- [ RunTime:0.000560s ]
SQL: SHOW COLUMNS FROM `fc_user` [ RunTime:0.003064s ]
SQL: SELECT * FROM `fc_user` ORDER BY user_id desc  [ RunTime:0.001398s ]
NOTIC: [8] Undefined index: admin_id /data/home/bxu2442590746/htdocs/dongqiudi/Admin/Lib/Action/IndexAction.class.php 第 42 行.
NOTIC: [8] Undefined index: admin_id /data/home/bxu2442590746/htdocs/dongqiudi/Admin/Lib/Action/IndexAction.class.php 第 44 行.
NOTIC: [8] Undefined index: user_id /data/home/bxu2442590746/htdocs/dongqiudi/Admin/Lib/Action/IndexAction.class.php 第 45 行.
INFO: [ view_template ] --START--
INFO: Run LocationTemplate Behavior [ RunTime:0.000603s ]
INFO: [ view_template ] --END-- [ RunTime:0.000657s ]
INFO: [ view_parse ] --START--
INFO: Run ParseTemplate Behavior [ RunTime:0.014491s ]
INFO: [ view_parse ] --END-- [ RunTime:0.014562s ]
INFO: [ view_filter ] --START--
INFO: Run ContentReplace Behavior [ RunTime:0.000639s ]
INFO: Run TokenBuild Behavior [ RunTime:0.000376s ]
INFO: Run WriteHtmlCache Behavior [ RunTime:0.000356s ]
INFO: Run ShowRuntime Behavior [ RunTime:0.000421s ]
INFO: [ view_filter ] --END-- [ RunTime:0.001923s ]
INFO: [ view_end ] --START--
INFO: Run ShowPageTrace Behavior [ RunTime:0.000491s ]
INFO: [ view_end ] --END-- [ RunTime:0.000533s ]

[ 2017-05-15T12:17:52+08:00 ] 123.52.26.156 /dongqiudi/admin.php?m=index&a=user
NOTIC: [8192] Directive 'magic_quotes_gpc' is deprecated in PHP 5.3 and greater Unknown 第 0 行.

[ 2017-05-15T12:17:58+08:00 ] 123.52.26.156 /dongqiudi/admin.php?m=user&a=logout
INFO: [ app_begin ] --START--
INFO: Run ReadHtmlCache Behavior [ RunTime:0.000520s ]
INFO: [ app_begin ] --END-- [ RunTime:0.000620s ]
INFO: [ view_template ] --START--
INFO: Run LocationTemplate Behavior [ RunTime:0.000516s ]
INFO: [ view_template ] --END-- [ RunTime:0.000572s ]
INFO: [ view_parse ] --START--
INFO: Run ParseTemplate Behavior [ RunTime:0.005670s ]
INFO: [ view_parse ] --END-- [ RunTime:0.005730s ]
INFO: [ view_filter ] --START--
INFO: Run ContentReplace Behavior [ RunTime:0.000471s ]
INFO: Run TokenBuild Behavior [ RunTime:0.000431s ]
INFO: Run WriteHtmlCache Behavior [ RunTime:0.000350s ]
INFO: Run ShowRuntime Behavior [ RunTime:0.000427s ]
INFO: [ view_filter ] --END-- [ RunTime:0.001835s ]
INFO: [ view_end ] --START--
INFO: Run ShowPageTrace Behavior [ RunTime:0.000537s ]
INFO: [ view_end ] --END-- [ RunTime:0.000583s ]

[ 2017-05-15T12:17:58+08:00 ] 123.52.26.156 /dongqiudi/admin.php?m=user&a=logout
NOTIC: [8192] Directive 'magic_quotes_gpc' is deprecated in PHP 5.3 and greater Unknown 第 0 行.

[ 2017-05-15T12:17:59+08:00 ] 123.52.26.156 /dongqiudi/admin.php?m=user&a=login
INFO: [ app_begin ] --START--
INFO: Run ReadHtmlCache Behavior [ RunTime:0.000495s ]
INFO: [ app_begin ] --END-- [ RunTime:0.000589s ]
SQL: SHOW COLUMNS FROM `fc_user` [ RunTime:0.001560s ]
INFO: [ view_template ] --START--
INFO: Run LocationTemplate Behavior [ RunTime:0.000509s ]
INFO: [ view_template ] --END-- [ RunTime:0.000564s ]
INFO: [ view_parse ] --START--
INFO: Run ParseTemplate Behavior [ RunTime:0.005533s ]
INFO: [ view_parse ] --END-- [ RunTime:0.005589s ]
INFO: [ view_filter ] --START--
INFO: Run ContentReplace Behavior [ RunTime:0.000371s ]
INFO: Run TokenBuild Behavior [ RunTime:0.000358s ]
INFO: Run WriteHtmlCache Behavior [ RunTime:0.000286s ]
INFO: Run ShowRuntime Behavior [ RunTime:0.000459s ]
INFO: [ view_filter ] --END-- [ RunTime:0.001603s ]
INFO: [ view_end ] --START--
INFO: Run ShowPageTrace Behavior [ RunTime:0.000521s ]
INFO: [ view_end ] --END-- [ RunTime:0.000566s ]

[ 2017-05-15T12:17:59+08:00 ] 123.52.26.156 /dongqiudi/admin.php?m=user&a=login
NOTIC: [8192] Directive 'magic_quotes_gpc' is deprecated in PHP 5.3 and greater Unknown 第 0 行.

[ 2017-05-15T12:17:59+08:00 ] 123.52.26.156 /dongqiudi/admin.php/Public/verify/
INFO: [ route_check ] --START--
INFO: Run CheckRoute Behavior [ RunTime:0.000627s ]
INFO: [ route_check ] --END-- [ RunTime:0.000745s ]
INFO: [ app_begin ] --START--
INFO: Run ReadHtmlCache Behavior [ RunTime:0.000448s ]
INFO: [ app_begin ] --END-- [ RunTime:0.000502s ]

[ 2017-05-15T12:17:59+08:00 ] 123.52.26.156 /dongqiudi/admin.php/Public/verify/
NOTIC: [8192] Directive 'magic_quotes_gpc' is deprecated in PHP 5.3 and greater Unknown 第 0 行.

